[Fri, 14 Jan 22 18:01:35 +0800][INFO] SELECT IF(COUNT(*) > 0, 1, 0) FROM `INFORMATION_SCHEMA`.`TABLES` WHERE `TABLE_NAME` = 'admin_log' AND `TABLE_SCHEMA` = DATABASE()
[Fri, 14 Jan 22 18:01:35 +0800][INFO] DESCRIBE `admin_log`
[Fri, 14 Jan 22 18:01:35 +0800][INFO] INSERT INTO `admin_log` (`api`, `name`, `time`, `ip`, `uid`, `status`, `info`, `request`, `client`) VALUES (?, ?, ?, ?, ?, ?, ?, ?, ?)
[Fri, 14 Jan 22 18:01:35 +0800][INFO] SELECT IF(COUNT(*) > 0, 1, 0) FROM `INFORMATION_SCHEMA`.`TABLES` WHERE `TABLE_NAME` = 'admin_user' AND `TABLE_SCHEMA` = DATABASE()
[Fri, 14 Jan 22 18:01:35 +0800][INFO] DESCRIBE `admin_user`
[Fri, 14 Jan 22 18:01:35 +0800][INFO] SELECT `admin_user`.`id`, `admin_user`.`roles`, `admin_user`.`username`, `admin_user`.`name`, `admin_user`.`password`, `admin_user`.`avatar`, `admin_user`.`phone`, `admin_user`.`token`, `admin_user`.`create_time`, `admin_user`.`update_time`, `admin_user`.`email` FROM `admin_user` WHERE `admin_user`.`username` = 'admin' LIMIT :APL0
[Fri, 14 Jan 22 18:01:35 +0800][INFO] UPDATE `admin_user` SET `roles` = ?, `username` = ?, `name` = ?, `password` = ?, `avatar` = ?, `phone` = ?, `token` = ?, `create_time` = ?, `update_time` = ?, `email` = ? WHERE `id` = ?
[Fri, 14 Jan 22 18:01:35 +0800][INFO] SELECT IF(COUNT(*) > 0, 1, 0) FROM `INFORMATION_SCHEMA`.`TABLES` WHERE `TABLE_NAME` = 'admin_log' AND `TABLE_SCHEMA` = DATABASE()
[Fri, 14 Jan 22 18:01:35 +0800][INFO] DESCRIBE `admin_log`
[Fri, 14 Jan 22 18:01:35 +0800][INFO] INSERT INTO `admin_log` (`api`, `name`, `time`, `ip`, `uid`, `status`, `info`, `request`, `client`) VALUES (?, ?, ?, ?, ?, ?, ?, ?, ?)
[Fri, 14 Jan 22 18:01:35 +0800][INFO] SELECT IF(COUNT(*) > 0, 1, 0) FROM `INFORMATION_SCHEMA`.`TABLES` WHERE `TABLE_NAME` = 'admin_user' AND `TABLE_SCHEMA` = DATABASE()
[Fri, 14 Jan 22 18:01:35 +0800][INFO] DESCRIBE `admin_user`
[Fri, 14 Jan 22 18:01:35 +0800][INFO] SELECT `admin_user`.`id`, `admin_user`.`roles`, `admin_user`.`username`, `admin_user`.`name`, `admin_user`.`password`, `admin_user`.`avatar`, `admin_user`.`phone`, `admin_user`.`token`, `admin_user`.`create_time`, `admin_user`.`update_time`, `admin_user`.`email` FROM `admin_user` WHERE `admin_user`.`id` = '1' LIMIT :APL0
[Fri, 14 Jan 22 18:01:35 +0800][INFO] SELECT IF(COUNT(*) > 0, 1, 0) FROM `INFORMATION_SCHEMA`.`TABLES` WHERE `TABLE_NAME` = 'admin_user' AND `TABLE_SCHEMA` = DATABASE()
[Fri, 14 Jan 22 18:01:35 +0800][INFO] DESCRIBE `admin_user`
[Fri, 14 Jan 22 18:01:35 +0800][INFO] SELECT `admin_user`.`id`, `admin_user`.`roles`, `admin_user`.`username`, `admin_user`.`name`, `admin_user`.`password`, `admin_user`.`avatar`, `admin_user`.`phone`, `admin_user`.`token`, `admin_user`.`create_time`, `admin_user`.`update_time`, `admin_user`.`email` FROM `admin_user` WHERE `admin_user`.`id` = '1' LIMIT :APL0
[Fri, 14 Jan 22 18:01:35 +0800][INFO] SELECT IF(COUNT(*) > 0, 1, 0) FROM `INFORMATION_SCHEMA`.`TABLES` WHERE `TABLE_NAME` = 'admin_roles' AND `TABLE_SCHEMA` = DATABASE()
[Fri, 14 Jan 22 18:01:35 +0800][INFO] DESCRIBE `admin_roles`
[Fri, 14 Jan 22 18:01:35 +0800][INFO] SELECT `admin_roles`.`id`, `admin_roles`.`name`, `admin_roles`.`roles`, `admin_roles`.`desc`, `admin_roles`.`create_time`, `admin_roles`.`update_time` FROM `admin_roles` WHERE `admin_roles`.`id` = 1 LIMIT :APL0
[Fri, 14 Jan 22 18:01:35 +0800][INFO] SELECT IF(COUNT(*) > 0, 1, 0) FROM `INFORMATION_SCHEMA`.`TABLES` WHERE `TABLE_NAME` = 'admin_menu' AND `TABLE_SCHEMA` = DATABASE()
[Fri, 14 Jan 22 18:01:36 +0800][INFO] DESCRIBE `admin_menu`
[Fri, 14 Jan 22 18:01:36 +0800][INFO] SELECT `admin_menu`.`id`, `admin_menu`.`name`, `admin_menu`.`pid`, `admin_menu`.`path`, `admin_menu`.`component`, `admin_menu`.`redirect`, `admin_menu`.`status`, `admin_menu`.`alwaysShow`, `admin_menu`.`meta`, `admin_menu`.`create_time`, `admin_menu`.`update_time`, `admin_menu`.`hidden`, `admin_menu`.`order` FROM `admin_menu` WHERE `admin_menu`.`status` = 0 ORDER BY `admin_menu`.`order` ASC
[Fri, 14 Jan 22 18:01:36 +0800][INFO] SELECT IF(COUNT(*) > 0, 1, 0) FROM `INFORMATION_SCHEMA`.`TABLES` WHERE `TABLE_NAME` = 'admin_log' AND `TABLE_SCHEMA` = DATABASE()
[Fri, 14 Jan 22 18:01:36 +0800][INFO] DESCRIBE `admin_log`
[Fri, 14 Jan 22 18:01:36 +0800][INFO] INSERT INTO `admin_log` (`api`, `name`, `time`, `ip`, `uid`, `status`, `info`, `request`, `client`) VALUES (?, ?, ?, ?, ?, ?, ?, ?, ?)
[Fri, 14 Jan 22 18:01:36 +0800][INFO] SELECT IF(COUNT(*) > 0, 1, 0) FROM `INFORMATION_SCHEMA`.`TABLES` WHERE `TABLE_NAME` = 'admin_user' AND `TABLE_SCHEMA` = DATABASE()
[Fri, 14 Jan 22 18:01:36 +0800][INFO] DESCRIBE `admin_user`
[Fri, 14 Jan 22 18:01:36 +0800][INFO] SELECT `admin_user`.`id`, `admin_user`.`roles`, `admin_user`.`username`, `admin_user`.`name`, `admin_user`.`password`, `admin_user`.`avatar`, `admin_user`.`phone`, `admin_user`.`token`, `admin_user`.`create_time`, `admin_user`.`update_time`, `admin_user`.`email` FROM `admin_user` WHERE `admin_user`.`id` = '1' LIMIT :APL0
[Fri, 14 Jan 22 18:01:36 +0800][INFO] SELECT IF(COUNT(*) > 0, 1, 0) FROM `INFORMATION_SCHEMA`.`TABLES` WHERE `TABLE_NAME` = 'admin_log' AND `TABLE_SCHEMA` = DATABASE()
[Fri, 14 Jan 22 18:01:36 +0800][INFO] DESCRIBE `admin_log`
[Fri, 14 Jan 22 18:01:36 +0800][INFO] INSERT INTO `admin_log` (`api`, `name`, `time`, `ip`, `uid`, `status`, `info`, `request`, `client`) VALUES (?, ?, ?, ?, ?, ?, ?, ?, ?)
[Fri, 14 Jan 22 18:01:36 +0800][INFO] SELECT IF(COUNT(*) > 0, 1, 0) FROM `INFORMATION_SCHEMA`.`TABLES` WHERE `TABLE_NAME` = 'admin_user' AND `TABLE_SCHEMA` = DATABASE()
[Fri, 14 Jan 22 18:01:36 +0800][INFO] DESCRIBE `admin_user`
[Fri, 14 Jan 22 18:01:36 +0800][INFO] SELECT `admin_user`.`id`, `admin_user`.`roles`, `admin_user`.`username`, `admin_user`.`name`, `admin_user`.`password`, `admin_user`.`avatar`, `admin_user`.`phone`, `admin_user`.`token`, `admin_user`.`create_time`, `admin_user`.`update_time`, `admin_user`.`email` FROM `admin_user` WHERE `admin_user`.`id` = '1' LIMIT :APL0
[Fri, 14 Jan 22 18:01:38 +0800][INFO] SELECT IF(COUNT(*) > 0, 1, 0) FROM `INFORMATION_SCHEMA`.`TABLES` WHERE `TABLE_NAME` = 'admin_user' AND `TABLE_SCHEMA` = DATABASE()
[Fri, 14 Jan 22 18:01:38 +0800][INFO] SELECT IF(COUNT(*) > 0, 1, 0) FROM `INFORMATION_SCHEMA`.`TABLES` WHERE `TABLE_NAME` = 'admin_log' AND `TABLE_SCHEMA` = DATABASE()
[Fri, 14 Jan 22 18:01:38 +0800][INFO] DESCRIBE `admin_log`
[Fri, 14 Jan 22 18:01:38 +0800][INFO] DESCRIBE `admin_user`
[Fri, 14 Jan 22 18:01:38 +0800][INFO] INSERT INTO `admin_log` (`api`, `name`, `time`, `ip`, `uid`, `status`, `info`, `request`, `client`) VALUES (?, ?, ?, ?, ?, ?, ?, ?, ?)
[Fri, 14 Jan 22 18:01:38 +0800][INFO] SELECT `admin_user`.`id`, `admin_user`.`roles`, `admin_user`.`username`, `admin_user`.`name`, `admin_user`.`password`, `admin_user`.`avatar`, `admin_user`.`phone`, `admin_user`.`token`, `admin_user`.`create_time`, `admin_user`.`update_time`, `admin_user`.`email` FROM `admin_user` WHERE `admin_user`.`id` = '1' LIMIT :APL0
[Fri, 14 Jan 22 18:01:38 +0800][INFO] SELECT IF(COUNT(*) > 0, 1, 0) FROM `INFORMATION_SCHEMA`.`TABLES` WHERE `TABLE_NAME` = 'admin_roles' AND `TABLE_SCHEMA` = DATABASE()
[Fri, 14 Jan 22 18:01:38 +0800][INFO] SELECT IF(COUNT(*) > 0, 1, 0) FROM `INFORMATION_SCHEMA`.`TABLES` WHERE `TABLE_NAME` = 'admin_user' AND `TABLE_SCHEMA` = DATABASE()
[Fri, 14 Jan 22 18:01:38 +0800][INFO] DESCRIBE `admin_roles`
[Fri, 14 Jan 22 18:01:38 +0800][INFO] DESCRIBE `admin_user`
[Fri, 14 Jan 22 18:01:38 +0800][INFO] SELECT `admin_roles`.`id`, `admin_roles`.`name`, `admin_roles`.`roles`, `admin_roles`.`desc`, `admin_roles`.`create_time`, `admin_roles`.`update_time` FROM `admin_roles`
[Fri, 14 Jan 22 18:01:38 +0800][INFO] SELECT `admin_user`.`id`, `admin_user`.`roles`, `admin_user`.`username`, `admin_user`.`name`, `admin_user`.`password`, `admin_user`.`avatar`, `admin_user`.`phone`, `admin_user`.`token`, `admin_user`.`create_time`, `admin_user`.`update_time`, `admin_user`.`email` FROM `admin_user` WHERE `admin_user`.`id` = '1' LIMIT :APL0
[Fri, 14 Jan 22 18:01:38 +0800][INFO] SELECT `admin_user`.`id` AS `id`, `admin_user`.`name` AS `name`, `admin_user`.`roles` AS `roles`, `admin_user`.`phone` AS `phone`, `admin_user`.`email` AS `email`, `admin_user`.`username` AS `username`, `admin_user`.`create_time` AS `create_time` FROM `admin_user` WHERE 1 = 1 LIMIT :APL0 OFFSET :APL1
[Fri, 14 Jan 22 18:01:38 +0800][INFO] SELECT IF(COUNT(*) > 0, 1, 0) FROM `INFORMATION_SCHEMA`.`TABLES` WHERE `TABLE_NAME` = 'admin_roles' AND `TABLE_SCHEMA` = DATABASE()
[Fri, 14 Jan 22 18:01:38 +0800][INFO] DESCRIBE `admin_roles`
[Fri, 14 Jan 22 18:01:38 +0800][INFO] SELECT `admin_roles`.`id`, `admin_roles`.`name`, `admin_roles`.`roles`, `admin_roles`.`desc`, `admin_roles`.`create_time`, `admin_roles`.`update_time` FROM `admin_roles` WHERE `admin_roles`.`id` = 1 LIMIT :APL0
[Fri, 14 Jan 22 18:01:38 +0800][INFO] SELECT `admin_roles`.`id`, `admin_roles`.`name`, `admin_roles`.`roles`, `admin_roles`.`desc`, `admin_roles`.`create_time`, `admin_roles`.`update_time` FROM `admin_roles` WHERE `admin_roles`.`id` = 3 LIMIT :APL0
[Fri, 14 Jan 22 18:01:38 +0800][INFO] SELECT COUNT(*) AS `rowcount` FROM `admin_user` WHERE 1 = 1
[Fri, 14 Jan 22 18:01:40 +0800][INFO] SELECT IF(COUNT(*) > 0, 1, 0) FROM `INFORMATION_SCHEMA`.`TABLES` WHERE `TABLE_NAME` = 'admin_user' AND `TABLE_SCHEMA` = DATABASE()
[Fri, 14 Jan 22 18:01:40 +0800][INFO] SELECT IF(COUNT(*) > 0, 1, 0) FROM `INFORMATION_SCHEMA`.`TABLES` WHERE `TABLE_NAME` = 'admin_log' AND `TABLE_SCHEMA` = DATABASE()
[Fri, 14 Jan 22 18:01:40 +0800][INFO] DESCRIBE `admin_user`
[Fri, 14 Jan 22 18:01:40 +0800][INFO] SELECT `admin_user`.`id`, `admin_user`.`roles`, `admin_user`.`username`, `admin_user`.`name`, `admin_user`.`password`, `admin_user`.`avatar`, `admin_user`.`phone`, `admin_user`.`token`, `admin_user`.`create_time`, `admin_user`.`update_time`, `admin_user`.`email` FROM `admin_user` WHERE `admin_user`.`id` = '1' LIMIT :APL0
[Fri, 14 Jan 22 18:01:40 +0800][INFO] DESCRIBE `admin_log`
[Fri, 14 Jan 22 18:01:40 +0800][INFO] INSERT INTO `admin_log` (`api`, `name`, `time`, `ip`, `uid`, `status`, `info`, `request`, `client`) VALUES (?, ?, ?, ?, ?, ?, ?, ?, ?)
[Fri, 14 Jan 22 18:01:40 +0800][INFO] SELECT IF(COUNT(*) > 0, 1, 0) FROM `INFORMATION_SCHEMA`.`TABLES` WHERE `TABLE_NAME` = 'admin_user' AND `TABLE_SCHEMA` = DATABASE()
[Fri, 14 Jan 22 18:01:40 +0800][INFO] DESCRIBE `admin_user`
[Fri, 14 Jan 22 18:01:40 +0800][INFO] SELECT `admin_user`.`id`, `admin_user`.`roles`, `admin_user`.`username`, `admin_user`.`name`, `admin_user`.`password`, `admin_user`.`avatar`, `admin_user`.`phone`, `admin_user`.`token`, `admin_user`.`create_time`, `admin_user`.`update_time`, `admin_user`.`email` FROM `admin_user` WHERE `admin_user`.`id` = '1' LIMIT :APL0
[Fri, 14 Jan 22 18:01:40 +0800][INFO] SELECT IF(COUNT(*) > 0, 1, 0) FROM `INFORMATION_SCHEMA`.`TABLES` WHERE `TABLE_NAME` = 'admin_menu' AND `TABLE_SCHEMA` = DATABASE()
[Fri, 14 Jan 22 18:01:40 +0800][INFO] DESCRIBE `admin_menu`
[Fri, 14 Jan 22 18:01:40 +0800][INFO] SELECT `admin_menu`.`id`, `admin_menu`.`name`, `admin_menu`.`pid`, `admin_menu`.`path`, `admin_menu`.`component`, `admin_menu`.`redirect`, `admin_menu`.`status`, `admin_menu`.`alwaysShow`, `admin_menu`.`meta`, `admin_menu`.`create_time`, `admin_menu`.`update_time`, `admin_menu`.`hidden`, `admin_menu`.`order` FROM `admin_menu` WHERE `admin_menu`.`status` = 0 ORDER BY `admin_menu`.`order` ASC
[Fri, 14 Jan 22 18:01:40 +0800][INFO] SELECT IF(COUNT(*) > 0, 1, 0) FROM `INFORMATION_SCHEMA`.`TABLES` WHERE `TABLE_NAME` = 'admin_roles' AND `TABLE_SCHEMA` = DATABASE()
[Fri, 14 Jan 22 18:01:40 +0800][INFO] DESCRIBE `admin_roles`
[Fri, 14 Jan 22 18:01:40 +0800][INFO] SELECT `admin_roles`.`id`, `admin_roles`.`name`, `admin_roles`.`roles`, `admin_roles`.`desc`, `admin_roles`.`create_time`, `admin_roles`.`update_time` FROM `admin_roles` LIMIT :APL0 OFFSET :APL1
[Fri, 14 Jan 22 18:01:40 +0800][INFO] SELECT IF(COUNT(*) > 0, 1, 0) FROM `INFORMATION_SCHEMA`.`TABLES` WHERE `TABLE_NAME` = 'admin_menu' AND `TABLE_SCHEMA` = DATABASE()
[Fri, 14 Jan 22 18:01:40 +0800][INFO] DESCRIBE `admin_menu`
[Fri, 14 Jan 22 18:01:40 +0800][INFO] SELECT `admin_menu`.`id`, `admin_menu`.`name`, `admin_menu`.`pid`, `admin_menu`.`path`, `admin_menu`.`component`, `admin_menu`.`redirect`, `admin_menu`.`status`, `admin_menu`.`alwaysShow`, `admin_menu`.`meta`, `admin_menu`.`create_time`, `admin_menu`.`update_time`, `admin_menu`.`hidden`, `admin_menu`.`order` FROM `admin_menu`
[Fri, 14 Jan 22 18:01:40 +0800][INFO] SELECT IF(COUNT(*) > 0, 1, 0) FROM `INFORMATION_SCHEMA`.`TABLES` WHERE `TABLE_NAME` = 'admin_permissions' AND `TABLE_SCHEMA` = DATABASE()
[Fri, 14 Jan 22 18:01:40 +0800][INFO] DESCRIBE `admin_permissions`
[Fri, 14 Jan 22 18:01:40 +0800][INFO] SELECT `admin_permissions`.`role_id`, `admin_permissions`.`permissions` FROM `admin_permissions` WHERE `admin_permissions`.`role_id` = '3'
[Fri, 14 Jan 22 18:01:40 +0800][INFO] SELECT `admin_menu`.`id`, `admin_menu`.`name`, `admin_menu`.`pid`, `admin_menu`.`path`, `admin_menu`.`component`, `admin_menu`.`redirect`, `admin_menu`.`status`, `admin_menu`.`alwaysShow`, `admin_menu`.`meta`, `admin_menu`.`create_time`, `admin_menu`.`update_time`, `admin_menu`.`hidden`, `admin_menu`.`order` FROM `admin_menu` WHERE `admin_menu`.`id` IN ('47', '48', '49', '3', '4', '5')
[Fri, 14 Jan 22 19:14:40 +0800][INFO] SELECT IF(COUNT(*) > 0, 1, 0) FROM `INFORMATION_SCHEMA`.`TABLES` WHERE `TABLE_NAME` = 'admin_log' AND `TABLE_SCHEMA` = DATABASE()
[Fri, 14 Jan 22 19:14:40 +0800][INFO] DESCRIBE `admin_log`
[Fri, 14 Jan 22 19:14:40 +0800][INFO] INSERT INTO `admin_log` (`api`, `name`, `time`, `ip`, `uid`, `status`, `info`, `request`, `client`) VALUES (?, ?, ?, ?, ?, ?, ?, ?, ?)
[Fri, 14 Jan 22 19:14:40 +0800][INFO] SELECT IF(COUNT(*) > 0, 1, 0) FROM `INFORMATION_SCHEMA`.`TABLES` WHERE `TABLE_NAME` = 'admin_user' AND `TABLE_SCHEMA` = DATABASE()
[Fri, 14 Jan 22 19:14:40 +0800][INFO] DESCRIBE `admin_user`
[Fri, 14 Jan 22 19:14:40 +0800][INFO] SELECT `admin_user`.`id`, `admin_user`.`roles`, `admin_user`.`username`, `admin_user`.`name`, `admin_user`.`password`, `admin_user`.`avatar`, `admin_user`.`phone`, `admin_user`.`token`, `admin_user`.`create_time`, `admin_user`.`update_time`, `admin_user`.`email` FROM `admin_user` WHERE `admin_user`.`id` = '1' LIMIT :APL0
[Fri, 14 Jan 22 19:14:40 +0800][INFO] SELECT IF(COUNT(*) > 0, 1, 0) FROM `INFORMATION_SCHEMA`.`TABLES` WHERE `TABLE_NAME` = 'admin_menu' AND `TABLE_SCHEMA` = DATABASE()
[Fri, 14 Jan 22 19:14:40 +0800][INFO] DESCRIBE `admin_menu`
[Fri, 14 Jan 22 19:14:40 +0800][INFO] SELECT `admin_menu`.`id`, `admin_menu`.`name`, `admin_menu`.`pid`, `admin_menu`.`path`, `admin_menu`.`component`, `admin_menu`.`redirect`, `admin_menu`.`status`, `admin_menu`.`alwaysShow`, `admin_menu`.`meta`, `admin_menu`.`create_time`, `admin_menu`.`update_time`, `admin_menu`.`hidden`, `admin_menu`.`order` FROM `admin_menu` WHERE 1 = 1 AND `admin_menu`.`pid` = 0 ORDER BY `admin_menu`.`order` ASC LIMIT :APL0 OFFSET :APL1
[Fri, 14 Jan 22 19:14:40 +0800][INFO] SELECT COUNT(*) AS `rowcount` FROM `admin_menu` WHERE 1 = 1 AND `admin_menu`.`pid` = 0
[Fri, 14 Jan 22 19:14:42 +0800][INFO] SELECT IF(COUNT(*) > 0, 1, 0) FROM `INFORMATION_SCHEMA`.`TABLES` WHERE `TABLE_NAME` = 'admin_user' AND `TABLE_SCHEMA` = DATABASE()
[Fri, 14 Jan 22 19:14:42 +0800][INFO] DESCRIBE `admin_user`
[Fri, 14 Jan 22 19:14:42 +0800][INFO] SELECT `admin_user`.`id`, `admin_user`.`roles`, `admin_user`.`username`, `admin_user`.`name`, `admin_user`.`password`, `admin_user`.`avatar`, `admin_user`.`phone`, `admin_user`.`token`, `admin_user`.`create_time`, `admin_user`.`update_time`, `admin_user`.`email` FROM `admin_user` WHERE `admin_user`.`id` = '1' LIMIT :APL0
[Fri, 14 Jan 22 19:14:42 +0800][INFO] SELECT `admin_user`.`id` AS `id`, `admin_user`.`name` AS `name` FROM `admin_user`
[Fri, 14 Jan 22 19:14:42 +0800][INFO] SELECT IF(COUNT(*) > 0, 1, 0) FROM `INFORMATION_SCHEMA`.`TABLES` WHERE `TABLE_NAME` = 'admin_log' AND `TABLE_SCHEMA` = DATABASE()
[Fri, 14 Jan 22 19:14:42 +0800][INFO] DESCRIBE `admin_log`
[Fri, 14 Jan 22 19:14:42 +0800][INFO] INSERT INTO `admin_log` (`api`, `name`, `time`, `ip`, `uid`, `status`, `info`, `request`, `client`) VALUES (?, ?, ?, ?, ?, ?, ?, ?, ?)
[Fri, 14 Jan 22 19:14:42 +0800][INFO] SELECT IF(COUNT(*) > 0, 1, 0) FROM `INFORMATION_SCHEMA`.`TABLES` WHERE `TABLE_NAME` = 'admin_user' AND `TABLE_SCHEMA` = DATABASE()
[Fri, 14 Jan 22 19:14:42 +0800][INFO] DESCRIBE `admin_user`
[Fri, 14 Jan 22 19:14:42 +0800][INFO] SELECT `admin_user`.`id`, `admin_user`.`roles`, `admin_user`.`username`, `admin_user`.`name`, `admin_user`.`password`, `admin_user`.`avatar`, `admin_user`.`phone`, `admin_user`.`token`, `admin_user`.`create_time`, `admin_user`.`update_time`, `admin_user`.`email` FROM `admin_user` WHERE `admin_user`.`id` = '1' LIMIT :APL0
[Fri, 14 Jan 22 19:14:42 +0800][INFO] SELECT `admin_log`.`id`, `admin_log`.`api`, `admin_log`.`name`, `admin_log`.`time`, `admin_log`.`ip`, `admin_log`.`uid`, `admin_log`.`status`, `admin_log`.`info`, `admin_log`.`request`, `admin_log`.`client` FROM `admin_log` WHERE 1 = 1 ORDER BY `admin_log`.`time` DESC LIMIT :APL0 OFFSET :APL1
[Fri, 14 Jan 22 19:14:42 +0800][INFO] SELECT `admin_user`.`name` AS `name` FROM `admin_user` WHERE `admin_user`.`id` = 1 LIMIT :APL0
[Fri, 14 Jan 22 19:14:42 +0800][INFO] SELECT `admin_user`.`name` AS `name` FROM `admin_user` WHERE `admin_user`.`id` = 1 LIMIT :APL0
[Fri, 14 Jan 22 19:14:42 +0800][INFO] SELECT `admin_user`.`name` AS `name` FROM `admin_user` WHERE `admin_user`.`id` = 1 LIMIT :APL0
[Fri, 14 Jan 22 19:14:42 +0800][INFO] SELECT `admin_user`.`name` AS `name` FROM `admin_user` WHERE `admin_user`.`id` = 1 LIMIT :APL0
[Fri, 14 Jan 22 19:14:42 +0800][INFO] SELECT `admin_user`.`name` AS `name` FROM `admin_user` WHERE `admin_user`.`id` = 1 LIMIT :APL0
[Fri, 14 Jan 22 19:14:42 +0800][INFO] SELECT `admin_user`.`name` AS `name` FROM `admin_user` WHERE `admin_user`.`id` = 1 LIMIT :APL0
[Fri, 14 Jan 22 19:14:42 +0800][INFO] SELECT `admin_user`.`name` AS `name` FROM `admin_user` WHERE `admin_user`.`id` = 1 LIMIT :APL0
[Fri, 14 Jan 22 19:14:42 +0800][INFO] SELECT `admin_user`.`name` AS `name` FROM `admin_user` WHERE `admin_user`.`id` = 1 LIMIT :APL0
[Fri, 14 Jan 22 19:14:42 +0800][INFO] SELECT `admin_user`.`name` AS `name` FROM `admin_user` WHERE `admin_user`.`id` = 1 LIMIT :APL0
[Fri, 14 Jan 22 19:14:42 +0800][INFO] SELECT COUNT(*) AS `rowcount` FROM `admin_log` WHERE 1 = 1
[Fri, 14 Jan 22 19:14:43 +0800][INFO] SELECT IF(COUNT(*) > 0, 1, 0) FROM `INFORMATION_SCHEMA`.`TABLES` WHERE `TABLE_NAME` = 'admin_log' AND `TABLE_SCHEMA` = DATABASE()
[Fri, 14 Jan 22 19:14:43 +0800][INFO] DESCRIBE `admin_log`
[Fri, 14 Jan 22 19:14:43 +0800][INFO] INSERT INTO `admin_log` (`api`, `name`, `time`, `ip`, `uid`, `status`, `info`, `request`, `client`) VALUES (?, ?, ?, ?, ?, ?, ?, ?, ?)
[Fri, 14 Jan 22 19:14:43 +0800][INFO] SELECT IF(COUNT(*) > 0, 1, 0) FROM `INFORMATION_SCHEMA`.`TABLES` WHERE `TABLE_NAME` = 'admin_user' AND `TABLE_SCHEMA` = DATABASE()
[Fri, 14 Jan 22 19:14:43 +0800][INFO] DESCRIBE `admin_user`
[Fri, 14 Jan 22 19:14:43 +0800][INFO] SELECT `admin_user`.`id`, `admin_user`.`roles`, `admin_user`.`username`, `admin_user`.`name`, `admin_user`.`password`, `admin_user`.`avatar`, `admin_user`.`phone`, `admin_user`.`token`, `admin_user`.`create_time`, `admin_user`.`update_time`, `admin_user`.`email` FROM `admin_user` WHERE `admin_user`.`id` = '1' LIMIT :APL0
[Fri, 14 Jan 22 19:14:43 +0800][INFO] SELECT IF(COUNT(*) > 0, 1, 0) FROM `INFORMATION_SCHEMA`.`TABLES` WHERE `TABLE_NAME` = 'admin_cron' AND `TABLE_SCHEMA` = DATABASE()
[Fri, 14 Jan 22 19:14:43 +0800][INFO] DESCRIBE `admin_cron`
[Fri, 14 Jan 22 19:14:43 +0800][INFO] SELECT `admin_cron`.`id`, `admin_cron`.`name`, `admin_cron`.`class`, `admin_cron`.`function`, `admin_cron`.`begin_time`, `admin_cron`.`end_time`, `admin_cron`.`next_time`, `admin_cron`.`cron`, `admin_cron`.`create_time`, `admin_cron`.`update_time`, `admin_cron`.`status` FROM `admin_cron` WHERE 1 = 1 ORDER BY `admin_cron`.`create_time` DESC LIMIT :APL0 OFFSET :APL1
[Fri, 14 Jan 22 19:14:43 +0800][INFO] SELECT COUNT(*) AS `rowcount` FROM `admin_cron` WHERE 1 = 1
[Fri, 14 Jan 22 19:14:45 +0800][INFO] SELECT IF(COUNT(*) > 0, 1, 0) FROM `INFORMATION_SCHEMA`.`TABLES` WHERE `TABLE_NAME` = 'admin_log' AND `TABLE_SCHEMA` = DATABASE()
[Fri, 14 Jan 22 19:14:45 +0800][INFO] DESCRIBE `admin_log`
[Fri, 14 Jan 22 19:14:45 +0800][INFO] INSERT INTO `admin_log` (`api`, `name`, `time`, `ip`, `uid`, `status`, `info`, `request`, `client`) VALUES (?, ?, ?, ?, ?, ?, ?, ?, ?)
[Fri, 14 Jan 22 19:14:45 +0800][INFO] SELECT IF(COUNT(*) > 0, 1, 0) FROM `INFORMATION_SCHEMA`.`TABLES` WHERE `TABLE_NAME` = 'admin_user' AND `TABLE_SCHEMA` = DATABASE()
[Fri, 14 Jan 22 19:14:45 +0800][INFO] DESCRIBE `admin_user`
[Fri, 14 Jan 22 19:14:45 +0800][INFO] SELECT `admin_user`.`id`, `admin_user`.`roles`, `admin_user`.`username`, `admin_user`.`name`, `admin_user`.`password`, `admin_user`.`avatar`, `admin_user`.`phone`, `admin_user`.`token`, `admin_user`.`create_time`, `admin_user`.`update_time`, `admin_user`.`email` FROM `admin_user` WHERE `admin_user`.`id` = '1' LIMIT :APL0
[Fri, 14 Jan 22 19:14:45 +0800][INFO] SELECT IF(COUNT(*) > 0, 1, 0) FROM `INFORMATION_SCHEMA`.`TABLES` WHERE `TABLE_NAME` = 'admin_cron_log' AND `TABLE_SCHEMA` = DATABASE()
[Fri, 14 Jan 22 19:14:45 +0800][INFO] DESCRIBE `admin_cron_log`
[Fri, 14 Jan 22 19:14:45 +0800][INFO] SELECT `admin_cron_log`.`id`, `admin_cron_log`.`code`, `admin_cron_log`.`msg`, `admin_cron_log`.`time`, `admin_cron_log`.`cron_id`, `admin_cron_log`.`time_len` FROM `admin_cron_log` WHERE `admin_cron_log`.`cron_id` = 7 ORDER BY `admin_cron_log`.`time` DESC LIMIT :APL0 OFFSET :APL1
[Fri, 14 Jan 22 19:14:45 +0800][INFO] SELECT COUNT(*) AS `rowcount` FROM `admin_cron_log` WHERE `admin_cron_log`.`cron_id` = 7
[Fri, 14 Jan 22 19:14:55 +0800][INFO] SELECT IF(COUNT(*) > 0, 1, 0) FROM `INFORMATION_SCHEMA`.`TABLES` WHERE `TABLE_NAME` = 'admin_log' AND `TABLE_SCHEMA` = DATABASE()
[Fri, 14 Jan 22 19:14:55 +0800][INFO] DESCRIBE `admin_log`
[Fri, 14 Jan 22 19:14:55 +0800][INFO] INSERT INTO `admin_log` (`api`, `name`, `time`, `ip`, `uid`, `status`, `info`, `request`, `client`) VALUES (?, ?, ?, ?, ?, ?, ?, ?, ?)
[Fri, 14 Jan 22 19:14:55 +0800][INFO] SELECT IF(COUNT(*) > 0, 1, 0) FROM `INFORMATION_SCHEMA`.`TABLES` WHERE `TABLE_NAME` = 'admin_user' AND `TABLE_SCHEMA` = DATABASE()
[Fri, 14 Jan 22 19:14:55 +0800][INFO] DESCRIBE `admin_user`
[Fri, 14 Jan 22 19:14:55 +0800][INFO] SELECT `admin_user`.`id`, `admin_user`.`roles`, `admin_user`.`username`, `admin_user`.`name`, `admin_user`.`password`, `admin_user`.`avatar`, `admin_user`.`phone`, `admin_user`.`token`, `admin_user`.`create_time`, `admin_user`.`update_time`, `admin_user`.`email` FROM `admin_user` WHERE `admin_user`.`id` = '1' LIMIT :APL0
[Fri, 14 Jan 22 19:14:55 +0800][INFO] SELECT IF(COUNT(*) > 0, 1, 0) FROM `INFORMATION_SCHEMA`.`TABLES` WHERE `TABLE_NAME` = 'admin_cron_log' AND `TABLE_SCHEMA` = DATABASE()
[Fri, 14 Jan 22 19:14:55 +0800][INFO] DESCRIBE `admin_cron_log`
[Fri, 14 Jan 22 19:14:55 +0800][INFO] SELECT `admin_cron_log`.`id`, `admin_cron_log`.`code`, `admin_cron_log`.`msg`, `admin_cron_log`.`time`, `admin_cron_log`.`cron_id`, `admin_cron_log`.`time_len` FROM `admin_cron_log` WHERE `admin_cron_log`.`cron_id` = 7 ORDER BY `admin_cron_log`.`time` DESC LIMIT :APL0 OFFSET :APL1
[Fri, 14 Jan 22 19:14:55 +0800][INFO] SELECT COUNT(*) AS `rowcount` FROM `admin_cron_log` WHERE `admin_cron_log`.`cron_id` = 7
[Fri, 14 Jan 22 19:14:55 +0800][INFO] SELECT IF(COUNT(*) > 0, 1, 0) FROM `INFORMATION_SCHEMA`.`TABLES` WHERE `TABLE_NAME` = 'admin_log' AND `TABLE_SCHEMA` = DATABASE()
[Fri, 14 Jan 22 19:14:55 +0800][INFO] DESCRIBE `admin_log`
[Fri, 14 Jan 22 19:14:55 +0800][INFO] INSERT INTO `admin_log` (`api`, `name`, `time`, `ip`, `uid`, `status`, `info`, `request`, `client`) VALUES (?, ?, ?, ?, ?, ?, ?, ?, ?)
[Fri, 14 Jan 22 19:14:55 +0800][INFO] SELECT IF(COUNT(*) > 0, 1, 0) FROM `INFORMATION_SCHEMA`.`TABLES` WHERE `TABLE_NAME` = 'admin_user' AND `TABLE_SCHEMA` = DATABASE()
[Fri, 14 Jan 22 19:14:55 +0800][INFO] DESCRIBE `admin_user`
[Fri, 14 Jan 22 19:14:55 +0800][INFO] SELECT `admin_user`.`id`, `admin_user`.`roles`, `admin_user`.`username`, `admin_user`.`name`, `admin_user`.`password`, `admin_user`.`avatar`, `admin_user`.`phone`, `admin_user`.`token`, `admin_user`.`create_time`, `admin_user`.`update_time`, `admin_user`.`email` FROM `admin_user` WHERE `admin_user`.`id` = '1' LIMIT :APL0
[Fri, 14 Jan 22 19:14:55 +0800][INFO] SELECT IF(COUNT(*) > 0, 1, 0) FROM `INFORMATION_SCHEMA`.`TABLES` WHERE `TABLE_NAME` = 'admin_cron_log' AND `TABLE_SCHEMA` = DATABASE()
[Fri, 14 Jan 22 19:14:55 +0800][INFO] DESCRIBE `admin_cron_log`
[Fri, 14 Jan 22 19:14:55 +0800][INFO] SELECT `admin_cron_log`.`id`, `admin_cron_log`.`code`, `admin_cron_log`.`msg`, `admin_cron_log`.`time`, `admin_cron_log`.`cron_id`, `admin_cron_log`.`time_len` FROM `admin_cron_log` WHERE `admin_cron_log`.`cron_id` = 7 ORDER BY `admin_cron_log`.`time` DESC LIMIT :APL0 OFFSET :APL1
[Fri, 14 Jan 22 19:14:55 +0800][INFO] SELECT COUNT(*) AS `rowcount` FROM `admin_cron_log` WHERE `admin_cron_log`.`cron_id` = 7
[Fri, 14 Jan 22 19:14:56 +0800][INFO] SELECT IF(COUNT(*) > 0, 1, 0) FROM `INFORMATION_SCHEMA`.`TABLES` WHERE `TABLE_NAME` = 'admin_log' AND `TABLE_SCHEMA` = DATABASE()
[Fri, 14 Jan 22 19:14:56 +0800][INFO] DESCRIBE `admin_log`
[Fri, 14 Jan 22 19:14:56 +0800][INFO] INSERT INTO `admin_log` (`api`, `name`, `time`, `ip`, `uid`, `status`, `info`, `request`, `client`) VALUES (?, ?, ?, ?, ?, ?, ?, ?, ?)
[Fri, 14 Jan 22 19:14:56 +0800][INFO] SELECT IF(COUNT(*) > 0, 1, 0) FROM `INFORMATION_SCHEMA`.`TABLES` WHERE `TABLE_NAME` = 'admin_user' AND `TABLE_SCHEMA` = DATABASE()
[Fri, 14 Jan 22 19:14:56 +0800][INFO] DESCRIBE `admin_user`
[Fri, 14 Jan 22 19:14:56 +0800][INFO] SELECT `admin_user`.`id`, `admin_user`.`roles`, `admin_user`.`username`, `admin_user`.`name`, `admin_user`.`password`, `admin_user`.`avatar`, `admin_user`.`phone`, `admin_user`.`token`, `admin_user`.`create_time`, `admin_user`.`update_time`, `admin_user`.`email` FROM `admin_user` WHERE `admin_user`.`id` = '1' LIMIT :APL0
[Fri, 14 Jan 22 19:14:56 +0800][INFO] SELECT IF(COUNT(*) > 0, 1, 0) FROM `INFORMATION_SCHEMA`.`TABLES` WHERE `TABLE_NAME` = 'admin_cron_log' AND `TABLE_SCHEMA` = DATABASE()
[Fri, 14 Jan 22 19:14:56 +0800][INFO] DESCRIBE `admin_cron_log`
[Fri, 14 Jan 22 19:14:56 +0800][INFO] SELECT `admin_cron_log`.`id`, `admin_cron_log`.`code`, `admin_cron_log`.`msg`, `admin_cron_log`.`time`, `admin_cron_log`.`cron_id`, `admin_cron_log`.`time_len` FROM `admin_cron_log` WHERE `admin_cron_log`.`cron_id` = 7 ORDER BY `admin_cron_log`.`time` DESC LIMIT :APL0 OFFSET :APL1
[Fri, 14 Jan 22 19:14:56 +0800][INFO] SELECT COUNT(*) AS `rowcount` FROM `admin_cron_log` WHERE `admin_cron_log`.`cron_id` = 7
[Fri, 14 Jan 22 19:14:56 +0800][INFO] SELECT IF(COUNT(*) > 0, 1, 0) FROM `INFORMATION_SCHEMA`.`TABLES` WHERE `TABLE_NAME` = 'admin_log' AND `TABLE_SCHEMA` = DATABASE()
[Fri, 14 Jan 22 19:14:56 +0800][INFO] DESCRIBE `admin_log`
[Fri, 14 Jan 22 19:14:56 +0800][INFO] INSERT INTO `admin_log` (`api`, `name`, `time`, `ip`, `uid`, `status`, `info`, `request`, `client`) VALUES (?, ?, ?, ?, ?, ?, ?, ?, ?)
[Fri, 14 Jan 22 19:14:56 +0800][INFO] SELECT IF(COUNT(*) > 0, 1, 0) FROM `INFORMATION_SCHEMA`.`TABLES` WHERE `TABLE_NAME` = 'admin_user' AND `TABLE_SCHEMA` = DATABASE()
[Fri, 14 Jan 22 19:14:56 +0800][INFO] DESCRIBE `admin_user`
[Fri, 14 Jan 22 19:14:56 +0800][INFO] SELECT `admin_user`.`id`, `admin_user`.`roles`, `admin_user`.`username`, `admin_user`.`name`, `admin_user`.`password`, `admin_user`.`avatar`, `admin_user`.`phone`, `admin_user`.`token`, `admin_user`.`create_time`, `admin_user`.`update_time`, `admin_user`.`email` FROM `admin_user` WHERE `admin_user`.`id` = '1' LIMIT :APL0
[Fri, 14 Jan 22 19:14:56 +0800][INFO] SELECT IF(COUNT(*) > 0, 1, 0) FROM `INFORMATION_SCHEMA`.`TABLES` WHERE `TABLE_NAME` = 'admin_cron_log' AND `TABLE_SCHEMA` = DATABASE()
[Fri, 14 Jan 22 19:14:56 +0800][INFO] DESCRIBE `admin_cron_log`
[Fri, 14 Jan 22 19:14:56 +0800][INFO] SELECT `admin_cron_log`.`id`, `admin_cron_log`.`code`, `admin_cron_log`.`msg`, `admin_cron_log`.`time`, `admin_cron_log`.`cron_id`, `admin_cron_log`.`time_len` FROM `admin_cron_log` WHERE `admin_cron_log`.`cron_id` = 7 ORDER BY `admin_cron_log`.`time` DESC LIMIT :APL0 OFFSET :APL1
[Fri, 14 Jan 22 19:14:56 +0800][INFO] SELECT COUNT(*) AS `rowcount` FROM `admin_cron_log` WHERE `admin_cron_log`.`cron_id` = 7
[Fri, 14 Jan 22 19:14:57 +0800][INFO] SELECT IF(COUNT(*) > 0, 1, 0) FROM `INFORMATION_SCHEMA`.`TABLES` WHERE `TABLE_NAME` = 'admin_log' AND `TABLE_SCHEMA` = DATABASE()
[Fri, 14 Jan 22 19:14:57 +0800][INFO] DESCRIBE `admin_log`
[Fri, 14 Jan 22 19:14:57 +0800][INFO] INSERT INTO `admin_log` (`api`, `name`, `time`, `ip`, `uid`, `status`, `info`, `request`, `client`) VALUES (?, ?, ?, ?, ?, ?, ?, ?, ?)
[Fri, 14 Jan 22 19:14:57 +0800][INFO] SELECT IF(COUNT(*) > 0, 1, 0) FROM `INFORMATION_SCHEMA`.`TABLES` WHERE `TABLE_NAME` = 'admin_user' AND `TABLE_SCHEMA` = DATABASE()
[Fri, 14 Jan 22 19:14:57 +0800][INFO] DESCRIBE `admin_user`
[Fri, 14 Jan 22 19:14:57 +0800][INFO] SELECT `admin_user`.`id`, `admin_user`.`roles`, `admin_user`.`username`, `admin_user`.`name`, `admin_user`.`password`, `admin_user`.`avatar`, `admin_user`.`phone`, `admin_user`.`token`, `admin_user`.`create_time`, `admin_user`.`update_time`, `admin_user`.`email` FROM `admin_user` WHERE `admin_user`.`id` = '1' LIMIT :APL0
[Fri, 14 Jan 22 19:14:57 +0800][INFO] SELECT IF(COUNT(*) > 0, 1, 0) FROM `INFORMATION_SCHEMA`.`TABLES` WHERE `TABLE_NAME` = 'admin_cron_log' AND `TABLE_SCHEMA` = DATABASE()
[Fri, 14 Jan 22 19:14:57 +0800][INFO] DESCRIBE `admin_cron_log`
[Fri, 14 Jan 22 19:14:57 +0800][INFO] SELECT `admin_cron_log`.`id`, `admin_cron_log`.`code`, `admin_cron_log`.`msg`, `admin_cron_log`.`time`, `admin_cron_log`.`cron_id`, `admin_cron_log`.`time_len` FROM `admin_cron_log` WHERE `admin_cron_log`.`cron_id` = 7 ORDER BY `admin_cron_log`.`time` DESC LIMIT :APL0 OFFSET :APL1
[Fri, 14 Jan 22 19:14:57 +0800][INFO] SELECT COUNT(*) AS `rowcount` FROM `admin_cron_log` WHERE `admin_cron_log`.`cron_id` = 7
[Fri, 14 Jan 22 19:14:58 +0800][INFO] SELECT IF(COUNT(*) > 0, 1, 0) FROM `INFORMATION_SCHEMA`.`TABLES` WHERE `TABLE_NAME` = 'admin_log' AND `TABLE_SCHEMA` = DATABASE()
[Fri, 14 Jan 22 19:14:58 +0800][INFO] DESCRIBE `admin_log`
[Fri, 14 Jan 22 19:14:58 +0800][INFO] INSERT INTO `admin_log` (`api`, `name`, `time`, `ip`, `uid`, `status`, `info`, `request`, `client`) VALUES (?, ?, ?, ?, ?, ?, ?, ?, ?)
[Fri, 14 Jan 22 19:14:58 +0800][INFO] SELECT IF(COUNT(*) > 0, 1, 0) FROM `INFORMATION_SCHEMA`.`TABLES` WHERE `TABLE_NAME` = 'admin_user' AND `TABLE_SCHEMA` = DATABASE()
[Fri, 14 Jan 22 19:14:58 +0800][INFO] DESCRIBE `admin_user`
[Fri, 14 Jan 22 19:14:58 +0800][INFO] SELECT `admin_user`.`id`, `admin_user`.`roles`, `admin_user`.`username`, `admin_user`.`name`, `admin_user`.`password`, `admin_user`.`avatar`, `admin_user`.`phone`, `admin_user`.`token`, `admin_user`.`create_time`, `admin_user`.`update_time`, `admin_user`.`email` FROM `admin_user` WHERE `admin_user`.`id` = '1' LIMIT :APL0
[Fri, 14 Jan 22 19:14:58 +0800][INFO] SELECT IF(COUNT(*) > 0, 1, 0) FROM `INFORMATION_SCHEMA`.`TABLES` WHERE `TABLE_NAME` = 'admin_cron_log' AND `TABLE_SCHEMA` = DATABASE()
[Fri, 14 Jan 22 19:14:58 +0800][INFO] DESCRIBE `admin_cron_log`
[Fri, 14 Jan 22 19:14:58 +0800][INFO] SELECT `admin_cron_log`.`id`, `admin_cron_log`.`code`, `admin_cron_log`.`msg`, `admin_cron_log`.`time`, `admin_cron_log`.`cron_id`, `admin_cron_log`.`time_len` FROM `admin_cron_log` WHERE `admin_cron_log`.`cron_id` = 7 ORDER BY `admin_cron_log`.`time` DESC LIMIT :APL0 OFFSET :APL1
[Fri, 14 Jan 22 19:14:58 +0800][INFO] SELECT COUNT(*) AS `rowcount` FROM `admin_cron_log` WHERE `admin_cron_log`.`cron_id` = 7
[Fri, 14 Jan 22 19:15:01 +0800][INFO] SELECT IF(COUNT(*) > 0, 1, 0) FROM `INFORMATION_SCHEMA`.`TABLES` WHERE `TABLE_NAME` = 'admin_log' AND `TABLE_SCHEMA` = DATABASE()
[Fri, 14 Jan 22 19:15:01 +0800][INFO] DESCRIBE `admin_log`
[Fri, 14 Jan 22 19:15:01 +0800][INFO] INSERT INTO `admin_log` (`api`, `name`, `time`, `ip`, `uid`, `status`, `info`, `request`, `client`) VALUES (?, ?, ?, ?, ?, ?, ?, ?, ?)
[Fri, 14 Jan 22 19:15:01 +0800][INFO] SELECT IF(COUNT(*) > 0, 1, 0) FROM `INFORMATION_SCHEMA`.`TABLES` WHERE `TABLE_NAME` = 'admin_user' AND `TABLE_SCHEMA` = DATABASE()
[Fri, 14 Jan 22 19:15:01 +0800][INFO] DESCRIBE `admin_user`
[Fri, 14 Jan 22 19:15:01 +0800][INFO] SELECT `admin_user`.`id`, `admin_user`.`roles`, `admin_user`.`username`, `admin_user`.`name`, `admin_user`.`password`, `admin_user`.`avatar`, `admin_user`.`phone`, `admin_user`.`token`, `admin_user`.`create_time`, `admin_user`.`update_time`, `admin_user`.`email` FROM `admin_user` WHERE `admin_user`.`id` = '1' LIMIT :APL0
[Fri, 14 Jan 22 19:15:01 +0800][INFO] SELECT IF(COUNT(*) > 0, 1, 0) FROM `INFORMATION_SCHEMA`.`TABLES` WHERE `TABLE_NAME` = 'admin_cron_log' AND `TABLE_SCHEMA` = DATABASE()
[Fri, 14 Jan 22 19:15:01 +0800][INFO] DESCRIBE `admin_cron_log`
[Fri, 14 Jan 22 19:15:01 +0800][INFO] SELECT `admin_cron_log`.`id`, `admin_cron_log`.`code`, `admin_cron_log`.`msg`, `admin_cron_log`.`time`, `admin_cron_log`.`cron_id`, `admin_cron_log`.`time_len` FROM `admin_cron_log` WHERE `admin_cron_log`.`cron_id` = 8 ORDER BY `admin_cron_log`.`time` DESC LIMIT :APL0 OFFSET :APL1
[Fri, 14 Jan 22 19:15:01 +0800][INFO] SELECT COUNT(*) AS `rowcount` FROM `admin_cron_log` WHERE `admin_cron_log`.`cron_id` = 8
[Fri, 14 Jan 22 19:15:05 +0800][INFO] SELECT IF(COUNT(*) > 0, 1, 0) FROM `INFORMATION_SCHEMA`.`TABLES` WHERE `TABLE_NAME` = 'admin_log' AND `TABLE_SCHEMA` = DATABASE()
[Fri, 14 Jan 22 19:15:05 +0800][INFO] DESCRIBE `admin_log`
[Fri, 14 Jan 22 19:15:05 +0800][INFO] INSERT INTO `admin_log` (`api`, `name`, `time`, `ip`, `uid`, `status`, `info`, `request`, `client`) VALUES (?, ?, ?, ?, ?, ?, ?, ?, ?)
[Fri, 14 Jan 22 19:15:05 +0800][INFO] SELECT IF(COUNT(*) > 0, 1, 0) FROM `INFORMATION_SCHEMA`.`TABLES` WHERE `TABLE_NAME` = 'admin_user' AND `TABLE_SCHEMA` = DATABASE()
[Fri, 14 Jan 22 19:15:05 +0800][INFO] DESCRIBE `admin_user`
[Fri, 14 Jan 22 19:15:05 +0800][INFO] SELECT `admin_user`.`id`, `admin_user`.`roles`, `admin_user`.`username`, `admin_user`.`name`, `admin_user`.`password`, `admin_user`.`avatar`, `admin_user`.`phone`, `admin_user`.`token`, `admin_user`.`create_time`, `admin_user`.`update_time`, `admin_user`.`email` FROM `admin_user` WHERE `admin_user`.`id` = '1' LIMIT :APL0
[Fri, 14 Jan 22 19:15:05 +0800][INFO] SELECT IF(COUNT(*) > 0, 1, 0) FROM `INFORMATION_SCHEMA`.`TABLES` WHERE `TABLE_NAME` = 'admin_cron' AND `TABLE_SCHEMA` = DATABASE()
[Fri, 14 Jan 22 19:15:05 +0800][INFO] DESCRIBE `admin_cron`
[Fri, 14 Jan 22 19:15:05 +0800][INFO] SELECT `admin_cron`.`id`, `admin_cron`.`name`, `admin_cron`.`class`, `admin_cron`.`function`, `admin_cron`.`begin_time`, `admin_cron`.`end_time`, `admin_cron`.`next_time`, `admin_cron`.`cron`, `admin_cron`.`create_time`, `admin_cron`.`update_time`, `admin_cron`.`status` FROM `admin_cron` WHERE `admin_cron`.`id` = 7 LIMIT :APL0
[Fri, 14 Jan 22 19:15:10 +0800][INFO] SELECT IF(COUNT(*) > 0, 1, 0) FROM `INFORMATION_SCHEMA`.`TABLES` WHERE `TABLE_NAME` = 'admin_log' AND `TABLE_SCHEMA` = DATABASE()
[Fri, 14 Jan 22 19:15:10 +0800][INFO] DESCRIBE `admin_log`
[Fri, 14 Jan 22 19:15:10 +0800][INFO] INSERT INTO `admin_log` (`api`, `name`, `time`, `ip`, `uid`, `status`, `info`, `request`, `client`) VALUES (?, ?, ?, ?, ?, ?, ?, ?, ?)
[Fri, 14 Jan 22 19:15:10 +0800][INFO] SELECT IF(COUNT(*) > 0, 1, 0) FROM `INFORMATION_SCHEMA`.`TABLES` WHERE `TABLE_NAME` = 'admin_user' AND `TABLE_SCHEMA` = DATABASE()
[Fri, 14 Jan 22 19:15:10 +0800][INFO] DESCRIBE `admin_user`
[Fri, 14 Jan 22 19:15:10 +0800][INFO] SELECT `admin_user`.`id`, `admin_user`.`roles`, `admin_user`.`username`, `admin_user`.`name`, `admin_user`.`password`, `admin_user`.`avatar`, `admin_user`.`phone`, `admin_user`.`token`, `admin_user`.`create_time`, `admin_user`.`update_time`, `admin_user`.`email` FROM `admin_user` WHERE `admin_user`.`id` = '1' LIMIT :APL0
[Fri, 14 Jan 22 19:15:10 +0800][INFO] SELECT IF(COUNT(*) > 0, 1, 0) FROM `INFORMATION_SCHEMA`.`TABLES` WHERE `TABLE_NAME` = 'admin_log' AND `TABLE_SCHEMA` = DATABASE()
[Fri, 14 Jan 22 19:15:10 +0800][INFO] DESCRIBE `admin_log`
[Fri, 14 Jan 22 19:15:10 +0800][INFO] INSERT INTO `admin_log` (`api`, `name`, `time`, `ip`, `uid`, `status`, `info`, `request`, `client`) VALUES (?, ?, ?, ?, ?, ?, ?, ?, ?)
[Fri, 14 Jan 22 19:15:10 +0800][INFO] SELECT IF(COUNT(*) > 0, 1, 0) FROM `INFORMATION_SCHEMA`.`TABLES` WHERE `TABLE_NAME` = 'admin_user' AND `TABLE_SCHEMA` = DATABASE()
[Fri, 14 Jan 22 19:15:10 +0800][INFO] DESCRIBE `admin_user`
[Fri, 14 Jan 22 19:15:10 +0800][INFO] SELECT `admin_user`.`id`, `admin_user`.`roles`, `admin_user`.`username`, `admin_user`.`name`, `admin_user`.`password`, `admin_user`.`avatar`, `admin_user`.`phone`, `admin_user`.`token`, `admin_user`.`create_time`, `admin_user`.`update_time`, `admin_user`.`email` FROM `admin_user` WHERE `admin_user`.`id` = '1' LIMIT :APL0
[Fri, 14 Jan 22 19:42:23 +0800][INFO] SELECT IF(COUNT(*) > 0, 1, 0) FROM `INFORMATION_SCHEMA`.`TABLES` WHERE `TABLE_NAME` = 'admin_log' AND `TABLE_SCHEMA` = DATABASE()
[Fri, 14 Jan 22 19:42:23 +0800][INFO] DESCRIBE `admin_log`
[Fri, 14 Jan 22 19:42:23 +0800][INFO] INSERT INTO `admin_log` (`api`, `name`, `time`, `ip`, `uid`, `status`, `info`, `request`, `client`) VALUES (?, ?, ?, ?, ?, ?, ?, ?, ?)
[Fri, 14 Jan 22 19:42:23 +0800][INFO] SELECT IF(COUNT(*) > 0, 1, 0) FROM `INFORMATION_SCHEMA`.`TABLES` WHERE `TABLE_NAME` = 'admin_user' AND `TABLE_SCHEMA` = DATABASE()
[Fri, 14 Jan 22 19:42:23 +0800][INFO] DESCRIBE `admin_user`
[Fri, 14 Jan 22 19:42:23 +0800][INFO] SELECT `admin_user`.`id`, `admin_user`.`roles`, `admin_user`.`username`, `admin_user`.`name`, `admin_user`.`password`, `admin_user`.`avatar`, `admin_user`.`phone`, `admin_user`.`token`, `admin_user`.`create_time`, `admin_user`.`update_time`, `admin_user`.`email` FROM `admin_user` WHERE `admin_user`.`id` = '1' LIMIT :APL0
[Fri, 14 Jan 22 19:42:23 +0800][INFO] SELECT IF(COUNT(*) > 0, 1, 0) FROM `INFORMATION_SCHEMA`.`TABLES` WHERE `TABLE_NAME` = 'admin_user' AND `TABLE_SCHEMA` = DATABASE()
[Fri, 14 Jan 22 19:42:23 +0800][INFO] DESCRIBE `admin_user`
[Fri, 14 Jan 22 19:42:23 +0800][INFO] SELECT `admin_user`.`id`, `admin_user`.`roles`, `admin_user`.`username`, `admin_user`.`name`, `admin_user`.`password`, `admin_user`.`avatar`, `admin_user`.`phone`, `admin_user`.`token`, `admin_user`.`create_time`, `admin_user`.`update_time`, `admin_user`.`email` FROM `admin_user` WHERE `admin_user`.`id` = '1' LIMIT :APL0
[Fri, 14 Jan 22 19:42:23 +0800][INFO] SELECT IF(COUNT(*) > 0, 1, 0) FROM `INFORMATION_SCHEMA`.`TABLES` WHERE `TABLE_NAME` = 'admin_roles' AND `TABLE_SCHEMA` = DATABASE()
[Fri, 14 Jan 22 19:42:23 +0800][INFO] DESCRIBE `admin_roles`
[Fri, 14 Jan 22 19:42:23 +0800][INFO] SELECT `admin_roles`.`id`, `admin_roles`.`name`, `admin_roles`.`roles`, `admin_roles`.`desc`, `admin_roles`.`create_time`, `admin_roles`.`update_time` FROM `admin_roles` WHERE `admin_roles`.`id` = 1 LIMIT :APL0
[Fri, 14 Jan 22 19:42:23 +0800][INFO] SELECT IF(COUNT(*) > 0, 1, 0) FROM `INFORMATION_SCHEMA`.`TABLES` WHERE `TABLE_NAME` = 'admin_menu' AND `TABLE_SCHEMA` = DATABASE()
[Fri, 14 Jan 22 19:42:23 +0800][INFO] DESCRIBE `admin_menu`
[Fri, 14 Jan 22 19:42:23 +0800][INFO] SELECT `admin_menu`.`id`, `admin_menu`.`name`, `admin_menu`.`pid`, `admin_menu`.`path`, `admin_menu`.`component`, `admin_menu`.`redirect`, `admin_menu`.`status`, `admin_menu`.`alwaysShow`, `admin_menu`.`meta`, `admin_menu`.`create_time`, `admin_menu`.`update_time`, `admin_menu`.`hidden`, `admin_menu`.`order` FROM `admin_menu` WHERE `admin_menu`.`status` = 0 ORDER BY `admin_menu`.`order` ASC
[Fri, 14 Jan 22 19:42:23 +0800][INFO] SELECT IF(COUNT(*) > 0, 1, 0) FROM `INFORMATION_SCHEMA`.`TABLES` WHERE `TABLE_NAME` = 'admin_log' AND `TABLE_SCHEMA` = DATABASE()
[Fri, 14 Jan 22 19:42:23 +0800][INFO] DESCRIBE `admin_log`
[Fri, 14 Jan 22 19:42:23 +0800][INFO] INSERT INTO `admin_log` (`api`, `name`, `time`, `ip`, `uid`, `status`, `info`, `request`, `client`) VALUES (?, ?, ?, ?, ?, ?, ?, ?, ?)
[Fri, 14 Jan 22 19:42:23 +0800][INFO] SELECT IF(COUNT(*) > 0, 1, 0) FROM `INFORMATION_SCHEMA`.`TABLES` WHERE `TABLE_NAME` = 'admin_user' AND `TABLE_SCHEMA` = DATABASE()
[Fri, 14 Jan 22 19:42:23 +0800][INFO] DESCRIBE `admin_user`
[Fri, 14 Jan 22 19:42:23 +0800][INFO] SELECT `admin_user`.`id`, `admin_user`.`roles`, `admin_user`.`username`, `admin_user`.`name`, `admin_user`.`password`, `admin_user`.`avatar`, `admin_user`.`phone`, `admin_user`.`token`, `admin_user`.`create_time`, `admin_user`.`update_time`, `admin_user`.`email` FROM `admin_user` WHERE `admin_user`.`id` = '1' LIMIT :APL0
[Fri, 14 Jan 22 19:42:23 +0800][INFO] SELECT IF(COUNT(*) > 0, 1, 0) FROM `INFORMATION_SCHEMA`.`TABLES` WHERE `TABLE_NAME` = 'admin_log' AND `TABLE_SCHEMA` = DATABASE()
[Fri, 14 Jan 22 19:42:23 +0800][INFO] DESCRIBE `admin_log`
[Fri, 14 Jan 22 19:42:23 +0800][INFO] INSERT INTO `admin_log` (`api`, `name`, `time`, `ip`, `uid`, `status`, `info`, `request`, `client`) VALUES (?, ?, ?, ?, ?, ?, ?, ?, ?)
[Fri, 14 Jan 22 19:42:23 +0800][INFO] SELECT IF(COUNT(*) > 0, 1, 0) FROM `INFORMATION_SCHEMA`.`TABLES` WHERE `TABLE_NAME` = 'admin_user' AND `TABLE_SCHEMA` = DATABASE()
[Fri, 14 Jan 22 19:42:23 +0800][INFO] DESCRIBE `admin_user`
[Fri, 14 Jan 22 19:42:23 +0800][INFO] SELECT `admin_user`.`id`, `admin_user`.`roles`, `admin_user`.`username`, `admin_user`.`name`, `admin_user`.`password`, `admin_user`.`avatar`, `admin_user`.`phone`, `admin_user`.`token`, `admin_user`.`create_time`, `admin_user`.`update_time`, `admin_user`.`email` FROM `admin_user` WHERE `admin_user`.`id` = '1' LIMIT :APL0
[Fri, 14 Jan 22 19:42:25 +0800][INFO] SELECT IF(COUNT(*) > 0, 1, 0) FROM `INFORMATION_SCHEMA`.`TABLES` WHERE `TABLE_NAME` = 'admin_log' AND `TABLE_SCHEMA` = DATABASE()
[Fri, 14 Jan 22 19:42:25 +0800][INFO] DESCRIBE `admin_log`
[Fri, 14 Jan 22 19:42:25 +0800][INFO] INSERT INTO `admin_log` (`api`, `name`, `time`, `ip`, `uid`, `status`, `info`, `request`, `client`) VALUES (?, ?, ?, ?, ?, ?, ?, ?, ?)
[Fri, 14 Jan 22 19:42:25 +0800][INFO] SELECT IF(COUNT(*) > 0, 1, 0) FROM `INFORMATION_SCHEMA`.`TABLES` WHERE `TABLE_NAME` = 'admin_user' AND `TABLE_SCHEMA` = DATABASE()
[Fri, 14 Jan 22 19:42:25 +0800][INFO] DESCRIBE `admin_user`
[Fri, 14 Jan 22 19:42:25 +0800][INFO] SELECT `admin_user`.`id`, `admin_user`.`roles`, `admin_user`.`username`, `admin_user`.`name`, `admin_user`.`password`, `admin_user`.`avatar`, `admin_user`.`phone`, `admin_user`.`token`, `admin_user`.`create_time`, `admin_user`.`update_time`, `admin_user`.`email` FROM `admin_user` WHERE `admin_user`.`id` = '1' LIMIT :APL0
[Fri, 14 Jan 22 19:42:25 +0800][INFO] SELECT IF(COUNT(*) > 0, 1, 0) FROM `INFORMATION_SCHEMA`.`TABLES` WHERE `TABLE_NAME` = 'admin_menu' AND `TABLE_SCHEMA` = DATABASE()
[Fri, 14 Jan 22 19:42:25 +0800][INFO] DESCRIBE `admin_menu`
[Fri, 14 Jan 22 19:42:25 +0800][INFO] SELECT `admin_menu`.`id`, `admin_menu`.`name`, `admin_menu`.`pid`, `admin_menu`.`path`, `admin_menu`.`component`, `admin_menu`.`redirect`, `admin_menu`.`status`, `admin_menu`.`alwaysShow`, `admin_menu`.`meta`, `admin_menu`.`create_time`, `admin_menu`.`update_time`, `admin_menu`.`hidden`, `admin_menu`.`order` FROM `admin_menu` WHERE 1 = 1 AND `admin_menu`.`pid` = 0 ORDER BY `admin_menu`.`order` ASC LIMIT :APL0 OFFSET :APL1
[Fri, 14 Jan 22 19:42:25 +0800][INFO] SELECT COUNT(*) AS `rowcount` FROM `admin_menu` WHERE 1 = 1 AND `admin_menu`.`pid` = 0
[Fri, 14 Jan 22 19:42:30 +0800][INFO] SELECT IF(COUNT(*) > 0, 1, 0) FROM `INFORMATION_SCHEMA`.`TABLES` WHERE `TABLE_NAME` = 'admin_user' AND `TABLE_SCHEMA` = DATABASE()
[Fri, 14 Jan 22 19:42:30 +0800][INFO] DESCRIBE `admin_user`
[Fri, 14 Jan 22 19:42:30 +0800][INFO] SELECT `admin_user`.`id`, `admin_user`.`roles`, `admin_user`.`username`, `admin_user`.`name`, `admin_user`.`password`, `admin_user`.`avatar`, `admin_user`.`phone`, `admin_user`.`token`, `admin_user`.`create_time`, `admin_user`.`update_time`, `admin_user`.`email` FROM `admin_user` WHERE `admin_user`.`id` = '1' LIMIT :APL0
[Fri, 14 Jan 22 19:42:30 +0800][INFO] SELECT `admin_user`.`id` AS `id`, `admin_user`.`name` AS `name` FROM `admin_user`
[Fri, 14 Jan 22 19:42:30 +0800][INFO] SELECT IF(COUNT(*) > 0, 1, 0) FROM `INFORMATION_SCHEMA`.`TABLES` WHERE `TABLE_NAME` = 'admin_log' AND `TABLE_SCHEMA` = DATABASE()
[Fri, 14 Jan 22 19:42:30 +0800][INFO] DESCRIBE `admin_log`
[Fri, 14 Jan 22 19:42:30 +0800][INFO] INSERT INTO `admin_log` (`api`, `name`, `time`, `ip`, `uid`, `status`, `info`, `request`, `client`) VALUES (?, ?, ?, ?, ?, ?, ?, ?, ?)
[Fri, 14 Jan 22 19:42:30 +0800][INFO] SELECT IF(COUNT(*) > 0, 1, 0) FROM `INFORMATION_SCHEMA`.`TABLES` WHERE `TABLE_NAME` = 'admin_user' AND `TABLE_SCHEMA` = DATABASE()
[Fri, 14 Jan 22 19:42:30 +0800][INFO] DESCRIBE `admin_user`
[Fri, 14 Jan 22 19:42:30 +0800][INFO] SELECT `admin_user`.`id`, `admin_user`.`roles`, `admin_user`.`username`, `admin_user`.`name`, `admin_user`.`password`, `admin_user`.`avatar`, `admin_user`.`phone`, `admin_user`.`token`, `admin_user`.`create_time`, `admin_user`.`update_time`, `admin_user`.`email` FROM `admin_user` WHERE `admin_user`.`id` = '1' LIMIT :APL0
[Fri, 14 Jan 22 19:42:30 +0800][INFO] SELECT `admin_log`.`id`, `admin_log`.`api`, `admin_log`.`name`, `admin_log`.`time`, `admin_log`.`ip`, `admin_log`.`uid`, `admin_log`.`status`, `admin_log`.`info`, `admin_log`.`request`, `admin_log`.`client` FROM `admin_log` WHERE 1 = 1 ORDER BY `admin_log`.`time` DESC LIMIT :APL0 OFFSET :APL1
[Fri, 14 Jan 22 19:42:30 +0800][INFO] SELECT `admin_user`.`name` AS `name` FROM `admin_user` WHERE `admin_user`.`id` = 1 LIMIT :APL0
[Fri, 14 Jan 22 19:42:30 +0800][INFO] SELECT `admin_user`.`name` AS `name` FROM `admin_user` WHERE `admin_user`.`id` = 1 LIMIT :APL0
[Fri, 14 Jan 22 19:42:30 +0800][INFO] SELECT `admin_user`.`name` AS `name` FROM `admin_user` WHERE `admin_user`.`id` = 1 LIMIT :APL0
[Fri, 14 Jan 22 19:42:30 +0800][INFO] SELECT `admin_user`.`name` AS `name` FROM `admin_user` WHERE `admin_user`.`id` = 1 LIMIT :APL0
[Fri, 14 Jan 22 19:42:30 +0800][INFO] SELECT `admin_user`.`name` AS `name` FROM `admin_user` WHERE `admin_user`.`id` = 1 LIMIT :APL0
[Fri, 14 Jan 22 19:42:30 +0800][INFO] SELECT `admin_user`.`name` AS `name` FROM `admin_user` WHERE `admin_user`.`id` = 1 LIMIT :APL0
[Fri, 14 Jan 22 19:42:30 +0800][INFO] SELECT `admin_user`.`name` AS `name` FROM `admin_user` WHERE `admin_user`.`id` = 1 LIMIT :APL0
[Fri, 14 Jan 22 19:42:30 +0800][INFO] SELECT `admin_user`.`name` AS `name` FROM `admin_user` WHERE `admin_user`.`id` = 1 LIMIT :APL0
[Fri, 14 Jan 22 19:42:30 +0800][INFO] SELECT `admin_user`.`name` AS `name` FROM `admin_user` WHERE `admin_user`.`id` = 1 LIMIT :APL0
[Fri, 14 Jan 22 19:42:30 +0800][INFO] SELECT `admin_user`.`name` AS `name` FROM `admin_user` WHERE `admin_user`.`id` = 1 LIMIT :APL0
[Fri, 14 Jan 22 19:42:30 +0800][INFO] SELECT COUNT(*) AS `rowcount` FROM `admin_log` WHERE 1 = 1
[Fri, 14 Jan 22 19:42:38 +0800][INFO] SELECT IF(COUNT(*) > 0, 1, 0) FROM `INFORMATION_SCHEMA`.`TABLES` WHERE `TABLE_NAME` = 'admin_log' AND `TABLE_SCHEMA` = DATABASE()
[Fri, 14 Jan 22 19:42:38 +0800][INFO] DESCRIBE `admin_log`
[Fri, 14 Jan 22 19:42:38 +0800][INFO] INSERT INTO `admin_log` (`api`, `name`, `time`, `ip`, `uid`, `status`, `info`, `request`, `client`) VALUES (?, ?, ?, ?, ?, ?, ?, ?, ?)
[Fri, 14 Jan 22 19:42:38 +0800][INFO] SELECT IF(COUNT(*) > 0, 1, 0) FROM `INFORMATION_SCHEMA`.`TABLES` WHERE `TABLE_NAME` = 'admin_user' AND `TABLE_SCHEMA` = DATABASE()
[Fri, 14 Jan 22 19:42:38 +0800][INFO] DESCRIBE `admin_user`
[Fri, 14 Jan 22 19:42:38 +0800][INFO] SELECT `admin_user`.`id`, `admin_user`.`roles`, `admin_user`.`username`, `admin_user`.`name`, `admin_user`.`password`, `admin_user`.`avatar`, `admin_user`.`phone`, `admin_user`.`token`, `admin_user`.`create_time`, `admin_user`.`update_time`, `admin_user`.`email` FROM `admin_user` WHERE `admin_user`.`id` = '1' LIMIT :APL0
[Fri, 14 Jan 22 19:42:38 +0800][INFO] SELECT IF(COUNT(*) > 0, 1, 0) FROM `INFORMATION_SCHEMA`.`TABLES` WHERE `TABLE_NAME` = 'admin_cron' AND `TABLE_SCHEMA` = DATABASE()
[Fri, 14 Jan 22 19:42:38 +0800][INFO] DESCRIBE `admin_cron`
[Fri, 14 Jan 22 19:42:38 +0800][INFO] SELECT `admin_cron`.`id`, `admin_cron`.`name`, `admin_cron`.`class`, `admin_cron`.`function`, `admin_cron`.`begin_time`, `admin_cron`.`end_time`, `admin_cron`.`next_time`, `admin_cron`.`cron`, `admin_cron`.`create_time`, `admin_cron`.`update_time`, `admin_cron`.`status` FROM `admin_cron` WHERE 1 = 1 ORDER BY `admin_cron`.`create_time` DESC LIMIT :APL0 OFFSET :APL1
[Fri, 14 Jan 22 19:42:38 +0800][INFO] SELECT COUNT(*) AS `rowcount` FROM `admin_cron` WHERE 1 = 1
[Fri, 14 Jan 22 19:42:47 +0800][INFO] SELECT IF(COUNT(*) > 0, 1, 0) FROM `INFORMATION_SCHEMA`.`TABLES` WHERE `TABLE_NAME` = 'admin_log' AND `TABLE_SCHEMA` = DATABASE()
[Fri, 14 Jan 22 19:42:47 +0800][INFO] DESCRIBE `admin_log`
[Fri, 14 Jan 22 19:42:47 +0800][INFO] INSERT INTO `admin_log` (`api`, `name`, `time`, `ip`, `uid`, `status`, `info`, `request`, `client`) VALUES (?, ?, ?, ?, ?, ?, ?, ?, ?)
[Fri, 14 Jan 22 19:42:47 +0800][INFO] SELECT IF(COUNT(*) > 0, 1, 0) FROM `INFORMATION_SCHEMA`.`TABLES` WHERE `TABLE_NAME` = 'admin_user' AND `TABLE_SCHEMA` = DATABASE()
[Fri, 14 Jan 22 19:42:47 +0800][INFO] DESCRIBE `admin_user`
[Fri, 14 Jan 22 19:42:47 +0800][INFO] SELECT `admin_user`.`id`, `admin_user`.`roles`, `admin_user`.`username`, `admin_user`.`name`, `admin_user`.`password`, `admin_user`.`avatar`, `admin_user`.`phone`, `admin_user`.`token`, `admin_user`.`create_time`, `admin_user`.`update_time`, `admin_user`.`email` FROM `admin_user` WHERE `admin_user`.`id` = '1' LIMIT :APL0
[Fri, 14 Jan 22 19:42:47 +0800][INFO] SELECT IF(COUNT(*) > 0, 1, 0) FROM `INFORMATION_SCHEMA`.`TABLES` WHERE `TABLE_NAME` = 'admin_menu' AND `TABLE_SCHEMA` = DATABASE()
[Fri, 14 Jan 22 19:42:47 +0800][INFO] DESCRIBE `admin_menu`
[Fri, 14 Jan 22 19:42:47 +0800][INFO] SELECT `admin_menu`.`id`, `admin_menu`.`name`, `admin_menu`.`pid`, `admin_menu`.`path`, `admin_menu`.`component`, `admin_menu`.`redirect`, `admin_menu`.`status`, `admin_menu`.`alwaysShow`, `admin_menu`.`meta`, `admin_menu`.`create_time`, `admin_menu`.`update_time`, `admin_menu`.`hidden`, `admin_menu`.`order` FROM `admin_menu` WHERE 1 = 1 AND `admin_menu`.`pid` = 0 ORDER BY `admin_menu`.`order` ASC LIMIT :APL0 OFFSET :APL1
[Fri, 14 Jan 22 19:42:47 +0800][INFO] SELECT COUNT(*) AS `rowcount` FROM `admin_menu` WHERE 1 = 1 AND `admin_menu`.`pid` = 0
[Fri, 14 Jan 22 19:43:06 +0800][INFO] SELECT IF(COUNT(*) > 0, 1, 0) FROM `INFORMATION_SCHEMA`.`TABLES` WHERE `TABLE_NAME` = 'admin_user' AND `TABLE_SCHEMA` = DATABASE()
[Fri, 14 Jan 22 19:43:06 +0800][INFO] DESCRIBE `admin_user`
[Fri, 14 Jan 22 19:43:06 +0800][INFO] SELECT `admin_user`.`id`, `admin_user`.`roles`, `admin_user`.`username`, `admin_user`.`name`, `admin_user`.`password`, `admin_user`.`avatar`, `admin_user`.`phone`, `admin_user`.`token`, `admin_user`.`create_time`, `admin_user`.`update_time`, `admin_user`.`email` FROM `admin_user` WHERE `admin_user`.`id` = '1' LIMIT :APL0
[Fri, 14 Jan 22 19:43:08 +0800][INFO] SELECT IF(COUNT(*) > 0, 1, 0) FROM `INFORMATION_SCHEMA`.`TABLES` WHERE `TABLE_NAME` = 'admin_log' AND `TABLE_SCHEMA` = DATABASE()
[Fri, 14 Jan 22 19:43:08 +0800][INFO] DESCRIBE `admin_log`
[Fri, 14 Jan 22 19:43:08 +0800][INFO] INSERT INTO `admin_log` (`api`, `name`, `time`, `ip`, `uid`, `status`, `info`, `request`, `client`) VALUES (?, ?, ?, ?, ?, ?, ?, ?, ?)
[Fri, 14 Jan 22 19:43:08 +0800][INFO] SELECT IF(COUNT(*) > 0, 1, 0) FROM `INFORMATION_SCHEMA`.`TABLES` WHERE `TABLE_NAME` = 'admin_user' AND `TABLE_SCHEMA` = DATABASE()
[Fri, 14 Jan 22 19:43:08 +0800][INFO] DESCRIBE `admin_user`
[Fri, 14 Jan 22 19:43:08 +0800][INFO] SELECT `admin_user`.`id`, `admin_user`.`roles`, `admin_user`.`username`, `admin_user`.`name`, `admin_user`.`password`, `admin_user`.`avatar`, `admin_user`.`phone`, `admin_user`.`token`, `admin_user`.`create_time`, `admin_user`.`update_time`, `admin_user`.`email` FROM `admin_user` WHERE `admin_user`.`id` = '1' LIMIT :APL0
[Fri, 14 Jan 22 19:43:08 +0800][INFO] SELECT IF(COUNT(*) > 0, 1, 0) FROM `INFORMATION_SCHEMA`.`TABLES` WHERE `TABLE_NAME` = 'admin_cron' AND `TABLE_SCHEMA` = DATABASE()
[Fri, 14 Jan 22 19:43:08 +0800][INFO] DESCRIBE `admin_cron`
[Fri, 14 Jan 22 19:43:08 +0800][INFO] SELECT `admin_cron`.`id`, `admin_cron`.`name`, `admin_cron`.`class`, `admin_cron`.`function`, `admin_cron`.`begin_time`, `admin_cron`.`end_time`, `admin_cron`.`next_time`, `admin_cron`.`cron`, `admin_cron`.`create_time`, `admin_cron`.`update_time`, `admin_cron`.`status` FROM `admin_cron` WHERE 1 = 1 ORDER BY `admin_cron`.`create_time` DESC LIMIT :APL0 OFFSET :APL1
[Fri, 14 Jan 22 19:43:08 +0800][INFO] SELECT COUNT(*) AS `rowcount` FROM `admin_cron` WHERE 1 = 1
[Fri, 14 Jan 22 19:43:10 +0800][INFO] SELECT IF(COUNT(*) > 0, 1, 0) FROM `INFORMATION_SCHEMA`.`TABLES` WHERE `TABLE_NAME` = 'admin_log' AND `TABLE_SCHEMA` = DATABASE()
[Fri, 14 Jan 22 19:43:10 +0800][INFO] DESCRIBE `admin_log`
[Fri, 14 Jan 22 19:43:10 +0800][INFO] SELECT IF(COUNT(*) > 0, 1, 0) FROM `INFORMATION_SCHEMA`.`TABLES` WHERE `TABLE_NAME` = 'admin_user' AND `TABLE_SCHEMA` = DATABASE()
[Fri, 14 Jan 22 19:43:10 +0800][INFO] DESCRIBE `admin_user`
[Fri, 14 Jan 22 19:43:10 +0800][INFO] SELECT `admin_user`.`id`, `admin_user`.`roles`, `admin_user`.`username`, `admin_user`.`name`, `admin_user`.`password`, `admin_user`.`avatar`, `admin_user`.`phone`, `admin_user`.`token`, `admin_user`.`create_time`, `admin_user`.`update_time`, `admin_user`.`email` FROM `admin_user` WHERE `admin_user`.`id` = '1' LIMIT :APL0
[Fri, 14 Jan 22 19:43:10 +0800][INFO] INSERT INTO `admin_log` (`api`, `name`, `time`, `ip`, `uid`, `status`, `info`, `request`, `client`) VALUES (?, ?, ?, ?, ?, ?, ?, ?, ?)
[Fri, 14 Jan 22 19:43:10 +0800][INFO] SELECT IF(COUNT(*) > 0, 1, 0) FROM `INFORMATION_SCHEMA`.`TABLES` WHERE `TABLE_NAME` = 'admin_user' AND `TABLE_SCHEMA` = DATABASE()
[Fri, 14 Jan 22 19:43:10 +0800][INFO] DESCRIBE `admin_user`
[Fri, 14 Jan 22 19:43:10 +0800][INFO] SELECT `admin_user`.`id`, `admin_user`.`roles`, `admin_user`.`username`, `admin_user`.`name`, `admin_user`.`password`, `admin_user`.`avatar`, `admin_user`.`phone`, `admin_user`.`token`, `admin_user`.`create_time`, `admin_user`.`update_time`, `admin_user`.`email` FROM `admin_user` WHERE `admin_user`.`id` = '1' LIMIT :APL0
[Fri, 14 Jan 22 19:43:10 +0800][INFO] SELECT `admin_user`.`id` AS `id`, `admin_user`.`name` AS `name`, `admin_user`.`roles` AS `roles`, `admin_user`.`phone` AS `phone`, `admin_user`.`email` AS `email`, `admin_user`.`username` AS `username`, `admin_user`.`create_time` AS `create_time` FROM `admin_user` WHERE 1 = 1 LIMIT :APL0 OFFSET :APL1
[Fri, 14 Jan 22 19:43:10 +0800][INFO] SELECT IF(COUNT(*) > 0, 1, 0) FROM `INFORMATION_SCHEMA`.`TABLES` WHERE `TABLE_NAME` = 'admin_roles' AND `TABLE_SCHEMA` = DATABASE()
[Fri, 14 Jan 22 19:43:10 +0800][INFO] DESCRIBE `admin_roles`
[Fri, 14 Jan 22 19:43:10 +0800][INFO] SELECT `admin_roles`.`id`, `admin_roles`.`name`, `admin_roles`.`roles`, `admin_roles`.`desc`, `admin_roles`.`create_time`, `admin_roles`.`update_time` FROM `admin_roles`
[Fri, 14 Jan 22 19:43:10 +0800][INFO] SELECT IF(COUNT(*) > 0, 1, 0) FROM `INFORMATION_SCHEMA`.`TABLES` WHERE `TABLE_NAME` = 'admin_roles' AND `TABLE_SCHEMA` = DATABASE()
[Fri, 14 Jan 22 19:43:10 +0800][INFO] DESCRIBE `admin_roles`
[Fri, 14 Jan 22 19:43:10 +0800][INFO] SELECT `admin_roles`.`id`, `admin_roles`.`name`, `admin_roles`.`roles`, `admin_roles`.`desc`, `admin_roles`.`create_time`, `admin_roles`.`update_time` FROM `admin_roles` WHERE `admin_roles`.`id` = 1 LIMIT :APL0
[Fri, 14 Jan 22 19:43:10 +0800][INFO] SELECT `admin_roles`.`id`, `admin_roles`.`name`, `admin_roles`.`roles`, `admin_roles`.`desc`, `admin_roles`.`create_time`, `admin_roles`.`update_time` FROM `admin_roles` WHERE `admin_roles`.`id` = 3 LIMIT :APL0
[Fri, 14 Jan 22 19:43:10 +0800][INFO] SELECT COUNT(*) AS `rowcount` FROM `admin_user` WHERE 1 = 1
[Fri, 14 Jan 22 19:43:12 +0800][INFO] SELECT IF(COUNT(*) > 0, 1, 0) FROM `INFORMATION_SCHEMA`.`TABLES` WHERE `TABLE_NAME` = 'admin_log' AND `TABLE_SCHEMA` = DATABASE()
[Fri, 14 Jan 22 19:43:12 +0800][INFO] DESCRIBE `admin_log`
[Fri, 14 Jan 22 19:43:12 +0800][INFO] INSERT INTO `admin_log` (`api`, `name`, `time`, `ip`, `uid`, `status`, `info`, `request`, `client`) VALUES (?, ?, ?, ?, ?, ?, ?, ?, ?)
[Fri, 14 Jan 22 19:43:12 +0800][INFO] SELECT IF(COUNT(*) > 0, 1, 0) FROM `INFORMATION_SCHEMA`.`TABLES` WHERE `TABLE_NAME` = 'admin_user' AND `TABLE_SCHEMA` = DATABASE()
[Fri, 14 Jan 22 19:43:12 +0800][INFO] DESCRIBE `admin_user`
[Fri, 14 Jan 22 19:43:12 +0800][INFO] SELECT `admin_user`.`id`, `admin_user`.`roles`, `admin_user`.`username`, `admin_user`.`name`, `admin_user`.`password`, `admin_user`.`avatar`, `admin_user`.`phone`, `admin_user`.`token`, `admin_user`.`create_time`, `admin_user`.`update_time`, `admin_user`.`email` FROM `admin_user` WHERE `admin_user`.`id` = '1' LIMIT :APL0
[Fri, 14 Jan 22 19:43:12 +0800][INFO] SELECT IF(COUNT(*) > 0, 1, 0) FROM `INFORMATION_SCHEMA`.`TABLES` WHERE `TABLE_NAME` = 'admin_user' AND `TABLE_SCHEMA` = DATABASE()
[Fri, 14 Jan 22 19:43:12 +0800][INFO] DESCRIBE `admin_user`
[Fri, 14 Jan 22 19:43:12 +0800][INFO] SELECT `admin_user`.`id`, `admin_user`.`roles`, `admin_user`.`username`, `admin_user`.`name`, `admin_user`.`password`, `admin_user`.`avatar`, `admin_user`.`phone`, `admin_user`.`token`, `admin_user`.`create_time`, `admin_user`.`update_time`, `admin_user`.`email` FROM `admin_user` WHERE `admin_user`.`id` = '1' LIMIT :APL0
[Fri, 14 Jan 22 19:43:12 +0800][INFO] SELECT IF(COUNT(*) > 0, 1, 0) FROM `INFORMATION_SCHEMA`.`TABLES` WHERE `TABLE_NAME` = 'admin_roles' AND `TABLE_SCHEMA` = DATABASE()
[Fri, 14 Jan 22 19:43:12 +0800][INFO] SELECT IF(COUNT(*) > 0, 1, 0) FROM `INFORMATION_SCHEMA`.`TABLES` WHERE `TABLE_NAME` = 'admin_menu' AND `TABLE_SCHEMA` = DATABASE()
[Fri, 14 Jan 22 19:43:12 +0800][INFO] DESCRIBE `admin_menu`
[Fri, 14 Jan 22 19:43:12 +0800][INFO] SELECT `admin_menu`.`id`, `admin_menu`.`name`, `admin_menu`.`pid`, `admin_menu`.`path`, `admin_menu`.`component`, `admin_menu`.`redirect`, `admin_menu`.`status`, `admin_menu`.`alwaysShow`, `admin_menu`.`meta`, `admin_menu`.`create_time`, `admin_menu`.`update_time`, `admin_menu`.`hidden`, `admin_menu`.`order` FROM `admin_menu` WHERE `admin_menu`.`status` = 0 ORDER BY `admin_menu`.`order` ASC
[Fri, 14 Jan 22 19:43:12 +0800][INFO] DESCRIBE `admin_roles`
[Fri, 14 Jan 22 19:43:12 +0800][INFO] SELECT `admin_roles`.`id`, `admin_roles`.`name`, `admin_roles`.`roles`, `admin_roles`.`desc`, `admin_roles`.`create_time`, `admin_roles`.`update_time` FROM `admin_roles` LIMIT :APL0 OFFSET :APL1
[Fri, 14 Jan 22 19:43:12 +0800][INFO] SELECT IF(COUNT(*) > 0, 1, 0) FROM `INFORMATION_SCHEMA`.`TABLES` WHERE `TABLE_NAME` = 'admin_menu' AND `TABLE_SCHEMA` = DATABASE()
[Fri, 14 Jan 22 19:43:12 +0800][INFO] DESCRIBE `admin_menu`
[Fri, 14 Jan 22 19:43:12 +0800][INFO] SELECT `admin_menu`.`id`, `admin_menu`.`name`, `admin_menu`.`pid`, `admin_menu`.`path`, `admin_menu`.`component`, `admin_menu`.`redirect`, `admin_menu`.`status`, `admin_menu`.`alwaysShow`, `admin_menu`.`meta`, `admin_menu`.`create_time`, `admin_menu`.`update_time`, `admin_menu`.`hidden`, `admin_menu`.`order` FROM `admin_menu`
[Fri, 14 Jan 22 19:43:12 +0800][INFO] SELECT IF(COUNT(*) > 0, 1, 0) FROM `INFORMATION_SCHEMA`.`TABLES` WHERE `TABLE_NAME` = 'admin_permissions' AND `TABLE_SCHEMA` = DATABASE()
[Fri, 14 Jan 22 19:43:12 +0800][INFO] DESCRIBE `admin_permissions`
[Fri, 14 Jan 22 19:43:12 +0800][INFO] SELECT `admin_permissions`.`role_id`, `admin_permissions`.`permissions` FROM `admin_permissions` WHERE `admin_permissions`.`role_id` = '3'
[Fri, 14 Jan 22 19:43:12 +0800][INFO] SELECT `admin_menu`.`id`, `admin_menu`.`name`, `admin_menu`.`pid`, `admin_menu`.`path`, `admin_menu`.`component`, `admin_menu`.`redirect`, `admin_menu`.`status`, `admin_menu`.`alwaysShow`, `admin_menu`.`meta`, `admin_menu`.`create_time`, `admin_menu`.`update_time`, `admin_menu`.`hidden`, `admin_menu`.`order` FROM `admin_menu` WHERE `admin_menu`.`id` IN ('47', '48', '49', '3', '4', '5')
[Fri, 14 Jan 22 19:43:14 +0800][INFO] SELECT IF(COUNT(*) > 0, 1, 0) FROM `INFORMATION_SCHEMA`.`TABLES` WHERE `TABLE_NAME` = 'admin_log' AND `TABLE_SCHEMA` = DATABASE()
[Fri, 14 Jan 22 19:43:14 +0800][INFO] DESCRIBE `admin_log`
[Fri, 14 Jan 22 19:43:14 +0800][INFO] INSERT INTO `admin_log` (`api`, `name`, `time`, `ip`, `uid`, `status`, `info`, `request`, `client`) VALUES (?, ?, ?, ?, ?, ?, ?, ?, ?)
[Fri, 14 Jan 22 19:43:14 +0800][INFO] SELECT IF(COUNT(*) > 0, 1, 0) FROM `INFORMATION_SCHEMA`.`TABLES` WHERE `TABLE_NAME` = 'admin_user' AND `TABLE_SCHEMA` = DATABASE()
[Fri, 14 Jan 22 19:43:14 +0800][INFO] DESCRIBE `admin_user`
[Fri, 14 Jan 22 19:43:14 +0800][INFO] SELECT `admin_user`.`id`, `admin_user`.`roles`, `admin_user`.`username`, `admin_user`.`name`, `admin_user`.`password`, `admin_user`.`avatar`, `admin_user`.`phone`, `admin_user`.`token`, `admin_user`.`create_time`, `admin_user`.`update_time`, `admin_user`.`email` FROM `admin_user` WHERE `admin_user`.`id` = '1' LIMIT :APL0
[Fri, 14 Jan 22 19:43:16 +0800][INFO] SELECT IF(COUNT(*) > 0, 1, 0) FROM `INFORMATION_SCHEMA`.`TABLES` WHERE `TABLE_NAME` = 'admin_log' AND `TABLE_SCHEMA` = DATABASE()
[Fri, 14 Jan 22 19:43:16 +0800][INFO] DESCRIBE `admin_log`
[Fri, 14 Jan 22 19:43:16 +0800][INFO] INSERT INTO `admin_log` (`api`, `name`, `time`, `ip`, `uid`, `status`, `info`, `request`, `client`) VALUES (?, ?, ?, ?, ?, ?, ?, ?, ?)
[Fri, 14 Jan 22 19:43:16 +0800][INFO] SELECT IF(COUNT(*) > 0, 1, 0) FROM `INFORMATION_SCHEMA`.`TABLES` WHERE `TABLE_NAME` = 'admin_user' AND `TABLE_SCHEMA` = DATABASE()
[Fri, 14 Jan 22 19:43:16 +0800][INFO] DESCRIBE `admin_user`
[Fri, 14 Jan 22 19:43:16 +0800][INFO] SELECT `admin_user`.`id`, `admin_user`.`roles`, `admin_user`.`username`, `admin_user`.`name`, `admin_user`.`password`, `admin_user`.`avatar`, `admin_user`.`phone`, `admin_user`.`token`, `admin_user`.`create_time`, `admin_user`.`update_time`, `admin_user`.`email` FROM `admin_user` WHERE `admin_user`.`id` = '1' LIMIT :APL0
[Fri, 14 Jan 22 19:43:18 +0800][INFO] SELECT IF(COUNT(*) > 0, 1, 0) FROM `INFORMATION_SCHEMA`.`TABLES` WHERE `TABLE_NAME` = 'admin_log' AND `TABLE_SCHEMA` = DATABASE()
[Fri, 14 Jan 22 19:43:18 +0800][INFO] DESCRIBE `admin_log`
[Fri, 14 Jan 22 19:43:18 +0800][INFO] SELECT IF(COUNT(*) > 0, 1, 0) FROM `INFORMATION_SCHEMA`.`TABLES` WHERE `TABLE_NAME` = 'admin_log' AND `TABLE_SCHEMA` = DATABASE()
[Fri, 14 Jan 22 19:43:18 +0800][INFO] DESCRIBE `admin_log`
[Fri, 14 Jan 22 19:43:18 +0800][INFO] INSERT INTO `admin_log` (`api`, `name`, `time`, `ip`, `uid`, `status`, `info`, `request`, `client`) VALUES (?, ?, ?, ?, ?, ?, ?, ?, ?)
[Fri, 14 Jan 22 19:43:18 +0800][INFO] INSERT INTO `admin_log` (`api`, `name`, `time`, `ip`, `uid`, `status`, `info`, `request`, `client`) VALUES (?, ?, ?, ?, ?, ?, ?, ?, ?)
[Fri, 14 Jan 22 19:43:18 +0800][INFO] SELECT IF(COUNT(*) > 0, 1, 0) FROM `INFORMATION_SCHEMA`.`TABLES` WHERE `TABLE_NAME` = 'admin_user' AND `TABLE_SCHEMA` = DATABASE()
[Fri, 14 Jan 22 19:43:18 +0800][INFO] SELECT IF(COUNT(*) > 0, 1, 0) FROM `INFORMATION_SCHEMA`.`TABLES` WHERE `TABLE_NAME` = 'admin_user' AND `TABLE_SCHEMA` = DATABASE()
[Fri, 14 Jan 22 19:43:18 +0800][INFO] DESCRIBE `admin_user`
[Fri, 14 Jan 22 19:43:18 +0800][INFO] DESCRIBE `admin_user`
[Fri, 14 Jan 22 19:43:18 +0800][INFO] SELECT `admin_user`.`id`, `admin_user`.`roles`, `admin_user`.`username`, `admin_user`.`name`, `admin_user`.`password`, `admin_user`.`avatar`, `admin_user`.`phone`, `admin_user`.`token`, `admin_user`.`create_time`, `admin_user`.`update_time`, `admin_user`.`email` FROM `admin_user` WHERE `admin_user`.`id` = '1' LIMIT :APL0
[Fri, 14 Jan 22 19:43:18 +0800][INFO] SELECT `admin_user`.`id`, `admin_user`.`roles`, `admin_user`.`username`, `admin_user`.`name`, `admin_user`.`password`, `admin_user`.`avatar`, `admin_user`.`phone`, `admin_user`.`token`, `admin_user`.`create_time`, `admin_user`.`update_time`, `admin_user`.`email` FROM `admin_user` WHERE `admin_user`.`id` = '1' LIMIT :APL0
