[2022-01-26 09:44:39]
array (
  'request' => 
  array (
    '_url' => '/api/common/getSystem',
  ),
  'header' => 
  array (
    'Accept-Language' => 'zh-CN,zh;q=0.9',
    'Accept-Encoding' => 'gzip, deflate',
    'Referer' => 'http://192.168.13.34:9528/',
    'Origin' => 'http://192.168.13.34:9528',
    'User-Agent' => 'Mozilla/5.0 (Windows NT 10.0; Win64; x64) AppleWebKit/537.36 (KHTML, like Gecko) Chrome/97.0.4692.99 Safari/537.36',
    'Accept' => 'application/json, text/plain, */*',
    'Connection' => 'keep-alive',
    'Host' => '192.168.13.209:8082',
  ),
)
[2022-01-26 09:44:43]
array (
  'request' => 
  array (
    '_url' => '/api/log/list',
    'page' => '1',
    'limit' => '10',
    'time' => '',
    'keyword' => '',
  ),
  'header' => 
  array (
    'Accept-Language' => 'zh-CN,zh;q=0.9',
    'Accept-Encoding' => 'gzip, deflate',
    'Referer' => 'http://localhost:9528/',
    'Origin' => 'http://localhost:9528',
    'Token' => 'eyJhbGciOiJIUzI1NiIsInR5cCI6IkpXVCJ9.eyJ1aWQiOiIxIiwiaXNzIjoiaW1faHR0cCIsImlhdCI6MTY0MzA5OTM1MiwiZXhwIjoxNjQzMDk5OTUyLCJuYmYiOjE2NDMwOTkzNTIsInN1YiI6ImdhbWUuY29tIiwianRpIjoiNzRkMTg3MjUxM2M5ZDQ2OTlkNzRhMjNlODFjODk3NWUifQ.MolgkidTFXt0KmkSRxg2DnAbbFAZnS-luD1HvwObWPs',
    'User-Agent' => 'Mozilla/5.0 (Windows NT 10.0; Win64; x64) AppleWebKit/537.36 (KHTML, like Gecko) Chrome/97.0.4692.99 Safari/537.36',
    'Accept' => 'application/json, text/plain, */*',
    'Connection' => 'keep-alive',
    'Host' => '192.168.13.209:8082',
  ),
)
[2022-01-26 09:44:43]
array (
  'request' => 
  array (
    '_url' => '/api/user/getUserAll',
  ),
  'header' => 
  array (
    'Accept-Language' => 'zh-CN,zh;q=0.9',
    'Accept-Encoding' => 'gzip, deflate',
    'Referer' => 'http://localhost:9528/',
    'Origin' => 'http://localhost:9528',
    'Token' => 'eyJhbGciOiJIUzI1NiIsInR5cCI6IkpXVCJ9.eyJ1aWQiOiIxIiwiaXNzIjoiaW1faHR0cCIsImlhdCI6MTY0MzA5OTM1MiwiZXhwIjoxNjQzMDk5OTUyLCJuYmYiOjE2NDMwOTkzNTIsInN1YiI6ImdhbWUuY29tIiwianRpIjoiNzRkMTg3MjUxM2M5ZDQ2OTlkNzRhMjNlODFjODk3NWUifQ.MolgkidTFXt0KmkSRxg2DnAbbFAZnS-luD1HvwObWPs',
    'User-Agent' => 'Mozilla/5.0 (Windows NT 10.0; Win64; x64) AppleWebKit/537.36 (KHTML, like Gecko) Chrome/97.0.4692.99 Safari/537.36',
    'Accept' => 'application/json, text/plain, */*',
    'Connection' => 'keep-alive',
    'Host' => '192.168.13.209:8082',
  ),
)
[2022-01-26 09:44:43]
array (
  'request' => 
  array (
    '_url' => '/api/system/getadmin',
  ),
  'header' => 
  array (
    'Accept-Language' => 'zh-CN,zh;q=0.9',
    'Accept-Encoding' => 'gzip, deflate',
    'Referer' => 'http://localhost:9528/',
    'Origin' => 'http://localhost:9528',
    'Token' => 'eyJhbGciOiJIUzI1NiIsInR5cCI6IkpXVCJ9.eyJ1aWQiOiIxIiwiaXNzIjoiaW1faHR0cCIsImlhdCI6MTY0MzA5OTM1MiwiZXhwIjoxNjQzMDk5OTUyLCJuYmYiOjE2NDMwOTkzNTIsInN1YiI6ImdhbWUuY29tIiwianRpIjoiNzRkMTg3MjUxM2M5ZDQ2OTlkNzRhMjNlODFjODk3NWUifQ.MolgkidTFXt0KmkSRxg2DnAbbFAZnS-luD1HvwObWPs',
    'User-Agent' => 'Mozilla/5.0 (Windows NT 10.0; Win64; x64) AppleWebKit/537.36 (KHTML, like Gecko) Chrome/97.0.4692.99 Safari/537.36',
    'Accept' => 'application/json, text/plain, */*',
    'Connection' => 'keep-alive',
    'Host' => '192.168.13.209:8082',
  ),
)
[2022-01-26 09:44:44]
array (
  'request' => 
  array (
    '_url' => '/api/cron/list',
    'page' => '1',
    'limit' => '10',
  ),
  'header' => 
  array (
    'Accept-Language' => 'zh-CN,zh;q=0.9',
    'Accept-Encoding' => 'gzip, deflate',
    'Referer' => 'http://localhost:9528/',
    'Origin' => 'http://localhost:9528',
    'Token' => 'eyJhbGciOiJIUzI1NiIsInR5cCI6IkpXVCJ9.eyJ1aWQiOiIxIiwiaXNzIjoiaW1faHR0cCIsImlhdCI6MTY0MzA5OTM1MiwiZXhwIjoxNjQzMDk5OTUyLCJuYmYiOjE2NDMwOTkzNTIsInN1YiI6ImdhbWUuY29tIiwianRpIjoiNzRkMTg3MjUxM2M5ZDQ2OTlkNzRhMjNlODFjODk3NWUifQ.MolgkidTFXt0KmkSRxg2DnAbbFAZnS-luD1HvwObWPs',
    'User-Agent' => 'Mozilla/5.0 (Windows NT 10.0; Win64; x64) AppleWebKit/537.36 (KHTML, like Gecko) Chrome/97.0.4692.99 Safari/537.36',
    'Accept' => 'application/json, text/plain, */*',
    'Connection' => 'keep-alive',
    'Host' => '192.168.13.209:8082',
  ),
)
[2022-01-26 09:44:45]
array (
  'request' => 
  array (
    '_url' => '/api/system/getadmin',
  ),
  'header' => 
  array (
    'Accept-Language' => 'zh-CN,zh;q=0.9',
    'Accept-Encoding' => 'gzip, deflate',
    'Referer' => 'http://localhost:9528/',
    'Origin' => 'http://localhost:9528',
    'Token' => 'eyJhbGciOiJIUzI1NiIsInR5cCI6IkpXVCJ9.eyJ1aWQiOiIxIiwiaXNzIjoiaW1faHR0cCIsImlhdCI6MTY0MzA5OTM1MiwiZXhwIjoxNjQzMDk5OTUyLCJuYmYiOjE2NDMwOTkzNTIsInN1YiI6ImdhbWUuY29tIiwianRpIjoiNzRkMTg3MjUxM2M5ZDQ2OTlkNzRhMjNlODFjODk3NWUifQ.MolgkidTFXt0KmkSRxg2DnAbbFAZnS-luD1HvwObWPs',
    'User-Agent' => 'Mozilla/5.0 (Windows NT 10.0; Win64; x64) AppleWebKit/537.36 (KHTML, like Gecko) Chrome/97.0.4692.99 Safari/537.36',
    'Accept' => 'application/json, text/plain, */*',
    'Connection' => 'keep-alive',
    'Host' => '192.168.13.209:8082',
  ),
)
[2022-01-26 09:44:47]
array (
  'request' => 
  array (
    '_url' => '/api/log/list',
    'page' => '1',
    'limit' => '10',
    'time' => '',
    'keyword' => '',
  ),
  'header' => 
  array (
    'Accept-Language' => 'zh-CN,zh;q=0.9',
    'Accept-Encoding' => 'gzip, deflate',
    'Referer' => 'http://localhost:9528/',
    'Origin' => 'http://localhost:9528',
    'Token' => 'eyJhbGciOiJIUzI1NiIsInR5cCI6IkpXVCJ9.eyJ1aWQiOiIxIiwiaXNzIjoiaW1faHR0cCIsImlhdCI6MTY0MzA5OTM1MiwiZXhwIjoxNjQzMDk5OTUyLCJuYmYiOjE2NDMwOTkzNTIsInN1YiI6ImdhbWUuY29tIiwianRpIjoiNzRkMTg3MjUxM2M5ZDQ2OTlkNzRhMjNlODFjODk3NWUifQ.MolgkidTFXt0KmkSRxg2DnAbbFAZnS-luD1HvwObWPs',
    'User-Agent' => 'Mozilla/5.0 (Windows NT 10.0; Win64; x64) AppleWebKit/537.36 (KHTML, like Gecko) Chrome/97.0.4692.99 Safari/537.36',
    'Accept' => 'application/json, text/plain, */*',
    'Connection' => 'keep-alive',
    'Host' => '192.168.13.209:8082',
  ),
)
[2022-01-26 09:44:47]
array (
  'request' => 
  array (
    '_url' => '/api/user/getUserAll',
  ),
  'header' => 
  array (
    'Accept-Language' => 'zh-CN,zh;q=0.9',
    'Accept-Encoding' => 'gzip, deflate',
    'Referer' => 'http://localhost:9528/',
    'Origin' => 'http://localhost:9528',
    'Token' => 'eyJhbGciOiJIUzI1NiIsInR5cCI6IkpXVCJ9.eyJ1aWQiOiIxIiwiaXNzIjoiaW1faHR0cCIsImlhdCI6MTY0MzA5OTM1MiwiZXhwIjoxNjQzMDk5OTUyLCJuYmYiOjE2NDMwOTkzNTIsInN1YiI6ImdhbWUuY29tIiwianRpIjoiNzRkMTg3MjUxM2M5ZDQ2OTlkNzRhMjNlODFjODk3NWUifQ.MolgkidTFXt0KmkSRxg2DnAbbFAZnS-luD1HvwObWPs',
    'User-Agent' => 'Mozilla/5.0 (Windows NT 10.0; Win64; x64) AppleWebKit/537.36 (KHTML, like Gecko) Chrome/97.0.4692.99 Safari/537.36',
    'Accept' => 'application/json, text/plain, */*',
    'Connection' => 'keep-alive',
    'Host' => '192.168.13.209:8082',
  ),
)
[2022-01-26 09:44:49]
array (
  'request' => 
  array (
    '_url' => '/api/cron/list',
    'page' => '1',
    'limit' => '10',
  ),
  'header' => 
  array (
    'Accept-Language' => 'zh-CN,zh;q=0.9',
    'Accept-Encoding' => 'gzip, deflate',
    'Referer' => 'http://localhost:9528/',
    'Origin' => 'http://localhost:9528',
    'Token' => 'eyJhbGciOiJIUzI1NiIsInR5cCI6IkpXVCJ9.eyJ1aWQiOiIxIiwiaXNzIjoiaW1faHR0cCIsImlhdCI6MTY0MzA5OTM1MiwiZXhwIjoxNjQzMDk5OTUyLCJuYmYiOjE2NDMwOTkzNTIsInN1YiI6ImdhbWUuY29tIiwianRpIjoiNzRkMTg3MjUxM2M5ZDQ2OTlkNzRhMjNlODFjODk3NWUifQ.MolgkidTFXt0KmkSRxg2DnAbbFAZnS-luD1HvwObWPs',
    'User-Agent' => 'Mozilla/5.0 (Windows NT 10.0; Win64; x64) AppleWebKit/537.36 (KHTML, like Gecko) Chrome/97.0.4692.99 Safari/537.36',
    'Accept' => 'application/json, text/plain, */*',
    'Connection' => 'keep-alive',
    'Host' => '192.168.13.209:8082',
  ),
)
[2022-01-26 09:44:50]
array (
  'request' => 
  array (
    '_url' => '/api/cron/getCronLog',
    'page' => '1',
    'limit' => '10',
    'id' => '7',
  ),
  'header' => 
  array (
    'Accept-Language' => 'zh-CN,zh;q=0.9',
    'Accept-Encoding' => 'gzip, deflate',
    'Referer' => 'http://localhost:9528/',
    'Origin' => 'http://localhost:9528',
    'Token' => 'eyJhbGciOiJIUzI1NiIsInR5cCI6IkpXVCJ9.eyJ1aWQiOiIxIiwiaXNzIjoiaW1faHR0cCIsImlhdCI6MTY0MzA5OTM1MiwiZXhwIjoxNjQzMDk5OTUyLCJuYmYiOjE2NDMwOTkzNTIsInN1YiI6ImdhbWUuY29tIiwianRpIjoiNzRkMTg3MjUxM2M5ZDQ2OTlkNzRhMjNlODFjODk3NWUifQ.MolgkidTFXt0KmkSRxg2DnAbbFAZnS-luD1HvwObWPs',
    'User-Agent' => 'Mozilla/5.0 (Windows NT 10.0; Win64; x64) AppleWebKit/537.36 (KHTML, like Gecko) Chrome/97.0.4692.99 Safari/537.36',
    'Accept' => 'application/json, text/plain, */*',
    'Connection' => 'keep-alive',
    'Host' => '192.168.13.209:8082',
  ),
)
[2022-01-26 09:44:56]
array (
  'request' => 
  array (
    '_url' => '/api/cron/getCronLog',
    'page' => '1',
    'limit' => '10',
    'id' => '8',
  ),
  'header' => 
  array (
    'Accept-Language' => 'zh-CN,zh;q=0.9',
    'Accept-Encoding' => 'gzip, deflate',
    'Referer' => 'http://localhost:9528/',
    'Origin' => 'http://localhost:9528',
    'Token' => 'eyJhbGciOiJIUzI1NiIsInR5cCI6IkpXVCJ9.eyJ1aWQiOiIxIiwiaXNzIjoiaW1faHR0cCIsImlhdCI6MTY0MzA5OTM1MiwiZXhwIjoxNjQzMDk5OTUyLCJuYmYiOjE2NDMwOTkzNTIsInN1YiI6ImdhbWUuY29tIiwianRpIjoiNzRkMTg3MjUxM2M5ZDQ2OTlkNzRhMjNlODFjODk3NWUifQ.MolgkidTFXt0KmkSRxg2DnAbbFAZnS-luD1HvwObWPs',
    'User-Agent' => 'Mozilla/5.0 (Windows NT 10.0; Win64; x64) AppleWebKit/537.36 (KHTML, like Gecko) Chrome/97.0.4692.99 Safari/537.36',
    'Accept' => 'application/json, text/plain, */*',
    'Connection' => 'keep-alive',
    'Host' => '192.168.13.209:8082',
  ),
)
[2022-01-26 09:44:59]
array (
  'request' => 
  array (
    '_url' => '/api/cron/getCronLog',
    'page' => '2',
    'limit' => '10',
    'id' => '8',
  ),
  'header' => 
  array (
    'Accept-Language' => 'zh-CN,zh;q=0.9',
    'Accept-Encoding' => 'gzip, deflate',
    'Referer' => 'http://localhost:9528/',
    'Origin' => 'http://localhost:9528',
    'Token' => 'eyJhbGciOiJIUzI1NiIsInR5cCI6IkpXVCJ9.eyJ1aWQiOiIxIiwiaXNzIjoiaW1faHR0cCIsImlhdCI6MTY0MzA5OTM1MiwiZXhwIjoxNjQzMDk5OTUyLCJuYmYiOjE2NDMwOTkzNTIsInN1YiI6ImdhbWUuY29tIiwianRpIjoiNzRkMTg3MjUxM2M5ZDQ2OTlkNzRhMjNlODFjODk3NWUifQ.MolgkidTFXt0KmkSRxg2DnAbbFAZnS-luD1HvwObWPs',
    'User-Agent' => 'Mozilla/5.0 (Windows NT 10.0; Win64; x64) AppleWebKit/537.36 (KHTML, like Gecko) Chrome/97.0.4692.99 Safari/537.36',
    'Accept' => 'application/json, text/plain, */*',
    'Connection' => 'keep-alive',
    'Host' => '192.168.13.209:8082',
  ),
)
[2022-01-26 09:45:00]
array (
  'request' => 
  array (
    '_url' => '/api/cron/getCronLog',
    'page' => '4',
    'limit' => '10',
    'id' => '8',
  ),
  'header' => 
  array (
    'Accept-Language' => 'zh-CN,zh;q=0.9',
    'Accept-Encoding' => 'gzip, deflate',
    'Referer' => 'http://localhost:9528/',
    'Origin' => 'http://localhost:9528',
    'Token' => 'eyJhbGciOiJIUzI1NiIsInR5cCI6IkpXVCJ9.eyJ1aWQiOiIxIiwiaXNzIjoiaW1faHR0cCIsImlhdCI6MTY0MzA5OTM1MiwiZXhwIjoxNjQzMDk5OTUyLCJuYmYiOjE2NDMwOTkzNTIsInN1YiI6ImdhbWUuY29tIiwianRpIjoiNzRkMTg3MjUxM2M5ZDQ2OTlkNzRhMjNlODFjODk3NWUifQ.MolgkidTFXt0KmkSRxg2DnAbbFAZnS-luD1HvwObWPs',
    'User-Agent' => 'Mozilla/5.0 (Windows NT 10.0; Win64; x64) AppleWebKit/537.36 (KHTML, like Gecko) Chrome/97.0.4692.99 Safari/537.36',
    'Accept' => 'application/json, text/plain, */*',
    'Connection' => 'keep-alive',
    'Host' => '192.168.13.209:8082',
  ),
)
[2022-01-26 09:45:01]
array (
  'request' => 
  array (
    '_url' => '/api/cron/getCronLog',
    'page' => '5',
    'limit' => '10',
    'id' => '8',
  ),
  'header' => 
  array (
    'Accept-Language' => 'zh-CN,zh;q=0.9',
    'Accept-Encoding' => 'gzip, deflate',
    'Referer' => 'http://localhost:9528/',
    'Origin' => 'http://localhost:9528',
    'Token' => 'eyJhbGciOiJIUzI1NiIsInR5cCI6IkpXVCJ9.eyJ1aWQiOiIxIiwiaXNzIjoiaW1faHR0cCIsImlhdCI6MTY0MzA5OTM1MiwiZXhwIjoxNjQzMDk5OTUyLCJuYmYiOjE2NDMwOTkzNTIsInN1YiI6ImdhbWUuY29tIiwianRpIjoiNzRkMTg3MjUxM2M5ZDQ2OTlkNzRhMjNlODFjODk3NWUifQ.MolgkidTFXt0KmkSRxg2DnAbbFAZnS-luD1HvwObWPs',
    'User-Agent' => 'Mozilla/5.0 (Windows NT 10.0; Win64; x64) AppleWebKit/537.36 (KHTML, like Gecko) Chrome/97.0.4692.99 Safari/537.36',
    'Accept' => 'application/json, text/plain, */*',
    'Connection' => 'keep-alive',
    'Host' => '192.168.13.209:8082',
  ),
)
[2022-01-26 09:45:04]
array (
  'request' => 
  array (
    '_url' => '/api/cron/getCronLog',
    'page' => '4',
    'limit' => '10',
    'id' => '8',
  ),
  'header' => 
  array (
    'Accept-Language' => 'zh-CN,zh;q=0.9',
    'Accept-Encoding' => 'gzip, deflate',
    'Referer' => 'http://localhost:9528/',
    'Origin' => 'http://localhost:9528',
    'Token' => 'eyJhbGciOiJIUzI1NiIsInR5cCI6IkpXVCJ9.eyJ1aWQiOiIxIiwiaXNzIjoiaW1faHR0cCIsImlhdCI6MTY0MzA5OTM1MiwiZXhwIjoxNjQzMDk5OTUyLCJuYmYiOjE2NDMwOTkzNTIsInN1YiI6ImdhbWUuY29tIiwianRpIjoiNzRkMTg3MjUxM2M5ZDQ2OTlkNzRhMjNlODFjODk3NWUifQ.MolgkidTFXt0KmkSRxg2DnAbbFAZnS-luD1HvwObWPs',
    'User-Agent' => 'Mozilla/5.0 (Windows NT 10.0; Win64; x64) AppleWebKit/537.36 (KHTML, like Gecko) Chrome/97.0.4692.99 Safari/537.36',
    'Accept' => 'application/json, text/plain, */*',
    'Connection' => 'keep-alive',
    'Host' => '192.168.13.209:8082',
  ),
)
[2022-01-26 09:45:07]
array (
  'request' => 
  array (
    '_url' => '/api/cron/getCronLog',
    'page' => '3',
    'limit' => '10',
    'id' => '8',
  ),
  'header' => 
  array (
    'Accept-Language' => 'zh-CN,zh;q=0.9',
    'Accept-Encoding' => 'gzip, deflate',
    'Referer' => 'http://localhost:9528/',
    'Origin' => 'http://localhost:9528',
    'Token' => 'eyJhbGciOiJIUzI1NiIsInR5cCI6IkpXVCJ9.eyJ1aWQiOiIxIiwiaXNzIjoiaW1faHR0cCIsImlhdCI6MTY0MzA5OTM1MiwiZXhwIjoxNjQzMDk5OTUyLCJuYmYiOjE2NDMwOTkzNTIsInN1YiI6ImdhbWUuY29tIiwianRpIjoiNzRkMTg3MjUxM2M5ZDQ2OTlkNzRhMjNlODFjODk3NWUifQ.MolgkidTFXt0KmkSRxg2DnAbbFAZnS-luD1HvwObWPs',
    'User-Agent' => 'Mozilla/5.0 (Windows NT 10.0; Win64; x64) AppleWebKit/537.36 (KHTML, like Gecko) Chrome/97.0.4692.99 Safari/537.36',
    'Accept' => 'application/json, text/plain, */*',
    'Connection' => 'keep-alive',
    'Host' => '192.168.13.209:8082',
  ),
)
[2022-01-26 09:45:12]
array (
  'request' => 
  array (
    '_url' => '/api/cron/getCronLog',
    'page' => '4',
    'limit' => '10',
    'id' => '8',
  ),
  'header' => 
  array (
    'Accept-Language' => 'zh-CN,zh;q=0.9',
    'Accept-Encoding' => 'gzip, deflate',
    'Referer' => 'http://localhost:9528/',
    'Origin' => 'http://localhost:9528',
    'Token' => 'eyJhbGciOiJIUzI1NiIsInR5cCI6IkpXVCJ9.eyJ1aWQiOiIxIiwiaXNzIjoiaW1faHR0cCIsImlhdCI6MTY0MzA5OTM1MiwiZXhwIjoxNjQzMDk5OTUyLCJuYmYiOjE2NDMwOTkzNTIsInN1YiI6ImdhbWUuY29tIiwianRpIjoiNzRkMTg3MjUxM2M5ZDQ2OTlkNzRhMjNlODFjODk3NWUifQ.MolgkidTFXt0KmkSRxg2DnAbbFAZnS-luD1HvwObWPs',
    'User-Agent' => 'Mozilla/5.0 (Windows NT 10.0; Win64; x64) AppleWebKit/537.36 (KHTML, like Gecko) Chrome/97.0.4692.99 Safari/537.36',
    'Accept' => 'application/json, text/plain, */*',
    'Connection' => 'keep-alive',
    'Host' => '192.168.13.209:8082',
  ),
)
[2022-01-26 09:45:14]
array (
  'request' => 
  array (
    '_url' => '/api/cron/getCronLog',
    'page' => '5',
    'limit' => '10',
    'id' => '8',
  ),
  'header' => 
  array (
    'Accept-Language' => 'zh-CN,zh;q=0.9',
    'Accept-Encoding' => 'gzip, deflate',
    'Referer' => 'http://localhost:9528/',
    'Origin' => 'http://localhost:9528',
    'Token' => 'eyJhbGciOiJIUzI1NiIsInR5cCI6IkpXVCJ9.eyJ1aWQiOiIxIiwiaXNzIjoiaW1faHR0cCIsImlhdCI6MTY0MzA5OTM1MiwiZXhwIjoxNjQzMDk5OTUyLCJuYmYiOjE2NDMwOTkzNTIsInN1YiI6ImdhbWUuY29tIiwianRpIjoiNzRkMTg3MjUxM2M5ZDQ2OTlkNzRhMjNlODFjODk3NWUifQ.MolgkidTFXt0KmkSRxg2DnAbbFAZnS-luD1HvwObWPs',
    'User-Agent' => 'Mozilla/5.0 (Windows NT 10.0; Win64; x64) AppleWebKit/537.36 (KHTML, like Gecko) Chrome/97.0.4692.99 Safari/537.36',
    'Accept' => 'application/json, text/plain, */*',
    'Connection' => 'keep-alive',
    'Host' => '192.168.13.209:8082',
  ),
)
[2022-01-26 09:45:18]
array (
  'request' => 
  array (
    '_url' => '/api/cron/getCronLog',
    'page' => '4',
    'limit' => '10',
    'id' => '8',
  ),
  'header' => 
  array (
    'Accept-Language' => 'zh-CN,zh;q=0.9',
    'Accept-Encoding' => 'gzip, deflate',
    'Referer' => 'http://localhost:9528/',
    'Origin' => 'http://localhost:9528',
    'Token' => 'eyJhbGciOiJIUzI1NiIsInR5cCI6IkpXVCJ9.eyJ1aWQiOiIxIiwiaXNzIjoiaW1faHR0cCIsImlhdCI6MTY0MzA5OTM1MiwiZXhwIjoxNjQzMDk5OTUyLCJuYmYiOjE2NDMwOTkzNTIsInN1YiI6ImdhbWUuY29tIiwianRpIjoiNzRkMTg3MjUxM2M5ZDQ2OTlkNzRhMjNlODFjODk3NWUifQ.MolgkidTFXt0KmkSRxg2DnAbbFAZnS-luD1HvwObWPs',
    'User-Agent' => 'Mozilla/5.0 (Windows NT 10.0; Win64; x64) AppleWebKit/537.36 (KHTML, like Gecko) Chrome/97.0.4692.99 Safari/537.36',
    'Accept' => 'application/json, text/plain, */*',
    'Connection' => 'keep-alive',
    'Host' => '192.168.13.209:8082',
  ),
)
[2022-01-26 09:45:32]
array (
  'request' => 
  array (
    '_url' => '/api/cron/getCronLog',
    'page' => '4',
    'limit' => '10',
    'id' => '8',
  ),
  'header' => 
  array (
    'Accept-Language' => 'zh-CN,zh;q=0.9',
    'Accept-Encoding' => 'gzip, deflate',
    'Referer' => 'http://localhost:9528/',
    'Origin' => 'http://localhost:9528',
    'Token' => 'eyJhbGciOiJIUzI1NiIsInR5cCI6IkpXVCJ9.eyJ1aWQiOiIxIiwiaXNzIjoiaW1faHR0cCIsImlhdCI6MTY0MzA5OTM1MiwiZXhwIjoxNjQzMDk5OTUyLCJuYmYiOjE2NDMwOTkzNTIsInN1YiI6ImdhbWUuY29tIiwianRpIjoiNzRkMTg3MjUxM2M5ZDQ2OTlkNzRhMjNlODFjODk3NWUifQ.MolgkidTFXt0KmkSRxg2DnAbbFAZnS-luD1HvwObWPs',
    'User-Agent' => 'Mozilla/5.0 (Windows NT 10.0; Win64; x64) AppleWebKit/537.36 (KHTML, like Gecko) Chrome/97.0.4692.99 Safari/537.36',
    'Accept' => 'application/json, text/plain, */*',
    'Connection' => 'keep-alive',
    'Host' => '192.168.13.209:8082',
  ),
)
[2022-01-26 09:46:11]
array (
  'request' => 
  array (
    '_url' => '/api/cron/list',
    'page' => '1',
    'limit' => '10',
    'pid' => '0',
  ),
  'header' => 
  array (
    'Accept-Language' => 'zh-CN,zh;q=0.9',
    'Accept-Encoding' => 'gzip, deflate',
    'Referer' => 'http://localhost:9528/',
    'Origin' => 'http://localhost:9528',
    'Token' => 'eyJhbGciOiJIUzI1NiIsInR5cCI6IkpXVCJ9.eyJ1aWQiOiIxIiwiaXNzIjoiaW1faHR0cCIsImlhdCI6MTY0MzA5OTM1MiwiZXhwIjoxNjQzMDk5OTUyLCJuYmYiOjE2NDMwOTkzNTIsInN1YiI6ImdhbWUuY29tIiwianRpIjoiNzRkMTg3MjUxM2M5ZDQ2OTlkNzRhMjNlODFjODk3NWUifQ.MolgkidTFXt0KmkSRxg2DnAbbFAZnS-luD1HvwObWPs',
    'User-Agent' => 'Mozilla/5.0 (Windows NT 10.0; Win64; x64) AppleWebKit/537.36 (KHTML, like Gecko) Chrome/97.0.4692.99 Safari/537.36',
    'Accept' => 'application/json, text/plain, */*',
    'Connection' => 'keep-alive',
    'Host' => '192.168.13.209:8082',
  ),
)
[2022-01-26 09:46:12]
array (
  'request' => 
  array (
    '_url' => '/api/cron/list',
    'page' => '1',
    'limit' => '10',
    'name' => 'EF',
    'pid' => '0',
  ),
  'header' => 
  array (
    'Accept-Language' => 'zh-CN,zh;q=0.9',
    'Accept-Encoding' => 'gzip, deflate',
    'Referer' => 'http://localhost:9528/',
    'Origin' => 'http://localhost:9528',
    'Token' => 'eyJhbGciOiJIUzI1NiIsInR5cCI6IkpXVCJ9.eyJ1aWQiOiIxIiwiaXNzIjoiaW1faHR0cCIsImlhdCI6MTY0MzA5OTM1MiwiZXhwIjoxNjQzMDk5OTUyLCJuYmYiOjE2NDMwOTkzNTIsInN1YiI6ImdhbWUuY29tIiwianRpIjoiNzRkMTg3MjUxM2M5ZDQ2OTlkNzRhMjNlODFjODk3NWUifQ.MolgkidTFXt0KmkSRxg2DnAbbFAZnS-luD1HvwObWPs',
    'User-Agent' => 'Mozilla/5.0 (Windows NT 10.0; Win64; x64) AppleWebKit/537.36 (KHTML, like Gecko) Chrome/97.0.4692.99 Safari/537.36',
    'Accept' => 'application/json, text/plain, */*',
    'Connection' => 'keep-alive',
    'Host' => '192.168.13.209:8082',
  ),
)
[2022-01-26 09:46:13]
array (
  'request' => 
  array (
    '_url' => '/api/cron/list',
    'page' => '1',
    'limit' => '10',
    'name' => '',
    'pid' => '0',
  ),
  'header' => 
  array (
    'Accept-Language' => 'zh-CN,zh;q=0.9',
    'Accept-Encoding' => 'gzip, deflate',
    'Referer' => 'http://localhost:9528/',
    'Origin' => 'http://localhost:9528',
    'Token' => 'eyJhbGciOiJIUzI1NiIsInR5cCI6IkpXVCJ9.eyJ1aWQiOiIxIiwiaXNzIjoiaW1faHR0cCIsImlhdCI6MTY0MzA5OTM1MiwiZXhwIjoxNjQzMDk5OTUyLCJuYmYiOjE2NDMwOTkzNTIsInN1YiI6ImdhbWUuY29tIiwianRpIjoiNzRkMTg3MjUxM2M5ZDQ2OTlkNzRhMjNlODFjODk3NWUifQ.MolgkidTFXt0KmkSRxg2DnAbbFAZnS-luD1HvwObWPs',
    'User-Agent' => 'Mozilla/5.0 (Windows NT 10.0; Win64; x64) AppleWebKit/537.36 (KHTML, like Gecko) Chrome/97.0.4692.99 Safari/537.36',
    'Accept' => 'application/json, text/plain, */*',
    'Connection' => 'keep-alive',
    'Host' => '192.168.13.209:8082',
  ),
)
[2022-01-26 09:46:16]
array (
  'request' => 
  array (
    '_url' => '/api/system/getadmin',
  ),
  'header' => 
  array (
    'Accept-Language' => 'zh-CN,zh;q=0.9',
    'Accept-Encoding' => 'gzip, deflate',
    'Referer' => 'http://localhost:9528/',
    'Origin' => 'http://localhost:9528',
    'Token' => 'eyJhbGciOiJIUzI1NiIsInR5cCI6IkpXVCJ9.eyJ1aWQiOiIxIiwiaXNzIjoiaW1faHR0cCIsImlhdCI6MTY0MzA5OTM1MiwiZXhwIjoxNjQzMDk5OTUyLCJuYmYiOjE2NDMwOTkzNTIsInN1YiI6ImdhbWUuY29tIiwianRpIjoiNzRkMTg3MjUxM2M5ZDQ2OTlkNzRhMjNlODFjODk3NWUifQ.MolgkidTFXt0KmkSRxg2DnAbbFAZnS-luD1HvwObWPs',
    'User-Agent' => 'Mozilla/5.0 (Windows NT 10.0; Win64; x64) AppleWebKit/537.36 (KHTML, like Gecko) Chrome/97.0.4692.99 Safari/537.36',
    'Accept' => 'application/json, text/plain, */*',
    'Connection' => 'keep-alive',
    'Host' => '192.168.13.209:8082',
  ),
)
[2022-01-26 09:46:18]
array (
  'request' => 
  array (
    '_url' => '/api/log/list',
    'page' => '1',
    'limit' => '10',
    'time' => '',
    'keyword' => '',
  ),
  'header' => 
  array (
    'Accept-Language' => 'zh-CN,zh;q=0.9',
    'Accept-Encoding' => 'gzip, deflate',
    'Referer' => 'http://localhost:9528/',
    'Origin' => 'http://localhost:9528',
    'Token' => 'eyJhbGciOiJIUzI1NiIsInR5cCI6IkpXVCJ9.eyJ1aWQiOiIxIiwiaXNzIjoiaW1faHR0cCIsImlhdCI6MTY0MzA5OTM1MiwiZXhwIjoxNjQzMDk5OTUyLCJuYmYiOjE2NDMwOTkzNTIsInN1YiI6ImdhbWUuY29tIiwianRpIjoiNzRkMTg3MjUxM2M5ZDQ2OTlkNzRhMjNlODFjODk3NWUifQ.MolgkidTFXt0KmkSRxg2DnAbbFAZnS-luD1HvwObWPs',
    'User-Agent' => 'Mozilla/5.0 (Windows NT 10.0; Win64; x64) AppleWebKit/537.36 (KHTML, like Gecko) Chrome/97.0.4692.99 Safari/537.36',
    'Accept' => 'application/json, text/plain, */*',
    'Connection' => 'keep-alive',
    'Host' => '192.168.13.209:8082',
  ),
)
[2022-01-26 09:46:18]
array (
  'request' => 
  array (
    '_url' => '/api/user/getUserAll',
  ),
  'header' => 
  array (
    'Accept-Language' => 'zh-CN,zh;q=0.9',
    'Accept-Encoding' => 'gzip, deflate',
    'Referer' => 'http://localhost:9528/',
    'Origin' => 'http://localhost:9528',
    'Token' => 'eyJhbGciOiJIUzI1NiIsInR5cCI6IkpXVCJ9.eyJ1aWQiOiIxIiwiaXNzIjoiaW1faHR0cCIsImlhdCI6MTY0MzA5OTM1MiwiZXhwIjoxNjQzMDk5OTUyLCJuYmYiOjE2NDMwOTkzNTIsInN1YiI6ImdhbWUuY29tIiwianRpIjoiNzRkMTg3MjUxM2M5ZDQ2OTlkNzRhMjNlODFjODk3NWUifQ.MolgkidTFXt0KmkSRxg2DnAbbFAZnS-luD1HvwObWPs',
    'User-Agent' => 'Mozilla/5.0 (Windows NT 10.0; Win64; x64) AppleWebKit/537.36 (KHTML, like Gecko) Chrome/97.0.4692.99 Safari/537.36',
    'Accept' => 'application/json, text/plain, */*',
    'Connection' => 'keep-alive',
    'Host' => '192.168.13.209:8082',
  ),
)
[2022-01-26 09:46:19]
array (
  'request' => 
  array (
    '_url' => '/api/menu/list',
    'page' => '1',
    'limit' => '20',
    'pid' => '0',
    'sort' => '+id',
  ),
  'header' => 
  array (
    'Accept-Language' => 'zh-CN,zh;q=0.9',
    'Accept-Encoding' => 'gzip, deflate',
    'Referer' => 'http://localhost:9528/',
    'Origin' => 'http://localhost:9528',
    'Token' => 'eyJhbGciOiJIUzI1NiIsInR5cCI6IkpXVCJ9.eyJ1aWQiOiIxIiwiaXNzIjoiaW1faHR0cCIsImlhdCI6MTY0MzA5OTM1MiwiZXhwIjoxNjQzMDk5OTUyLCJuYmYiOjE2NDMwOTkzNTIsInN1YiI6ImdhbWUuY29tIiwianRpIjoiNzRkMTg3MjUxM2M5ZDQ2OTlkNzRhMjNlODFjODk3NWUifQ.MolgkidTFXt0KmkSRxg2DnAbbFAZnS-luD1HvwObWPs',
    'User-Agent' => 'Mozilla/5.0 (Windows NT 10.0; Win64; x64) AppleWebKit/537.36 (KHTML, like Gecko) Chrome/97.0.4692.99 Safari/537.36',
    'Accept' => 'application/json, text/plain, */*',
    'Connection' => 'keep-alive',
    'Host' => '192.168.13.209:8082',
  ),
)
[2022-01-26 09:46:20]
array (
  'request' => 
  array (
    '_url' => '/api/roles/rolesList',
  ),
  'header' => 
  array (
    'Accept-Language' => 'zh-CN,zh;q=0.9',
    'Accept-Encoding' => 'gzip, deflate',
    'Referer' => 'http://localhost:9528/',
    'Origin' => 'http://localhost:9528',
    'Token' => 'eyJhbGciOiJIUzI1NiIsInR5cCI6IkpXVCJ9.eyJ1aWQiOiIxIiwiaXNzIjoiaW1faHR0cCIsImlhdCI6MTY0MzA5OTM1MiwiZXhwIjoxNjQzMDk5OTUyLCJuYmYiOjE2NDMwOTkzNTIsInN1YiI6ImdhbWUuY29tIiwianRpIjoiNzRkMTg3MjUxM2M5ZDQ2OTlkNzRhMjNlODFjODk3NWUifQ.MolgkidTFXt0KmkSRxg2DnAbbFAZnS-luD1HvwObWPs',
    'User-Agent' => 'Mozilla/5.0 (Windows NT 10.0; Win64; x64) AppleWebKit/537.36 (KHTML, like Gecko) Chrome/97.0.4692.99 Safari/537.36',
    'Accept' => 'application/json, text/plain, */*',
    'Connection' => 'keep-alive',
    'Host' => '192.168.13.209:8082',
  ),
)
[2022-01-26 09:46:20]
array (
  'request' => 
  array (
    '_url' => '/api/user/List',
    'page' => '1',
    'limit' => '20',
    'sort' => '+id',
  ),
  'header' => 
  array (
    'Accept-Language' => 'zh-CN,zh;q=0.9',
    'Accept-Encoding' => 'gzip, deflate',
    'Referer' => 'http://localhost:9528/',
    'Origin' => 'http://localhost:9528',
    'Token' => 'eyJhbGciOiJIUzI1NiIsInR5cCI6IkpXVCJ9.eyJ1aWQiOiIxIiwiaXNzIjoiaW1faHR0cCIsImlhdCI6MTY0MzA5OTM1MiwiZXhwIjoxNjQzMDk5OTUyLCJuYmYiOjE2NDMwOTkzNTIsInN1YiI6ImdhbWUuY29tIiwianRpIjoiNzRkMTg3MjUxM2M5ZDQ2OTlkNzRhMjNlODFjODk3NWUifQ.MolgkidTFXt0KmkSRxg2DnAbbFAZnS-luD1HvwObWPs',
    'User-Agent' => 'Mozilla/5.0 (Windows NT 10.0; Win64; x64) AppleWebKit/537.36 (KHTML, like Gecko) Chrome/97.0.4692.99 Safari/537.36',
    'Accept' => 'application/json, text/plain, */*',
    'Connection' => 'keep-alive',
    'Host' => '192.168.13.209:8082',
  ),
)
[2022-01-26 09:46:21]
array (
  'request' => 
  array (
    '_url' => '/api/roles/getTerrRouters',
  ),
  'header' => 
  array (
    'Accept-Language' => 'zh-CN,zh;q=0.9',
    'Accept-Encoding' => 'gzip, deflate',
    'Referer' => 'http://localhost:9528/',
    'Origin' => 'http://localhost:9528',
    'Token' => 'eyJhbGciOiJIUzI1NiIsInR5cCI6IkpXVCJ9.eyJ1aWQiOiIxIiwiaXNzIjoiaW1faHR0cCIsImlhdCI6MTY0MzA5OTM1MiwiZXhwIjoxNjQzMDk5OTUyLCJuYmYiOjE2NDMwOTkzNTIsInN1YiI6ImdhbWUuY29tIiwianRpIjoiNzRkMTg3MjUxM2M5ZDQ2OTlkNzRhMjNlODFjODk3NWUifQ.MolgkidTFXt0KmkSRxg2DnAbbFAZnS-luD1HvwObWPs',
    'User-Agent' => 'Mozilla/5.0 (Windows NT 10.0; Win64; x64) AppleWebKit/537.36 (KHTML, like Gecko) Chrome/97.0.4692.99 Safari/537.36',
    'Accept' => 'application/json, text/plain, */*',
    'Connection' => 'keep-alive',
    'Host' => '192.168.13.209:8082',
  ),
)
[2022-01-26 09:46:21]
array (
  'request' => 
  array (
    '_url' => '/api/roles/list',
  ),
  'header' => 
  array (
    'Accept-Language' => 'zh-CN,zh;q=0.9',
    'Accept-Encoding' => 'gzip, deflate',
    'Referer' => 'http://localhost:9528/',
    'Origin' => 'http://localhost:9528',
    'Token' => 'eyJhbGciOiJIUzI1NiIsInR5cCI6IkpXVCJ9.eyJ1aWQiOiIxIiwiaXNzIjoiaW1faHR0cCIsImlhdCI6MTY0MzA5OTM1MiwiZXhwIjoxNjQzMDk5OTUyLCJuYmYiOjE2NDMwOTkzNTIsInN1YiI6ImdhbWUuY29tIiwianRpIjoiNzRkMTg3MjUxM2M5ZDQ2OTlkNzRhMjNlODFjODk3NWUifQ.MolgkidTFXt0KmkSRxg2DnAbbFAZnS-luD1HvwObWPs',
    'User-Agent' => 'Mozilla/5.0 (Windows NT 10.0; Win64; x64) AppleWebKit/537.36 (KHTML, like Gecko) Chrome/97.0.4692.99 Safari/537.36',
    'Accept' => 'application/json, text/plain, */*',
    'Connection' => 'keep-alive',
    'Host' => '192.168.13.209:8082',
  ),
)
[2022-01-26 09:46:26]
array (
  'request' => 
  array (
    '_url' => '/api/roles/rolesList',
  ),
  'header' => 
  array (
    'Accept-Language' => 'zh-CN,zh;q=0.9',
    'Accept-Encoding' => 'gzip, deflate',
    'Referer' => 'http://localhost:9528/',
    'Origin' => 'http://localhost:9528',
    'Token' => 'eyJhbGciOiJIUzI1NiIsInR5cCI6IkpXVCJ9.eyJ1aWQiOiIxIiwiaXNzIjoiaW1faHR0cCIsImlhdCI6MTY0MzA5OTM1MiwiZXhwIjoxNjQzMDk5OTUyLCJuYmYiOjE2NDMwOTkzNTIsInN1YiI6ImdhbWUuY29tIiwianRpIjoiNzRkMTg3MjUxM2M5ZDQ2OTlkNzRhMjNlODFjODk3NWUifQ.MolgkidTFXt0KmkSRxg2DnAbbFAZnS-luD1HvwObWPs',
    'User-Agent' => 'Mozilla/5.0 (Windows NT 10.0; Win64; x64) AppleWebKit/537.36 (KHTML, like Gecko) Chrome/97.0.4692.99 Safari/537.36',
    'Accept' => 'application/json, text/plain, */*',
    'Connection' => 'keep-alive',
    'Host' => '192.168.13.209:8082',
  ),
)
[2022-01-26 09:46:26]
array (
  'request' => 
  array (
    '_url' => '/api/user/List',
    'page' => '1',
    'limit' => '20',
    'sort' => '+id',
  ),
  'header' => 
  array (
    'Accept-Language' => 'zh-CN,zh;q=0.9',
    'Accept-Encoding' => 'gzip, deflate',
    'Referer' => 'http://localhost:9528/',
    'Origin' => 'http://localhost:9528',
    'Token' => 'eyJhbGciOiJIUzI1NiIsInR5cCI6IkpXVCJ9.eyJ1aWQiOiIxIiwiaXNzIjoiaW1faHR0cCIsImlhdCI6MTY0MzA5OTM1MiwiZXhwIjoxNjQzMDk5OTUyLCJuYmYiOjE2NDMwOTkzNTIsInN1YiI6ImdhbWUuY29tIiwianRpIjoiNzRkMTg3MjUxM2M5ZDQ2OTlkNzRhMjNlODFjODk3NWUifQ.MolgkidTFXt0KmkSRxg2DnAbbFAZnS-luD1HvwObWPs',
    'User-Agent' => 'Mozilla/5.0 (Windows NT 10.0; Win64; x64) AppleWebKit/537.36 (KHTML, like Gecko) Chrome/97.0.4692.99 Safari/537.36',
    'Accept' => 'application/json, text/plain, */*',
    'Connection' => 'keep-alive',
    'Host' => '192.168.13.209:8082',
  ),
)
[2022-01-26 09:46:28]
array (
  'request' => 
  array (
    '_url' => '/api/home/onlineIng',
  ),
  'header' => 
  array (
    'Accept-Language' => 'zh-CN,zh;q=0.9',
    'Accept-Encoding' => 'gzip, deflate',
    'Referer' => 'http://localhost:9528/',
    'Origin' => 'http://localhost:9528',
    'Token' => 'eyJhbGciOiJIUzI1NiIsInR5cCI6IkpXVCJ9.eyJ1aWQiOiIxIiwiaXNzIjoiaW1faHR0cCIsImlhdCI6MTY0MzA5OTM1MiwiZXhwIjoxNjQzMDk5OTUyLCJuYmYiOjE2NDMwOTkzNTIsInN1YiI6ImdhbWUuY29tIiwianRpIjoiNzRkMTg3MjUxM2M5ZDQ2OTlkNzRhMjNlODFjODk3NWUifQ.MolgkidTFXt0KmkSRxg2DnAbbFAZnS-luD1HvwObWPs',
    'User-Agent' => 'Mozilla/5.0 (Windows NT 10.0; Win64; x64) AppleWebKit/537.36 (KHTML, like Gecko) Chrome/97.0.4692.99 Safari/537.36',
    'Accept' => 'application/json, text/plain, */*',
    'Connection' => 'keep-alive',
    'Host' => '192.168.13.209:8082',
  ),
)
[2022-01-26 09:46:30]
array (
  'request' => 
  array (
    '_url' => '/api/home/turnover',
  ),
  'header' => 
  array (
    'Accept-Language' => 'zh-CN,zh;q=0.9',
    'Accept-Encoding' => 'gzip, deflate',
    'Referer' => 'http://localhost:9528/',
    'Origin' => 'http://localhost:9528',
    'Token' => 'eyJhbGciOiJIUzI1NiIsInR5cCI6IkpXVCJ9.eyJ1aWQiOiIxIiwiaXNzIjoiaW1faHR0cCIsImlhdCI6MTY0MzA5OTM1MiwiZXhwIjoxNjQzMDk5OTUyLCJuYmYiOjE2NDMwOTkzNTIsInN1YiI6ImdhbWUuY29tIiwianRpIjoiNzRkMTg3MjUxM2M5ZDQ2OTlkNzRhMjNlODFjODk3NWUifQ.MolgkidTFXt0KmkSRxg2DnAbbFAZnS-luD1HvwObWPs',
    'User-Agent' => 'Mozilla/5.0 (Windows NT 10.0; Win64; x64) AppleWebKit/537.36 (KHTML, like Gecko) Chrome/97.0.4692.99 Safari/537.36',
    'Accept' => 'application/json, text/plain, */*',
    'Connection' => 'keep-alive',
    'Host' => '192.168.13.209:8082',
  ),
)
[2022-01-26 09:46:31]
array (
  'request' => 
  array (
    '_url' => '/api/home/getretained',
  ),
  'header' => 
  array (
    'Accept-Language' => 'zh-CN,zh;q=0.9',
    'Accept-Encoding' => 'gzip, deflate',
    'Referer' => 'http://localhost:9528/',
    'Origin' => 'http://localhost:9528',
    'Token' => 'eyJhbGciOiJIUzI1NiIsInR5cCI6IkpXVCJ9.eyJ1aWQiOiIxIiwiaXNzIjoiaW1faHR0cCIsImlhdCI6MTY0MzA5OTM1MiwiZXhwIjoxNjQzMDk5OTUyLCJuYmYiOjE2NDMwOTkzNTIsInN1YiI6ImdhbWUuY29tIiwianRpIjoiNzRkMTg3MjUxM2M5ZDQ2OTlkNzRhMjNlODFjODk3NWUifQ.MolgkidTFXt0KmkSRxg2DnAbbFAZnS-luD1HvwObWPs',
    'User-Agent' => 'Mozilla/5.0 (Windows NT 10.0; Win64; x64) AppleWebKit/537.36 (KHTML, like Gecko) Chrome/97.0.4692.99 Safari/537.36',
    'Accept' => 'application/json, text/plain, */*',
    'Connection' => 'keep-alive',
    'Host' => '192.168.13.209:8082',
  ),
)
[2022-01-26 09:46:31]
array (
  'request' => 
  array (
    '_url' => '/api/home/statistical',
  ),
  'header' => 
  array (
    'Accept-Language' => 'zh-CN,zh;q=0.9',
    'Accept-Encoding' => 'gzip, deflate',
    'Referer' => 'http://localhost:9528/',
    'Origin' => 'http://localhost:9528',
    'Token' => 'eyJhbGciOiJIUzI1NiIsInR5cCI6IkpXVCJ9.eyJ1aWQiOiIxIiwiaXNzIjoiaW1faHR0cCIsImlhdCI6MTY0MzA5OTM1MiwiZXhwIjoxNjQzMDk5OTUyLCJuYmYiOjE2NDMwOTkzNTIsInN1YiI6ImdhbWUuY29tIiwianRpIjoiNzRkMTg3MjUxM2M5ZDQ2OTlkNzRhMjNlODFjODk3NWUifQ.MolgkidTFXt0KmkSRxg2DnAbbFAZnS-luD1HvwObWPs',
    'User-Agent' => 'Mozilla/5.0 (Windows NT 10.0; Win64; x64) AppleWebKit/537.36 (KHTML, like Gecko) Chrome/97.0.4692.99 Safari/537.36',
    'Accept' => 'application/json, text/plain, */*',
    'Connection' => 'keep-alive',
    'Host' => '192.168.13.209:8082',
  ),
)
[2022-01-26 16:06:29]
array (
  'request' => 
  array (
    '_url' => '/api/roles/list',
  ),
  'header' => 
  array (
    'Accept-Language' => 'zh-CN,zh;q=0.9',
    'Accept-Encoding' => 'gzip, deflate',
    'Referer' => 'http://localhost:9528/',
    'Origin' => 'http://localhost:9528',
    'Token' => 'eyJhbGciOiJIUzI1NiIsInR5cCI6IkpXVCJ9.eyJ1aWQiOiIxIiwiaXNzIjoiaW1faHR0cCIsImlhdCI6MTY0MzA5OTM1MiwiZXhwIjoxNjQzMDk5OTUyLCJuYmYiOjE2NDMwOTkzNTIsInN1YiI6ImdhbWUuY29tIiwianRpIjoiNzRkMTg3MjUxM2M5ZDQ2OTlkNzRhMjNlODFjODk3NWUifQ.MolgkidTFXt0KmkSRxg2DnAbbFAZnS-luD1HvwObWPs',
    'User-Agent' => 'Mozilla/5.0 (Windows NT 10.0; Win64; x64) AppleWebKit/537.36 (KHTML, like Gecko) Chrome/97.0.4692.99 Safari/537.36',
    'Accept' => 'application/json, text/plain, */*',
    'Connection' => 'keep-alive',
    'Host' => '192.168.13.209:8082',
  ),
)
[2022-01-26 16:06:29]
array (
  'request' => 
  array (
    '_url' => '/api/roles/getTerrRouters',
  ),
  'header' => 
  array (
    'Accept-Language' => 'zh-CN,zh;q=0.9',
    'Accept-Encoding' => 'gzip, deflate',
    'Referer' => 'http://localhost:9528/',
    'Origin' => 'http://localhost:9528',
    'Token' => 'eyJhbGciOiJIUzI1NiIsInR5cCI6IkpXVCJ9.eyJ1aWQiOiIxIiwiaXNzIjoiaW1faHR0cCIsImlhdCI6MTY0MzA5OTM1MiwiZXhwIjoxNjQzMDk5OTUyLCJuYmYiOjE2NDMwOTkzNTIsInN1YiI6ImdhbWUuY29tIiwianRpIjoiNzRkMTg3MjUxM2M5ZDQ2OTlkNzRhMjNlODFjODk3NWUifQ.MolgkidTFXt0KmkSRxg2DnAbbFAZnS-luD1HvwObWPs',
    'User-Agent' => 'Mozilla/5.0 (Windows NT 10.0; Win64; x64) AppleWebKit/537.36 (KHTML, like Gecko) Chrome/97.0.4692.99 Safari/537.36',
    'Accept' => 'application/json, text/plain, */*',
    'Connection' => 'keep-alive',
    'Host' => '192.168.13.209:8082',
  ),
)
[2022-01-26 16:06:31]
array (
  'request' => 
  array (
    '_url' => '/api/roles/rolesList',
  ),
  'header' => 
  array (
    'Accept-Language' => 'zh-CN,zh;q=0.9',
    'Accept-Encoding' => 'gzip, deflate',
    'Referer' => 'http://localhost:9528/',
    'Origin' => 'http://localhost:9528',
    'Token' => 'eyJhbGciOiJIUzI1NiIsInR5cCI6IkpXVCJ9.eyJ1aWQiOiIxIiwiaXNzIjoiaW1faHR0cCIsImlhdCI6MTY0MzA5OTM1MiwiZXhwIjoxNjQzMDk5OTUyLCJuYmYiOjE2NDMwOTkzNTIsInN1YiI6ImdhbWUuY29tIiwianRpIjoiNzRkMTg3MjUxM2M5ZDQ2OTlkNzRhMjNlODFjODk3NWUifQ.MolgkidTFXt0KmkSRxg2DnAbbFAZnS-luD1HvwObWPs',
    'User-Agent' => 'Mozilla/5.0 (Windows NT 10.0; Win64; x64) AppleWebKit/537.36 (KHTML, like Gecko) Chrome/97.0.4692.99 Safari/537.36',
    'Accept' => 'application/json, text/plain, */*',
    'Connection' => 'keep-alive',
    'Host' => '192.168.13.209:8082',
  ),
)
[2022-01-26 16:06:31]
array (
  'request' => 
  array (
    '_url' => '/api/user/List',
    'page' => '1',
    'limit' => '20',
    'sort' => '+id',
  ),
  'header' => 
  array (
    'Accept-Language' => 'zh-CN,zh;q=0.9',
    'Accept-Encoding' => 'gzip, deflate',
    'Referer' => 'http://localhost:9528/',
    'Origin' => 'http://localhost:9528',
    'Token' => 'eyJhbGciOiJIUzI1NiIsInR5cCI6IkpXVCJ9.eyJ1aWQiOiIxIiwiaXNzIjoiaW1faHR0cCIsImlhdCI6MTY0MzA5OTM1MiwiZXhwIjoxNjQzMDk5OTUyLCJuYmYiOjE2NDMwOTkzNTIsInN1YiI6ImdhbWUuY29tIiwianRpIjoiNzRkMTg3MjUxM2M5ZDQ2OTlkNzRhMjNlODFjODk3NWUifQ.MolgkidTFXt0KmkSRxg2DnAbbFAZnS-luD1HvwObWPs',
    'User-Agent' => 'Mozilla/5.0 (Windows NT 10.0; Win64; x64) AppleWebKit/537.36 (KHTML, like Gecko) Chrome/97.0.4692.99 Safari/537.36',
    'Accept' => 'application/json, text/plain, */*',
    'Connection' => 'keep-alive',
    'Host' => '192.168.13.209:8082',
  ),
)
[2022-01-26 16:06:36]
array (
  'request' => 
  array (
    '_url' => '/api/log/list',
    'page' => '1',
    'limit' => '10',
    'time' => '',
    'keyword' => '',
  ),
  'header' => 
  array (
    'Accept-Language' => 'zh-CN,zh;q=0.9',
    'Accept-Encoding' => 'gzip, deflate',
    'Referer' => 'http://localhost:9528/',
    'Origin' => 'http://localhost:9528',
    'Token' => 'eyJhbGciOiJIUzI1NiIsInR5cCI6IkpXVCJ9.eyJ1aWQiOiIxIiwiaXNzIjoiaW1faHR0cCIsImlhdCI6MTY0MzA5OTM1MiwiZXhwIjoxNjQzMDk5OTUyLCJuYmYiOjE2NDMwOTkzNTIsInN1YiI6ImdhbWUuY29tIiwianRpIjoiNzRkMTg3MjUxM2M5ZDQ2OTlkNzRhMjNlODFjODk3NWUifQ.MolgkidTFXt0KmkSRxg2DnAbbFAZnS-luD1HvwObWPs',
    'User-Agent' => 'Mozilla/5.0 (Windows NT 10.0; Win64; x64) AppleWebKit/537.36 (KHTML, like Gecko) Chrome/97.0.4692.99 Safari/537.36',
    'Accept' => 'application/json, text/plain, */*',
    'Connection' => 'keep-alive',
    'Host' => '192.168.13.209:8082',
  ),
)
[2022-01-26 16:06:36]
array (
  'request' => 
  array (
    '_url' => '/api/user/getUserAll',
  ),
  'header' => 
  array (
    'Accept-Language' => 'zh-CN,zh;q=0.9',
    'Accept-Encoding' => 'gzip, deflate',
    'Referer' => 'http://localhost:9528/',
    'Origin' => 'http://localhost:9528',
    'Token' => 'eyJhbGciOiJIUzI1NiIsInR5cCI6IkpXVCJ9.eyJ1aWQiOiIxIiwiaXNzIjoiaW1faHR0cCIsImlhdCI6MTY0MzA5OTM1MiwiZXhwIjoxNjQzMDk5OTUyLCJuYmYiOjE2NDMwOTkzNTIsInN1YiI6ImdhbWUuY29tIiwianRpIjoiNzRkMTg3MjUxM2M5ZDQ2OTlkNzRhMjNlODFjODk3NWUifQ.MolgkidTFXt0KmkSRxg2DnAbbFAZnS-luD1HvwObWPs',
    'User-Agent' => 'Mozilla/5.0 (Windows NT 10.0; Win64; x64) AppleWebKit/537.36 (KHTML, like Gecko) Chrome/97.0.4692.99 Safari/537.36',
    'Accept' => 'application/json, text/plain, */*',
    'Connection' => 'keep-alive',
    'Host' => '192.168.13.209:8082',
  ),
)
[2022-01-26 16:06:38]
array (
  'request' => 
  array (
    '_url' => '/api/cron/list',
    'page' => '1',
    'limit' => '10',
  ),
  'header' => 
  array (
    'Accept-Language' => 'zh-CN,zh;q=0.9',
    'Accept-Encoding' => 'gzip, deflate',
    'Referer' => 'http://localhost:9528/',
    'Origin' => 'http://localhost:9528',
    'Token' => 'eyJhbGciOiJIUzI1NiIsInR5cCI6IkpXVCJ9.eyJ1aWQiOiIxIiwiaXNzIjoiaW1faHR0cCIsImlhdCI6MTY0MzA5OTM1MiwiZXhwIjoxNjQzMDk5OTUyLCJuYmYiOjE2NDMwOTkzNTIsInN1YiI6ImdhbWUuY29tIiwianRpIjoiNzRkMTg3MjUxM2M5ZDQ2OTlkNzRhMjNlODFjODk3NWUifQ.MolgkidTFXt0KmkSRxg2DnAbbFAZnS-luD1HvwObWPs',
    'User-Agent' => 'Mozilla/5.0 (Windows NT 10.0; Win64; x64) AppleWebKit/537.36 (KHTML, like Gecko) Chrome/97.0.4692.99 Safari/537.36',
    'Accept' => 'application/json, text/plain, */*',
    'Connection' => 'keep-alive',
    'Host' => '192.168.13.209:8082',
  ),
)
[2022-01-26 16:06:39]
array (
  'request' => 
  array (
    '_url' => '/api/menu/list',
    'page' => '1',
    'limit' => '20',
    'pid' => '0',
    'sort' => '+id',
  ),
  'header' => 
  array (
    'Accept-Language' => 'zh-CN,zh;q=0.9',
    'Accept-Encoding' => 'gzip, deflate',
    'Referer' => 'http://localhost:9528/',
    'Origin' => 'http://localhost:9528',
    'Token' => 'eyJhbGciOiJIUzI1NiIsInR5cCI6IkpXVCJ9.eyJ1aWQiOiIxIiwiaXNzIjoiaW1faHR0cCIsImlhdCI6MTY0MzA5OTM1MiwiZXhwIjoxNjQzMDk5OTUyLCJuYmYiOjE2NDMwOTkzNTIsInN1YiI6ImdhbWUuY29tIiwianRpIjoiNzRkMTg3MjUxM2M5ZDQ2OTlkNzRhMjNlODFjODk3NWUifQ.MolgkidTFXt0KmkSRxg2DnAbbFAZnS-luD1HvwObWPs',
    'User-Agent' => 'Mozilla/5.0 (Windows NT 10.0; Win64; x64) AppleWebKit/537.36 (KHTML, like Gecko) Chrome/97.0.4692.99 Safari/537.36',
    'Accept' => 'application/json, text/plain, */*',
    'Connection' => 'keep-alive',
    'Host' => '192.168.13.209:8082',
  ),
)
[2022-01-26 16:06:40]
array (
  'request' => 
  array (
    '_url' => '/api/system/getadmin',
  ),
  'header' => 
  array (
    'Accept-Language' => 'zh-CN,zh;q=0.9',
    'Accept-Encoding' => 'gzip, deflate',
    'Referer' => 'http://localhost:9528/',
    'Origin' => 'http://localhost:9528',
    'Token' => 'eyJhbGciOiJIUzI1NiIsInR5cCI6IkpXVCJ9.eyJ1aWQiOiIxIiwiaXNzIjoiaW1faHR0cCIsImlhdCI6MTY0MzA5OTM1MiwiZXhwIjoxNjQzMDk5OTUyLCJuYmYiOjE2NDMwOTkzNTIsInN1YiI6ImdhbWUuY29tIiwianRpIjoiNzRkMTg3MjUxM2M5ZDQ2OTlkNzRhMjNlODFjODk3NWUifQ.MolgkidTFXt0KmkSRxg2DnAbbFAZnS-luD1HvwObWPs',
    'User-Agent' => 'Mozilla/5.0 (Windows NT 10.0; Win64; x64) AppleWebKit/537.36 (KHTML, like Gecko) Chrome/97.0.4692.99 Safari/537.36',
    'Accept' => 'application/json, text/plain, */*',
    'Connection' => 'keep-alive',
    'Host' => '192.168.13.209:8082',
  ),
)
[2022-01-26 16:06:41]
array (
  'request' => 
  array (
    '_url' => '/api/cron/list',
    'page' => '1',
    'limit' => '10',
  ),
  'header' => 
  array (
    'Accept-Language' => 'zh-CN,zh;q=0.9',
    'Accept-Encoding' => 'gzip, deflate',
    'Referer' => 'http://localhost:9528/',
    'Origin' => 'http://localhost:9528',
    'Token' => 'eyJhbGciOiJIUzI1NiIsInR5cCI6IkpXVCJ9.eyJ1aWQiOiIxIiwiaXNzIjoiaW1faHR0cCIsImlhdCI6MTY0MzA5OTM1MiwiZXhwIjoxNjQzMDk5OTUyLCJuYmYiOjE2NDMwOTkzNTIsInN1YiI6ImdhbWUuY29tIiwianRpIjoiNzRkMTg3MjUxM2M5ZDQ2OTlkNzRhMjNlODFjODk3NWUifQ.MolgkidTFXt0KmkSRxg2DnAbbFAZnS-luD1HvwObWPs',
    'User-Agent' => 'Mozilla/5.0 (Windows NT 10.0; Win64; x64) AppleWebKit/537.36 (KHTML, like Gecko) Chrome/97.0.4692.99 Safari/537.36',
    'Accept' => 'application/json, text/plain, */*',
    'Connection' => 'keep-alive',
    'Host' => '192.168.13.209:8082',
  ),
)
[2022-01-26 16:06:42]
array (
  'request' => 
  array (
    '_url' => '/api/log/list',
    'page' => '1',
    'limit' => '10',
    'time' => '',
    'keyword' => '',
  ),
  'header' => 
  array (
    'Accept-Language' => 'zh-CN,zh;q=0.9',
    'Accept-Encoding' => 'gzip, deflate',
    'Referer' => 'http://localhost:9528/',
    'Origin' => 'http://localhost:9528',
    'Token' => 'eyJhbGciOiJIUzI1NiIsInR5cCI6IkpXVCJ9.eyJ1aWQiOiIxIiwiaXNzIjoiaW1faHR0cCIsImlhdCI6MTY0MzA5OTM1MiwiZXhwIjoxNjQzMDk5OTUyLCJuYmYiOjE2NDMwOTkzNTIsInN1YiI6ImdhbWUuY29tIiwianRpIjoiNzRkMTg3MjUxM2M5ZDQ2OTlkNzRhMjNlODFjODk3NWUifQ.MolgkidTFXt0KmkSRxg2DnAbbFAZnS-luD1HvwObWPs',
    'User-Agent' => 'Mozilla/5.0 (Windows NT 10.0; Win64; x64) AppleWebKit/537.36 (KHTML, like Gecko) Chrome/97.0.4692.99 Safari/537.36',
    'Accept' => 'application/json, text/plain, */*',
    'Connection' => 'keep-alive',
    'Host' => '192.168.13.209:8082',
  ),
)
[2022-01-26 16:06:42]
array (
  'request' => 
  array (
    '_url' => '/api/user/getUserAll',
  ),
  'header' => 
  array (
    'Accept-Language' => 'zh-CN,zh;q=0.9',
    'Accept-Encoding' => 'gzip, deflate',
    'Referer' => 'http://localhost:9528/',
    'Origin' => 'http://localhost:9528',
    'Token' => 'eyJhbGciOiJIUzI1NiIsInR5cCI6IkpXVCJ9.eyJ1aWQiOiIxIiwiaXNzIjoiaW1faHR0cCIsImlhdCI6MTY0MzA5OTM1MiwiZXhwIjoxNjQzMDk5OTUyLCJuYmYiOjE2NDMwOTkzNTIsInN1YiI6ImdhbWUuY29tIiwianRpIjoiNzRkMTg3MjUxM2M5ZDQ2OTlkNzRhMjNlODFjODk3NWUifQ.MolgkidTFXt0KmkSRxg2DnAbbFAZnS-luD1HvwObWPs',
    'User-Agent' => 'Mozilla/5.0 (Windows NT 10.0; Win64; x64) AppleWebKit/537.36 (KHTML, like Gecko) Chrome/97.0.4692.99 Safari/537.36',
    'Accept' => 'application/json, text/plain, */*',
    'Connection' => 'keep-alive',
    'Host' => '192.168.13.209:8082',
  ),
)
[2022-01-26 16:06:43]
array (
  'request' => 
  array (
    '_url' => '/api/menu/list',
    'page' => '1',
    'limit' => '20',
    'pid' => '0',
    'sort' => '+id',
  ),
  'header' => 
  array (
    'Accept-Language' => 'zh-CN,zh;q=0.9',
    'Accept-Encoding' => 'gzip, deflate',
    'Referer' => 'http://localhost:9528/',
    'Origin' => 'http://localhost:9528',
    'Token' => 'eyJhbGciOiJIUzI1NiIsInR5cCI6IkpXVCJ9.eyJ1aWQiOiIxIiwiaXNzIjoiaW1faHR0cCIsImlhdCI6MTY0MzA5OTM1MiwiZXhwIjoxNjQzMDk5OTUyLCJuYmYiOjE2NDMwOTkzNTIsInN1YiI6ImdhbWUuY29tIiwianRpIjoiNzRkMTg3MjUxM2M5ZDQ2OTlkNzRhMjNlODFjODk3NWUifQ.MolgkidTFXt0KmkSRxg2DnAbbFAZnS-luD1HvwObWPs',
    'User-Agent' => 'Mozilla/5.0 (Windows NT 10.0; Win64; x64) AppleWebKit/537.36 (KHTML, like Gecko) Chrome/97.0.4692.99 Safari/537.36',
    'Accept' => 'application/json, text/plain, */*',
    'Connection' => 'keep-alive',
    'Host' => '192.168.13.209:8082',
  ),
)
[2022-01-26 16:06:44]
array (
  'request' => 
  array (
    '_url' => '/api/roles/list',
  ),
  'header' => 
  array (
    'Accept-Language' => 'zh-CN,zh;q=0.9',
    'Accept-Encoding' => 'gzip, deflate',
    'Referer' => 'http://localhost:9528/',
    'Origin' => 'http://localhost:9528',
    'Token' => 'eyJhbGciOiJIUzI1NiIsInR5cCI6IkpXVCJ9.eyJ1aWQiOiIxIiwiaXNzIjoiaW1faHR0cCIsImlhdCI6MTY0MzA5OTM1MiwiZXhwIjoxNjQzMDk5OTUyLCJuYmYiOjE2NDMwOTkzNTIsInN1YiI6ImdhbWUuY29tIiwianRpIjoiNzRkMTg3MjUxM2M5ZDQ2OTlkNzRhMjNlODFjODk3NWUifQ.MolgkidTFXt0KmkSRxg2DnAbbFAZnS-luD1HvwObWPs',
    'User-Agent' => 'Mozilla/5.0 (Windows NT 10.0; Win64; x64) AppleWebKit/537.36 (KHTML, like Gecko) Chrome/97.0.4692.99 Safari/537.36',
    'Accept' => 'application/json, text/plain, */*',
    'Connection' => 'keep-alive',
    'Host' => '192.168.13.209:8082',
  ),
)
[2022-01-26 16:06:44]
array (
  'request' => 
  array (
    '_url' => '/api/roles/getTerrRouters',
  ),
  'header' => 
  array (
    'Accept-Language' => 'zh-CN,zh;q=0.9',
    'Accept-Encoding' => 'gzip, deflate',
    'Referer' => 'http://localhost:9528/',
    'Origin' => 'http://localhost:9528',
    'Token' => 'eyJhbGciOiJIUzI1NiIsInR5cCI6IkpXVCJ9.eyJ1aWQiOiIxIiwiaXNzIjoiaW1faHR0cCIsImlhdCI6MTY0MzA5OTM1MiwiZXhwIjoxNjQzMDk5OTUyLCJuYmYiOjE2NDMwOTkzNTIsInN1YiI6ImdhbWUuY29tIiwianRpIjoiNzRkMTg3MjUxM2M5ZDQ2OTlkNzRhMjNlODFjODk3NWUifQ.MolgkidTFXt0KmkSRxg2DnAbbFAZnS-luD1HvwObWPs',
    'User-Agent' => 'Mozilla/5.0 (Windows NT 10.0; Win64; x64) AppleWebKit/537.36 (KHTML, like Gecko) Chrome/97.0.4692.99 Safari/537.36',
    'Accept' => 'application/json, text/plain, */*',
    'Connection' => 'keep-alive',
    'Host' => '192.168.13.209:8082',
  ),
)
[2022-01-26 16:06:46]
array (
  'request' => 
  array (
    '_url' => '/api/roles/rolesList',
  ),
  'header' => 
  array (
    'Accept-Language' => 'zh-CN,zh;q=0.9',
    'Accept-Encoding' => 'gzip, deflate',
    'Referer' => 'http://localhost:9528/',
    'Origin' => 'http://localhost:9528',
    'Token' => 'eyJhbGciOiJIUzI1NiIsInR5cCI6IkpXVCJ9.eyJ1aWQiOiIxIiwiaXNzIjoiaW1faHR0cCIsImlhdCI6MTY0MzA5OTM1MiwiZXhwIjoxNjQzMDk5OTUyLCJuYmYiOjE2NDMwOTkzNTIsInN1YiI6ImdhbWUuY29tIiwianRpIjoiNzRkMTg3MjUxM2M5ZDQ2OTlkNzRhMjNlODFjODk3NWUifQ.MolgkidTFXt0KmkSRxg2DnAbbFAZnS-luD1HvwObWPs',
    'User-Agent' => 'Mozilla/5.0 (Windows NT 10.0; Win64; x64) AppleWebKit/537.36 (KHTML, like Gecko) Chrome/97.0.4692.99 Safari/537.36',
    'Accept' => 'application/json, text/plain, */*',
    'Connection' => 'keep-alive',
    'Host' => '192.168.13.209:8082',
  ),
)
[2022-01-26 16:06:46]
array (
  'request' => 
  array (
    '_url' => '/api/user/List',
    'page' => '1',
    'limit' => '20',
    'sort' => '+id',
  ),
  'header' => 
  array (
    'Accept-Language' => 'zh-CN,zh;q=0.9',
    'Accept-Encoding' => 'gzip, deflate',
    'Referer' => 'http://localhost:9528/',
    'Origin' => 'http://localhost:9528',
    'Token' => 'eyJhbGciOiJIUzI1NiIsInR5cCI6IkpXVCJ9.eyJ1aWQiOiIxIiwiaXNzIjoiaW1faHR0cCIsImlhdCI6MTY0MzA5OTM1MiwiZXhwIjoxNjQzMDk5OTUyLCJuYmYiOjE2NDMwOTkzNTIsInN1YiI6ImdhbWUuY29tIiwianRpIjoiNzRkMTg3MjUxM2M5ZDQ2OTlkNzRhMjNlODFjODk3NWUifQ.MolgkidTFXt0KmkSRxg2DnAbbFAZnS-luD1HvwObWPs',
    'User-Agent' => 'Mozilla/5.0 (Windows NT 10.0; Win64; x64) AppleWebKit/537.36 (KHTML, like Gecko) Chrome/97.0.4692.99 Safari/537.36',
    'Accept' => 'application/json, text/plain, */*',
    'Connection' => 'keep-alive',
    'Host' => '192.168.13.209:8082',
  ),
)
[2022-01-26 16:06:47]
array (
  'request' => 
  array (
    '_url' => '/api/home/turnover',
  ),
  'header' => 
  array (
    'Accept-Language' => 'zh-CN,zh;q=0.9',
    'Accept-Encoding' => 'gzip, deflate',
    'Referer' => 'http://localhost:9528/',
    'Origin' => 'http://localhost:9528',
    'Token' => 'eyJhbGciOiJIUzI1NiIsInR5cCI6IkpXVCJ9.eyJ1aWQiOiIxIiwiaXNzIjoiaW1faHR0cCIsImlhdCI6MTY0MzA5OTM1MiwiZXhwIjoxNjQzMDk5OTUyLCJuYmYiOjE2NDMwOTkzNTIsInN1YiI6ImdhbWUuY29tIiwianRpIjoiNzRkMTg3MjUxM2M5ZDQ2OTlkNzRhMjNlODFjODk3NWUifQ.MolgkidTFXt0KmkSRxg2DnAbbFAZnS-luD1HvwObWPs',
    'User-Agent' => 'Mozilla/5.0 (Windows NT 10.0; Win64; x64) AppleWebKit/537.36 (KHTML, like Gecko) Chrome/97.0.4692.99 Safari/537.36',
    'Accept' => 'application/json, text/plain, */*',
    'Connection' => 'keep-alive',
    'Host' => '192.168.13.209:8082',
  ),
)
[2022-01-26 16:06:52]
array (
  'request' => 
  array (
    '_url' => '/api/home/onlineIng',
  ),
  'header' => 
  array (
    'Accept-Language' => 'zh-CN,zh;q=0.9',
    'Accept-Encoding' => 'gzip, deflate',
    'Referer' => 'http://localhost:9528/',
    'Origin' => 'http://localhost:9528',
    'Token' => 'eyJhbGciOiJIUzI1NiIsInR5cCI6IkpXVCJ9.eyJ1aWQiOiIxIiwiaXNzIjoiaW1faHR0cCIsImlhdCI6MTY0MzA5OTM1MiwiZXhwIjoxNjQzMDk5OTUyLCJuYmYiOjE2NDMwOTkzNTIsInN1YiI6ImdhbWUuY29tIiwianRpIjoiNzRkMTg3MjUxM2M5ZDQ2OTlkNzRhMjNlODFjODk3NWUifQ.MolgkidTFXt0KmkSRxg2DnAbbFAZnS-luD1HvwObWPs',
    'User-Agent' => 'Mozilla/5.0 (Windows NT 10.0; Win64; x64) AppleWebKit/537.36 (KHTML, like Gecko) Chrome/97.0.4692.99 Safari/537.36',
    'Accept' => 'application/json, text/plain, */*',
    'Connection' => 'keep-alive',
    'Host' => '192.168.13.209:8082',
  ),
)
[2022-01-26 16:06:58]
array (
  'request' => 
  array (
    '_url' => '/api/home/statistical',
  ),
  'header' => 
  array (
    'Accept-Language' => 'zh-CN,zh;q=0.9',
    'Accept-Encoding' => 'gzip, deflate',
    'Referer' => 'http://localhost:9528/',
    'Origin' => 'http://localhost:9528',
    'Token' => 'eyJhbGciOiJIUzI1NiIsInR5cCI6IkpXVCJ9.eyJ1aWQiOiIxIiwiaXNzIjoiaW1faHR0cCIsImlhdCI6MTY0MzA5OTM1MiwiZXhwIjoxNjQzMDk5OTUyLCJuYmYiOjE2NDMwOTkzNTIsInN1YiI6ImdhbWUuY29tIiwianRpIjoiNzRkMTg3MjUxM2M5ZDQ2OTlkNzRhMjNlODFjODk3NWUifQ.MolgkidTFXt0KmkSRxg2DnAbbFAZnS-luD1HvwObWPs',
    'User-Agent' => 'Mozilla/5.0 (Windows NT 10.0; Win64; x64) AppleWebKit/537.36 (KHTML, like Gecko) Chrome/97.0.4692.99 Safari/537.36',
    'Accept' => 'application/json, text/plain, */*',
    'Connection' => 'keep-alive',
    'Host' => '192.168.13.209:8082',
  ),
)
[2022-01-26 16:06:58]
array (
  'request' => 
  array (
    '_url' => '/api/home/getretained',
  ),
  'header' => 
  array (
    'Accept-Language' => 'zh-CN,zh;q=0.9',
    'Accept-Encoding' => 'gzip, deflate',
    'Referer' => 'http://localhost:9528/',
    'Origin' => 'http://localhost:9528',
    'Token' => 'eyJhbGciOiJIUzI1NiIsInR5cCI6IkpXVCJ9.eyJ1aWQiOiIxIiwiaXNzIjoiaW1faHR0cCIsImlhdCI6MTY0MzA5OTM1MiwiZXhwIjoxNjQzMDk5OTUyLCJuYmYiOjE2NDMwOTkzNTIsInN1YiI6ImdhbWUuY29tIiwianRpIjoiNzRkMTg3MjUxM2M5ZDQ2OTlkNzRhMjNlODFjODk3NWUifQ.MolgkidTFXt0KmkSRxg2DnAbbFAZnS-luD1HvwObWPs',
    'User-Agent' => 'Mozilla/5.0 (Windows NT 10.0; Win64; x64) AppleWebKit/537.36 (KHTML, like Gecko) Chrome/97.0.4692.99 Safari/537.36',
    'Accept' => 'application/json, text/plain, */*',
    'Connection' => 'keep-alive',
    'Host' => '192.168.13.209:8082',
  ),
)
[2022-01-26 16:07:02]
array (
  'request' => 
  array (
    '_url' => '/api/cron/list',
    'page' => '1',
    'limit' => '10',
  ),
  'header' => 
  array (
    'Accept-Language' => 'zh-CN,zh;q=0.9',
    'Accept-Encoding' => 'gzip, deflate',
    'Referer' => 'http://localhost:9528/',
    'Origin' => 'http://localhost:9528',
    'Token' => 'eyJhbGciOiJIUzI1NiIsInR5cCI6IkpXVCJ9.eyJ1aWQiOiIxIiwiaXNzIjoiaW1faHR0cCIsImlhdCI6MTY0MzA5OTM1MiwiZXhwIjoxNjQzMDk5OTUyLCJuYmYiOjE2NDMwOTkzNTIsInN1YiI6ImdhbWUuY29tIiwianRpIjoiNzRkMTg3MjUxM2M5ZDQ2OTlkNzRhMjNlODFjODk3NWUifQ.MolgkidTFXt0KmkSRxg2DnAbbFAZnS-luD1HvwObWPs',
    'User-Agent' => 'Mozilla/5.0 (Windows NT 10.0; Win64; x64) AppleWebKit/537.36 (KHTML, like Gecko) Chrome/97.0.4692.99 Safari/537.36',
    'Accept' => 'application/json, text/plain, */*',
    'Connection' => 'keep-alive',
    'Host' => '192.168.13.209:8082',
  ),
)
[2022-01-26 16:07:04]
array (
  'request' => 
  array (
    '_url' => '/api/cron/getCronLog',
    'page' => '1',
    'limit' => '10',
    'id' => '8',
  ),
  'header' => 
  array (
    'Accept-Language' => 'zh-CN,zh;q=0.9',
    'Accept-Encoding' => 'gzip, deflate',
    'Referer' => 'http://localhost:9528/',
    'Origin' => 'http://localhost:9528',
    'Token' => 'eyJhbGciOiJIUzI1NiIsInR5cCI6IkpXVCJ9.eyJ1aWQiOiIxIiwiaXNzIjoiaW1faHR0cCIsImlhdCI6MTY0MzA5OTM1MiwiZXhwIjoxNjQzMDk5OTUyLCJuYmYiOjE2NDMwOTkzNTIsInN1YiI6ImdhbWUuY29tIiwianRpIjoiNzRkMTg3MjUxM2M5ZDQ2OTlkNzRhMjNlODFjODk3NWUifQ.MolgkidTFXt0KmkSRxg2DnAbbFAZnS-luD1HvwObWPs',
    'User-Agent' => 'Mozilla/5.0 (Windows NT 10.0; Win64; x64) AppleWebKit/537.36 (KHTML, like Gecko) Chrome/97.0.4692.99 Safari/537.36',
    'Accept' => 'application/json, text/plain, */*',
    'Connection' => 'keep-alive',
    'Host' => '192.168.13.209:8082',
  ),
)
[2022-01-26 16:07:14]
array (
  'request' => 
  array (
    '_url' => '/api/cron/updateStatus',
    'id' => '8',
    'status' => '1',
  ),
  'header' => 
  array (
    'Accept-Language' => 'zh-CN,zh;q=0.9',
    'Accept-Encoding' => 'gzip, deflate',
    'Referer' => 'http://localhost:9528/',
    'Origin' => 'http://localhost:9528',
    'Content-Type' => 'application/x-www-form-urlencoded',
    'Token' => 'eyJhbGciOiJIUzI1NiIsInR5cCI6IkpXVCJ9.eyJ1aWQiOiIxIiwiaXNzIjoiaW1faHR0cCIsImlhdCI6MTY0MzA5OTM1MiwiZXhwIjoxNjQzMDk5OTUyLCJuYmYiOjE2NDMwOTkzNTIsInN1YiI6ImdhbWUuY29tIiwianRpIjoiNzRkMTg3MjUxM2M5ZDQ2OTlkNzRhMjNlODFjODk3NWUifQ.MolgkidTFXt0KmkSRxg2DnAbbFAZnS-luD1HvwObWPs',
    'User-Agent' => 'Mozilla/5.0 (Windows NT 10.0; Win64; x64) AppleWebKit/537.36 (KHTML, like Gecko) Chrome/97.0.4692.99 Safari/537.36',
    'Accept' => 'application/json, text/plain, */*',
    'Content-Length' => '13',
    'Connection' => 'keep-alive',
    'Host' => '192.168.13.209:8082',
  ),
)
[2022-01-26 16:07:14]
array (
  'request' => 
  array (
    '_url' => '/api/cron/list',
    'page' => '1',
    'limit' => '10',
  ),
  'header' => 
  array (
    'Accept-Language' => 'zh-CN,zh;q=0.9',
    'Accept-Encoding' => 'gzip, deflate',
    'Referer' => 'http://localhost:9528/',
    'Origin' => 'http://localhost:9528',
    'Token' => 'eyJhbGciOiJIUzI1NiIsInR5cCI6IkpXVCJ9.eyJ1aWQiOiIxIiwiaXNzIjoiaW1faHR0cCIsImlhdCI6MTY0MzA5OTM1MiwiZXhwIjoxNjQzMDk5OTUyLCJuYmYiOjE2NDMwOTkzNTIsInN1YiI6ImdhbWUuY29tIiwianRpIjoiNzRkMTg3MjUxM2M5ZDQ2OTlkNzRhMjNlODFjODk3NWUifQ.MolgkidTFXt0KmkSRxg2DnAbbFAZnS-luD1HvwObWPs',
    'User-Agent' => 'Mozilla/5.0 (Windows NT 10.0; Win64; x64) AppleWebKit/537.36 (KHTML, like Gecko) Chrome/97.0.4692.99 Safari/537.36',
    'Accept' => 'application/json, text/plain, */*',
    'Connection' => 'keep-alive',
    'Host' => '192.168.13.209:8082',
  ),
)
[2022-01-26 16:07:15]
array (
  'request' => 
  array (
    '_url' => '/api/cron/getCronLog',
    'page' => '1',
    'limit' => '10',
    'id' => '8',
  ),
  'header' => 
  array (
    'Accept-Language' => 'zh-CN,zh;q=0.9',
    'Accept-Encoding' => 'gzip, deflate',
    'Referer' => 'http://localhost:9528/',
    'Origin' => 'http://localhost:9528',
    'Token' => 'eyJhbGciOiJIUzI1NiIsInR5cCI6IkpXVCJ9.eyJ1aWQiOiIxIiwiaXNzIjoiaW1faHR0cCIsImlhdCI6MTY0MzA5OTM1MiwiZXhwIjoxNjQzMDk5OTUyLCJuYmYiOjE2NDMwOTkzNTIsInN1YiI6ImdhbWUuY29tIiwianRpIjoiNzRkMTg3MjUxM2M5ZDQ2OTlkNzRhMjNlODFjODk3NWUifQ.MolgkidTFXt0KmkSRxg2DnAbbFAZnS-luD1HvwObWPs',
    'User-Agent' => 'Mozilla/5.0 (Windows NT 10.0; Win64; x64) AppleWebKit/537.36 (KHTML, like Gecko) Chrome/97.0.4692.99 Safari/537.36',
    'Accept' => 'application/json, text/plain, */*',
    'Connection' => 'keep-alive',
    'Host' => '192.168.13.209:8082',
  ),
)
[2022-01-26 16:12:47]
array (
  'request' => 
  array (
    '_url' => '/api/cron/getCronLog',
    'page' => '1',
    'limit' => '10',
    'id' => '7',
  ),
  'header' => 
  array (
    'Accept-Language' => 'zh-CN,zh;q=0.9',
    'Accept-Encoding' => 'gzip, deflate',
    'Referer' => 'http://localhost:9528/',
    'Origin' => 'http://localhost:9528',
    'Token' => 'eyJhbGciOiJIUzI1NiIsInR5cCI6IkpXVCJ9.eyJ1aWQiOiIxIiwiaXNzIjoiaW1faHR0cCIsImlhdCI6MTY0MzA5OTM1MiwiZXhwIjoxNjQzMDk5OTUyLCJuYmYiOjE2NDMwOTkzNTIsInN1YiI6ImdhbWUuY29tIiwianRpIjoiNzRkMTg3MjUxM2M5ZDQ2OTlkNzRhMjNlODFjODk3NWUifQ.MolgkidTFXt0KmkSRxg2DnAbbFAZnS-luD1HvwObWPs',
    'User-Agent' => 'Mozilla/5.0 (Windows NT 10.0; Win64; x64) AppleWebKit/537.36 (KHTML, like Gecko) Chrome/97.0.4692.99 Safari/537.36',
    'Accept' => 'application/json, text/plain, */*',
    'Connection' => 'keep-alive',
    'Host' => '192.168.13.209:8082',
  ),
)
[2022-01-26 16:12:49]
array (
  'request' => 
  array (
    '_url' => '/api/cron/getCronLog',
    'page' => '1',
    'limit' => '10',
    'id' => '8',
  ),
  'header' => 
  array (
    'Accept-Language' => 'zh-CN,zh;q=0.9',
    'Accept-Encoding' => 'gzip, deflate',
    'Referer' => 'http://localhost:9528/',
    'Origin' => 'http://localhost:9528',
    'Token' => 'eyJhbGciOiJIUzI1NiIsInR5cCI6IkpXVCJ9.eyJ1aWQiOiIxIiwiaXNzIjoiaW1faHR0cCIsImlhdCI6MTY0MzA5OTM1MiwiZXhwIjoxNjQzMDk5OTUyLCJuYmYiOjE2NDMwOTkzNTIsInN1YiI6ImdhbWUuY29tIiwianRpIjoiNzRkMTg3MjUxM2M5ZDQ2OTlkNzRhMjNlODFjODk3NWUifQ.MolgkidTFXt0KmkSRxg2DnAbbFAZnS-luD1HvwObWPs',
    'User-Agent' => 'Mozilla/5.0 (Windows NT 10.0; Win64; x64) AppleWebKit/537.36 (KHTML, like Gecko) Chrome/97.0.4692.99 Safari/537.36',
    'Accept' => 'application/json, text/plain, */*',
    'Connection' => 'keep-alive',
    'Host' => '192.168.13.209:8082',
  ),
)
[2022-01-26 16:13:07]
array (
  'request' => 
  array (
    '_url' => '/api/log/list',
    'page' => '1',
    'limit' => '10',
    'time' => '',
    'keyword' => '',
  ),
  'header' => 
  array (
    'Accept-Language' => 'zh-CN,zh;q=0.9',
    'Accept-Encoding' => 'gzip, deflate',
    'Referer' => 'http://localhost:9528/',
    'Origin' => 'http://localhost:9528',
    'Token' => 'eyJhbGciOiJIUzI1NiIsInR5cCI6IkpXVCJ9.eyJ1aWQiOiIxIiwiaXNzIjoiaW1faHR0cCIsImlhdCI6MTY0MzA5OTM1MiwiZXhwIjoxNjQzMDk5OTUyLCJuYmYiOjE2NDMwOTkzNTIsInN1YiI6ImdhbWUuY29tIiwianRpIjoiNzRkMTg3MjUxM2M5ZDQ2OTlkNzRhMjNlODFjODk3NWUifQ.MolgkidTFXt0KmkSRxg2DnAbbFAZnS-luD1HvwObWPs',
    'User-Agent' => 'Mozilla/5.0 (Windows NT 10.0; Win64; x64) AppleWebKit/537.36 (KHTML, like Gecko) Chrome/97.0.4692.99 Safari/537.36',
    'Accept' => 'application/json, text/plain, */*',
    'Connection' => 'keep-alive',
    'Host' => '192.168.13.209:8082',
  ),
)
[2022-01-26 16:13:07]
array (
  'request' => 
  array (
    '_url' => '/api/user/getUserAll',
  ),
  'header' => 
  array (
    'Accept-Language' => 'zh-CN,zh;q=0.9',
    'Accept-Encoding' => 'gzip, deflate',
    'Referer' => 'http://localhost:9528/',
    'Origin' => 'http://localhost:9528',
    'Token' => 'eyJhbGciOiJIUzI1NiIsInR5cCI6IkpXVCJ9.eyJ1aWQiOiIxIiwiaXNzIjoiaW1faHR0cCIsImlhdCI6MTY0MzA5OTM1MiwiZXhwIjoxNjQzMDk5OTUyLCJuYmYiOjE2NDMwOTkzNTIsInN1YiI6ImdhbWUuY29tIiwianRpIjoiNzRkMTg3MjUxM2M5ZDQ2OTlkNzRhMjNlODFjODk3NWUifQ.MolgkidTFXt0KmkSRxg2DnAbbFAZnS-luD1HvwObWPs',
    'User-Agent' => 'Mozilla/5.0 (Windows NT 10.0; Win64; x64) AppleWebKit/537.36 (KHTML, like Gecko) Chrome/97.0.4692.99 Safari/537.36',
    'Accept' => 'application/json, text/plain, */*',
    'Connection' => 'keep-alive',
    'Host' => '192.168.13.209:8082',
  ),
)
[2022-01-26 16:13:09]
array (
  'request' => 
  array (
    '_url' => '/api/system/getadmin',
  ),
  'header' => 
  array (
    'Accept-Language' => 'zh-CN,zh;q=0.9',
    'Accept-Encoding' => 'gzip, deflate',
    'Referer' => 'http://localhost:9528/',
    'Origin' => 'http://localhost:9528',
    'Token' => 'eyJhbGciOiJIUzI1NiIsInR5cCI6IkpXVCJ9.eyJ1aWQiOiIxIiwiaXNzIjoiaW1faHR0cCIsImlhdCI6MTY0MzA5OTM1MiwiZXhwIjoxNjQzMDk5OTUyLCJuYmYiOjE2NDMwOTkzNTIsInN1YiI6ImdhbWUuY29tIiwianRpIjoiNzRkMTg3MjUxM2M5ZDQ2OTlkNzRhMjNlODFjODk3NWUifQ.MolgkidTFXt0KmkSRxg2DnAbbFAZnS-luD1HvwObWPs',
    'User-Agent' => 'Mozilla/5.0 (Windows NT 10.0; Win64; x64) AppleWebKit/537.36 (KHTML, like Gecko) Chrome/97.0.4692.99 Safari/537.36',
    'Accept' => 'application/json, text/plain, */*',
    'Connection' => 'keep-alive',
    'Host' => '192.168.13.209:8082',
  ),
)
[2022-01-26 16:13:10]
array (
  'request' => 
  array (
    '_url' => '/api/cron/list',
    'page' => '1',
    'limit' => '10',
  ),
  'header' => 
  array (
    'Accept-Language' => 'zh-CN,zh;q=0.9',
    'Accept-Encoding' => 'gzip, deflate',
    'Referer' => 'http://localhost:9528/',
    'Origin' => 'http://localhost:9528',
    'Token' => 'eyJhbGciOiJIUzI1NiIsInR5cCI6IkpXVCJ9.eyJ1aWQiOiIxIiwiaXNzIjoiaW1faHR0cCIsImlhdCI6MTY0MzA5OTM1MiwiZXhwIjoxNjQzMDk5OTUyLCJuYmYiOjE2NDMwOTkzNTIsInN1YiI6ImdhbWUuY29tIiwianRpIjoiNzRkMTg3MjUxM2M5ZDQ2OTlkNzRhMjNlODFjODk3NWUifQ.MolgkidTFXt0KmkSRxg2DnAbbFAZnS-luD1HvwObWPs',
    'User-Agent' => 'Mozilla/5.0 (Windows NT 10.0; Win64; x64) AppleWebKit/537.36 (KHTML, like Gecko) Chrome/97.0.4692.99 Safari/537.36',
    'Accept' => 'application/json, text/plain, */*',
    'Connection' => 'keep-alive',
    'Host' => '192.168.13.209:8082',
  ),
)
