[Mon, 07 Feb 22 10:08:01 +0800][INFO] SELECT IF(COUNT(*) > 0, 1, 0) FROM `INFORMATION_SCHEMA`.`TABLES` WHERE `TABLE_NAME` = 'admin_log' AND `TABLE_SCHEMA` = DATABASE()
[Mon, 07 Feb 22 10:08:01 +0800][INFO] DESCRIBE `admin_log`
[Mon, 07 Feb 22 10:08:01 +0800][INFO] INSERT INTO `admin_log` (`api`, `name`, `time`, `ip`, `uid`, `status`, `info`, `request`, `client`) VALUES (?, ?, ?, ?, ?, ?, ?, ?, ?)
[Mon, 07 Feb 22 10:08:01 +0800][INFO] SELECT IF(COUNT(*) > 0, 1, 0) FROM `INFORMATION_SCHEMA`.`TABLES` WHERE `TABLE_NAME` = 'admin_user' AND `TABLE_SCHEMA` = DATABASE()
[Mon, 07 Feb 22 10:08:01 +0800][INFO] DESCRIBE `admin_user`
[Mon, 07 Feb 22 10:08:01 +0800][INFO] SELECT `admin_user`.`id`, `admin_user`.`roles`, `admin_user`.`username`, `admin_user`.`name`, `admin_user`.`password`, `admin_user`.`avatar`, `admin_user`.`phone`, `admin_user`.`token`, `admin_user`.`create_time`, `admin_user`.`update_time`, `admin_user`.`email` FROM `admin_user` WHERE `admin_user`.`id` = '1' LIMIT :APL0
[Mon, 07 Feb 22 10:08:01 +0800][INFO] SELECT `admin_user`.`id` AS `id`, `admin_user`.`name` AS `name` FROM `admin_user`
[Mon, 07 Feb 22 10:08:01 +0800][INFO] SELECT IF(COUNT(*) > 0, 1, 0) FROM `INFORMATION_SCHEMA`.`TABLES` WHERE `TABLE_NAME` = 'admin_user' AND `TABLE_SCHEMA` = DATABASE()
[Mon, 07 Feb 22 10:08:01 +0800][INFO] DESCRIBE `admin_user`
[Mon, 07 Feb 22 10:08:01 +0800][INFO] SELECT `admin_user`.`id`, `admin_user`.`roles`, `admin_user`.`username`, `admin_user`.`name`, `admin_user`.`password`, `admin_user`.`avatar`, `admin_user`.`phone`, `admin_user`.`token`, `admin_user`.`create_time`, `admin_user`.`update_time`, `admin_user`.`email` FROM `admin_user` WHERE `admin_user`.`id` = '1' LIMIT :APL0
[Mon, 07 Feb 22 10:08:01 +0800][INFO] SELECT `admin_log`.`id`, `admin_log`.`api`, `admin_log`.`name`, `admin_log`.`time`, `admin_log`.`ip`, `admin_log`.`uid`, `admin_log`.`status`, `admin_log`.`info`, `admin_log`.`request`, `admin_log`.`client` FROM `admin_log` WHERE 1 = 1 ORDER BY `admin_log`.`time` DESC LIMIT :APL0 OFFSET :APL1
[Mon, 07 Feb 22 10:08:01 +0800][INFO] SELECT `admin_user`.`name` AS `name` FROM `admin_user` WHERE `admin_user`.`id` = 1 LIMIT :APL0
[Mon, 07 Feb 22 10:08:01 +0800][INFO] SELECT `admin_user`.`name` AS `name` FROM `admin_user` WHERE `admin_user`.`id` = 1 LIMIT :APL0
[Mon, 07 Feb 22 10:08:01 +0800][INFO] SELECT `admin_user`.`name` AS `name` FROM `admin_user` WHERE `admin_user`.`id` = 1 LIMIT :APL0
[Mon, 07 Feb 22 10:08:01 +0800][INFO] SELECT `admin_user`.`name` AS `name` FROM `admin_user` WHERE `admin_user`.`id` = 1 LIMIT :APL0
[Mon, 07 Feb 22 10:08:01 +0800][INFO] SELECT `admin_user`.`name` AS `name` FROM `admin_user` WHERE `admin_user`.`id` = 1 LIMIT :APL0
[Mon, 07 Feb 22 10:08:01 +0800][INFO] SELECT `admin_user`.`name` AS `name` FROM `admin_user` WHERE `admin_user`.`id` = 1 LIMIT :APL0
[Mon, 07 Feb 22 10:08:01 +0800][INFO] SELECT `admin_user`.`name` AS `name` FROM `admin_user` WHERE `admin_user`.`id` = 1 LIMIT :APL0
[Mon, 07 Feb 22 10:08:01 +0800][INFO] SELECT `admin_user`.`name` AS `name` FROM `admin_user` WHERE `admin_user`.`id` = 1 LIMIT :APL0
[Mon, 07 Feb 22 10:08:01 +0800][INFO] SELECT `admin_user`.`name` AS `name` FROM `admin_user` WHERE `admin_user`.`id` = 1 LIMIT :APL0
[Mon, 07 Feb 22 10:08:01 +0800][INFO] SELECT `admin_user`.`name` AS `name` FROM `admin_user` WHERE `admin_user`.`id` = 1 LIMIT :APL0
[Mon, 07 Feb 22 10:08:01 +0800][INFO] SELECT COUNT(*) AS `rowcount` FROM `admin_log` WHERE 1 = 1
[Mon, 07 Feb 22 10:08:01 +0800][INFO] SELECT IF(COUNT(*) > 0, 1, 0) FROM `INFORMATION_SCHEMA`.`TABLES` WHERE `TABLE_NAME` = 'admin_user' AND `TABLE_SCHEMA` = DATABASE()
[Mon, 07 Feb 22 10:08:01 +0800][INFO] DESCRIBE `admin_user`
[Mon, 07 Feb 22 10:08:01 +0800][INFO] SELECT `admin_user`.`id`, `admin_user`.`roles`, `admin_user`.`username`, `admin_user`.`name`, `admin_user`.`password`, `admin_user`.`avatar`, `admin_user`.`phone`, `admin_user`.`token`, `admin_user`.`create_time`, `admin_user`.`update_time`, `admin_user`.`email` FROM `admin_user` WHERE `admin_user`.`id` = '1' LIMIT :APL0
[Mon, 07 Feb 22 10:08:03 +0800][INFO] SELECT IF(COUNT(*) > 0, 1, 0) FROM `INFORMATION_SCHEMA`.`TABLES` WHERE `TABLE_NAME` = 'admin_user' AND `TABLE_SCHEMA` = DATABASE()
[Mon, 07 Feb 22 10:08:03 +0800][INFO] DESCRIBE `admin_user`
[Mon, 07 Feb 22 10:08:03 +0800][INFO] SELECT IF(COUNT(*) > 0, 1, 0) FROM `INFORMATION_SCHEMA`.`TABLES` WHERE `TABLE_NAME` = 'admin_log' AND `TABLE_SCHEMA` = DATABASE()
[Mon, 07 Feb 22 10:08:03 +0800][INFO] DESCRIBE `admin_log`
[Mon, 07 Feb 22 10:08:03 +0800][INFO] INSERT INTO `admin_log` (`api`, `name`, `time`, `ip`, `uid`, `status`, `info`, `request`, `client`) VALUES (?, ?, ?, ?, ?, ?, ?, ?, ?)
[Mon, 07 Feb 22 10:08:03 +0800][INFO] SELECT `admin_user`.`id`, `admin_user`.`roles`, `admin_user`.`username`, `admin_user`.`name`, `admin_user`.`password`, `admin_user`.`avatar`, `admin_user`.`phone`, `admin_user`.`token`, `admin_user`.`create_time`, `admin_user`.`update_time`, `admin_user`.`email` FROM `admin_user` WHERE `admin_user`.`id` = '1' LIMIT :APL0
[Mon, 07 Feb 22 10:08:03 +0800][INFO] SELECT `admin_user`.`id` AS `id`, `admin_user`.`name` AS `name` FROM `admin_user`
[Mon, 07 Feb 22 10:08:03 +0800][INFO] SELECT IF(COUNT(*) > 0, 1, 0) FROM `INFORMATION_SCHEMA`.`TABLES` WHERE `TABLE_NAME` = 'admin_user' AND `TABLE_SCHEMA` = DATABASE()
[Mon, 07 Feb 22 10:08:03 +0800][INFO] DESCRIBE `admin_user`
[Mon, 07 Feb 22 10:08:03 +0800][INFO] SELECT `admin_user`.`id`, `admin_user`.`roles`, `admin_user`.`username`, `admin_user`.`name`, `admin_user`.`password`, `admin_user`.`avatar`, `admin_user`.`phone`, `admin_user`.`token`, `admin_user`.`create_time`, `admin_user`.`update_time`, `admin_user`.`email` FROM `admin_user` WHERE `admin_user`.`id` = '1' LIMIT :APL0
[Mon, 07 Feb 22 10:08:03 +0800][INFO] SELECT `admin_log`.`id`, `admin_log`.`api`, `admin_log`.`name`, `admin_log`.`time`, `admin_log`.`ip`, `admin_log`.`uid`, `admin_log`.`status`, `admin_log`.`info`, `admin_log`.`request`, `admin_log`.`client` FROM `admin_log` WHERE 1 = 1 ORDER BY `admin_log`.`time` DESC LIMIT :APL0 OFFSET :APL1
[Mon, 07 Feb 22 10:08:03 +0800][INFO] SELECT `admin_user`.`name` AS `name` FROM `admin_user` WHERE `admin_user`.`id` = 1 LIMIT :APL0
[Mon, 07 Feb 22 10:08:03 +0800][INFO] SELECT `admin_user`.`name` AS `name` FROM `admin_user` WHERE `admin_user`.`id` = 1 LIMIT :APL0
[Mon, 07 Feb 22 10:08:03 +0800][INFO] SELECT `admin_user`.`name` AS `name` FROM `admin_user` WHERE `admin_user`.`id` = 1 LIMIT :APL0
[Mon, 07 Feb 22 10:08:03 +0800][INFO] SELECT `admin_user`.`name` AS `name` FROM `admin_user` WHERE `admin_user`.`id` = 1 LIMIT :APL0
[Mon, 07 Feb 22 10:08:03 +0800][INFO] SELECT `admin_user`.`name` AS `name` FROM `admin_user` WHERE `admin_user`.`id` = 1 LIMIT :APL0
[Mon, 07 Feb 22 10:08:03 +0800][INFO] SELECT `admin_user`.`name` AS `name` FROM `admin_user` WHERE `admin_user`.`id` = 1 LIMIT :APL0
[Mon, 07 Feb 22 10:08:03 +0800][INFO] SELECT `admin_user`.`name` AS `name` FROM `admin_user` WHERE `admin_user`.`id` = 1 LIMIT :APL0
[Mon, 07 Feb 22 10:08:03 +0800][INFO] SELECT `admin_user`.`name` AS `name` FROM `admin_user` WHERE `admin_user`.`id` = 1 LIMIT :APL0
[Mon, 07 Feb 22 10:08:03 +0800][INFO] SELECT `admin_user`.`name` AS `name` FROM `admin_user` WHERE `admin_user`.`id` = 1 LIMIT :APL0
[Mon, 07 Feb 22 10:08:03 +0800][INFO] SELECT `admin_user`.`name` AS `name` FROM `admin_user` WHERE `admin_user`.`id` = 1 LIMIT :APL0
[Mon, 07 Feb 22 10:08:03 +0800][INFO] SELECT COUNT(*) AS `rowcount` FROM `admin_log` WHERE 1 = 1
[Mon, 07 Feb 22 10:08:05 +0800][INFO] SELECT IF(COUNT(*) > 0, 1, 0) FROM `INFORMATION_SCHEMA`.`TABLES` WHERE `TABLE_NAME` = 'admin_log' AND `TABLE_SCHEMA` = DATABASE()
[Mon, 07 Feb 22 10:08:05 +0800][INFO] DESCRIBE `admin_log`
[Mon, 07 Feb 22 10:08:05 +0800][INFO] INSERT INTO `admin_log` (`api`, `name`, `time`, `ip`, `uid`, `status`, `info`, `request`, `client`) VALUES (?, ?, ?, ?, ?, ?, ?, ?, ?)
[Mon, 07 Feb 22 10:08:05 +0800][INFO] SELECT IF(COUNT(*) > 0, 1, 0) FROM `INFORMATION_SCHEMA`.`TABLES` WHERE `TABLE_NAME` = 'admin_user' AND `TABLE_SCHEMA` = DATABASE()
[Mon, 07 Feb 22 10:08:05 +0800][INFO] DESCRIBE `admin_user`
[Mon, 07 Feb 22 10:08:05 +0800][INFO] SELECT `admin_user`.`id`, `admin_user`.`roles`, `admin_user`.`username`, `admin_user`.`name`, `admin_user`.`password`, `admin_user`.`avatar`, `admin_user`.`phone`, `admin_user`.`token`, `admin_user`.`create_time`, `admin_user`.`update_time`, `admin_user`.`email` FROM `admin_user` WHERE `admin_user`.`id` = '1' LIMIT :APL0
[Mon, 07 Feb 22 10:08:05 +0800][INFO] SELECT IF(COUNT(*) > 0, 1, 0) FROM `INFORMATION_SCHEMA`.`TABLES` WHERE `TABLE_NAME` = 'admin_cron' AND `TABLE_SCHEMA` = DATABASE()
[Mon, 07 Feb 22 10:08:05 +0800][INFO] DESCRIBE `admin_cron`
[Mon, 07 Feb 22 10:08:05 +0800][INFO] SELECT `admin_cron`.`id`, `admin_cron`.`name`, `admin_cron`.`class`, `admin_cron`.`function`, `admin_cron`.`begin_time`, `admin_cron`.`end_time`, `admin_cron`.`next_time`, `admin_cron`.`cron`, `admin_cron`.`create_time`, `admin_cron`.`update_time`, `admin_cron`.`status` FROM `admin_cron` WHERE 1 = 1 ORDER BY `admin_cron`.`create_time` DESC LIMIT :APL0 OFFSET :APL1
[Mon, 07 Feb 22 10:08:05 +0800][INFO] SELECT COUNT(*) AS `rowcount` FROM `admin_cron` WHERE 1 = 1
[Mon, 07 Feb 22 10:08:07 +0800][INFO] SELECT IF(COUNT(*) > 0, 1, 0) FROM `INFORMATION_SCHEMA`.`TABLES` WHERE `TABLE_NAME` = 'admin_log' AND `TABLE_SCHEMA` = DATABASE()
[Mon, 07 Feb 22 10:08:07 +0800][INFO] DESCRIBE `admin_log`
[Mon, 07 Feb 22 10:08:07 +0800][INFO] SELECT IF(COUNT(*) > 0, 1, 0) FROM `INFORMATION_SCHEMA`.`TABLES` WHERE `TABLE_NAME` = 'admin_log' AND `TABLE_SCHEMA` = DATABASE()
[Mon, 07 Feb 22 10:08:07 +0800][INFO] DESCRIBE `admin_log`
[Mon, 07 Feb 22 10:08:07 +0800][INFO] INSERT INTO `admin_log` (`api`, `name`, `time`, `ip`, `uid`, `status`, `info`, `request`, `client`) VALUES (?, ?, ?, ?, ?, ?, ?, ?, ?)
[Mon, 07 Feb 22 10:08:07 +0800][INFO] INSERT INTO `admin_log` (`api`, `name`, `time`, `ip`, `uid`, `status`, `info`, `request`, `client`) VALUES (?, ?, ?, ?, ?, ?, ?, ?, ?)
[Mon, 07 Feb 22 10:08:07 +0800][INFO] SELECT IF(COUNT(*) > 0, 1, 0) FROM `INFORMATION_SCHEMA`.`TABLES` WHERE `TABLE_NAME` = 'admin_user' AND `TABLE_SCHEMA` = DATABASE()
[Mon, 07 Feb 22 10:08:07 +0800][INFO] DESCRIBE `admin_user`
[Mon, 07 Feb 22 10:08:07 +0800][INFO] SELECT `admin_user`.`id`, `admin_user`.`roles`, `admin_user`.`username`, `admin_user`.`name`, `admin_user`.`password`, `admin_user`.`avatar`, `admin_user`.`phone`, `admin_user`.`token`, `admin_user`.`create_time`, `admin_user`.`update_time`, `admin_user`.`email` FROM `admin_user` WHERE `admin_user`.`id` = '1' LIMIT :APL0
[Mon, 07 Feb 22 10:08:07 +0800][INFO] SELECT IF(COUNT(*) > 0, 1, 0) FROM `INFORMATION_SCHEMA`.`TABLES` WHERE `TABLE_NAME` = 'admin_user' AND `TABLE_SCHEMA` = DATABASE()
[Mon, 07 Feb 22 10:08:07 +0800][INFO] DESCRIBE `admin_user`
[Mon, 07 Feb 22 10:08:07 +0800][INFO] SELECT `admin_user`.`id`, `admin_user`.`roles`, `admin_user`.`username`, `admin_user`.`name`, `admin_user`.`password`, `admin_user`.`avatar`, `admin_user`.`phone`, `admin_user`.`token`, `admin_user`.`create_time`, `admin_user`.`update_time`, `admin_user`.`email` FROM `admin_user` WHERE `admin_user`.`id` = '1' LIMIT :APL0
[Mon, 07 Feb 22 10:10:08 +0800][INFO] SELECT IF(COUNT(*) > 0, 1, 0) FROM `INFORMATION_SCHEMA`.`TABLES` WHERE `TABLE_NAME` = 'admin_log' AND `TABLE_SCHEMA` = DATABASE()
[Mon, 07 Feb 22 10:10:08 +0800][INFO] DESCRIBE `admin_log`
[Mon, 07 Feb 22 10:10:08 +0800][INFO] INSERT INTO `admin_log` (`api`, `name`, `time`, `ip`, `uid`, `status`, `info`, `request`, `client`) VALUES (?, ?, ?, ?, ?, ?, ?, ?, ?)
[Mon, 07 Feb 22 10:10:08 +0800][INFO] SELECT IF(COUNT(*) > 0, 1, 0) FROM `INFORMATION_SCHEMA`.`TABLES` WHERE `TABLE_NAME` = 'admin_user' AND `TABLE_SCHEMA` = DATABASE()
[Mon, 07 Feb 22 10:10:08 +0800][INFO] DESCRIBE `admin_user`
[Mon, 07 Feb 22 10:10:08 +0800][INFO] SELECT `admin_user`.`id`, `admin_user`.`roles`, `admin_user`.`username`, `admin_user`.`name`, `admin_user`.`password`, `admin_user`.`avatar`, `admin_user`.`phone`, `admin_user`.`token`, `admin_user`.`create_time`, `admin_user`.`update_time`, `admin_user`.`email` FROM `admin_user` WHERE `admin_user`.`id` = '1' LIMIT :APL0
[Mon, 07 Feb 22 10:10:09 +0800][INFO] SELECT IF(COUNT(*) > 0, 1, 0) FROM `INFORMATION_SCHEMA`.`TABLES` WHERE `TABLE_NAME` = 'admin_user' AND `TABLE_SCHEMA` = DATABASE()
[Mon, 07 Feb 22 10:10:09 +0800][INFO] DESCRIBE `admin_user`
[Mon, 07 Feb 22 10:10:09 +0800][INFO] SELECT `admin_user`.`id`, `admin_user`.`roles`, `admin_user`.`username`, `admin_user`.`name`, `admin_user`.`password`, `admin_user`.`avatar`, `admin_user`.`phone`, `admin_user`.`token`, `admin_user`.`create_time`, `admin_user`.`update_time`, `admin_user`.`email` FROM `admin_user` WHERE `admin_user`.`id` = '1' LIMIT :APL0
[Mon, 07 Feb 22 10:10:09 +0800][INFO] SELECT IF(COUNT(*) > 0, 1, 0) FROM `INFORMATION_SCHEMA`.`TABLES` WHERE `TABLE_NAME` = 'admin_log' AND `TABLE_SCHEMA` = DATABASE()
[Mon, 07 Feb 22 10:10:09 +0800][INFO] DESCRIBE `admin_log`
[Mon, 07 Feb 22 10:10:09 +0800][INFO] INSERT INTO `admin_log` (`api`, `name`, `time`, `ip`, `uid`, `status`, `info`, `request`, `client`) VALUES (?, ?, ?, ?, ?, ?, ?, ?, ?)
[Mon, 07 Feb 22 10:10:09 +0800][INFO] SELECT IF(COUNT(*) > 0, 1, 0) FROM `INFORMATION_SCHEMA`.`TABLES` WHERE `TABLE_NAME` = 'admin_roles' AND `TABLE_SCHEMA` = DATABASE()
[Mon, 07 Feb 22 10:10:09 +0800][INFO] DESCRIBE `admin_roles`
[Mon, 07 Feb 22 10:10:09 +0800][INFO] SELECT `admin_roles`.`id`, `admin_roles`.`name`, `admin_roles`.`roles`, `admin_roles`.`desc`, `admin_roles`.`create_time`, `admin_roles`.`update_time` FROM `admin_roles`
[Mon, 07 Feb 22 10:10:09 +0800][INFO] SELECT IF(COUNT(*) > 0, 1, 0) FROM `INFORMATION_SCHEMA`.`TABLES` WHERE `TABLE_NAME` = 'admin_user' AND `TABLE_SCHEMA` = DATABASE()
[Mon, 07 Feb 22 10:10:09 +0800][INFO] DESCRIBE `admin_user`
[Mon, 07 Feb 22 10:10:09 +0800][INFO] SELECT `admin_user`.`id`, `admin_user`.`roles`, `admin_user`.`username`, `admin_user`.`name`, `admin_user`.`password`, `admin_user`.`avatar`, `admin_user`.`phone`, `admin_user`.`token`, `admin_user`.`create_time`, `admin_user`.`update_time`, `admin_user`.`email` FROM `admin_user` WHERE `admin_user`.`id` = '1' LIMIT :APL0
[Mon, 07 Feb 22 10:10:09 +0800][INFO] SELECT `admin_user`.`id` AS `id`, `admin_user`.`name` AS `name`, `admin_user`.`roles` AS `roles`, `admin_user`.`phone` AS `phone`, `admin_user`.`email` AS `email`, `admin_user`.`username` AS `username`, `admin_user`.`create_time` AS `create_time` FROM `admin_user` WHERE 1 = 1 LIMIT :APL0 OFFSET :APL1
[Mon, 07 Feb 22 10:10:09 +0800][INFO] SELECT IF(COUNT(*) > 0, 1, 0) FROM `INFORMATION_SCHEMA`.`TABLES` WHERE `TABLE_NAME` = 'admin_roles' AND `TABLE_SCHEMA` = DATABASE()
[Mon, 07 Feb 22 10:10:09 +0800][INFO] DESCRIBE `admin_roles`
[Mon, 07 Feb 22 10:10:09 +0800][INFO] SELECT `admin_roles`.`id`, `admin_roles`.`name`, `admin_roles`.`roles`, `admin_roles`.`desc`, `admin_roles`.`create_time`, `admin_roles`.`update_time` FROM `admin_roles` WHERE `admin_roles`.`id` = 1 LIMIT :APL0
[Mon, 07 Feb 22 10:10:09 +0800][INFO] SELECT COUNT(*) AS `rowcount` FROM `admin_user` WHERE 1 = 1
[Mon, 07 Feb 22 10:10:16 +0800][INFO] SELECT IF(COUNT(*) > 0, 1, 0) FROM `INFORMATION_SCHEMA`.`TABLES` WHERE `TABLE_NAME` = 'admin_log' AND `TABLE_SCHEMA` = DATABASE()
[Mon, 07 Feb 22 10:10:16 +0800][INFO] DESCRIBE `admin_log`
[Mon, 07 Feb 22 10:10:16 +0800][INFO] INSERT INTO `admin_log` (`api`, `name`, `time`, `ip`, `uid`, `status`, `info`, `request`, `client`) VALUES (?, ?, ?, ?, ?, ?, ?, ?, ?)
[Mon, 07 Feb 22 10:10:16 +0800][INFO] SELECT IF(COUNT(*) > 0, 1, 0) FROM `INFORMATION_SCHEMA`.`TABLES` WHERE `TABLE_NAME` = 'admin_user' AND `TABLE_SCHEMA` = DATABASE()
[Mon, 07 Feb 22 10:10:16 +0800][INFO] DESCRIBE `admin_user`
[Mon, 07 Feb 22 10:10:16 +0800][INFO] SELECT `admin_user`.`id`, `admin_user`.`roles`, `admin_user`.`username`, `admin_user`.`name`, `admin_user`.`password`, `admin_user`.`avatar`, `admin_user`.`phone`, `admin_user`.`token`, `admin_user`.`create_time`, `admin_user`.`update_time`, `admin_user`.`email` FROM `admin_user` WHERE `admin_user`.`id` = '1' LIMIT :APL0
[Mon, 07 Feb 22 10:10:16 +0800][INFO] SELECT `admin_user`.`id` AS `id`, `admin_user`.`name` AS `name`, `admin_user`.`roles` AS `roles`, `admin_user`.`phone` AS `phone`, `admin_user`.`email` AS `email`, `admin_user`.`username` AS `username`, `admin_user`.`create_time` AS `create_time` FROM `admin_user` WHERE 1 = 1 AND `admin_user`.`name` LIKE '%qqq%' LIMIT :APL0 OFFSET :APL1
[Mon, 07 Feb 22 10:10:16 +0800][INFO] SELECT COUNT(*) AS `rowcount` FROM `admin_user` WHERE 1 = 1 AND `admin_user`.`name` LIKE '%qqq%'
[Mon, 07 Feb 22 10:10:17 +0800][INFO] SELECT IF(COUNT(*) > 0, 1, 0) FROM `INFORMATION_SCHEMA`.`TABLES` WHERE `TABLE_NAME` = 'admin_log' AND `TABLE_SCHEMA` = DATABASE()
[Mon, 07 Feb 22 10:10:17 +0800][INFO] DESCRIBE `admin_log`
[Mon, 07 Feb 22 10:10:17 +0800][INFO] INSERT INTO `admin_log` (`api`, `name`, `time`, `ip`, `uid`, `status`, `info`, `request`, `client`) VALUES (?, ?, ?, ?, ?, ?, ?, ?, ?)
[Mon, 07 Feb 22 10:10:17 +0800][INFO] SELECT IF(COUNT(*) > 0, 1, 0) FROM `INFORMATION_SCHEMA`.`TABLES` WHERE `TABLE_NAME` = 'admin_user' AND `TABLE_SCHEMA` = DATABASE()
[Mon, 07 Feb 22 10:10:17 +0800][INFO] DESCRIBE `admin_user`
[Mon, 07 Feb 22 10:10:17 +0800][INFO] SELECT `admin_user`.`id`, `admin_user`.`roles`, `admin_user`.`username`, `admin_user`.`name`, `admin_user`.`password`, `admin_user`.`avatar`, `admin_user`.`phone`, `admin_user`.`token`, `admin_user`.`create_time`, `admin_user`.`update_time`, `admin_user`.`email` FROM `admin_user` WHERE `admin_user`.`id` = '1' LIMIT :APL0
[Mon, 07 Feb 22 10:10:17 +0800][INFO] SELECT `admin_user`.`id` AS `id`, `admin_user`.`name` AS `name`, `admin_user`.`roles` AS `roles`, `admin_user`.`phone` AS `phone`, `admin_user`.`email` AS `email`, `admin_user`.`username` AS `username`, `admin_user`.`create_time` AS `create_time` FROM `admin_user` WHERE 1 = 1 AND `admin_user`.`name` LIKE '%qqq%' LIMIT :APL0 OFFSET :APL1
[Mon, 07 Feb 22 10:10:17 +0800][INFO] SELECT COUNT(*) AS `rowcount` FROM `admin_user` WHERE 1 = 1 AND `admin_user`.`name` LIKE '%qqq%'
[Mon, 07 Feb 22 10:10:21 +0800][INFO] SELECT IF(COUNT(*) > 0, 1, 0) FROM `INFORMATION_SCHEMA`.`TABLES` WHERE `TABLE_NAME` = 'admin_log' AND `TABLE_SCHEMA` = DATABASE()
[Mon, 07 Feb 22 10:10:21 +0800][INFO] DESCRIBE `admin_log`
[Mon, 07 Feb 22 10:10:21 +0800][INFO] INSERT INTO `admin_log` (`api`, `name`, `time`, `ip`, `uid`, `status`, `info`, `request`, `client`) VALUES (?, ?, ?, ?, ?, ?, ?, ?, ?)
[Mon, 07 Feb 22 10:10:21 +0800][INFO] SELECT IF(COUNT(*) > 0, 1, 0) FROM `INFORMATION_SCHEMA`.`TABLES` WHERE `TABLE_NAME` = 'admin_user' AND `TABLE_SCHEMA` = DATABASE()
[Mon, 07 Feb 22 10:10:21 +0800][INFO] DESCRIBE `admin_user`
[Mon, 07 Feb 22 10:10:21 +0800][INFO] SELECT `admin_user`.`id`, `admin_user`.`roles`, `admin_user`.`username`, `admin_user`.`name`, `admin_user`.`password`, `admin_user`.`avatar`, `admin_user`.`phone`, `admin_user`.`token`, `admin_user`.`create_time`, `admin_user`.`update_time`, `admin_user`.`email` FROM `admin_user` WHERE `admin_user`.`id` = '1' LIMIT :APL0
[Mon, 07 Feb 22 10:10:21 +0800][INFO] SELECT `admin_user`.`id` AS `id`, `admin_user`.`name` AS `name`, `admin_user`.`roles` AS `roles`, `admin_user`.`phone` AS `phone`, `admin_user`.`email` AS `email`, `admin_user`.`username` AS `username`, `admin_user`.`create_time` AS `create_time` FROM `admin_user` WHERE 1 = 1 LIMIT :APL0 OFFSET :APL1
[Mon, 07 Feb 22 10:10:21 +0800][INFO] SELECT IF(COUNT(*) > 0, 1, 0) FROM `INFORMATION_SCHEMA`.`TABLES` WHERE `TABLE_NAME` = 'admin_roles' AND `TABLE_SCHEMA` = DATABASE()
[Mon, 07 Feb 22 10:10:21 +0800][INFO] DESCRIBE `admin_roles`
[Mon, 07 Feb 22 10:10:21 +0800][INFO] SELECT `admin_roles`.`id`, `admin_roles`.`name`, `admin_roles`.`roles`, `admin_roles`.`desc`, `admin_roles`.`create_time`, `admin_roles`.`update_time` FROM `admin_roles` WHERE `admin_roles`.`id` = 1 LIMIT :APL0
[Mon, 07 Feb 22 10:10:21 +0800][INFO] SELECT COUNT(*) AS `rowcount` FROM `admin_user` WHERE 1 = 1
[Mon, 07 Feb 22 10:50:30 +0800][INFO] SELECT IF(COUNT(*) > 0, 1, 0) FROM `INFORMATION_SCHEMA`.`TABLES` WHERE `TABLE_NAME` = 'admin_log' AND `TABLE_SCHEMA` = DATABASE()
[Mon, 07 Feb 22 10:50:30 +0800][INFO] DESCRIBE `admin_log`
[Mon, 07 Feb 22 10:50:30 +0800][INFO] INSERT INTO `admin_log` (`api`, `name`, `time`, `ip`, `uid`, `status`, `info`, `request`, `client`) VALUES (?, ?, ?, ?, ?, ?, ?, ?, ?)
[Mon, 07 Feb 22 10:50:30 +0800][INFO] SELECT IF(COUNT(*) > 0, 1, 0) FROM `INFORMATION_SCHEMA`.`TABLES` WHERE `TABLE_NAME` = 'admin_user' AND `TABLE_SCHEMA` = DATABASE()
[Mon, 07 Feb 22 10:50:30 +0800][INFO] DESCRIBE `admin_user`
[Mon, 07 Feb 22 10:50:30 +0800][INFO] SELECT `admin_user`.`id`, `admin_user`.`roles`, `admin_user`.`username`, `admin_user`.`name`, `admin_user`.`password`, `admin_user`.`avatar`, `admin_user`.`phone`, `admin_user`.`token`, `admin_user`.`create_time`, `admin_user`.`update_time`, `admin_user`.`email` FROM `admin_user` WHERE `admin_user`.`id` = '1' LIMIT :APL0
[Mon, 07 Feb 22 10:50:32 +0800][INFO] SELECT IF(COUNT(*) > 0, 1, 0) FROM `INFORMATION_SCHEMA`.`TABLES` WHERE `TABLE_NAME` = 'admin_user' AND `TABLE_SCHEMA` = DATABASE()
[Mon, 07 Feb 22 10:50:32 +0800][INFO] DESCRIBE `admin_user`
[Mon, 07 Feb 22 10:50:32 +0800][INFO] SELECT `admin_user`.`id`, `admin_user`.`roles`, `admin_user`.`username`, `admin_user`.`name`, `admin_user`.`password`, `admin_user`.`avatar`, `admin_user`.`phone`, `admin_user`.`token`, `admin_user`.`create_time`, `admin_user`.`update_time`, `admin_user`.`email` FROM `admin_user` WHERE `admin_user`.`id` = '1' LIMIT :APL0
[Mon, 07 Feb 22 10:50:32 +0800][INFO] SELECT IF(COUNT(*) > 0, 1, 0) FROM `INFORMATION_SCHEMA`.`TABLES` WHERE `TABLE_NAME` = 'admin_menu' AND `TABLE_SCHEMA` = DATABASE()
[Mon, 07 Feb 22 10:50:32 +0800][INFO] DESCRIBE `admin_menu`
[Mon, 07 Feb 22 10:50:32 +0800][INFO] SELECT `admin_menu`.`id`, `admin_menu`.`name`, `admin_menu`.`pid`, `admin_menu`.`path`, `admin_menu`.`component`, `admin_menu`.`redirect`, `admin_menu`.`status`, `admin_menu`.`alwaysShow`, `admin_menu`.`meta`, `admin_menu`.`create_time`, `admin_menu`.`update_time`, `admin_menu`.`hidden`, `admin_menu`.`order` FROM `admin_menu` WHERE `admin_menu`.`status` = 0 ORDER BY `admin_menu`.`order` ASC
[Mon, 07 Feb 22 10:50:32 +0800][INFO] SELECT IF(COUNT(*) > 0, 1, 0) FROM `INFORMATION_SCHEMA`.`TABLES` WHERE `TABLE_NAME` = 'admin_log' AND `TABLE_SCHEMA` = DATABASE()
[Mon, 07 Feb 22 10:50:32 +0800][INFO] DESCRIBE `admin_log`
[Mon, 07 Feb 22 10:50:32 +0800][INFO] INSERT INTO `admin_log` (`api`, `name`, `time`, `ip`, `uid`, `status`, `info`, `request`, `client`) VALUES (?, ?, ?, ?, ?, ?, ?, ?, ?)
[Mon, 07 Feb 22 10:50:32 +0800][INFO] SELECT IF(COUNT(*) > 0, 1, 0) FROM `INFORMATION_SCHEMA`.`TABLES` WHERE `TABLE_NAME` = 'admin_user' AND `TABLE_SCHEMA` = DATABASE()
[Mon, 07 Feb 22 10:50:32 +0800][INFO] DESCRIBE `admin_user`
[Mon, 07 Feb 22 10:50:32 +0800][INFO] SELECT `admin_user`.`id`, `admin_user`.`roles`, `admin_user`.`username`, `admin_user`.`name`, `admin_user`.`password`, `admin_user`.`avatar`, `admin_user`.`phone`, `admin_user`.`token`, `admin_user`.`create_time`, `admin_user`.`update_time`, `admin_user`.`email` FROM `admin_user` WHERE `admin_user`.`id` = '1' LIMIT :APL0
[Mon, 07 Feb 22 10:50:32 +0800][INFO] SELECT IF(COUNT(*) > 0, 1, 0) FROM `INFORMATION_SCHEMA`.`TABLES` WHERE `TABLE_NAME` = 'admin_roles' AND `TABLE_SCHEMA` = DATABASE()
[Mon, 07 Feb 22 10:50:32 +0800][INFO] DESCRIBE `admin_roles`
[Mon, 07 Feb 22 10:50:32 +0800][INFO] SELECT `admin_roles`.`id`, `admin_roles`.`name`, `admin_roles`.`roles`, `admin_roles`.`desc`, `admin_roles`.`create_time`, `admin_roles`.`update_time` FROM `admin_roles` LIMIT :APL0 OFFSET :APL1
[Mon, 07 Feb 22 10:50:32 +0800][INFO] SELECT IF(COUNT(*) > 0, 1, 0) FROM `INFORMATION_SCHEMA`.`TABLES` WHERE `TABLE_NAME` = 'admin_menu' AND `TABLE_SCHEMA` = DATABASE()
[Mon, 07 Feb 22 10:50:32 +0800][INFO] DESCRIBE `admin_menu`
[Mon, 07 Feb 22 10:50:32 +0800][INFO] SELECT `admin_menu`.`id`, `admin_menu`.`name`, `admin_menu`.`pid`, `admin_menu`.`path`, `admin_menu`.`component`, `admin_menu`.`redirect`, `admin_menu`.`status`, `admin_menu`.`alwaysShow`, `admin_menu`.`meta`, `admin_menu`.`create_time`, `admin_menu`.`update_time`, `admin_menu`.`hidden`, `admin_menu`.`order` FROM `admin_menu`
[Mon, 07 Feb 22 10:50:32 +0800][INFO] SELECT IF(COUNT(*) > 0, 1, 0) FROM `INFORMATION_SCHEMA`.`TABLES` WHERE `TABLE_NAME` = 'admin_permissions' AND `TABLE_SCHEMA` = DATABASE()
[Mon, 07 Feb 22 10:50:32 +0800][INFO] DESCRIBE `admin_permissions`
[Mon, 07 Feb 22 10:50:32 +0800][INFO] SELECT `admin_permissions`.`role_id`, `admin_permissions`.`permissions` FROM `admin_permissions` WHERE `admin_permissions`.`role_id` = '3'
[Mon, 07 Feb 22 10:50:32 +0800][INFO] SELECT `admin_menu`.`id`, `admin_menu`.`name`, `admin_menu`.`pid`, `admin_menu`.`path`, `admin_menu`.`component`, `admin_menu`.`redirect`, `admin_menu`.`status`, `admin_menu`.`alwaysShow`, `admin_menu`.`meta`, `admin_menu`.`create_time`, `admin_menu`.`update_time`, `admin_menu`.`hidden`, `admin_menu`.`order` FROM `admin_menu` WHERE `admin_menu`.`id` IN ('47', '48', '49', '3', '4', '5')
[Mon, 07 Feb 22 10:50:33 +0800][INFO] SELECT IF(COUNT(*) > 0, 1, 0) FROM `INFORMATION_SCHEMA`.`TABLES` WHERE `TABLE_NAME` = 'admin_log' AND `TABLE_SCHEMA` = DATABASE()
[Mon, 07 Feb 22 10:50:33 +0800][INFO] DESCRIBE `admin_log`
[Mon, 07 Feb 22 10:50:33 +0800][INFO] INSERT INTO `admin_log` (`api`, `name`, `time`, `ip`, `uid`, `status`, `info`, `request`, `client`) VALUES (?, ?, ?, ?, ?, ?, ?, ?, ?)
[Mon, 07 Feb 22 10:50:33 +0800][INFO] SELECT IF(COUNT(*) > 0, 1, 0) FROM `INFORMATION_SCHEMA`.`TABLES` WHERE `TABLE_NAME` = 'admin_user' AND `TABLE_SCHEMA` = DATABASE()
[Mon, 07 Feb 22 10:50:33 +0800][INFO] DESCRIBE `admin_user`
[Mon, 07 Feb 22 10:50:33 +0800][INFO] SELECT `admin_user`.`id`, `admin_user`.`roles`, `admin_user`.`username`, `admin_user`.`name`, `admin_user`.`password`, `admin_user`.`avatar`, `admin_user`.`phone`, `admin_user`.`token`, `admin_user`.`create_time`, `admin_user`.`update_time`, `admin_user`.`email` FROM `admin_user` WHERE `admin_user`.`id` = '1' LIMIT :APL0
[Mon, 07 Feb 22 10:50:33 +0800][INFO] SELECT IF(COUNT(*) > 0, 1, 0) FROM `INFORMATION_SCHEMA`.`TABLES` WHERE `TABLE_NAME` = 'admin_cron' AND `TABLE_SCHEMA` = DATABASE()
[Mon, 07 Feb 22 10:50:33 +0800][INFO] DESCRIBE `admin_cron`
[Mon, 07 Feb 22 10:50:33 +0800][INFO] SELECT `admin_cron`.`id`, `admin_cron`.`name`, `admin_cron`.`class`, `admin_cron`.`function`, `admin_cron`.`begin_time`, `admin_cron`.`end_time`, `admin_cron`.`next_time`, `admin_cron`.`cron`, `admin_cron`.`create_time`, `admin_cron`.`update_time`, `admin_cron`.`status` FROM `admin_cron` WHERE 1 = 1 ORDER BY `admin_cron`.`create_time` DESC LIMIT :APL0 OFFSET :APL1
[Mon, 07 Feb 22 10:50:33 +0800][INFO] SELECT COUNT(*) AS `rowcount` FROM `admin_cron` WHERE 1 = 1
[Mon, 07 Feb 22 10:50:40 +0800][INFO] SELECT IF(COUNT(*) > 0, 1, 0) FROM `INFORMATION_SCHEMA`.`TABLES` WHERE `TABLE_NAME` = 'admin_log' AND `TABLE_SCHEMA` = DATABASE()
[Mon, 07 Feb 22 10:50:40 +0800][INFO] DESCRIBE `admin_log`
[Mon, 07 Feb 22 10:50:40 +0800][INFO] SELECT IF(COUNT(*) > 0, 1, 0) FROM `INFORMATION_SCHEMA`.`TABLES` WHERE `TABLE_NAME` = 'admin_log' AND `TABLE_SCHEMA` = DATABASE()
[Mon, 07 Feb 22 10:50:40 +0800][INFO] DESCRIBE `admin_log`
[Mon, 07 Feb 22 10:50:40 +0800][INFO] INSERT INTO `admin_log` (`api`, `name`, `time`, `ip`, `uid`, `status`, `info`, `request`, `client`) VALUES (?, ?, ?, ?, ?, ?, ?, ?, ?)
[Mon, 07 Feb 22 10:50:40 +0800][INFO] INSERT INTO `admin_log` (`api`, `name`, `time`, `ip`, `uid`, `status`, `info`, `request`, `client`) VALUES (?, ?, ?, ?, ?, ?, ?, ?, ?)
[Mon, 07 Feb 22 10:50:40 +0800][INFO] SELECT IF(COUNT(*) > 0, 1, 0) FROM `INFORMATION_SCHEMA`.`TABLES` WHERE `TABLE_NAME` = 'admin_user' AND `TABLE_SCHEMA` = DATABASE()
[Mon, 07 Feb 22 10:50:40 +0800][INFO] DESCRIBE `admin_user`
[Mon, 07 Feb 22 10:50:40 +0800][INFO] SELECT IF(COUNT(*) > 0, 1, 0) FROM `INFORMATION_SCHEMA`.`TABLES` WHERE `TABLE_NAME` = 'admin_user' AND `TABLE_SCHEMA` = DATABASE()
[Mon, 07 Feb 22 10:50:40 +0800][INFO] DESCRIBE `admin_user`
[Mon, 07 Feb 22 10:50:40 +0800][INFO] SELECT `admin_user`.`id`, `admin_user`.`roles`, `admin_user`.`username`, `admin_user`.`name`, `admin_user`.`password`, `admin_user`.`avatar`, `admin_user`.`phone`, `admin_user`.`token`, `admin_user`.`create_time`, `admin_user`.`update_time`, `admin_user`.`email` FROM `admin_user` WHERE `admin_user`.`id` = '1' LIMIT :APL0
[Mon, 07 Feb 22 10:50:40 +0800][INFO] SELECT `admin_user`.`id`, `admin_user`.`roles`, `admin_user`.`username`, `admin_user`.`name`, `admin_user`.`password`, `admin_user`.`avatar`, `admin_user`.`phone`, `admin_user`.`token`, `admin_user`.`create_time`, `admin_user`.`update_time`, `admin_user`.`email` FROM `admin_user` WHERE `admin_user`.`id` = '1' LIMIT :APL0
[Mon, 07 Feb 22 10:50:44 +0800][INFO] SELECT IF(COUNT(*) > 0, 1, 0) FROM `INFORMATION_SCHEMA`.`TABLES` WHERE `TABLE_NAME` = 'admin_log' AND `TABLE_SCHEMA` = DATABASE()
[Mon, 07 Feb 22 10:50:44 +0800][INFO] DESCRIBE `admin_log`
[Mon, 07 Feb 22 10:50:44 +0800][INFO] INSERT INTO `admin_log` (`api`, `name`, `time`, `ip`, `uid`, `status`, `info`, `request`, `client`) VALUES (?, ?, ?, ?, ?, ?, ?, ?, ?)
[Mon, 07 Feb 22 10:50:44 +0800][INFO] SELECT IF(COUNT(*) > 0, 1, 0) FROM `INFORMATION_SCHEMA`.`TABLES` WHERE `TABLE_NAME` = 'admin_user' AND `TABLE_SCHEMA` = DATABASE()
[Mon, 07 Feb 22 10:50:44 +0800][INFO] DESCRIBE `admin_user`
[Mon, 07 Feb 22 10:50:44 +0800][INFO] SELECT `admin_user`.`id`, `admin_user`.`roles`, `admin_user`.`username`, `admin_user`.`name`, `admin_user`.`password`, `admin_user`.`avatar`, `admin_user`.`phone`, `admin_user`.`token`, `admin_user`.`create_time`, `admin_user`.`update_time`, `admin_user`.`email` FROM `admin_user` WHERE `admin_user`.`id` = '1' LIMIT :APL0
[Mon, 07 Feb 22 10:50:46 +0800][INFO] SELECT IF(COUNT(*) > 0, 1, 0) FROM `INFORMATION_SCHEMA`.`TABLES` WHERE `TABLE_NAME` = 'admin_log' AND `TABLE_SCHEMA` = DATABASE()
[Mon, 07 Feb 22 10:50:46 +0800][INFO] DESCRIBE `admin_log`
[Mon, 07 Feb 22 10:50:46 +0800][INFO] SELECT IF(COUNT(*) > 0, 1, 0) FROM `INFORMATION_SCHEMA`.`TABLES` WHERE `TABLE_NAME` = 'admin_log' AND `TABLE_SCHEMA` = DATABASE()
[Mon, 07 Feb 22 10:50:46 +0800][INFO] DESCRIBE `admin_log`
[Mon, 07 Feb 22 10:50:46 +0800][INFO] INSERT INTO `admin_log` (`api`, `name`, `time`, `ip`, `uid`, `status`, `info`, `request`, `client`) VALUES (?, ?, ?, ?, ?, ?, ?, ?, ?)
[Mon, 07 Feb 22 10:50:46 +0800][INFO] INSERT INTO `admin_log` (`api`, `name`, `time`, `ip`, `uid`, `status`, `info`, `request`, `client`) VALUES (?, ?, ?, ?, ?, ?, ?, ?, ?)
[Mon, 07 Feb 22 10:50:46 +0800][INFO] SELECT IF(COUNT(*) > 0, 1, 0) FROM `INFORMATION_SCHEMA`.`TABLES` WHERE `TABLE_NAME` = 'admin_user' AND `TABLE_SCHEMA` = DATABASE()
[Mon, 07 Feb 22 10:50:46 +0800][INFO] DESCRIBE `admin_user`
[Mon, 07 Feb 22 10:50:46 +0800][INFO] SELECT IF(COUNT(*) > 0, 1, 0) FROM `INFORMATION_SCHEMA`.`TABLES` WHERE `TABLE_NAME` = 'admin_user' AND `TABLE_SCHEMA` = DATABASE()
[Mon, 07 Feb 22 10:50:46 +0800][INFO] DESCRIBE `admin_user`
[Mon, 07 Feb 22 10:50:46 +0800][INFO] SELECT `admin_user`.`id`, `admin_user`.`roles`, `admin_user`.`username`, `admin_user`.`name`, `admin_user`.`password`, `admin_user`.`avatar`, `admin_user`.`phone`, `admin_user`.`token`, `admin_user`.`create_time`, `admin_user`.`update_time`, `admin_user`.`email` FROM `admin_user` WHERE `admin_user`.`id` = '1' LIMIT :APL0
[Mon, 07 Feb 22 10:50:46 +0800][INFO] SELECT `admin_user`.`id`, `admin_user`.`roles`, `admin_user`.`username`, `admin_user`.`name`, `admin_user`.`password`, `admin_user`.`avatar`, `admin_user`.`phone`, `admin_user`.`token`, `admin_user`.`create_time`, `admin_user`.`update_time`, `admin_user`.`email` FROM `admin_user` WHERE `admin_user`.`id` = '1' LIMIT :APL0
[Mon, 07 Feb 22 10:53:28 +0800][INFO] SELECT IF(COUNT(*) > 0, 1, 0) FROM `INFORMATION_SCHEMA`.`TABLES` WHERE `TABLE_NAME` = 'admin_log' AND `TABLE_SCHEMA` = DATABASE()
[Mon, 07 Feb 22 10:53:28 +0800][INFO] SELECT IF(COUNT(*) > 0, 1, 0) FROM `INFORMATION_SCHEMA`.`TABLES` WHERE `TABLE_NAME` = 'admin_log' AND `TABLE_SCHEMA` = DATABASE()
[Mon, 07 Feb 22 10:53:28 +0800][INFO] DESCRIBE `admin_log`
[Mon, 07 Feb 22 10:53:28 +0800][INFO] DESCRIBE `admin_log`
[Mon, 07 Feb 22 10:53:28 +0800][INFO] INSERT INTO `admin_log` (`api`, `name`, `time`, `ip`, `uid`, `status`, `info`, `request`, `client`) VALUES (?, ?, ?, ?, ?, ?, ?, ?, ?)
[Mon, 07 Feb 22 10:53:28 +0800][INFO] INSERT INTO `admin_log` (`api`, `name`, `time`, `ip`, `uid`, `status`, `info`, `request`, `client`) VALUES (?, ?, ?, ?, ?, ?, ?, ?, ?)
[Mon, 07 Feb 22 10:53:28 +0800][INFO] SELECT IF(COUNT(*) > 0, 1, 0) FROM `INFORMATION_SCHEMA`.`TABLES` WHERE `TABLE_NAME` = 'admin_user' AND `TABLE_SCHEMA` = DATABASE()
[Mon, 07 Feb 22 10:53:28 +0800][INFO] DESCRIBE `admin_user`
[Mon, 07 Feb 22 10:53:28 +0800][INFO] SELECT `admin_user`.`id`, `admin_user`.`roles`, `admin_user`.`username`, `admin_user`.`name`, `admin_user`.`password`, `admin_user`.`avatar`, `admin_user`.`phone`, `admin_user`.`token`, `admin_user`.`create_time`, `admin_user`.`update_time`, `admin_user`.`email` FROM `admin_user` WHERE `admin_user`.`id` = '1' LIMIT :APL0
[Mon, 07 Feb 22 10:53:28 +0800][INFO] SELECT IF(COUNT(*) > 0, 1, 0) FROM `INFORMATION_SCHEMA`.`TABLES` WHERE `TABLE_NAME` = 'admin_user' AND `TABLE_SCHEMA` = DATABASE()
[Mon, 07 Feb 22 10:53:28 +0800][INFO] DESCRIBE `admin_user`
[Mon, 07 Feb 22 10:53:28 +0800][INFO] SELECT `admin_user`.`id`, `admin_user`.`roles`, `admin_user`.`username`, `admin_user`.`name`, `admin_user`.`password`, `admin_user`.`avatar`, `admin_user`.`phone`, `admin_user`.`token`, `admin_user`.`create_time`, `admin_user`.`update_time`, `admin_user`.`email` FROM `admin_user` WHERE `admin_user`.`id` = '1' LIMIT :APL0
[Mon, 07 Feb 22 10:59:19 +0800][INFO] SELECT IF(COUNT(*) > 0, 1, 0) FROM `INFORMATION_SCHEMA`.`TABLES` WHERE `TABLE_NAME` = 'admin_log' AND `TABLE_SCHEMA` = DATABASE()
[Mon, 07 Feb 22 10:59:19 +0800][INFO] DESCRIBE `admin_log`
[Mon, 07 Feb 22 10:59:19 +0800][INFO] INSERT INTO `admin_log` (`api`, `name`, `time`, `ip`, `uid`, `status`, `info`, `request`, `client`) VALUES (?, ?, ?, ?, ?, ?, ?, ?, ?)
[Mon, 07 Feb 22 10:59:19 +0800][INFO] SELECT IF(COUNT(*) > 0, 1, 0) FROM `INFORMATION_SCHEMA`.`TABLES` WHERE `TABLE_NAME` = 'admin_user' AND `TABLE_SCHEMA` = DATABASE()
[Mon, 07 Feb 22 10:59:19 +0800][INFO] DESCRIBE `admin_user`
[Mon, 07 Feb 22 10:59:19 +0800][INFO] SELECT `admin_user`.`id`, `admin_user`.`roles`, `admin_user`.`username`, `admin_user`.`name`, `admin_user`.`password`, `admin_user`.`avatar`, `admin_user`.`phone`, `admin_user`.`token`, `admin_user`.`create_time`, `admin_user`.`update_time`, `admin_user`.`email` FROM `admin_user` WHERE `admin_user`.`id` = '1' LIMIT :APL0
[Mon, 07 Feb 22 10:59:20 +0800][INFO] SELECT IF(COUNT(*) > 0, 1, 0) FROM `INFORMATION_SCHEMA`.`TABLES` WHERE `TABLE_NAME` = 'admin_log' AND `TABLE_SCHEMA` = DATABASE()
[Mon, 07 Feb 22 10:59:20 +0800][INFO] DESCRIBE `admin_log`
[Mon, 07 Feb 22 10:59:20 +0800][INFO] INSERT INTO `admin_log` (`api`, `name`, `time`, `ip`, `uid`, `status`, `info`, `request`, `client`) VALUES (?, ?, ?, ?, ?, ?, ?, ?, ?)
[Mon, 07 Feb 22 10:59:20 +0800][INFO] SELECT IF(COUNT(*) > 0, 1, 0) FROM `INFORMATION_SCHEMA`.`TABLES` WHERE `TABLE_NAME` = 'admin_log' AND `TABLE_SCHEMA` = DATABASE()
[Mon, 07 Feb 22 10:59:20 +0800][INFO] DESCRIBE `admin_log`
[Mon, 07 Feb 22 10:59:20 +0800][INFO] INSERT INTO `admin_log` (`api`, `name`, `time`, `ip`, `uid`, `status`, `info`, `request`, `client`) VALUES (?, ?, ?, ?, ?, ?, ?, ?, ?)
[Mon, 07 Feb 22 10:59:20 +0800][INFO] SELECT IF(COUNT(*) > 0, 1, 0) FROM `INFORMATION_SCHEMA`.`TABLES` WHERE `TABLE_NAME` = 'admin_user' AND `TABLE_SCHEMA` = DATABASE()
[Mon, 07 Feb 22 10:59:20 +0800][INFO] DESCRIBE `admin_user`
[Mon, 07 Feb 22 10:59:20 +0800][INFO] SELECT `admin_user`.`id`, `admin_user`.`roles`, `admin_user`.`username`, `admin_user`.`name`, `admin_user`.`password`, `admin_user`.`avatar`, `admin_user`.`phone`, `admin_user`.`token`, `admin_user`.`create_time`, `admin_user`.`update_time`, `admin_user`.`email` FROM `admin_user` WHERE `admin_user`.`id` = '1' LIMIT :APL0
[Mon, 07 Feb 22 10:59:20 +0800][INFO] SELECT IF(COUNT(*) > 0, 1, 0) FROM `INFORMATION_SCHEMA`.`TABLES` WHERE `TABLE_NAME` = 'admin_user' AND `TABLE_SCHEMA` = DATABASE()
[Mon, 07 Feb 22 10:59:20 +0800][INFO] DESCRIBE `admin_user`
[Mon, 07 Feb 22 10:59:20 +0800][INFO] SELECT `admin_user`.`id`, `admin_user`.`roles`, `admin_user`.`username`, `admin_user`.`name`, `admin_user`.`password`, `admin_user`.`avatar`, `admin_user`.`phone`, `admin_user`.`token`, `admin_user`.`create_time`, `admin_user`.`update_time`, `admin_user`.`email` FROM `admin_user` WHERE `admin_user`.`id` = '1' LIMIT :APL0
[Mon, 07 Feb 22 10:59:21 +0800][INFO] SELECT IF(COUNT(*) > 0, 1, 0) FROM `INFORMATION_SCHEMA`.`TABLES` WHERE `TABLE_NAME` = 'admin_log' AND `TABLE_SCHEMA` = DATABASE()
[Mon, 07 Feb 22 10:59:21 +0800][INFO] DESCRIBE `admin_log`
[Mon, 07 Feb 22 10:59:21 +0800][INFO] INSERT INTO `admin_log` (`api`, `name`, `time`, `ip`, `uid`, `status`, `info`, `request`, `client`) VALUES (?, ?, ?, ?, ?, ?, ?, ?, ?)
[Mon, 07 Feb 22 10:59:21 +0800][INFO] SELECT IF(COUNT(*) > 0, 1, 0) FROM `INFORMATION_SCHEMA`.`TABLES` WHERE `TABLE_NAME` = 'admin_user' AND `TABLE_SCHEMA` = DATABASE()
[Mon, 07 Feb 22 10:59:21 +0800][INFO] DESCRIBE `admin_user`
[Mon, 07 Feb 22 10:59:21 +0800][INFO] SELECT `admin_user`.`id`, `admin_user`.`roles`, `admin_user`.`username`, `admin_user`.`name`, `admin_user`.`password`, `admin_user`.`avatar`, `admin_user`.`phone`, `admin_user`.`token`, `admin_user`.`create_time`, `admin_user`.`update_time`, `admin_user`.`email` FROM `admin_user` WHERE `admin_user`.`id` = '1' LIMIT :APL0
[Mon, 07 Feb 22 11:09:00 +0800][INFO] SELECT IF(COUNT(*) > 0, 1, 0) FROM `INFORMATION_SCHEMA`.`TABLES` WHERE `TABLE_NAME` = 'admin_log' AND `TABLE_SCHEMA` = DATABASE()
[Mon, 07 Feb 22 11:09:00 +0800][INFO] DESCRIBE `admin_log`
[Mon, 07 Feb 22 11:09:00 +0800][INFO] INSERT INTO `admin_log` (`api`, `name`, `time`, `ip`, `uid`, `status`, `info`, `request`, `client`) VALUES (?, ?, ?, ?, ?, ?, ?, ?, ?)
[Mon, 07 Feb 22 11:09:00 +0800][INFO] SELECT IF(COUNT(*) > 0, 1, 0) FROM `INFORMATION_SCHEMA`.`TABLES` WHERE `TABLE_NAME` = 'admin_user' AND `TABLE_SCHEMA` = DATABASE()
[Mon, 07 Feb 22 11:09:00 +0800][INFO] DESCRIBE `admin_user`
[Mon, 07 Feb 22 11:09:00 +0800][INFO] SELECT `admin_user`.`id`, `admin_user`.`roles`, `admin_user`.`username`, `admin_user`.`name`, `admin_user`.`password`, `admin_user`.`avatar`, `admin_user`.`phone`, `admin_user`.`token`, `admin_user`.`create_time`, `admin_user`.`update_time`, `admin_user`.`email` FROM `admin_user` WHERE `admin_user`.`username` = 'admin' LIMIT :APL0
[Mon, 07 Feb 22 11:09:00 +0800][INFO] UPDATE `admin_user` SET `roles` = ?, `username` = ?, `name` = ?, `password` = ?, `avatar` = ?, `phone` = ?, `token` = ?, `create_time` = ?, `update_time` = ?, `email` = ? WHERE `id` = ?
[Mon, 07 Feb 22 11:09:00 +0800][INFO] SELECT IF(COUNT(*) > 0, 1, 0) FROM `INFORMATION_SCHEMA`.`TABLES` WHERE `TABLE_NAME` = 'admin_log' AND `TABLE_SCHEMA` = DATABASE()
[Mon, 07 Feb 22 11:09:00 +0800][INFO] DESCRIBE `admin_log`
[Mon, 07 Feb 22 11:09:00 +0800][INFO] INSERT INTO `admin_log` (`api`, `name`, `time`, `ip`, `uid`, `status`, `info`, `request`, `client`) VALUES (?, ?, ?, ?, ?, ?, ?, ?, ?)
[Mon, 07 Feb 22 11:09:00 +0800][INFO] SELECT IF(COUNT(*) > 0, 1, 0) FROM `INFORMATION_SCHEMA`.`TABLES` WHERE `TABLE_NAME` = 'admin_user' AND `TABLE_SCHEMA` = DATABASE()
[Mon, 07 Feb 22 11:09:00 +0800][INFO] DESCRIBE `admin_user`
[Mon, 07 Feb 22 11:09:00 +0800][INFO] SELECT `admin_user`.`id`, `admin_user`.`roles`, `admin_user`.`username`, `admin_user`.`name`, `admin_user`.`password`, `admin_user`.`avatar`, `admin_user`.`phone`, `admin_user`.`token`, `admin_user`.`create_time`, `admin_user`.`update_time`, `admin_user`.`email` FROM `admin_user` WHERE `admin_user`.`id` = '1' LIMIT :APL0
[Mon, 07 Feb 22 11:09:00 +0800][INFO] SELECT IF(COUNT(*) > 0, 1, 0) FROM `INFORMATION_SCHEMA`.`TABLES` WHERE `TABLE_NAME` = 'admin_user' AND `TABLE_SCHEMA` = DATABASE()
[Mon, 07 Feb 22 11:09:00 +0800][INFO] DESCRIBE `admin_user`
[Mon, 07 Feb 22 11:09:00 +0800][INFO] SELECT `admin_user`.`id`, `admin_user`.`roles`, `admin_user`.`username`, `admin_user`.`name`, `admin_user`.`password`, `admin_user`.`avatar`, `admin_user`.`phone`, `admin_user`.`token`, `admin_user`.`create_time`, `admin_user`.`update_time`, `admin_user`.`email` FROM `admin_user` WHERE `admin_user`.`id` = '1' LIMIT :APL0
[Mon, 07 Feb 22 11:09:00 +0800][INFO] SELECT IF(COUNT(*) > 0, 1, 0) FROM `INFORMATION_SCHEMA`.`TABLES` WHERE `TABLE_NAME` = 'admin_roles' AND `TABLE_SCHEMA` = DATABASE()
[Mon, 07 Feb 22 11:09:00 +0800][INFO] DESCRIBE `admin_roles`
[Mon, 07 Feb 22 11:09:00 +0800][INFO] SELECT `admin_roles`.`id`, `admin_roles`.`name`, `admin_roles`.`roles`, `admin_roles`.`desc`, `admin_roles`.`create_time`, `admin_roles`.`update_time` FROM `admin_roles` WHERE `admin_roles`.`id` = 1 LIMIT :APL0
[Mon, 07 Feb 22 11:09:00 +0800][INFO] SELECT IF(COUNT(*) > 0, 1, 0) FROM `INFORMATION_SCHEMA`.`TABLES` WHERE `TABLE_NAME` = 'admin_menu' AND `TABLE_SCHEMA` = DATABASE()
[Mon, 07 Feb 22 11:09:00 +0800][INFO] DESCRIBE `admin_menu`
[Mon, 07 Feb 22 11:09:00 +0800][INFO] SELECT `admin_menu`.`id`, `admin_menu`.`name`, `admin_menu`.`pid`, `admin_menu`.`path`, `admin_menu`.`component`, `admin_menu`.`redirect`, `admin_menu`.`status`, `admin_menu`.`alwaysShow`, `admin_menu`.`meta`, `admin_menu`.`create_time`, `admin_menu`.`update_time`, `admin_menu`.`hidden`, `admin_menu`.`order` FROM `admin_menu` WHERE `admin_menu`.`status` = 0 ORDER BY `admin_menu`.`order` ASC
[Mon, 07 Feb 22 11:09:00 +0800][INFO] SELECT IF(COUNT(*) > 0, 1, 0) FROM `INFORMATION_SCHEMA`.`TABLES` WHERE `TABLE_NAME` = 'admin_log' AND `TABLE_SCHEMA` = DATABASE()
[Mon, 07 Feb 22 11:09:00 +0800][INFO] DESCRIBE `admin_log`
[Mon, 07 Feb 22 11:09:00 +0800][INFO] INSERT INTO `admin_log` (`api`, `name`, `time`, `ip`, `uid`, `status`, `info`, `request`, `client`) VALUES (?, ?, ?, ?, ?, ?, ?, ?, ?)
[Mon, 07 Feb 22 11:09:00 +0800][INFO] SELECT IF(COUNT(*) > 0, 1, 0) FROM `INFORMATION_SCHEMA`.`TABLES` WHERE `TABLE_NAME` = 'admin_log' AND `TABLE_SCHEMA` = DATABASE()
[Mon, 07 Feb 22 11:09:00 +0800][INFO] DESCRIBE `admin_log`
[Mon, 07 Feb 22 11:09:00 +0800][INFO] INSERT INTO `admin_log` (`api`, `name`, `time`, `ip`, `uid`, `status`, `info`, `request`, `client`) VALUES (?, ?, ?, ?, ?, ?, ?, ?, ?)
[Mon, 07 Feb 22 11:09:00 +0800][INFO] SELECT IF(COUNT(*) > 0, 1, 0) FROM `INFORMATION_SCHEMA`.`TABLES` WHERE `TABLE_NAME` = 'admin_user' AND `TABLE_SCHEMA` = DATABASE()
[Mon, 07 Feb 22 11:09:00 +0800][INFO] DESCRIBE `admin_user`
[Mon, 07 Feb 22 11:09:00 +0800][INFO] SELECT `admin_user`.`id`, `admin_user`.`roles`, `admin_user`.`username`, `admin_user`.`name`, `admin_user`.`password`, `admin_user`.`avatar`, `admin_user`.`phone`, `admin_user`.`token`, `admin_user`.`create_time`, `admin_user`.`update_time`, `admin_user`.`email` FROM `admin_user` WHERE `admin_user`.`id` = '1' LIMIT :APL0
[Mon, 07 Feb 22 11:09:00 +0800][INFO] SELECT IF(COUNT(*) > 0, 1, 0) FROM `INFORMATION_SCHEMA`.`TABLES` WHERE `TABLE_NAME` = 'admin_user' AND `TABLE_SCHEMA` = DATABASE()
[Mon, 07 Feb 22 11:09:00 +0800][INFO] DESCRIBE `admin_user`
[Mon, 07 Feb 22 11:09:00 +0800][INFO] SELECT `admin_user`.`id`, `admin_user`.`roles`, `admin_user`.`username`, `admin_user`.`name`, `admin_user`.`password`, `admin_user`.`avatar`, `admin_user`.`phone`, `admin_user`.`token`, `admin_user`.`create_time`, `admin_user`.`update_time`, `admin_user`.`email` FROM `admin_user` WHERE `admin_user`.`id` = '1' LIMIT :APL0
[Mon, 07 Feb 22 11:09:03 +0800][INFO] SELECT IF(COUNT(*) > 0, 1, 0) FROM `INFORMATION_SCHEMA`.`TABLES` WHERE `TABLE_NAME` = 'admin_log' AND `TABLE_SCHEMA` = DATABASE()
[Mon, 07 Feb 22 11:09:03 +0800][INFO] DESCRIBE `admin_log`
[Mon, 07 Feb 22 11:09:03 +0800][INFO] INSERT INTO `admin_log` (`api`, `name`, `time`, `ip`, `uid`, `status`, `info`, `request`, `client`) VALUES (?, ?, ?, ?, ?, ?, ?, ?, ?)
[Mon, 07 Feb 22 11:09:03 +0800][INFO] SELECT IF(COUNT(*) > 0, 1, 0) FROM `INFORMATION_SCHEMA`.`TABLES` WHERE `TABLE_NAME` = 'admin_user' AND `TABLE_SCHEMA` = DATABASE()
[Mon, 07 Feb 22 11:09:03 +0800][INFO] DESCRIBE `admin_user`
[Mon, 07 Feb 22 11:09:03 +0800][INFO] SELECT `admin_user`.`id`, `admin_user`.`roles`, `admin_user`.`username`, `admin_user`.`name`, `admin_user`.`password`, `admin_user`.`avatar`, `admin_user`.`phone`, `admin_user`.`token`, `admin_user`.`create_time`, `admin_user`.`update_time`, `admin_user`.`email` FROM `admin_user` WHERE `admin_user`.`id` = '1' LIMIT :APL0
[Mon, 07 Feb 22 11:09:03 +0800][INFO] SELECT IF(COUNT(*) > 0, 1, 0) FROM `INFORMATION_SCHEMA`.`TABLES` WHERE `TABLE_NAME` = 'admin_menu' AND `TABLE_SCHEMA` = DATABASE()
[Mon, 07 Feb 22 11:09:03 +0800][INFO] DESCRIBE `admin_menu`
[Mon, 07 Feb 22 11:09:03 +0800][INFO] SELECT `admin_menu`.`id`, `admin_menu`.`name`, `admin_menu`.`pid`, `admin_menu`.`path`, `admin_menu`.`component`, `admin_menu`.`redirect`, `admin_menu`.`status`, `admin_menu`.`alwaysShow`, `admin_menu`.`meta`, `admin_menu`.`create_time`, `admin_menu`.`update_time`, `admin_menu`.`hidden`, `admin_menu`.`order` FROM `admin_menu` WHERE 1 = 1 ORDER BY `admin_menu`.`order` ASC
[Mon, 07 Feb 22 11:09:17 +0800][INFO] SELECT IF(COUNT(*) > 0, 1, 0) FROM `INFORMATION_SCHEMA`.`TABLES` WHERE `TABLE_NAME` = 'admin_log' AND `TABLE_SCHEMA` = DATABASE()
[Mon, 07 Feb 22 11:09:17 +0800][INFO] DESCRIBE `admin_log`
[Mon, 07 Feb 22 11:09:17 +0800][INFO] INSERT INTO `admin_log` (`api`, `name`, `time`, `ip`, `uid`, `status`, `info`, `request`, `client`) VALUES (?, ?, ?, ?, ?, ?, ?, ?, ?)
[Mon, 07 Feb 22 11:09:17 +0800][INFO] SELECT IF(COUNT(*) > 0, 1, 0) FROM `INFORMATION_SCHEMA`.`TABLES` WHERE `TABLE_NAME` = 'admin_user' AND `TABLE_SCHEMA` = DATABASE()
[Mon, 07 Feb 22 11:09:17 +0800][INFO] DESCRIBE `admin_user`
[Mon, 07 Feb 22 11:09:17 +0800][INFO] SELECT `admin_user`.`id`, `admin_user`.`roles`, `admin_user`.`username`, `admin_user`.`name`, `admin_user`.`password`, `admin_user`.`avatar`, `admin_user`.`phone`, `admin_user`.`token`, `admin_user`.`create_time`, `admin_user`.`update_time`, `admin_user`.`email` FROM `admin_user` WHERE `admin_user`.`id` = '1' LIMIT :APL0
[Mon, 07 Feb 22 11:09:17 +0800][INFO] SELECT IF(COUNT(*) > 0, 1, 0) FROM `INFORMATION_SCHEMA`.`TABLES` WHERE `TABLE_NAME` = 'admin_menu' AND `TABLE_SCHEMA` = DATABASE()
[Mon, 07 Feb 22 11:09:17 +0800][INFO] DESCRIBE `admin_menu`
[Mon, 07 Feb 22 11:09:17 +0800][INFO] SELECT `admin_menu`.`id`, `admin_menu`.`name`, `admin_menu`.`pid`, `admin_menu`.`path`, `admin_menu`.`component`, `admin_menu`.`redirect`, `admin_menu`.`status`, `admin_menu`.`alwaysShow`, `admin_menu`.`meta`, `admin_menu`.`create_time`, `admin_menu`.`update_time`, `admin_menu`.`hidden`, `admin_menu`.`order` FROM `admin_menu` WHERE 1 = 1 ORDER BY `admin_menu`.`order` ASC
[Mon, 07 Feb 22 11:09:33 +0800][INFO] SELECT IF(COUNT(*) > 0, 1, 0) FROM `INFORMATION_SCHEMA`.`TABLES` WHERE `TABLE_NAME` = 'admin_user' AND `TABLE_SCHEMA` = DATABASE()
[Mon, 07 Feb 22 11:09:33 +0800][INFO] DESCRIBE `admin_user`
[Mon, 07 Feb 22 11:09:33 +0800][INFO] SELECT `admin_user`.`id`, `admin_user`.`roles`, `admin_user`.`username`, `admin_user`.`name`, `admin_user`.`password`, `admin_user`.`avatar`, `admin_user`.`phone`, `admin_user`.`token`, `admin_user`.`create_time`, `admin_user`.`update_time`, `admin_user`.`email` FROM `admin_user` WHERE `admin_user`.`id` = '1' LIMIT :APL0
[Mon, 07 Feb 22 11:09:33 +0800][INFO] SELECT IF(COUNT(*) > 0, 1, 0) FROM `INFORMATION_SCHEMA`.`TABLES` WHERE `TABLE_NAME` = 'admin_log' AND `TABLE_SCHEMA` = DATABASE()
[Mon, 07 Feb 22 11:09:33 +0800][INFO] DESCRIBE `admin_log`
[Mon, 07 Feb 22 11:09:33 +0800][INFO] INSERT INTO `admin_log` (`api`, `name`, `time`, `ip`, `uid`, `status`, `info`, `request`, `client`) VALUES (?, ?, ?, ?, ?, ?, ?, ?, ?)
[Mon, 07 Feb 22 11:09:33 +0800][INFO] SELECT `admin_user`.`id` AS `id`, `admin_user`.`name` AS `name` FROM `admin_user`
[Mon, 07 Feb 22 11:09:33 +0800][INFO] SELECT IF(COUNT(*) > 0, 1, 0) FROM `INFORMATION_SCHEMA`.`TABLES` WHERE `TABLE_NAME` = 'admin_user' AND `TABLE_SCHEMA` = DATABASE()
[Mon, 07 Feb 22 11:09:33 +0800][INFO] DESCRIBE `admin_user`
[Mon, 07 Feb 22 11:09:33 +0800][INFO] SELECT `admin_user`.`id`, `admin_user`.`roles`, `admin_user`.`username`, `admin_user`.`name`, `admin_user`.`password`, `admin_user`.`avatar`, `admin_user`.`phone`, `admin_user`.`token`, `admin_user`.`create_time`, `admin_user`.`update_time`, `admin_user`.`email` FROM `admin_user` WHERE `admin_user`.`id` = '1' LIMIT :APL0
[Mon, 07 Feb 22 11:09:33 +0800][INFO] SELECT `admin_log`.`id`, `admin_log`.`api`, `admin_log`.`name`, `admin_log`.`time`, `admin_log`.`ip`, `admin_log`.`uid`, `admin_log`.`status`, `admin_log`.`info`, `admin_log`.`request`, `admin_log`.`client` FROM `admin_log` WHERE 1 = 1 ORDER BY `admin_log`.`time` DESC LIMIT :APL0 OFFSET :APL1
[Mon, 07 Feb 22 11:09:33 +0800][INFO] SELECT `admin_user`.`name` AS `name` FROM `admin_user` WHERE `admin_user`.`id` = 1 LIMIT :APL0
[Mon, 07 Feb 22 11:09:33 +0800][INFO] SELECT `admin_user`.`name` AS `name` FROM `admin_user` WHERE `admin_user`.`id` = 1 LIMIT :APL0
[Mon, 07 Feb 22 11:09:33 +0800][INFO] SELECT `admin_user`.`name` AS `name` FROM `admin_user` WHERE `admin_user`.`id` = 1 LIMIT :APL0
[Mon, 07 Feb 22 11:09:33 +0800][INFO] SELECT `admin_user`.`name` AS `name` FROM `admin_user` WHERE `admin_user`.`id` = 1 LIMIT :APL0
[Mon, 07 Feb 22 11:09:33 +0800][INFO] SELECT `admin_user`.`name` AS `name` FROM `admin_user` WHERE `admin_user`.`id` = 1 LIMIT :APL0
[Mon, 07 Feb 22 11:09:33 +0800][INFO] SELECT `admin_user`.`name` AS `name` FROM `admin_user` WHERE `admin_user`.`id` = 1 LIMIT :APL0
[Mon, 07 Feb 22 11:09:33 +0800][INFO] SELECT `admin_user`.`name` AS `name` FROM `admin_user` WHERE `admin_user`.`id` = 1 LIMIT :APL0
[Mon, 07 Feb 22 11:09:33 +0800][INFO] SELECT `admin_user`.`name` AS `name` FROM `admin_user` WHERE `admin_user`.`id` = 1 LIMIT :APL0
[Mon, 07 Feb 22 11:09:33 +0800][INFO] SELECT `admin_user`.`name` AS `name` FROM `admin_user` WHERE `admin_user`.`id` = 1 LIMIT :APL0
[Mon, 07 Feb 22 11:09:33 +0800][INFO] SELECT COUNT(*) AS `rowcount` FROM `admin_log` WHERE 1 = 1
[Mon, 07 Feb 22 11:09:38 +0800][INFO] SELECT IF(COUNT(*) > 0, 1, 0) FROM `INFORMATION_SCHEMA`.`TABLES` WHERE `TABLE_NAME` = 'admin_log' AND `TABLE_SCHEMA` = DATABASE()
[Mon, 07 Feb 22 11:09:38 +0800][INFO] DESCRIBE `admin_log`
[Mon, 07 Feb 22 11:09:38 +0800][INFO] INSERT INTO `admin_log` (`api`, `name`, `time`, `ip`, `uid`, `status`, `info`, `request`, `client`) VALUES (?, ?, ?, ?, ?, ?, ?, ?, ?)
[Mon, 07 Feb 22 11:09:38 +0800][INFO] SELECT IF(COUNT(*) > 0, 1, 0) FROM `INFORMATION_SCHEMA`.`TABLES` WHERE `TABLE_NAME` = 'admin_user' AND `TABLE_SCHEMA` = DATABASE()
[Mon, 07 Feb 22 11:09:38 +0800][INFO] DESCRIBE `admin_user`
[Mon, 07 Feb 22 11:09:38 +0800][INFO] SELECT `admin_user`.`id`, `admin_user`.`roles`, `admin_user`.`username`, `admin_user`.`name`, `admin_user`.`password`, `admin_user`.`avatar`, `admin_user`.`phone`, `admin_user`.`token`, `admin_user`.`create_time`, `admin_user`.`update_time`, `admin_user`.`email` FROM `admin_user` WHERE `admin_user`.`id` = '1' LIMIT :APL0
[Mon, 07 Feb 22 11:09:38 +0800][INFO] SELECT IF(COUNT(*) > 0, 1, 0) FROM `INFORMATION_SCHEMA`.`TABLES` WHERE `TABLE_NAME` = 'admin_menu' AND `TABLE_SCHEMA` = DATABASE()
[Mon, 07 Feb 22 11:09:38 +0800][INFO] DESCRIBE `admin_menu`
[Mon, 07 Feb 22 11:09:38 +0800][INFO] SELECT `admin_menu`.`id`, `admin_menu`.`name`, `admin_menu`.`pid`, `admin_menu`.`path`, `admin_menu`.`component`, `admin_menu`.`redirect`, `admin_menu`.`status`, `admin_menu`.`alwaysShow`, `admin_menu`.`meta`, `admin_menu`.`create_time`, `admin_menu`.`update_time`, `admin_menu`.`hidden`, `admin_menu`.`order` FROM `admin_menu` WHERE 1 = 1 ORDER BY `admin_menu`.`order` ASC
[Mon, 07 Feb 22 11:12:26 +0800][INFO] SELECT IF(COUNT(*) > 0, 1, 0) FROM `INFORMATION_SCHEMA`.`TABLES` WHERE `TABLE_NAME` = 'admin_log' AND `TABLE_SCHEMA` = DATABASE()
[Mon, 07 Feb 22 11:12:26 +0800][INFO] DESCRIBE `admin_log`
[Mon, 07 Feb 22 11:12:26 +0800][INFO] SELECT IF(COUNT(*) > 0, 1, 0) FROM `INFORMATION_SCHEMA`.`TABLES` WHERE `TABLE_NAME` = 'admin_user' AND `TABLE_SCHEMA` = DATABASE()
[Mon, 07 Feb 22 11:12:26 +0800][INFO] DESCRIBE `admin_user`
[Mon, 07 Feb 22 11:12:26 +0800][INFO] SELECT `admin_user`.`id`, `admin_user`.`roles`, `admin_user`.`username`, `admin_user`.`name`, `admin_user`.`password`, `admin_user`.`avatar`, `admin_user`.`phone`, `admin_user`.`token`, `admin_user`.`create_time`, `admin_user`.`update_time`, `admin_user`.`email` FROM `admin_user` WHERE `admin_user`.`id` = '1' LIMIT :APL0
[Mon, 07 Feb 22 11:12:26 +0800][INFO] INSERT INTO `admin_log` (`api`, `name`, `time`, `ip`, `uid`, `status`, `info`, `request`, `client`) VALUES (?, ?, ?, ?, ?, ?, ?, ?, ?)
[Mon, 07 Feb 22 11:12:26 +0800][INFO] SELECT IF(COUNT(*) > 0, 1, 0) FROM `INFORMATION_SCHEMA`.`TABLES` WHERE `TABLE_NAME` = 'admin_menu' AND `TABLE_SCHEMA` = DATABASE()
[Mon, 07 Feb 22 11:12:26 +0800][INFO] SELECT IF(COUNT(*) > 0, 1, 0) FROM `INFORMATION_SCHEMA`.`TABLES` WHERE `TABLE_NAME` = 'admin_user' AND `TABLE_SCHEMA` = DATABASE()
[Mon, 07 Feb 22 11:12:26 +0800][INFO] DESCRIBE `admin_user`
[Mon, 07 Feb 22 11:12:26 +0800][INFO] SELECT `admin_user`.`id`, `admin_user`.`roles`, `admin_user`.`username`, `admin_user`.`name`, `admin_user`.`password`, `admin_user`.`avatar`, `admin_user`.`phone`, `admin_user`.`token`, `admin_user`.`create_time`, `admin_user`.`update_time`, `admin_user`.`email` FROM `admin_user` WHERE `admin_user`.`id` = '1' LIMIT :APL0
[Mon, 07 Feb 22 11:12:26 +0800][INFO] DESCRIBE `admin_menu`
[Mon, 07 Feb 22 11:12:26 +0800][INFO] SELECT `admin_menu`.`id`, `admin_menu`.`name`, `admin_menu`.`pid`, `admin_menu`.`path`, `admin_menu`.`component`, `admin_menu`.`redirect`, `admin_menu`.`status`, `admin_menu`.`alwaysShow`, `admin_menu`.`meta`, `admin_menu`.`create_time`, `admin_menu`.`update_time`, `admin_menu`.`hidden`, `admin_menu`.`order` FROM `admin_menu` WHERE `admin_menu`.`status` = 0 ORDER BY `admin_menu`.`order` ASC
[Mon, 07 Feb 22 11:12:26 +0800][INFO] SELECT IF(COUNT(*) > 0, 1, 0) FROM `INFORMATION_SCHEMA`.`TABLES` WHERE `TABLE_NAME` = 'admin_roles' AND `TABLE_SCHEMA` = DATABASE()
[Mon, 07 Feb 22 11:12:26 +0800][INFO] DESCRIBE `admin_roles`
[Mon, 07 Feb 22 11:12:26 +0800][INFO] SELECT `admin_roles`.`id`, `admin_roles`.`name`, `admin_roles`.`roles`, `admin_roles`.`desc`, `admin_roles`.`create_time`, `admin_roles`.`update_time` FROM `admin_roles` LIMIT :APL0 OFFSET :APL1
[Mon, 07 Feb 22 11:12:26 +0800][INFO] SELECT IF(COUNT(*) > 0, 1, 0) FROM `INFORMATION_SCHEMA`.`TABLES` WHERE `TABLE_NAME` = 'admin_menu' AND `TABLE_SCHEMA` = DATABASE()
[Mon, 07 Feb 22 11:12:26 +0800][INFO] DESCRIBE `admin_menu`
[Mon, 07 Feb 22 11:12:26 +0800][INFO] SELECT `admin_menu`.`id`, `admin_menu`.`name`, `admin_menu`.`pid`, `admin_menu`.`path`, `admin_menu`.`component`, `admin_menu`.`redirect`, `admin_menu`.`status`, `admin_menu`.`alwaysShow`, `admin_menu`.`meta`, `admin_menu`.`create_time`, `admin_menu`.`update_time`, `admin_menu`.`hidden`, `admin_menu`.`order` FROM `admin_menu`
[Mon, 07 Feb 22 11:12:26 +0800][INFO] SELECT IF(COUNT(*) > 0, 1, 0) FROM `INFORMATION_SCHEMA`.`TABLES` WHERE `TABLE_NAME` = 'admin_permissions' AND `TABLE_SCHEMA` = DATABASE()
[Mon, 07 Feb 22 11:12:26 +0800][INFO] DESCRIBE `admin_permissions`
[Mon, 07 Feb 22 11:12:26 +0800][INFO] SELECT `admin_permissions`.`role_id`, `admin_permissions`.`permissions` FROM `admin_permissions` WHERE `admin_permissions`.`role_id` = '3'
[Mon, 07 Feb 22 11:12:26 +0800][INFO] SELECT `admin_menu`.`id`, `admin_menu`.`name`, `admin_menu`.`pid`, `admin_menu`.`path`, `admin_menu`.`component`, `admin_menu`.`redirect`, `admin_menu`.`status`, `admin_menu`.`alwaysShow`, `admin_menu`.`meta`, `admin_menu`.`create_time`, `admin_menu`.`update_time`, `admin_menu`.`hidden`, `admin_menu`.`order` FROM `admin_menu` WHERE `admin_menu`.`id` IN ('47', '48', '49', '3', '4', '5')
[Mon, 07 Feb 22 11:12:27 +0800][INFO] SELECT IF(COUNT(*) > 0, 1, 0) FROM `INFORMATION_SCHEMA`.`TABLES` WHERE `TABLE_NAME` = 'admin_user' AND `TABLE_SCHEMA` = DATABASE()
[Mon, 07 Feb 22 11:12:27 +0800][INFO] DESCRIBE `admin_user`
[Mon, 07 Feb 22 11:12:27 +0800][INFO] SELECT `admin_user`.`id`, `admin_user`.`roles`, `admin_user`.`username`, `admin_user`.`name`, `admin_user`.`password`, `admin_user`.`avatar`, `admin_user`.`phone`, `admin_user`.`token`, `admin_user`.`create_time`, `admin_user`.`update_time`, `admin_user`.`email` FROM `admin_user` WHERE `admin_user`.`id` = '1' LIMIT :APL0
[Mon, 07 Feb 22 11:12:27 +0800][INFO] SELECT IF(COUNT(*) > 0, 1, 0) FROM `INFORMATION_SCHEMA`.`TABLES` WHERE `TABLE_NAME` = 'admin_log' AND `TABLE_SCHEMA` = DATABASE()
[Mon, 07 Feb 22 11:12:27 +0800][INFO] DESCRIBE `admin_log`
[Mon, 07 Feb 22 11:12:27 +0800][INFO] INSERT INTO `admin_log` (`api`, `name`, `time`, `ip`, `uid`, `status`, `info`, `request`, `client`) VALUES (?, ?, ?, ?, ?, ?, ?, ?, ?)
[Mon, 07 Feb 22 11:12:27 +0800][INFO] SELECT IF(COUNT(*) > 0, 1, 0) FROM `INFORMATION_SCHEMA`.`TABLES` WHERE `TABLE_NAME` = 'admin_roles' AND `TABLE_SCHEMA` = DATABASE()
[Mon, 07 Feb 22 11:12:27 +0800][INFO] DESCRIBE `admin_roles`
[Mon, 07 Feb 22 11:12:27 +0800][INFO] SELECT `admin_roles`.`id`, `admin_roles`.`name`, `admin_roles`.`roles`, `admin_roles`.`desc`, `admin_roles`.`create_time`, `admin_roles`.`update_time` FROM `admin_roles`
[Mon, 07 Feb 22 11:12:27 +0800][INFO] SELECT IF(COUNT(*) > 0, 1, 0) FROM `INFORMATION_SCHEMA`.`TABLES` WHERE `TABLE_NAME` = 'admin_user' AND `TABLE_SCHEMA` = DATABASE()
[Mon, 07 Feb 22 11:12:27 +0800][INFO] DESCRIBE `admin_user`
[Mon, 07 Feb 22 11:12:27 +0800][INFO] SELECT `admin_user`.`id`, `admin_user`.`roles`, `admin_user`.`username`, `admin_user`.`name`, `admin_user`.`password`, `admin_user`.`avatar`, `admin_user`.`phone`, `admin_user`.`token`, `admin_user`.`create_time`, `admin_user`.`update_time`, `admin_user`.`email` FROM `admin_user` WHERE `admin_user`.`id` = '1' LIMIT :APL0
[Mon, 07 Feb 22 11:12:27 +0800][INFO] SELECT `admin_user`.`id` AS `id`, `admin_user`.`name` AS `name`, `admin_user`.`roles` AS `roles`, `admin_user`.`phone` AS `phone`, `admin_user`.`email` AS `email`, `admin_user`.`username` AS `username`, `admin_user`.`create_time` AS `create_time` FROM `admin_user` WHERE 1 = 1 LIMIT :APL0 OFFSET :APL1
[Mon, 07 Feb 22 11:12:27 +0800][INFO] SELECT IF(COUNT(*) > 0, 1, 0) FROM `INFORMATION_SCHEMA`.`TABLES` WHERE `TABLE_NAME` = 'admin_roles' AND `TABLE_SCHEMA` = DATABASE()
[Mon, 07 Feb 22 11:12:27 +0800][INFO] DESCRIBE `admin_roles`
[Mon, 07 Feb 22 11:12:27 +0800][INFO] SELECT `admin_roles`.`id`, `admin_roles`.`name`, `admin_roles`.`roles`, `admin_roles`.`desc`, `admin_roles`.`create_time`, `admin_roles`.`update_time` FROM `admin_roles` WHERE `admin_roles`.`id` = 1 LIMIT :APL0
[Mon, 07 Feb 22 11:12:27 +0800][INFO] SELECT COUNT(*) AS `rowcount` FROM `admin_user` WHERE 1 = 1
[Mon, 07 Feb 22 11:12:29 +0800][INFO] SELECT IF(COUNT(*) > 0, 1, 0) FROM `INFORMATION_SCHEMA`.`TABLES` WHERE `TABLE_NAME` = 'admin_log' AND `TABLE_SCHEMA` = DATABASE()
[Mon, 07 Feb 22 11:12:29 +0800][INFO] DESCRIBE `admin_log`
[Mon, 07 Feb 22 11:12:29 +0800][INFO] INSERT INTO `admin_log` (`api`, `name`, `time`, `ip`, `uid`, `status`, `info`, `request`, `client`) VALUES (?, ?, ?, ?, ?, ?, ?, ?, ?)
[Mon, 07 Feb 22 11:12:29 +0800][INFO] SELECT IF(COUNT(*) > 0, 1, 0) FROM `INFORMATION_SCHEMA`.`TABLES` WHERE `TABLE_NAME` = 'admin_user' AND `TABLE_SCHEMA` = DATABASE()
[Mon, 07 Feb 22 11:12:29 +0800][INFO] DESCRIBE `admin_user`
[Mon, 07 Feb 22 11:12:29 +0800][INFO] SELECT `admin_user`.`id`, `admin_user`.`roles`, `admin_user`.`username`, `admin_user`.`name`, `admin_user`.`password`, `admin_user`.`avatar`, `admin_user`.`phone`, `admin_user`.`token`, `admin_user`.`create_time`, `admin_user`.`update_time`, `admin_user`.`email` FROM `admin_user` WHERE `admin_user`.`id` = '1' LIMIT :APL0
[Mon, 07 Feb 22 11:12:29 +0800][INFO] SELECT IF(COUNT(*) > 0, 1, 0) FROM `INFORMATION_SCHEMA`.`TABLES` WHERE `TABLE_NAME` = 'admin_menu' AND `TABLE_SCHEMA` = DATABASE()
[Mon, 07 Feb 22 11:12:29 +0800][INFO] DESCRIBE `admin_menu`
[Mon, 07 Feb 22 11:12:29 +0800][INFO] SELECT `admin_menu`.`id`, `admin_menu`.`name`, `admin_menu`.`pid`, `admin_menu`.`path`, `admin_menu`.`component`, `admin_menu`.`redirect`, `admin_menu`.`status`, `admin_menu`.`alwaysShow`, `admin_menu`.`meta`, `admin_menu`.`create_time`, `admin_menu`.`update_time`, `admin_menu`.`hidden`, `admin_menu`.`order` FROM `admin_menu` WHERE 1 = 1 ORDER BY `admin_menu`.`order` ASC
[Mon, 07 Feb 22 11:12:30 +0800][INFO] SELECT IF(COUNT(*) > 0, 1, 0) FROM `INFORMATION_SCHEMA`.`TABLES` WHERE `TABLE_NAME` = 'admin_user' AND `TABLE_SCHEMA` = DATABASE()
[Mon, 07 Feb 22 11:12:30 +0800][INFO] DESCRIBE `admin_user`
[Mon, 07 Feb 22 11:12:30 +0800][INFO] SELECT IF(COUNT(*) > 0, 1, 0) FROM `INFORMATION_SCHEMA`.`TABLES` WHERE `TABLE_NAME` = 'admin_log' AND `TABLE_SCHEMA` = DATABASE()
[Mon, 07 Feb 22 11:12:30 +0800][INFO] DESCRIBE `admin_log`
[Mon, 07 Feb 22 11:12:30 +0800][INFO] INSERT INTO `admin_log` (`api`, `name`, `time`, `ip`, `uid`, `status`, `info`, `request`, `client`) VALUES (?, ?, ?, ?, ?, ?, ?, ?, ?)
[Mon, 07 Feb 22 11:12:30 +0800][INFO] SELECT `admin_user`.`id`, `admin_user`.`roles`, `admin_user`.`username`, `admin_user`.`name`, `admin_user`.`password`, `admin_user`.`avatar`, `admin_user`.`phone`, `admin_user`.`token`, `admin_user`.`create_time`, `admin_user`.`update_time`, `admin_user`.`email` FROM `admin_user` WHERE `admin_user`.`id` = '1' LIMIT :APL0
[Mon, 07 Feb 22 11:12:30 +0800][INFO] SELECT `admin_user`.`id` AS `id`, `admin_user`.`name` AS `name` FROM `admin_user`
[Mon, 07 Feb 22 11:12:30 +0800][INFO] SELECT IF(COUNT(*) > 0, 1, 0) FROM `INFORMATION_SCHEMA`.`TABLES` WHERE `TABLE_NAME` = 'admin_user' AND `TABLE_SCHEMA` = DATABASE()
[Mon, 07 Feb 22 11:12:30 +0800][INFO] DESCRIBE `admin_user`
[Mon, 07 Feb 22 11:12:30 +0800][INFO] SELECT `admin_user`.`id`, `admin_user`.`roles`, `admin_user`.`username`, `admin_user`.`name`, `admin_user`.`password`, `admin_user`.`avatar`, `admin_user`.`phone`, `admin_user`.`token`, `admin_user`.`create_time`, `admin_user`.`update_time`, `admin_user`.`email` FROM `admin_user` WHERE `admin_user`.`id` = '1' LIMIT :APL0
[Mon, 07 Feb 22 11:12:30 +0800][INFO] SELECT `admin_log`.`id`, `admin_log`.`api`, `admin_log`.`name`, `admin_log`.`time`, `admin_log`.`ip`, `admin_log`.`uid`, `admin_log`.`status`, `admin_log`.`info`, `admin_log`.`request`, `admin_log`.`client` FROM `admin_log` WHERE 1 = 1 ORDER BY `admin_log`.`time` DESC LIMIT :APL0 OFFSET :APL1
[Mon, 07 Feb 22 11:12:30 +0800][INFO] SELECT `admin_user`.`name` AS `name` FROM `admin_user` WHERE `admin_user`.`id` = 1 LIMIT :APL0
[Mon, 07 Feb 22 11:12:30 +0800][INFO] SELECT `admin_user`.`name` AS `name` FROM `admin_user` WHERE `admin_user`.`id` = 1 LIMIT :APL0
[Mon, 07 Feb 22 11:12:30 +0800][INFO] SELECT `admin_user`.`name` AS `name` FROM `admin_user` WHERE `admin_user`.`id` = 1 LIMIT :APL0
[Mon, 07 Feb 22 11:12:30 +0800][INFO] SELECT `admin_user`.`name` AS `name` FROM `admin_user` WHERE `admin_user`.`id` = 1 LIMIT :APL0
[Mon, 07 Feb 22 11:12:30 +0800][INFO] SELECT `admin_user`.`name` AS `name` FROM `admin_user` WHERE `admin_user`.`id` = 1 LIMIT :APL0
[Mon, 07 Feb 22 11:12:30 +0800][INFO] SELECT `admin_user`.`name` AS `name` FROM `admin_user` WHERE `admin_user`.`id` = 1 LIMIT :APL0
[Mon, 07 Feb 22 11:12:30 +0800][INFO] SELECT `admin_user`.`name` AS `name` FROM `admin_user` WHERE `admin_user`.`id` = 1 LIMIT :APL0
[Mon, 07 Feb 22 11:12:30 +0800][INFO] SELECT `admin_user`.`name` AS `name` FROM `admin_user` WHERE `admin_user`.`id` = 1 LIMIT :APL0
[Mon, 07 Feb 22 11:12:30 +0800][INFO] SELECT `admin_user`.`name` AS `name` FROM `admin_user` WHERE `admin_user`.`id` = 1 LIMIT :APL0
[Mon, 07 Feb 22 11:12:30 +0800][INFO] SELECT COUNT(*) AS `rowcount` FROM `admin_log` WHERE 1 = 1
[Mon, 07 Feb 22 11:12:31 +0800][INFO] SELECT IF(COUNT(*) > 0, 1, 0) FROM `INFORMATION_SCHEMA`.`TABLES` WHERE `TABLE_NAME` = 'admin_log' AND `TABLE_SCHEMA` = DATABASE()
[Mon, 07 Feb 22 11:12:31 +0800][INFO] DESCRIBE `admin_log`
[Mon, 07 Feb 22 11:12:31 +0800][INFO] INSERT INTO `admin_log` (`api`, `name`, `time`, `ip`, `uid`, `status`, `info`, `request`, `client`) VALUES (?, ?, ?, ?, ?, ?, ?, ?, ?)
[Mon, 07 Feb 22 11:12:31 +0800][INFO] SELECT IF(COUNT(*) > 0, 1, 0) FROM `INFORMATION_SCHEMA`.`TABLES` WHERE `TABLE_NAME` = 'admin_user' AND `TABLE_SCHEMA` = DATABASE()
[Mon, 07 Feb 22 11:12:31 +0800][INFO] DESCRIBE `admin_user`
[Mon, 07 Feb 22 11:12:31 +0800][INFO] SELECT `admin_user`.`id`, `admin_user`.`roles`, `admin_user`.`username`, `admin_user`.`name`, `admin_user`.`password`, `admin_user`.`avatar`, `admin_user`.`phone`, `admin_user`.`token`, `admin_user`.`create_time`, `admin_user`.`update_time`, `admin_user`.`email` FROM `admin_user` WHERE `admin_user`.`id` = '1' LIMIT :APL0
[Mon, 07 Feb 22 11:12:31 +0800][INFO] SELECT IF(COUNT(*) > 0, 1, 0) FROM `INFORMATION_SCHEMA`.`TABLES` WHERE `TABLE_NAME` = 'admin_cron' AND `TABLE_SCHEMA` = DATABASE()
[Mon, 07 Feb 22 11:12:31 +0800][INFO] DESCRIBE `admin_cron`
[Mon, 07 Feb 22 11:12:31 +0800][INFO] SELECT `admin_cron`.`id`, `admin_cron`.`name`, `admin_cron`.`class`, `admin_cron`.`function`, `admin_cron`.`begin_time`, `admin_cron`.`end_time`, `admin_cron`.`next_time`, `admin_cron`.`cron`, `admin_cron`.`create_time`, `admin_cron`.`update_time`, `admin_cron`.`status` FROM `admin_cron` WHERE 1 = 1 ORDER BY `admin_cron`.`create_time` DESC LIMIT :APL0 OFFSET :APL1
[Mon, 07 Feb 22 11:12:31 +0800][INFO] SELECT COUNT(*) AS `rowcount` FROM `admin_cron` WHERE 1 = 1
[Mon, 07 Feb 22 11:12:40 +0800][INFO] SELECT IF(COUNT(*) > 0, 1, 0) FROM `INFORMATION_SCHEMA`.`TABLES` WHERE `TABLE_NAME` = 'admin_user' AND `TABLE_SCHEMA` = DATABASE()
[Mon, 07 Feb 22 11:12:40 +0800][INFO] DESCRIBE `admin_user`
[Mon, 07 Feb 22 11:12:40 +0800][INFO] SELECT `admin_user`.`id`, `admin_user`.`roles`, `admin_user`.`username`, `admin_user`.`name`, `admin_user`.`password`, `admin_user`.`avatar`, `admin_user`.`phone`, `admin_user`.`token`, `admin_user`.`create_time`, `admin_user`.`update_time`, `admin_user`.`email` FROM `admin_user` WHERE `admin_user`.`id` = '1' LIMIT :APL0
[Mon, 07 Feb 22 11:12:56 +0800][INFO] SELECT IF(COUNT(*) > 0, 1, 0) FROM `INFORMATION_SCHEMA`.`TABLES` WHERE `TABLE_NAME` = 'admin_log' AND `TABLE_SCHEMA` = DATABASE()
[Mon, 07 Feb 22 11:12:56 +0800][INFO] DESCRIBE `admin_log`
[Mon, 07 Feb 22 11:12:56 +0800][INFO] INSERT INTO `admin_log` (`api`, `name`, `time`, `ip`, `uid`, `status`, `info`, `request`, `client`) VALUES (?, ?, ?, ?, ?, ?, ?, ?, ?)
[Mon, 07 Feb 22 11:12:56 +0800][INFO] SELECT IF(COUNT(*) > 0, 1, 0) FROM `INFORMATION_SCHEMA`.`TABLES` WHERE `TABLE_NAME` = 'admin_user' AND `TABLE_SCHEMA` = DATABASE()
[Mon, 07 Feb 22 11:12:56 +0800][INFO] DESCRIBE `admin_user`
[Mon, 07 Feb 22 11:12:56 +0800][INFO] SELECT `admin_user`.`id`, `admin_user`.`roles`, `admin_user`.`username`, `admin_user`.`name`, `admin_user`.`password`, `admin_user`.`avatar`, `admin_user`.`phone`, `admin_user`.`token`, `admin_user`.`create_time`, `admin_user`.`update_time`, `admin_user`.`email` FROM `admin_user` WHERE `admin_user`.`id` = '1' LIMIT :APL0
[Mon, 07 Feb 22 11:12:56 +0800][INFO] SELECT IF(COUNT(*) > 0, 1, 0) FROM `INFORMATION_SCHEMA`.`TABLES` WHERE `TABLE_NAME` = 'admin_cron' AND `TABLE_SCHEMA` = DATABASE()
[Mon, 07 Feb 22 11:12:56 +0800][INFO] DESCRIBE `admin_cron`
[Mon, 07 Feb 22 11:12:56 +0800][INFO] SELECT `admin_cron`.`id`, `admin_cron`.`name`, `admin_cron`.`class`, `admin_cron`.`function`, `admin_cron`.`begin_time`, `admin_cron`.`end_time`, `admin_cron`.`next_time`, `admin_cron`.`cron`, `admin_cron`.`create_time`, `admin_cron`.`update_time`, `admin_cron`.`status` FROM `admin_cron` WHERE 1 = 1 ORDER BY `admin_cron`.`create_time` DESC LIMIT :APL0 OFFSET :APL1
[Mon, 07 Feb 22 11:12:56 +0800][INFO] SELECT COUNT(*) AS `rowcount` FROM `admin_cron` WHERE 1 = 1
[Mon, 07 Feb 22 11:12:58 +0800][INFO] SELECT IF(COUNT(*) > 0, 1, 0) FROM `INFORMATION_SCHEMA`.`TABLES` WHERE `TABLE_NAME` = 'admin_log' AND `TABLE_SCHEMA` = DATABASE()
[Mon, 07 Feb 22 11:12:58 +0800][INFO] DESCRIBE `admin_log`
[Mon, 07 Feb 22 11:12:58 +0800][INFO] INSERT INTO `admin_log` (`api`, `name`, `time`, `ip`, `uid`, `status`, `info`, `request`, `client`) VALUES (?, ?, ?, ?, ?, ?, ?, ?, ?)
[Mon, 07 Feb 22 11:12:58 +0800][INFO] SELECT IF(COUNT(*) > 0, 1, 0) FROM `INFORMATION_SCHEMA`.`TABLES` WHERE `TABLE_NAME` = 'admin_user' AND `TABLE_SCHEMA` = DATABASE()
[Mon, 07 Feb 22 11:12:58 +0800][INFO] DESCRIBE `admin_user`
[Mon, 07 Feb 22 11:12:58 +0800][INFO] SELECT `admin_user`.`id`, `admin_user`.`roles`, `admin_user`.`username`, `admin_user`.`name`, `admin_user`.`password`, `admin_user`.`avatar`, `admin_user`.`phone`, `admin_user`.`token`, `admin_user`.`create_time`, `admin_user`.`update_time`, `admin_user`.`email` FROM `admin_user` WHERE `admin_user`.`id` = '1' LIMIT :APL0
[Mon, 07 Feb 22 11:12:58 +0800][INFO] SELECT IF(COUNT(*) > 0, 1, 0) FROM `INFORMATION_SCHEMA`.`TABLES` WHERE `TABLE_NAME` = 'admin_menu' AND `TABLE_SCHEMA` = DATABASE()
[Mon, 07 Feb 22 11:12:58 +0800][INFO] DESCRIBE `admin_menu`
[Mon, 07 Feb 22 11:12:58 +0800][INFO] SELECT `admin_menu`.`id`, `admin_menu`.`name`, `admin_menu`.`pid`, `admin_menu`.`path`, `admin_menu`.`component`, `admin_menu`.`redirect`, `admin_menu`.`status`, `admin_menu`.`alwaysShow`, `admin_menu`.`meta`, `admin_menu`.`create_time`, `admin_menu`.`update_time`, `admin_menu`.`hidden`, `admin_menu`.`order` FROM `admin_menu` WHERE 1 = 1 ORDER BY `admin_menu`.`order` ASC
[Mon, 07 Feb 22 11:13:19 +0800][INFO] SELECT IF(COUNT(*) > 0, 1, 0) FROM `INFORMATION_SCHEMA`.`TABLES` WHERE `TABLE_NAME` = 'admin_log' AND `TABLE_SCHEMA` = DATABASE()
[Mon, 07 Feb 22 11:13:19 +0800][INFO] SELECT IF(COUNT(*) > 0, 1, 0) FROM `INFORMATION_SCHEMA`.`TABLES` WHERE `TABLE_NAME` = 'admin_user' AND `TABLE_SCHEMA` = DATABASE()
[Mon, 07 Feb 22 11:13:19 +0800][INFO] DESCRIBE `admin_user`
[Mon, 07 Feb 22 11:13:19 +0800][INFO] DESCRIBE `admin_log`
[Mon, 07 Feb 22 11:13:19 +0800][INFO] INSERT INTO `admin_log` (`api`, `name`, `time`, `ip`, `uid`, `status`, `info`, `request`, `client`) VALUES (?, ?, ?, ?, ?, ?, ?, ?, ?)
[Mon, 07 Feb 22 11:13:19 +0800][INFO] SELECT `admin_user`.`id`, `admin_user`.`roles`, `admin_user`.`username`, `admin_user`.`name`, `admin_user`.`password`, `admin_user`.`avatar`, `admin_user`.`phone`, `admin_user`.`token`, `admin_user`.`create_time`, `admin_user`.`update_time`, `admin_user`.`email` FROM `admin_user` WHERE `admin_user`.`id` = '1' LIMIT :APL0
[Mon, 07 Feb 22 11:13:19 +0800][INFO] SELECT `admin_user`.`id` AS `id`, `admin_user`.`name` AS `name` FROM `admin_user`
[Mon, 07 Feb 22 11:13:19 +0800][INFO] SELECT IF(COUNT(*) > 0, 1, 0) FROM `INFORMATION_SCHEMA`.`TABLES` WHERE `TABLE_NAME` = 'admin_user' AND `TABLE_SCHEMA` = DATABASE()
[Mon, 07 Feb 22 11:13:19 +0800][INFO] DESCRIBE `admin_user`
[Mon, 07 Feb 22 11:13:19 +0800][INFO] SELECT `admin_user`.`id`, `admin_user`.`roles`, `admin_user`.`username`, `admin_user`.`name`, `admin_user`.`password`, `admin_user`.`avatar`, `admin_user`.`phone`, `admin_user`.`token`, `admin_user`.`create_time`, `admin_user`.`update_time`, `admin_user`.`email` FROM `admin_user` WHERE `admin_user`.`id` = '1' LIMIT :APL0
[Mon, 07 Feb 22 11:13:19 +0800][INFO] SELECT `admin_log`.`id`, `admin_log`.`api`, `admin_log`.`name`, `admin_log`.`time`, `admin_log`.`ip`, `admin_log`.`uid`, `admin_log`.`status`, `admin_log`.`info`, `admin_log`.`request`, `admin_log`.`client` FROM `admin_log` WHERE 1 = 1 ORDER BY `admin_log`.`time` DESC LIMIT :APL0 OFFSET :APL1
[Mon, 07 Feb 22 11:13:19 +0800][INFO] SELECT `admin_user`.`name` AS `name` FROM `admin_user` WHERE `admin_user`.`id` = 1 LIMIT :APL0
[Mon, 07 Feb 22 11:13:19 +0800][INFO] SELECT `admin_user`.`name` AS `name` FROM `admin_user` WHERE `admin_user`.`id` = 1 LIMIT :APL0
[Mon, 07 Feb 22 11:13:19 +0800][INFO] SELECT `admin_user`.`name` AS `name` FROM `admin_user` WHERE `admin_user`.`id` = 1 LIMIT :APL0
[Mon, 07 Feb 22 11:13:19 +0800][INFO] SELECT `admin_user`.`name` AS `name` FROM `admin_user` WHERE `admin_user`.`id` = 1 LIMIT :APL0
[Mon, 07 Feb 22 11:13:19 +0800][INFO] SELECT `admin_user`.`name` AS `name` FROM `admin_user` WHERE `admin_user`.`id` = 1 LIMIT :APL0
[Mon, 07 Feb 22 11:13:19 +0800][INFO] SELECT `admin_user`.`name` AS `name` FROM `admin_user` WHERE `admin_user`.`id` = 1 LIMIT :APL0
[Mon, 07 Feb 22 11:13:19 +0800][INFO] SELECT `admin_user`.`name` AS `name` FROM `admin_user` WHERE `admin_user`.`id` = 1 LIMIT :APL0
[Mon, 07 Feb 22 11:13:19 +0800][INFO] SELECT `admin_user`.`name` AS `name` FROM `admin_user` WHERE `admin_user`.`id` = 1 LIMIT :APL0
[Mon, 07 Feb 22 11:13:19 +0800][INFO] SELECT `admin_user`.`name` AS `name` FROM `admin_user` WHERE `admin_user`.`id` = 1 LIMIT :APL0
[Mon, 07 Feb 22 11:13:19 +0800][INFO] SELECT `admin_user`.`name` AS `name` FROM `admin_user` WHERE `admin_user`.`id` = 1 LIMIT :APL0
[Mon, 07 Feb 22 11:13:19 +0800][INFO] SELECT COUNT(*) AS `rowcount` FROM `admin_log` WHERE 1 = 1
[Mon, 07 Feb 22 11:13:22 +0800][INFO] SELECT IF(COUNT(*) > 0, 1, 0) FROM `INFORMATION_SCHEMA`.`TABLES` WHERE `TABLE_NAME` = 'admin_user' AND `TABLE_SCHEMA` = DATABASE()
[Mon, 07 Feb 22 11:13:22 +0800][INFO] DESCRIBE `admin_user`
[Mon, 07 Feb 22 11:13:22 +0800][INFO] SELECT IF(COUNT(*) > 0, 1, 0) FROM `INFORMATION_SCHEMA`.`TABLES` WHERE `TABLE_NAME` = 'admin_log' AND `TABLE_SCHEMA` = DATABASE()
[Mon, 07 Feb 22 11:13:22 +0800][INFO] DESCRIBE `admin_log`
[Mon, 07 Feb 22 11:13:22 +0800][INFO] INSERT INTO `admin_log` (`api`, `name`, `time`, `ip`, `uid`, `status`, `info`, `request`, `client`) VALUES (?, ?, ?, ?, ?, ?, ?, ?, ?)
[Mon, 07 Feb 22 11:13:22 +0800][INFO] SELECT `admin_user`.`id`, `admin_user`.`roles`, `admin_user`.`username`, `admin_user`.`name`, `admin_user`.`password`, `admin_user`.`avatar`, `admin_user`.`phone`, `admin_user`.`token`, `admin_user`.`create_time`, `admin_user`.`update_time`, `admin_user`.`email` FROM `admin_user` WHERE `admin_user`.`id` = '1' LIMIT :APL0
[Mon, 07 Feb 22 11:13:22 +0800][INFO] SELECT IF(COUNT(*) > 0, 1, 0) FROM `INFORMATION_SCHEMA`.`TABLES` WHERE `TABLE_NAME` = 'admin_roles' AND `TABLE_SCHEMA` = DATABASE()
[Mon, 07 Feb 22 11:13:22 +0800][INFO] SELECT IF(COUNT(*) > 0, 1, 0) FROM `INFORMATION_SCHEMA`.`TABLES` WHERE `TABLE_NAME` = 'admin_user' AND `TABLE_SCHEMA` = DATABASE()
[Mon, 07 Feb 22 11:13:22 +0800][INFO] DESCRIBE `admin_user`
[Mon, 07 Feb 22 11:13:22 +0800][INFO] SELECT `admin_user`.`id`, `admin_user`.`roles`, `admin_user`.`username`, `admin_user`.`name`, `admin_user`.`password`, `admin_user`.`avatar`, `admin_user`.`phone`, `admin_user`.`token`, `admin_user`.`create_time`, `admin_user`.`update_time`, `admin_user`.`email` FROM `admin_user` WHERE `admin_user`.`id` = '1' LIMIT :APL0
[Mon, 07 Feb 22 11:13:22 +0800][INFO] DESCRIBE `admin_roles`
[Mon, 07 Feb 22 11:13:22 +0800][INFO] SELECT `admin_roles`.`id`, `admin_roles`.`name`, `admin_roles`.`roles`, `admin_roles`.`desc`, `admin_roles`.`create_time`, `admin_roles`.`update_time` FROM `admin_roles`
[Mon, 07 Feb 22 11:13:22 +0800][INFO] SELECT `admin_user`.`id` AS `id`, `admin_user`.`name` AS `name`, `admin_user`.`roles` AS `roles`, `admin_user`.`phone` AS `phone`, `admin_user`.`email` AS `email`, `admin_user`.`username` AS `username`, `admin_user`.`create_time` AS `create_time` FROM `admin_user` WHERE 1 = 1 LIMIT :APL0 OFFSET :APL1
[Mon, 07 Feb 22 11:13:22 +0800][INFO] SELECT IF(COUNT(*) > 0, 1, 0) FROM `INFORMATION_SCHEMA`.`TABLES` WHERE `TABLE_NAME` = 'admin_roles' AND `TABLE_SCHEMA` = DATABASE()
[Mon, 07 Feb 22 11:13:22 +0800][INFO] DESCRIBE `admin_roles`
[Mon, 07 Feb 22 11:13:22 +0800][INFO] SELECT `admin_roles`.`id`, `admin_roles`.`name`, `admin_roles`.`roles`, `admin_roles`.`desc`, `admin_roles`.`create_time`, `admin_roles`.`update_time` FROM `admin_roles` WHERE `admin_roles`.`id` = 1 LIMIT :APL0
[Mon, 07 Feb 22 11:13:22 +0800][INFO] SELECT COUNT(*) AS `rowcount` FROM `admin_user` WHERE 1 = 1
[Mon, 07 Feb 22 11:13:24 +0800][INFO] SELECT IF(COUNT(*) > 0, 1, 0) FROM `INFORMATION_SCHEMA`.`TABLES` WHERE `TABLE_NAME` = 'admin_user' AND `TABLE_SCHEMA` = DATABASE()
[Mon, 07 Feb 22 11:13:24 +0800][INFO] DESCRIBE `admin_user`
[Mon, 07 Feb 22 11:13:24 +0800][INFO] SELECT IF(COUNT(*) > 0, 1, 0) FROM `INFORMATION_SCHEMA`.`TABLES` WHERE `TABLE_NAME` = 'admin_log' AND `TABLE_SCHEMA` = DATABASE()
[Mon, 07 Feb 22 11:13:24 +0800][INFO] DESCRIBE `admin_log`
[Mon, 07 Feb 22 11:13:24 +0800][INFO] INSERT INTO `admin_log` (`api`, `name`, `time`, `ip`, `uid`, `status`, `info`, `request`, `client`) VALUES (?, ?, ?, ?, ?, ?, ?, ?, ?)
[Mon, 07 Feb 22 11:13:24 +0800][INFO] SELECT `admin_user`.`id`, `admin_user`.`roles`, `admin_user`.`username`, `admin_user`.`name`, `admin_user`.`password`, `admin_user`.`avatar`, `admin_user`.`phone`, `admin_user`.`token`, `admin_user`.`create_time`, `admin_user`.`update_time`, `admin_user`.`email` FROM `admin_user` WHERE `admin_user`.`id` = '1' LIMIT :APL0
[Mon, 07 Feb 22 11:13:24 +0800][INFO] SELECT IF(COUNT(*) > 0, 1, 0) FROM `INFORMATION_SCHEMA`.`TABLES` WHERE `TABLE_NAME` = 'admin_user' AND `TABLE_SCHEMA` = DATABASE()
[Mon, 07 Feb 22 11:13:24 +0800][INFO] DESCRIBE `admin_user`
[Mon, 07 Feb 22 11:13:24 +0800][INFO] SELECT `admin_user`.`id`, `admin_user`.`roles`, `admin_user`.`username`, `admin_user`.`name`, `admin_user`.`password`, `admin_user`.`avatar`, `admin_user`.`phone`, `admin_user`.`token`, `admin_user`.`create_time`, `admin_user`.`update_time`, `admin_user`.`email` FROM `admin_user` WHERE `admin_user`.`id` = '1' LIMIT :APL0
[Mon, 07 Feb 22 11:13:24 +0800][INFO] SELECT IF(COUNT(*) > 0, 1, 0) FROM `INFORMATION_SCHEMA`.`TABLES` WHERE `TABLE_NAME` = 'admin_menu' AND `TABLE_SCHEMA` = DATABASE()
[Mon, 07 Feb 22 11:13:24 +0800][INFO] DESCRIBE `admin_menu`
[Mon, 07 Feb 22 11:13:24 +0800][INFO] SELECT `admin_menu`.`id`, `admin_menu`.`name`, `admin_menu`.`pid`, `admin_menu`.`path`, `admin_menu`.`component`, `admin_menu`.`redirect`, `admin_menu`.`status`, `admin_menu`.`alwaysShow`, `admin_menu`.`meta`, `admin_menu`.`create_time`, `admin_menu`.`update_time`, `admin_menu`.`hidden`, `admin_menu`.`order` FROM `admin_menu` WHERE `admin_menu`.`status` = 0 ORDER BY `admin_menu`.`order` ASC
[Mon, 07 Feb 22 11:13:24 +0800][INFO] SELECT IF(COUNT(*) > 0, 1, 0) FROM `INFORMATION_SCHEMA`.`TABLES` WHERE `TABLE_NAME` = 'admin_roles' AND `TABLE_SCHEMA` = DATABASE()
[Mon, 07 Feb 22 11:13:24 +0800][INFO] DESCRIBE `admin_roles`
[Mon, 07 Feb 22 11:13:24 +0800][INFO] SELECT `admin_roles`.`id`, `admin_roles`.`name`, `admin_roles`.`roles`, `admin_roles`.`desc`, `admin_roles`.`create_time`, `admin_roles`.`update_time` FROM `admin_roles` LIMIT :APL0 OFFSET :APL1
[Mon, 07 Feb 22 11:13:24 +0800][INFO] SELECT IF(COUNT(*) > 0, 1, 0) FROM `INFORMATION_SCHEMA`.`TABLES` WHERE `TABLE_NAME` = 'admin_menu' AND `TABLE_SCHEMA` = DATABASE()
[Mon, 07 Feb 22 11:13:24 +0800][INFO] DESCRIBE `admin_menu`
[Mon, 07 Feb 22 11:13:24 +0800][INFO] SELECT `admin_menu`.`id`, `admin_menu`.`name`, `admin_menu`.`pid`, `admin_menu`.`path`, `admin_menu`.`component`, `admin_menu`.`redirect`, `admin_menu`.`status`, `admin_menu`.`alwaysShow`, `admin_menu`.`meta`, `admin_menu`.`create_time`, `admin_menu`.`update_time`, `admin_menu`.`hidden`, `admin_menu`.`order` FROM `admin_menu`
[Mon, 07 Feb 22 11:13:24 +0800][INFO] SELECT IF(COUNT(*) > 0, 1, 0) FROM `INFORMATION_SCHEMA`.`TABLES` WHERE `TABLE_NAME` = 'admin_permissions' AND `TABLE_SCHEMA` = DATABASE()
[Mon, 07 Feb 22 11:13:24 +0800][INFO] DESCRIBE `admin_permissions`
[Mon, 07 Feb 22 11:13:24 +0800][INFO] SELECT `admin_permissions`.`role_id`, `admin_permissions`.`permissions` FROM `admin_permissions` WHERE `admin_permissions`.`role_id` = '3'
[Mon, 07 Feb 22 11:13:24 +0800][INFO] SELECT `admin_menu`.`id`, `admin_menu`.`name`, `admin_menu`.`pid`, `admin_menu`.`path`, `admin_menu`.`component`, `admin_menu`.`redirect`, `admin_menu`.`status`, `admin_menu`.`alwaysShow`, `admin_menu`.`meta`, `admin_menu`.`create_time`, `admin_menu`.`update_time`, `admin_menu`.`hidden`, `admin_menu`.`order` FROM `admin_menu` WHERE `admin_menu`.`id` IN ('47', '48', '49', '3', '4', '5')
[Mon, 07 Feb 22 11:13:27 +0800][INFO] SELECT IF(COUNT(*) > 0, 1, 0) FROM `INFORMATION_SCHEMA`.`TABLES` WHERE `TABLE_NAME` = 'admin_user' AND `TABLE_SCHEMA` = DATABASE()
[Mon, 07 Feb 22 11:13:27 +0800][INFO] SELECT IF(COUNT(*) > 0, 1, 0) FROM `INFORMATION_SCHEMA`.`TABLES` WHERE `TABLE_NAME` = 'admin_log' AND `TABLE_SCHEMA` = DATABASE()
[Mon, 07 Feb 22 11:13:27 +0800][INFO] DESCRIBE `admin_log`
[Mon, 07 Feb 22 11:13:27 +0800][INFO] INSERT INTO `admin_log` (`api`, `name`, `time`, `ip`, `uid`, `status`, `info`, `request`, `client`) VALUES (?, ?, ?, ?, ?, ?, ?, ?, ?)
[Mon, 07 Feb 22 11:13:27 +0800][INFO] DESCRIBE `admin_user`
[Mon, 07 Feb 22 11:13:27 +0800][INFO] SELECT `admin_user`.`id`, `admin_user`.`roles`, `admin_user`.`username`, `admin_user`.`name`, `admin_user`.`password`, `admin_user`.`avatar`, `admin_user`.`phone`, `admin_user`.`token`, `admin_user`.`create_time`, `admin_user`.`update_time`, `admin_user`.`email` FROM `admin_user` WHERE `admin_user`.`id` = '1' LIMIT :APL0
[Mon, 07 Feb 22 11:13:27 +0800][INFO] SELECT IF(COUNT(*) > 0, 1, 0) FROM `INFORMATION_SCHEMA`.`TABLES` WHERE `TABLE_NAME` = 'admin_user' AND `TABLE_SCHEMA` = DATABASE()
[Mon, 07 Feb 22 11:13:27 +0800][INFO] DESCRIBE `admin_user`
[Mon, 07 Feb 22 11:13:27 +0800][INFO] SELECT `admin_user`.`id`, `admin_user`.`roles`, `admin_user`.`username`, `admin_user`.`name`, `admin_user`.`password`, `admin_user`.`avatar`, `admin_user`.`phone`, `admin_user`.`token`, `admin_user`.`create_time`, `admin_user`.`update_time`, `admin_user`.`email` FROM `admin_user` WHERE `admin_user`.`id` = '1' LIMIT :APL0
[Mon, 07 Feb 22 11:13:27 +0800][INFO] SELECT IF(COUNT(*) > 0, 1, 0) FROM `INFORMATION_SCHEMA`.`TABLES` WHERE `TABLE_NAME` = 'admin_menu' AND `TABLE_SCHEMA` = DATABASE()
[Mon, 07 Feb 22 11:13:27 +0800][INFO] DESCRIBE `admin_menu`
[Mon, 07 Feb 22 11:13:27 +0800][INFO] SELECT `admin_menu`.`id`, `admin_menu`.`name`, `admin_menu`.`pid`, `admin_menu`.`path`, `admin_menu`.`component`, `admin_menu`.`redirect`, `admin_menu`.`status`, `admin_menu`.`alwaysShow`, `admin_menu`.`meta`, `admin_menu`.`create_time`, `admin_menu`.`update_time`, `admin_menu`.`hidden`, `admin_menu`.`order` FROM `admin_menu` WHERE `admin_menu`.`status` = 0 ORDER BY `admin_menu`.`order` ASC
[Mon, 07 Feb 22 11:13:27 +0800][INFO] SELECT IF(COUNT(*) > 0, 1, 0) FROM `INFORMATION_SCHEMA`.`TABLES` WHERE `TABLE_NAME` = 'admin_roles' AND `TABLE_SCHEMA` = DATABASE()
[Mon, 07 Feb 22 11:13:27 +0800][INFO] DESCRIBE `admin_roles`
[Mon, 07 Feb 22 11:13:27 +0800][INFO] SELECT `admin_roles`.`id`, `admin_roles`.`name`, `admin_roles`.`roles`, `admin_roles`.`desc`, `admin_roles`.`create_time`, `admin_roles`.`update_time` FROM `admin_roles` LIMIT :APL0 OFFSET :APL1
[Mon, 07 Feb 22 11:13:27 +0800][INFO] SELECT IF(COUNT(*) > 0, 1, 0) FROM `INFORMATION_SCHEMA`.`TABLES` WHERE `TABLE_NAME` = 'admin_menu' AND `TABLE_SCHEMA` = DATABASE()
[Mon, 07 Feb 22 11:13:27 +0800][INFO] DESCRIBE `admin_menu`
[Mon, 07 Feb 22 11:13:27 +0800][INFO] SELECT `admin_menu`.`id`, `admin_menu`.`name`, `admin_menu`.`pid`, `admin_menu`.`path`, `admin_menu`.`component`, `admin_menu`.`redirect`, `admin_menu`.`status`, `admin_menu`.`alwaysShow`, `admin_menu`.`meta`, `admin_menu`.`create_time`, `admin_menu`.`update_time`, `admin_menu`.`hidden`, `admin_menu`.`order` FROM `admin_menu`
[Mon, 07 Feb 22 11:13:27 +0800][INFO] SELECT IF(COUNT(*) > 0, 1, 0) FROM `INFORMATION_SCHEMA`.`TABLES` WHERE `TABLE_NAME` = 'admin_permissions' AND `TABLE_SCHEMA` = DATABASE()
[Mon, 07 Feb 22 11:13:27 +0800][INFO] DESCRIBE `admin_permissions`
[Mon, 07 Feb 22 11:13:27 +0800][INFO] SELECT `admin_permissions`.`role_id`, `admin_permissions`.`permissions` FROM `admin_permissions` WHERE `admin_permissions`.`role_id` = '3'
[Mon, 07 Feb 22 11:13:27 +0800][INFO] SELECT `admin_menu`.`id`, `admin_menu`.`name`, `admin_menu`.`pid`, `admin_menu`.`path`, `admin_menu`.`component`, `admin_menu`.`redirect`, `admin_menu`.`status`, `admin_menu`.`alwaysShow`, `admin_menu`.`meta`, `admin_menu`.`create_time`, `admin_menu`.`update_time`, `admin_menu`.`hidden`, `admin_menu`.`order` FROM `admin_menu` WHERE `admin_menu`.`id` IN ('47', '48', '49', '3', '4', '5')
[Mon, 07 Feb 22 11:13:29 +0800][INFO] SELECT IF(COUNT(*) > 0, 1, 0) FROM `INFORMATION_SCHEMA`.`TABLES` WHERE `TABLE_NAME` = 'admin_log' AND `TABLE_SCHEMA` = DATABASE()
[Mon, 07 Feb 22 11:13:29 +0800][INFO] DESCRIBE `admin_log`
[Mon, 07 Feb 22 11:13:29 +0800][INFO] INSERT INTO `admin_log` (`api`, `name`, `time`, `ip`, `uid`, `status`, `info`, `request`, `client`) VALUES (?, ?, ?, ?, ?, ?, ?, ?, ?)
[Mon, 07 Feb 22 11:13:29 +0800][INFO] SELECT IF(COUNT(*) > 0, 1, 0) FROM `INFORMATION_SCHEMA`.`TABLES` WHERE `TABLE_NAME` = 'admin_user' AND `TABLE_SCHEMA` = DATABASE()
[Mon, 07 Feb 22 11:13:29 +0800][INFO] DESCRIBE `admin_user`
[Mon, 07 Feb 22 11:13:29 +0800][INFO] SELECT `admin_user`.`id`, `admin_user`.`roles`, `admin_user`.`username`, `admin_user`.`name`, `admin_user`.`password`, `admin_user`.`avatar`, `admin_user`.`phone`, `admin_user`.`token`, `admin_user`.`create_time`, `admin_user`.`update_time`, `admin_user`.`email` FROM `admin_user` WHERE `admin_user`.`id` = '1' LIMIT :APL0
[Mon, 07 Feb 22 11:13:29 +0800][INFO] SELECT IF(COUNT(*) > 0, 1, 0) FROM `INFORMATION_SCHEMA`.`TABLES` WHERE `TABLE_NAME` = 'admin_menu' AND `TABLE_SCHEMA` = DATABASE()
[Mon, 07 Feb 22 11:13:29 +0800][INFO] DESCRIBE `admin_menu`
[Mon, 07 Feb 22 11:13:29 +0800][INFO] SELECT `admin_menu`.`id`, `admin_menu`.`name`, `admin_menu`.`pid`, `admin_menu`.`path`, `admin_menu`.`component`, `admin_menu`.`redirect`, `admin_menu`.`status`, `admin_menu`.`alwaysShow`, `admin_menu`.`meta`, `admin_menu`.`create_time`, `admin_menu`.`update_time`, `admin_menu`.`hidden`, `admin_menu`.`order` FROM `admin_menu` WHERE 1 = 1 ORDER BY `admin_menu`.`order` ASC
[Mon, 07 Feb 22 11:16:55 +0800][INFO] SELECT IF(COUNT(*) > 0, 1, 0) FROM `INFORMATION_SCHEMA`.`TABLES` WHERE `TABLE_NAME` = 'admin_log' AND `TABLE_SCHEMA` = DATABASE()
[Mon, 07 Feb 22 11:16:55 +0800][INFO] DESCRIBE `admin_log`
[Mon, 07 Feb 22 11:16:55 +0800][INFO] INSERT INTO `admin_log` (`api`, `name`, `time`, `ip`, `uid`, `status`, `info`, `request`, `client`) VALUES (?, ?, ?, ?, ?, ?, ?, ?, ?)
[Mon, 07 Feb 22 11:16:55 +0800][INFO] SELECT IF(COUNT(*) > 0, 1, 0) FROM `INFORMATION_SCHEMA`.`TABLES` WHERE `TABLE_NAME` = 'admin_user' AND `TABLE_SCHEMA` = DATABASE()
[Mon, 07 Feb 22 11:16:55 +0800][INFO] DESCRIBE `admin_user`
[Mon, 07 Feb 22 11:16:55 +0800][INFO] SELECT `admin_user`.`id`, `admin_user`.`roles`, `admin_user`.`username`, `admin_user`.`name`, `admin_user`.`password`, `admin_user`.`avatar`, `admin_user`.`phone`, `admin_user`.`token`, `admin_user`.`create_time`, `admin_user`.`update_time`, `admin_user`.`email` FROM `admin_user` WHERE `admin_user`.`id` = '1' LIMIT :APL0
[Mon, 07 Feb 22 11:16:55 +0800][INFO] SELECT IF(COUNT(*) > 0, 1, 0) FROM `INFORMATION_SCHEMA`.`TABLES` WHERE `TABLE_NAME` = 'admin_menu' AND `TABLE_SCHEMA` = DATABASE()
[Mon, 07 Feb 22 11:16:55 +0800][INFO] DESCRIBE `admin_menu`
[Mon, 07 Feb 22 11:16:55 +0800][INFO] SELECT `admin_menu`.`id`, `admin_menu`.`name`, `admin_menu`.`pid`, `admin_menu`.`path`, `admin_menu`.`component`, `admin_menu`.`redirect`, `admin_menu`.`status`, `admin_menu`.`alwaysShow`, `admin_menu`.`meta`, `admin_menu`.`create_time`, `admin_menu`.`update_time`, `admin_menu`.`hidden`, `admin_menu`.`order` FROM `admin_menu` WHERE 1 = 1 ORDER BY `admin_menu`.`order` ASC
[Mon, 07 Feb 22 11:16:55 +0800][INFO] SELECT IF(COUNT(*) > 0, 1, 0) FROM `INFORMATION_SCHEMA`.`TABLES` WHERE `TABLE_NAME` = 'admin_log' AND `TABLE_SCHEMA` = DATABASE()
[Mon, 07 Feb 22 11:16:55 +0800][INFO] DESCRIBE `admin_log`
[Mon, 07 Feb 22 11:16:55 +0800][INFO] INSERT INTO `admin_log` (`api`, `name`, `time`, `ip`, `uid`, `status`, `info`, `request`, `client`) VALUES (?, ?, ?, ?, ?, ?, ?, ?, ?)
[Mon, 07 Feb 22 11:16:55 +0800][INFO] SELECT IF(COUNT(*) > 0, 1, 0) FROM `INFORMATION_SCHEMA`.`TABLES` WHERE `TABLE_NAME` = 'admin_user' AND `TABLE_SCHEMA` = DATABASE()
[Mon, 07 Feb 22 11:16:55 +0800][INFO] DESCRIBE `admin_user`
[Mon, 07 Feb 22 11:16:55 +0800][INFO] SELECT `admin_user`.`id`, `admin_user`.`roles`, `admin_user`.`username`, `admin_user`.`name`, `admin_user`.`password`, `admin_user`.`avatar`, `admin_user`.`phone`, `admin_user`.`token`, `admin_user`.`create_time`, `admin_user`.`update_time`, `admin_user`.`email` FROM `admin_user` WHERE `admin_user`.`id` = '1' LIMIT :APL0
[Mon, 07 Feb 22 11:16:55 +0800][INFO] SELECT IF(COUNT(*) > 0, 1, 0) FROM `INFORMATION_SCHEMA`.`TABLES` WHERE `TABLE_NAME` = 'admin_menu' AND `TABLE_SCHEMA` = DATABASE()
[Mon, 07 Feb 22 11:16:55 +0800][INFO] DESCRIBE `admin_menu`
[Mon, 07 Feb 22 11:16:55 +0800][INFO] SELECT `admin_menu`.`id`, `admin_menu`.`name`, `admin_menu`.`pid`, `admin_menu`.`path`, `admin_menu`.`component`, `admin_menu`.`redirect`, `admin_menu`.`status`, `admin_menu`.`alwaysShow`, `admin_menu`.`meta`, `admin_menu`.`create_time`, `admin_menu`.`update_time`, `admin_menu`.`hidden`, `admin_menu`.`order` FROM `admin_menu` WHERE 1 = 1 ORDER BY `admin_menu`.`order` ASC
[Mon, 07 Feb 22 11:16:56 +0800][INFO] SELECT IF(COUNT(*) > 0, 1, 0) FROM `INFORMATION_SCHEMA`.`TABLES` WHERE `TABLE_NAME` = 'admin_log' AND `TABLE_SCHEMA` = DATABASE()
[Mon, 07 Feb 22 11:16:56 +0800][INFO] SELECT IF(COUNT(*) > 0, 1, 0) FROM `INFORMATION_SCHEMA`.`TABLES` WHERE `TABLE_NAME` = 'admin_user' AND `TABLE_SCHEMA` = DATABASE()
[Mon, 07 Feb 22 11:16:56 +0800][INFO] DESCRIBE `admin_user`
[Mon, 07 Feb 22 11:16:56 +0800][INFO] DESCRIBE `admin_log`
[Mon, 07 Feb 22 11:16:56 +0800][INFO] INSERT INTO `admin_log` (`api`, `name`, `time`, `ip`, `uid`, `status`, `info`, `request`, `client`) VALUES (?, ?, ?, ?, ?, ?, ?, ?, ?)
[Mon, 07 Feb 22 11:16:56 +0800][INFO] SELECT `admin_user`.`id`, `admin_user`.`roles`, `admin_user`.`username`, `admin_user`.`name`, `admin_user`.`password`, `admin_user`.`avatar`, `admin_user`.`phone`, `admin_user`.`token`, `admin_user`.`create_time`, `admin_user`.`update_time`, `admin_user`.`email` FROM `admin_user` WHERE `admin_user`.`id` = '1' LIMIT :APL0
[Mon, 07 Feb 22 11:16:56 +0800][INFO] SELECT `admin_user`.`id` AS `id`, `admin_user`.`name` AS `name` FROM `admin_user`
[Mon, 07 Feb 22 11:16:56 +0800][INFO] SELECT IF(COUNT(*) > 0, 1, 0) FROM `INFORMATION_SCHEMA`.`TABLES` WHERE `TABLE_NAME` = 'admin_user' AND `TABLE_SCHEMA` = DATABASE()
[Mon, 07 Feb 22 11:16:56 +0800][INFO] DESCRIBE `admin_user`
[Mon, 07 Feb 22 11:16:56 +0800][INFO] SELECT `admin_user`.`id`, `admin_user`.`roles`, `admin_user`.`username`, `admin_user`.`name`, `admin_user`.`password`, `admin_user`.`avatar`, `admin_user`.`phone`, `admin_user`.`token`, `admin_user`.`create_time`, `admin_user`.`update_time`, `admin_user`.`email` FROM `admin_user` WHERE `admin_user`.`id` = '1' LIMIT :APL0
[Mon, 07 Feb 22 11:16:56 +0800][INFO] SELECT `admin_log`.`id`, `admin_log`.`api`, `admin_log`.`name`, `admin_log`.`time`, `admin_log`.`ip`, `admin_log`.`uid`, `admin_log`.`status`, `admin_log`.`info`, `admin_log`.`request`, `admin_log`.`client` FROM `admin_log` WHERE 1 = 1 ORDER BY `admin_log`.`time` DESC LIMIT :APL0 OFFSET :APL1
[Mon, 07 Feb 22 11:16:56 +0800][INFO] SELECT `admin_user`.`name` AS `name` FROM `admin_user` WHERE `admin_user`.`id` = 1 LIMIT :APL0
[Mon, 07 Feb 22 11:16:56 +0800][INFO] SELECT `admin_user`.`name` AS `name` FROM `admin_user` WHERE `admin_user`.`id` = 1 LIMIT :APL0
[Mon, 07 Feb 22 11:16:56 +0800][INFO] SELECT `admin_user`.`name` AS `name` FROM `admin_user` WHERE `admin_user`.`id` = 1 LIMIT :APL0
[Mon, 07 Feb 22 11:16:56 +0800][INFO] SELECT `admin_user`.`name` AS `name` FROM `admin_user` WHERE `admin_user`.`id` = 1 LIMIT :APL0
[Mon, 07 Feb 22 11:16:56 +0800][INFO] SELECT `admin_user`.`name` AS `name` FROM `admin_user` WHERE `admin_user`.`id` = 1 LIMIT :APL0
[Mon, 07 Feb 22 11:16:56 +0800][INFO] SELECT `admin_user`.`name` AS `name` FROM `admin_user` WHERE `admin_user`.`id` = 1 LIMIT :APL0
[Mon, 07 Feb 22 11:16:56 +0800][INFO] SELECT `admin_user`.`name` AS `name` FROM `admin_user` WHERE `admin_user`.`id` = 1 LIMIT :APL0
[Mon, 07 Feb 22 11:16:56 +0800][INFO] SELECT `admin_user`.`name` AS `name` FROM `admin_user` WHERE `admin_user`.`id` = 1 LIMIT :APL0
[Mon, 07 Feb 22 11:16:56 +0800][INFO] SELECT `admin_user`.`name` AS `name` FROM `admin_user` WHERE `admin_user`.`id` = 1 LIMIT :APL0
[Mon, 07 Feb 22 11:16:56 +0800][INFO] SELECT `admin_user`.`name` AS `name` FROM `admin_user` WHERE `admin_user`.`id` = 1 LIMIT :APL0
[Mon, 07 Feb 22 11:16:56 +0800][INFO] SELECT COUNT(*) AS `rowcount` FROM `admin_log` WHERE 1 = 1
[Mon, 07 Feb 22 11:16:58 +0800][INFO] SELECT IF(COUNT(*) > 0, 1, 0) FROM `INFORMATION_SCHEMA`.`TABLES` WHERE `TABLE_NAME` = 'admin_user' AND `TABLE_SCHEMA` = DATABASE()
[Mon, 07 Feb 22 11:16:58 +0800][INFO] DESCRIBE `admin_user`
[Mon, 07 Feb 22 11:16:58 +0800][INFO] SELECT `admin_user`.`id`, `admin_user`.`roles`, `admin_user`.`username`, `admin_user`.`name`, `admin_user`.`password`, `admin_user`.`avatar`, `admin_user`.`phone`, `admin_user`.`token`, `admin_user`.`create_time`, `admin_user`.`update_time`, `admin_user`.`email` FROM `admin_user` WHERE `admin_user`.`id` = '1' LIMIT :APL0
[Mon, 07 Feb 22 11:17:00 +0800][INFO] SELECT IF(COUNT(*) > 0, 1, 0) FROM `INFORMATION_SCHEMA`.`TABLES` WHERE `TABLE_NAME` = 'admin_log' AND `TABLE_SCHEMA` = DATABASE()
[Mon, 07 Feb 22 11:17:00 +0800][INFO] DESCRIBE `admin_log`
[Mon, 07 Feb 22 11:17:00 +0800][INFO] INSERT INTO `admin_log` (`api`, `name`, `time`, `ip`, `uid`, `status`, `info`, `request`, `client`) VALUES (?, ?, ?, ?, ?, ?, ?, ?, ?)
[Mon, 07 Feb 22 11:17:00 +0800][INFO] SELECT IF(COUNT(*) > 0, 1, 0) FROM `INFORMATION_SCHEMA`.`TABLES` WHERE `TABLE_NAME` = 'admin_user' AND `TABLE_SCHEMA` = DATABASE()
[Mon, 07 Feb 22 11:17:00 +0800][INFO] DESCRIBE `admin_user`
[Mon, 07 Feb 22 11:17:00 +0800][INFO] SELECT `admin_user`.`id`, `admin_user`.`roles`, `admin_user`.`username`, `admin_user`.`name`, `admin_user`.`password`, `admin_user`.`avatar`, `admin_user`.`phone`, `admin_user`.`token`, `admin_user`.`create_time`, `admin_user`.`update_time`, `admin_user`.`email` FROM `admin_user` WHERE `admin_user`.`id` = '1' LIMIT :APL0
[Mon, 07 Feb 22 11:17:00 +0800][INFO] SELECT IF(COUNT(*) > 0, 1, 0) FROM `INFORMATION_SCHEMA`.`TABLES` WHERE `TABLE_NAME` = 'admin_cron' AND `TABLE_SCHEMA` = DATABASE()
[Mon, 07 Feb 22 11:17:00 +0800][INFO] DESCRIBE `admin_cron`
[Mon, 07 Feb 22 11:17:00 +0800][INFO] SELECT `admin_cron`.`id`, `admin_cron`.`name`, `admin_cron`.`class`, `admin_cron`.`function`, `admin_cron`.`begin_time`, `admin_cron`.`end_time`, `admin_cron`.`next_time`, `admin_cron`.`cron`, `admin_cron`.`create_time`, `admin_cron`.`update_time`, `admin_cron`.`status` FROM `admin_cron` WHERE 1 = 1 ORDER BY `admin_cron`.`create_time` DESC LIMIT :APL0 OFFSET :APL1
[Mon, 07 Feb 22 11:17:00 +0800][INFO] SELECT COUNT(*) AS `rowcount` FROM `admin_cron` WHERE 1 = 1
[Mon, 07 Feb 22 11:17:01 +0800][INFO] SELECT IF(COUNT(*) > 0, 1, 0) FROM `INFORMATION_SCHEMA`.`TABLES` WHERE `TABLE_NAME` = 'admin_user' AND `TABLE_SCHEMA` = DATABASE()
[Mon, 07 Feb 22 11:17:01 +0800][INFO] DESCRIBE `admin_user`
[Mon, 07 Feb 22 11:17:01 +0800][INFO] SELECT `admin_user`.`id`, `admin_user`.`roles`, `admin_user`.`username`, `admin_user`.`name`, `admin_user`.`password`, `admin_user`.`avatar`, `admin_user`.`phone`, `admin_user`.`token`, `admin_user`.`create_time`, `admin_user`.`update_time`, `admin_user`.`email` FROM `admin_user` WHERE `admin_user`.`id` = '1' LIMIT :APL0
[Mon, 07 Feb 22 11:17:08 +0800][INFO] SELECT IF(COUNT(*) > 0, 1, 0) FROM `INFORMATION_SCHEMA`.`TABLES` WHERE `TABLE_NAME` = 'admin_log' AND `TABLE_SCHEMA` = DATABASE()
[Mon, 07 Feb 22 11:17:08 +0800][INFO] DESCRIBE `admin_log`
[Mon, 07 Feb 22 11:17:08 +0800][INFO] SELECT IF(COUNT(*) > 0, 1, 0) FROM `INFORMATION_SCHEMA`.`TABLES` WHERE `TABLE_NAME` = 'admin_log' AND `TABLE_SCHEMA` = DATABASE()
[Mon, 07 Feb 22 11:17:08 +0800][INFO] DESCRIBE `admin_log`
[Mon, 07 Feb 22 11:17:08 +0800][INFO] INSERT INTO `admin_log` (`api`, `name`, `time`, `ip`, `uid`, `status`, `info`, `request`, `client`) VALUES (?, ?, ?, ?, ?, ?, ?, ?, ?)
[Mon, 07 Feb 22 11:17:08 +0800][INFO] INSERT INTO `admin_log` (`api`, `name`, `time`, `ip`, `uid`, `status`, `info`, `request`, `client`) VALUES (?, ?, ?, ?, ?, ?, ?, ?, ?)
[Mon, 07 Feb 22 11:17:08 +0800][INFO] SELECT IF(COUNT(*) > 0, 1, 0) FROM `INFORMATION_SCHEMA`.`TABLES` WHERE `TABLE_NAME` = 'admin_user' AND `TABLE_SCHEMA` = DATABASE()
[Mon, 07 Feb 22 11:17:08 +0800][INFO] DESCRIBE `admin_user`
[Mon, 07 Feb 22 11:17:08 +0800][INFO] SELECT IF(COUNT(*) > 0, 1, 0) FROM `INFORMATION_SCHEMA`.`TABLES` WHERE `TABLE_NAME` = 'admin_user' AND `TABLE_SCHEMA` = DATABASE()
[Mon, 07 Feb 22 11:17:08 +0800][INFO] DESCRIBE `admin_user`
[Mon, 07 Feb 22 11:17:08 +0800][INFO] SELECT `admin_user`.`id`, `admin_user`.`roles`, `admin_user`.`username`, `admin_user`.`name`, `admin_user`.`password`, `admin_user`.`avatar`, `admin_user`.`phone`, `admin_user`.`token`, `admin_user`.`create_time`, `admin_user`.`update_time`, `admin_user`.`email` FROM `admin_user` WHERE `admin_user`.`id` = '1' LIMIT :APL0
[Mon, 07 Feb 22 11:17:08 +0800][INFO] SELECT `admin_user`.`id`, `admin_user`.`roles`, `admin_user`.`username`, `admin_user`.`name`, `admin_user`.`password`, `admin_user`.`avatar`, `admin_user`.`phone`, `admin_user`.`token`, `admin_user`.`create_time`, `admin_user`.`update_time`, `admin_user`.`email` FROM `admin_user` WHERE `admin_user`.`id` = '1' LIMIT :APL0
[Mon, 07 Feb 22 11:17:11 +0800][INFO] SELECT IF(COUNT(*) > 0, 1, 0) FROM `INFORMATION_SCHEMA`.`TABLES` WHERE `TABLE_NAME` = 'admin_log' AND `TABLE_SCHEMA` = DATABASE()
[Mon, 07 Feb 22 11:17:11 +0800][INFO] DESCRIBE `admin_log`
[Mon, 07 Feb 22 11:17:11 +0800][INFO] INSERT INTO `admin_log` (`api`, `name`, `time`, `ip`, `uid`, `status`, `info`, `request`, `client`) VALUES (?, ?, ?, ?, ?, ?, ?, ?, ?)
[Mon, 07 Feb 22 11:17:11 +0800][INFO] SELECT IF(COUNT(*) > 0, 1, 0) FROM `INFORMATION_SCHEMA`.`TABLES` WHERE `TABLE_NAME` = 'admin_user' AND `TABLE_SCHEMA` = DATABASE()
[Mon, 07 Feb 22 11:17:11 +0800][INFO] DESCRIBE `admin_user`
[Mon, 07 Feb 22 11:17:11 +0800][INFO] SELECT `admin_user`.`id`, `admin_user`.`roles`, `admin_user`.`username`, `admin_user`.`name`, `admin_user`.`password`, `admin_user`.`avatar`, `admin_user`.`phone`, `admin_user`.`token`, `admin_user`.`create_time`, `admin_user`.`update_time`, `admin_user`.`email` FROM `admin_user` WHERE `admin_user`.`id` = '1' LIMIT :APL0
[Mon, 07 Feb 22 11:17:13 +0800][INFO] SELECT IF(COUNT(*) > 0, 1, 0) FROM `INFORMATION_SCHEMA`.`TABLES` WHERE `TABLE_NAME` = 'admin_log' AND `TABLE_SCHEMA` = DATABASE()
[Mon, 07 Feb 22 11:17:13 +0800][INFO] DESCRIBE `admin_log`
[Mon, 07 Feb 22 11:17:13 +0800][INFO] INSERT INTO `admin_log` (`api`, `name`, `time`, `ip`, `uid`, `status`, `info`, `request`, `client`) VALUES (?, ?, ?, ?, ?, ?, ?, ?, ?)
[Mon, 07 Feb 22 11:17:13 +0800][INFO] SELECT IF(COUNT(*) > 0, 1, 0) FROM `INFORMATION_SCHEMA`.`TABLES` WHERE `TABLE_NAME` = 'admin_user' AND `TABLE_SCHEMA` = DATABASE()
[Mon, 07 Feb 22 11:17:13 +0800][INFO] DESCRIBE `admin_user`
[Mon, 07 Feb 22 11:17:13 +0800][INFO] SELECT `admin_user`.`id`, `admin_user`.`roles`, `admin_user`.`username`, `admin_user`.`name`, `admin_user`.`password`, `admin_user`.`avatar`, `admin_user`.`phone`, `admin_user`.`token`, `admin_user`.`create_time`, `admin_user`.`update_time`, `admin_user`.`email` FROM `admin_user` WHERE `admin_user`.`id` = '1' LIMIT :APL0
