[2021-12-21 10:48:08]
array (
  'request' => 
  array (
    '_url' => '/api/common/getSystem',
  ),
  'header' => 
  array (
    'Accept-Language' => 'zh-CN,zh;q=0.9',
    'Accept-Encoding' => 'gzip, deflate',
    'Referer' => 'http://localhost:9528/',
    'Origin' => 'http://localhost:9528',
    'User-Agent' => 'Mozilla/5.0 (Windows NT 10.0; Win64; x64) AppleWebKit/537.36 (KHTML, like Gecko) Chrome/96.0.4664.110 Safari/537.36',
    'Accept' => 'application/json, text/plain, */*',
    'Connection' => 'keep-alive',
    'Host' => '192.168.13.209:8082',
  ),
)
[2021-12-21 10:48:14]
array (
  'request' => 
  array (
    '_url' => '/api/user/login',
    'username' => 'admin',
    'password' => '123456',
  ),
  'header' => 
  array (
    'Accept-Language' => 'zh-CN,zh;q=0.9',
    'Accept-Encoding' => 'gzip, deflate',
    'Referer' => 'http://localhost:9528/',
    'Origin' => 'http://localhost:9528',
    'Content-Type' => 'application/x-www-form-urlencoded',
    'User-Agent' => 'Mozilla/5.0 (Windows NT 10.0; Win64; x64) AppleWebKit/537.36 (KHTML, like Gecko) Chrome/96.0.4664.110 Safari/537.36',
    'Accept' => 'application/json, text/plain, */*',
    'Content-Length' => '30',
    'Connection' => 'keep-alive',
    'Host' => '192.168.13.209:8082',
  ),
)
[2021-12-21 10:48:14]
array (
  'request' => 
  array (
    '_url' => '/api/user/info',
    'token' => 'eyJhbGciOiJIUzI1NiIsInR5cCI6IkpXVCJ9.eyJ1aWQiOiIxIiwiaXNzIjoiaW1faHR0cCIsImlhdCI6MTY0MDA1NDg5NCwiZXhwIjoxNjQwMDU1NDk0LCJuYmYiOjE2NDAwNTQ4OTQsInN1YiI6ImdhbWUuY29tIiwianRpIjoiZjQ0NTk4NWY4ODdkNGM1YmFkMWU0ZjgwM2NhYTA1MTgifQ.rnrqfqWizqlKC2U3KokR7pabsBqQVlWG2RwMGGOoLgs',
  ),
  'header' => 
  array (
    'Accept-Language' => 'zh-CN,zh;q=0.9',
    'Accept-Encoding' => 'gzip, deflate',
    'Referer' => 'http://localhost:9528/',
    'Origin' => 'http://localhost:9528',
    'Content-Type' => 'application/x-www-form-urlencoded',
    'Token' => 'eyJhbGciOiJIUzI1NiIsInR5cCI6IkpXVCJ9.eyJ1aWQiOiIxIiwiaXNzIjoiaW1faHR0cCIsImlhdCI6MTY0MDA1NDg5NCwiZXhwIjoxNjQwMDU1NDk0LCJuYmYiOjE2NDAwNTQ4OTQsInN1YiI6ImdhbWUuY29tIiwianRpIjoiZjQ0NTk4NWY4ODdkNGM1YmFkMWU0ZjgwM2NhYTA1MTgifQ.rnrqfqWizqlKC2U3KokR7pabsBqQVlWG2RwMGGOoLgs',
    'User-Agent' => 'Mozilla/5.0 (Windows NT 10.0; Win64; x64) AppleWebKit/537.36 (KHTML, like Gecko) Chrome/96.0.4664.110 Safari/537.36',
    'Accept' => 'application/json, text/plain, */*',
    'Content-Length' => '269',
    'Connection' => 'keep-alive',
    'Host' => '192.168.13.209:8082',
  ),
)
[2021-12-21 10:48:14]
array (
  'request' => 
  array (
    '_url' => '/api/user/getRouter',
  ),
  'header' => 
  array (
    'Accept-Language' => 'zh-CN,zh;q=0.9',
    'Accept-Encoding' => 'gzip, deflate',
    'Referer' => 'http://localhost:9528/',
    'Origin' => 'http://localhost:9528',
    'Token' => 'eyJhbGciOiJIUzI1NiIsInR5cCI6IkpXVCJ9.eyJ1aWQiOiIxIiwiaXNzIjoiaW1faHR0cCIsImlhdCI6MTY0MDA1NDg5NCwiZXhwIjoxNjQwMDU1NDk0LCJuYmYiOjE2NDAwNTQ4OTQsInN1YiI6ImdhbWUuY29tIiwianRpIjoiZjQ0NTk4NWY4ODdkNGM1YmFkMWU0ZjgwM2NhYTA1MTgifQ.rnrqfqWizqlKC2U3KokR7pabsBqQVlWG2RwMGGOoLgs',
    'User-Agent' => 'Mozilla/5.0 (Windows NT 10.0; Win64; x64) AppleWebKit/537.36 (KHTML, like Gecko) Chrome/96.0.4664.110 Safari/537.36',
    'Accept' => 'application/json, text/plain, */*',
    'Connection' => 'keep-alive',
    'Host' => '192.168.13.209:8082',
  ),
)
[2021-12-21 10:48:14]
array (
  'request' => 
  array (
    '_url' => '/api/common/getSystem',
  ),
  'header' => 
  array (
    'Accept-Language' => 'zh-CN,zh;q=0.9',
    'Accept-Encoding' => 'gzip, deflate',
    'Referer' => 'http://localhost:9528/',
    'Origin' => 'http://localhost:9528',
    'Token' => 'eyJhbGciOiJIUzI1NiIsInR5cCI6IkpXVCJ9.eyJ1aWQiOiIxIiwiaXNzIjoiaW1faHR0cCIsImlhdCI6MTY0MDA1NDg5NCwiZXhwIjoxNjQwMDU1NDk0LCJuYmYiOjE2NDAwNTQ4OTQsInN1YiI6ImdhbWUuY29tIiwianRpIjoiZjQ0NTk4NWY4ODdkNGM1YmFkMWU0ZjgwM2NhYTA1MTgifQ.rnrqfqWizqlKC2U3KokR7pabsBqQVlWG2RwMGGOoLgs',
    'User-Agent' => 'Mozilla/5.0 (Windows NT 10.0; Win64; x64) AppleWebKit/537.36 (KHTML, like Gecko) Chrome/96.0.4664.110 Safari/537.36',
    'Accept' => 'application/json, text/plain, */*',
    'Connection' => 'keep-alive',
    'Host' => '192.168.13.209:8082',
  ),
)
[2021-12-21 10:48:14]
array (
  'request' => 
  array (
    '_url' => '/api/home/getretained',
  ),
  'header' => 
  array (
    'Accept-Language' => 'zh-CN,zh;q=0.9',
    'Accept-Encoding' => 'gzip, deflate',
    'Referer' => 'http://localhost:9528/',
    'Origin' => 'http://localhost:9528',
    'Token' => 'eyJhbGciOiJIUzI1NiIsInR5cCI6IkpXVCJ9.eyJ1aWQiOiIxIiwiaXNzIjoiaW1faHR0cCIsImlhdCI6MTY0MDA1NDg5NCwiZXhwIjoxNjQwMDU1NDk0LCJuYmYiOjE2NDAwNTQ4OTQsInN1YiI6ImdhbWUuY29tIiwianRpIjoiZjQ0NTk4NWY4ODdkNGM1YmFkMWU0ZjgwM2NhYTA1MTgifQ.rnrqfqWizqlKC2U3KokR7pabsBqQVlWG2RwMGGOoLgs',
    'User-Agent' => 'Mozilla/5.0 (Windows NT 10.0; Win64; x64) AppleWebKit/537.36 (KHTML, like Gecko) Chrome/96.0.4664.110 Safari/537.36',
    'Accept' => 'application/json, text/plain, */*',
    'Connection' => 'keep-alive',
    'Host' => '192.168.13.209:8082',
  ),
)
[2021-12-21 10:48:14]
array (
  'request' => 
  array (
    '_url' => '/api/home/statistical',
  ),
  'header' => 
  array (
    'Accept-Language' => 'zh-CN,zh;q=0.9',
    'Accept-Encoding' => 'gzip, deflate',
    'Referer' => 'http://localhost:9528/',
    'Origin' => 'http://localhost:9528',
    'Token' => 'eyJhbGciOiJIUzI1NiIsInR5cCI6IkpXVCJ9.eyJ1aWQiOiIxIiwiaXNzIjoiaW1faHR0cCIsImlhdCI6MTY0MDA1NDg5NCwiZXhwIjoxNjQwMDU1NDk0LCJuYmYiOjE2NDAwNTQ4OTQsInN1YiI6ImdhbWUuY29tIiwianRpIjoiZjQ0NTk4NWY4ODdkNGM1YmFkMWU0ZjgwM2NhYTA1MTgifQ.rnrqfqWizqlKC2U3KokR7pabsBqQVlWG2RwMGGOoLgs',
    'User-Agent' => 'Mozilla/5.0 (Windows NT 10.0; Win64; x64) AppleWebKit/537.36 (KHTML, like Gecko) Chrome/96.0.4664.110 Safari/537.36',
    'Accept' => 'application/json, text/plain, */*',
    'Connection' => 'keep-alive',
    'Host' => '192.168.13.209:8082',
  ),
)
[2021-12-21 10:48:20]
array (
  'request' => 
  array (
    '_url' => '/api/log/list',
    'page' => '1',
    'limit' => '10',
    'time' => '',
    'keyword' => '',
  ),
  'header' => 
  array (
    'Accept-Language' => 'zh-CN,zh;q=0.9',
    'Accept-Encoding' => 'gzip, deflate',
    'Referer' => 'http://localhost:9528/',
    'Origin' => 'http://localhost:9528',
    'Token' => 'eyJhbGciOiJIUzI1NiIsInR5cCI6IkpXVCJ9.eyJ1aWQiOiIxIiwiaXNzIjoiaW1faHR0cCIsImlhdCI6MTY0MDA1NDg5NCwiZXhwIjoxNjQwMDU1NDk0LCJuYmYiOjE2NDAwNTQ4OTQsInN1YiI6ImdhbWUuY29tIiwianRpIjoiZjQ0NTk4NWY4ODdkNGM1YmFkMWU0ZjgwM2NhYTA1MTgifQ.rnrqfqWizqlKC2U3KokR7pabsBqQVlWG2RwMGGOoLgs',
    'User-Agent' => 'Mozilla/5.0 (Windows NT 10.0; Win64; x64) AppleWebKit/537.36 (KHTML, like Gecko) Chrome/96.0.4664.110 Safari/537.36',
    'Accept' => 'application/json, text/plain, */*',
    'Connection' => 'keep-alive',
    'Host' => '192.168.13.209:8082',
  ),
)
[2021-12-21 10:48:20]
array (
  'request' => 
  array (
    '_url' => '/api/user/getUserAll',
  ),
  'header' => 
  array (
    'Accept-Language' => 'zh-CN,zh;q=0.9',
    'Accept-Encoding' => 'gzip, deflate',
    'Referer' => 'http://localhost:9528/',
    'Origin' => 'http://localhost:9528',
    'Token' => 'eyJhbGciOiJIUzI1NiIsInR5cCI6IkpXVCJ9.eyJ1aWQiOiIxIiwiaXNzIjoiaW1faHR0cCIsImlhdCI6MTY0MDA1NDg5NCwiZXhwIjoxNjQwMDU1NDk0LCJuYmYiOjE2NDAwNTQ4OTQsInN1YiI6ImdhbWUuY29tIiwianRpIjoiZjQ0NTk4NWY4ODdkNGM1YmFkMWU0ZjgwM2NhYTA1MTgifQ.rnrqfqWizqlKC2U3KokR7pabsBqQVlWG2RwMGGOoLgs',
    'User-Agent' => 'Mozilla/5.0 (Windows NT 10.0; Win64; x64) AppleWebKit/537.36 (KHTML, like Gecko) Chrome/96.0.4664.110 Safari/537.36',
    'Accept' => 'application/json, text/plain, */*',
    'Connection' => 'keep-alive',
    'Host' => '192.168.13.209:8082',
  ),
)
[2021-12-21 10:48:20]
array (
  'request' => 
  array (
    '_url' => '/api/cron/list',
    'page' => '1',
    'limit' => '10',
  ),
  'header' => 
  array (
    'Accept-Language' => 'zh-CN,zh;q=0.9',
    'Accept-Encoding' => 'gzip, deflate',
    'Referer' => 'http://localhost:9528/',
    'Origin' => 'http://localhost:9528',
    'Token' => 'eyJhbGciOiJIUzI1NiIsInR5cCI6IkpXVCJ9.eyJ1aWQiOiIxIiwiaXNzIjoiaW1faHR0cCIsImlhdCI6MTY0MDA1NDg5NCwiZXhwIjoxNjQwMDU1NDk0LCJuYmYiOjE2NDAwNTQ4OTQsInN1YiI6ImdhbWUuY29tIiwianRpIjoiZjQ0NTk4NWY4ODdkNGM1YmFkMWU0ZjgwM2NhYTA1MTgifQ.rnrqfqWizqlKC2U3KokR7pabsBqQVlWG2RwMGGOoLgs',
    'User-Agent' => 'Mozilla/5.0 (Windows NT 10.0; Win64; x64) AppleWebKit/537.36 (KHTML, like Gecko) Chrome/96.0.4664.110 Safari/537.36',
    'Accept' => 'application/json, text/plain, */*',
    'Connection' => 'keep-alive',
    'Host' => '192.168.13.209:8082',
  ),
)
[2021-12-21 10:48:22]
array (
  'request' => 
  array (
    '_url' => '/api/cron/execCron',
    'id' => '7',
  ),
  'header' => 
  array (
    'Accept-Language' => 'zh-CN,zh;q=0.9',
    'Accept-Encoding' => 'gzip, deflate',
    'Referer' => 'http://localhost:9528/',
    'Origin' => 'http://localhost:9528',
    'Token' => 'eyJhbGciOiJIUzI1NiIsInR5cCI6IkpXVCJ9.eyJ1aWQiOiIxIiwiaXNzIjoiaW1faHR0cCIsImlhdCI6MTY0MDA1NDg5NCwiZXhwIjoxNjQwMDU1NDk0LCJuYmYiOjE2NDAwNTQ4OTQsInN1YiI6ImdhbWUuY29tIiwianRpIjoiZjQ0NTk4NWY4ODdkNGM1YmFkMWU0ZjgwM2NhYTA1MTgifQ.rnrqfqWizqlKC2U3KokR7pabsBqQVlWG2RwMGGOoLgs',
    'User-Agent' => 'Mozilla/5.0 (Windows NT 10.0; Win64; x64) AppleWebKit/537.36 (KHTML, like Gecko) Chrome/96.0.4664.110 Safari/537.36',
    'Accept' => 'application/json, text/plain, */*',
    'Connection' => 'keep-alive',
    'Host' => '192.168.13.209:8082',
  ),
)
[2021-12-21 10:48:24]
array (
  'request' => 
  array (
    '_url' => '/api/home/getretained',
  ),
  'header' => 
  array (
    'Accept-Language' => 'zh-CN,zh;q=0.9',
    'Accept-Encoding' => 'gzip, deflate',
    'Referer' => 'http://localhost:9528/',
    'Origin' => 'http://localhost:9528',
    'Token' => 'eyJhbGciOiJIUzI1NiIsInR5cCI6IkpXVCJ9.eyJ1aWQiOiIxIiwiaXNzIjoiaW1faHR0cCIsImlhdCI6MTY0MDA1NDg5NCwiZXhwIjoxNjQwMDU1NDk0LCJuYmYiOjE2NDAwNTQ4OTQsInN1YiI6ImdhbWUuY29tIiwianRpIjoiZjQ0NTk4NWY4ODdkNGM1YmFkMWU0ZjgwM2NhYTA1MTgifQ.rnrqfqWizqlKC2U3KokR7pabsBqQVlWG2RwMGGOoLgs',
    'User-Agent' => 'Mozilla/5.0 (Windows NT 10.0; Win64; x64) AppleWebKit/537.36 (KHTML, like Gecko) Chrome/96.0.4664.110 Safari/537.36',
    'Accept' => 'application/json, text/plain, */*',
    'Connection' => 'keep-alive',
    'Host' => '192.168.13.209:8082',
  ),
)
[2021-12-21 10:48:24]
array (
  'request' => 
  array (
    '_url' => '/api/home/statistical',
  ),
  'header' => 
  array (
    'Accept-Language' => 'zh-CN,zh;q=0.9',
    'Accept-Encoding' => 'gzip, deflate',
    'Referer' => 'http://localhost:9528/',
    'Origin' => 'http://localhost:9528',
    'Token' => 'eyJhbGciOiJIUzI1NiIsInR5cCI6IkpXVCJ9.eyJ1aWQiOiIxIiwiaXNzIjoiaW1faHR0cCIsImlhdCI6MTY0MDA1NDg5NCwiZXhwIjoxNjQwMDU1NDk0LCJuYmYiOjE2NDAwNTQ4OTQsInN1YiI6ImdhbWUuY29tIiwianRpIjoiZjQ0NTk4NWY4ODdkNGM1YmFkMWU0ZjgwM2NhYTA1MTgifQ.rnrqfqWizqlKC2U3KokR7pabsBqQVlWG2RwMGGOoLgs',
    'User-Agent' => 'Mozilla/5.0 (Windows NT 10.0; Win64; x64) AppleWebKit/537.36 (KHTML, like Gecko) Chrome/96.0.4664.110 Safari/537.36',
    'Accept' => 'application/json, text/plain, */*',
    'Connection' => 'keep-alive',
    'Host' => '192.168.13.209:8082',
  ),
)
[2021-12-21 10:49:31]
array (
  'request' => 
  array (
    '_url' => '/api/cron/list',
    'page' => '1',
    'limit' => '10',
  ),
  'header' => 
  array (
    'Accept-Language' => 'zh-CN,zh;q=0.9',
    'Accept-Encoding' => 'gzip, deflate',
    'Referer' => 'http://localhost:9528/',
    'Origin' => 'http://localhost:9528',
    'Token' => 'eyJhbGciOiJIUzI1NiIsInR5cCI6IkpXVCJ9.eyJ1aWQiOiIxIiwiaXNzIjoiaW1faHR0cCIsImlhdCI6MTY0MDA1NDg5NCwiZXhwIjoxNjQwMDU1NDk0LCJuYmYiOjE2NDAwNTQ4OTQsInN1YiI6ImdhbWUuY29tIiwianRpIjoiZjQ0NTk4NWY4ODdkNGM1YmFkMWU0ZjgwM2NhYTA1MTgifQ.rnrqfqWizqlKC2U3KokR7pabsBqQVlWG2RwMGGOoLgs',
    'User-Agent' => 'Mozilla/5.0 (Windows NT 10.0; Win64; x64) AppleWebKit/537.36 (KHTML, like Gecko) Chrome/96.0.4664.110 Safari/537.36',
    'Accept' => 'application/json, text/plain, */*',
    'Connection' => 'keep-alive',
    'Host' => '192.168.13.209:8082',
  ),
)
[2021-12-21 10:49:32]
array (
  'request' => 
  array (
    '_url' => '/api/cron/execCron',
    'id' => '7',
  ),
  'header' => 
  array (
    'Accept-Language' => 'zh-CN,zh;q=0.9',
    'Accept-Encoding' => 'gzip, deflate',
    'Referer' => 'http://localhost:9528/',
    'Origin' => 'http://localhost:9528',
    'Token' => 'eyJhbGciOiJIUzI1NiIsInR5cCI6IkpXVCJ9.eyJ1aWQiOiIxIiwiaXNzIjoiaW1faHR0cCIsImlhdCI6MTY0MDA1NDg5NCwiZXhwIjoxNjQwMDU1NDk0LCJuYmYiOjE2NDAwNTQ4OTQsInN1YiI6ImdhbWUuY29tIiwianRpIjoiZjQ0NTk4NWY4ODdkNGM1YmFkMWU0ZjgwM2NhYTA1MTgifQ.rnrqfqWizqlKC2U3KokR7pabsBqQVlWG2RwMGGOoLgs',
    'User-Agent' => 'Mozilla/5.0 (Windows NT 10.0; Win64; x64) AppleWebKit/537.36 (KHTML, like Gecko) Chrome/96.0.4664.110 Safari/537.36',
    'Accept' => 'application/json, text/plain, */*',
    'Connection' => 'keep-alive',
    'Host' => '192.168.13.209:8082',
  ),
)
[2021-12-21 10:49:38]
array (
  'request' => 
  array (
    '_url' => '/api/home/getretained',
  ),
  'header' => 
  array (
    'Accept-Language' => 'zh-CN,zh;q=0.9',
    'Accept-Encoding' => 'gzip, deflate',
    'Referer' => 'http://localhost:9528/',
    'Origin' => 'http://localhost:9528',
    'Token' => 'eyJhbGciOiJIUzI1NiIsInR5cCI6IkpXVCJ9.eyJ1aWQiOiIxIiwiaXNzIjoiaW1faHR0cCIsImlhdCI6MTY0MDA1NDg5NCwiZXhwIjoxNjQwMDU1NDk0LCJuYmYiOjE2NDAwNTQ4OTQsInN1YiI6ImdhbWUuY29tIiwianRpIjoiZjQ0NTk4NWY4ODdkNGM1YmFkMWU0ZjgwM2NhYTA1MTgifQ.rnrqfqWizqlKC2U3KokR7pabsBqQVlWG2RwMGGOoLgs',
    'User-Agent' => 'Mozilla/5.0 (Windows NT 10.0; Win64; x64) AppleWebKit/537.36 (KHTML, like Gecko) Chrome/96.0.4664.110 Safari/537.36',
    'Accept' => 'application/json, text/plain, */*',
    'Connection' => 'keep-alive',
    'Host' => '192.168.13.209:8082',
  ),
)
[2021-12-21 10:49:38]
array (
  'request' => 
  array (
    '_url' => '/api/home/statistical',
  ),
  'header' => 
  array (
    'Accept-Language' => 'zh-CN,zh;q=0.9',
    'Accept-Encoding' => 'gzip, deflate',
    'Referer' => 'http://localhost:9528/',
    'Origin' => 'http://localhost:9528',
    'Token' => 'eyJhbGciOiJIUzI1NiIsInR5cCI6IkpXVCJ9.eyJ1aWQiOiIxIiwiaXNzIjoiaW1faHR0cCIsImlhdCI6MTY0MDA1NDg5NCwiZXhwIjoxNjQwMDU1NDk0LCJuYmYiOjE2NDAwNTQ4OTQsInN1YiI6ImdhbWUuY29tIiwianRpIjoiZjQ0NTk4NWY4ODdkNGM1YmFkMWU0ZjgwM2NhYTA1MTgifQ.rnrqfqWizqlKC2U3KokR7pabsBqQVlWG2RwMGGOoLgs',
    'User-Agent' => 'Mozilla/5.0 (Windows NT 10.0; Win64; x64) AppleWebKit/537.36 (KHTML, like Gecko) Chrome/96.0.4664.110 Safari/537.36',
    'Accept' => 'application/json, text/plain, */*',
    'Connection' => 'keep-alive',
    'Host' => '192.168.13.209:8082',
  ),
)
[2021-12-21 10:49:44]
array (
  'request' => 
  array (
    '_url' => '/api/cron/list',
    'page' => '1',
    'limit' => '10',
  ),
  'header' => 
  array (
    'Accept-Language' => 'zh-CN,zh;q=0.9',
    'Accept-Encoding' => 'gzip, deflate',
    'Referer' => 'http://localhost:9528/',
    'Origin' => 'http://localhost:9528',
    'Token' => 'eyJhbGciOiJIUzI1NiIsInR5cCI6IkpXVCJ9.eyJ1aWQiOiIxIiwiaXNzIjoiaW1faHR0cCIsImlhdCI6MTY0MDA1NDg5NCwiZXhwIjoxNjQwMDU1NDk0LCJuYmYiOjE2NDAwNTQ4OTQsInN1YiI6ImdhbWUuY29tIiwianRpIjoiZjQ0NTk4NWY4ODdkNGM1YmFkMWU0ZjgwM2NhYTA1MTgifQ.rnrqfqWizqlKC2U3KokR7pabsBqQVlWG2RwMGGOoLgs',
    'User-Agent' => 'Mozilla/5.0 (Windows NT 10.0; Win64; x64) AppleWebKit/537.36 (KHTML, like Gecko) Chrome/96.0.4664.110 Safari/537.36',
    'Accept' => 'application/json, text/plain, */*',
    'Connection' => 'keep-alive',
    'Host' => '192.168.13.209:8082',
  ),
)
[2021-12-21 10:49:48]
array (
  'request' => 
  array (
    '_url' => '/api/cron/execCron',
    'id' => '7',
  ),
  'header' => 
  array (
    'Accept-Language' => 'zh-CN,zh;q=0.9',
    'Accept-Encoding' => 'gzip, deflate',
    'Referer' => 'http://localhost:9528/',
    'Origin' => 'http://localhost:9528',
    'Token' => 'eyJhbGciOiJIUzI1NiIsInR5cCI6IkpXVCJ9.eyJ1aWQiOiIxIiwiaXNzIjoiaW1faHR0cCIsImlhdCI6MTY0MDA1NDg5NCwiZXhwIjoxNjQwMDU1NDk0LCJuYmYiOjE2NDAwNTQ4OTQsInN1YiI6ImdhbWUuY29tIiwianRpIjoiZjQ0NTk4NWY4ODdkNGM1YmFkMWU0ZjgwM2NhYTA1MTgifQ.rnrqfqWizqlKC2U3KokR7pabsBqQVlWG2RwMGGOoLgs',
    'User-Agent' => 'Mozilla/5.0 (Windows NT 10.0; Win64; x64) AppleWebKit/537.36 (KHTML, like Gecko) Chrome/96.0.4664.110 Safari/537.36',
    'Accept' => 'application/json, text/plain, */*',
    'Connection' => 'keep-alive',
    'Host' => '192.168.13.209:8082',
  ),
)
[2021-12-21 10:49:50]
array (
  'request' => 
  array (
    '_url' => '/api/home/statistical',
  ),
  'header' => 
  array (
    'Accept-Language' => 'zh-CN,zh;q=0.9',
    'Accept-Encoding' => 'gzip, deflate',
    'Referer' => 'http://localhost:9528/',
    'Origin' => 'http://localhost:9528',
    'Token' => 'eyJhbGciOiJIUzI1NiIsInR5cCI6IkpXVCJ9.eyJ1aWQiOiIxIiwiaXNzIjoiaW1faHR0cCIsImlhdCI6MTY0MDA1NDg5NCwiZXhwIjoxNjQwMDU1NDk0LCJuYmYiOjE2NDAwNTQ4OTQsInN1YiI6ImdhbWUuY29tIiwianRpIjoiZjQ0NTk4NWY4ODdkNGM1YmFkMWU0ZjgwM2NhYTA1MTgifQ.rnrqfqWizqlKC2U3KokR7pabsBqQVlWG2RwMGGOoLgs',
    'User-Agent' => 'Mozilla/5.0 (Windows NT 10.0; Win64; x64) AppleWebKit/537.36 (KHTML, like Gecko) Chrome/96.0.4664.110 Safari/537.36',
    'Accept' => 'application/json, text/plain, */*',
    'Connection' => 'keep-alive',
    'Host' => '192.168.13.209:8082',
  ),
)
[2021-12-21 10:49:50]
array (
  'request' => 
  array (
    '_url' => '/api/home/getretained',
  ),
  'header' => 
  array (
    'Accept-Language' => 'zh-CN,zh;q=0.9',
    'Accept-Encoding' => 'gzip, deflate',
    'Referer' => 'http://localhost:9528/',
    'Origin' => 'http://localhost:9528',
    'Token' => 'eyJhbGciOiJIUzI1NiIsInR5cCI6IkpXVCJ9.eyJ1aWQiOiIxIiwiaXNzIjoiaW1faHR0cCIsImlhdCI6MTY0MDA1NDg5NCwiZXhwIjoxNjQwMDU1NDk0LCJuYmYiOjE2NDAwNTQ4OTQsInN1YiI6ImdhbWUuY29tIiwianRpIjoiZjQ0NTk4NWY4ODdkNGM1YmFkMWU0ZjgwM2NhYTA1MTgifQ.rnrqfqWizqlKC2U3KokR7pabsBqQVlWG2RwMGGOoLgs',
    'User-Agent' => 'Mozilla/5.0 (Windows NT 10.0; Win64; x64) AppleWebKit/537.36 (KHTML, like Gecko) Chrome/96.0.4664.110 Safari/537.36',
    'Accept' => 'application/json, text/plain, */*',
    'Connection' => 'keep-alive',
    'Host' => '192.168.13.209:8082',
  ),
)
[2021-12-21 10:49:55]
array (
  'request' => 
  array (
    '_url' => '/api/home/onlineIng',
  ),
  'header' => 
  array (
    'Accept-Language' => 'zh-CN,zh;q=0.9',
    'Accept-Encoding' => 'gzip, deflate',
    'Referer' => 'http://localhost:9528/',
    'Origin' => 'http://localhost:9528',
    'Token' => 'eyJhbGciOiJIUzI1NiIsInR5cCI6IkpXVCJ9.eyJ1aWQiOiIxIiwiaXNzIjoiaW1faHR0cCIsImlhdCI6MTY0MDA1NDg5NCwiZXhwIjoxNjQwMDU1NDk0LCJuYmYiOjE2NDAwNTQ4OTQsInN1YiI6ImdhbWUuY29tIiwianRpIjoiZjQ0NTk4NWY4ODdkNGM1YmFkMWU0ZjgwM2NhYTA1MTgifQ.rnrqfqWizqlKC2U3KokR7pabsBqQVlWG2RwMGGOoLgs',
    'User-Agent' => 'Mozilla/5.0 (Windows NT 10.0; Win64; x64) AppleWebKit/537.36 (KHTML, like Gecko) Chrome/96.0.4664.110 Safari/537.36',
    'Accept' => 'application/json, text/plain, */*',
    'Connection' => 'keep-alive',
    'Host' => '192.168.13.209:8082',
  ),
)
[2021-12-21 10:49:57]
array (
  'request' => 
  array (
    '_url' => '/api/home/turnover',
  ),
  'header' => 
  array (
    'Accept-Language' => 'zh-CN,zh;q=0.9',
    'Accept-Encoding' => 'gzip, deflate',
    'Referer' => 'http://localhost:9528/',
    'Origin' => 'http://localhost:9528',
    'Token' => 'eyJhbGciOiJIUzI1NiIsInR5cCI6IkpXVCJ9.eyJ1aWQiOiIxIiwiaXNzIjoiaW1faHR0cCIsImlhdCI6MTY0MDA1NDg5NCwiZXhwIjoxNjQwMDU1NDk0LCJuYmYiOjE2NDAwNTQ4OTQsInN1YiI6ImdhbWUuY29tIiwianRpIjoiZjQ0NTk4NWY4ODdkNGM1YmFkMWU0ZjgwM2NhYTA1MTgifQ.rnrqfqWizqlKC2U3KokR7pabsBqQVlWG2RwMGGOoLgs',
    'User-Agent' => 'Mozilla/5.0 (Windows NT 10.0; Win64; x64) AppleWebKit/537.36 (KHTML, like Gecko) Chrome/96.0.4664.110 Safari/537.36',
    'Accept' => 'application/json, text/plain, */*',
    'Connection' => 'keep-alive',
    'Host' => '192.168.13.209:8082',
  ),
)
[2021-12-21 10:50:00]
array (
  'request' => 
  array (
    '_url' => '/api/roles/getTerrRouters',
  ),
  'header' => 
  array (
    'Accept-Language' => 'zh-CN,zh;q=0.9',
    'Accept-Encoding' => 'gzip, deflate',
    'Referer' => 'http://localhost:9528/',
    'Origin' => 'http://localhost:9528',
    'Token' => 'eyJhbGciOiJIUzI1NiIsInR5cCI6IkpXVCJ9.eyJ1aWQiOiIxIiwiaXNzIjoiaW1faHR0cCIsImlhdCI6MTY0MDA1NDg5NCwiZXhwIjoxNjQwMDU1NDk0LCJuYmYiOjE2NDAwNTQ4OTQsInN1YiI6ImdhbWUuY29tIiwianRpIjoiZjQ0NTk4NWY4ODdkNGM1YmFkMWU0ZjgwM2NhYTA1MTgifQ.rnrqfqWizqlKC2U3KokR7pabsBqQVlWG2RwMGGOoLgs',
    'User-Agent' => 'Mozilla/5.0 (Windows NT 10.0; Win64; x64) AppleWebKit/537.36 (KHTML, like Gecko) Chrome/96.0.4664.110 Safari/537.36',
    'Accept' => 'application/json, text/plain, */*',
    'Connection' => 'keep-alive',
    'Host' => '192.168.13.209:8082',
  ),
)
[2021-12-21 10:50:00]
array (
  'request' => 
  array (
    '_url' => '/api/roles/list',
  ),
  'header' => 
  array (
    'Accept-Language' => 'zh-CN,zh;q=0.9',
    'Accept-Encoding' => 'gzip, deflate',
    'Referer' => 'http://localhost:9528/',
    'Origin' => 'http://localhost:9528',
    'Token' => 'eyJhbGciOiJIUzI1NiIsInR5cCI6IkpXVCJ9.eyJ1aWQiOiIxIiwiaXNzIjoiaW1faHR0cCIsImlhdCI6MTY0MDA1NDg5NCwiZXhwIjoxNjQwMDU1NDk0LCJuYmYiOjE2NDAwNTQ4OTQsInN1YiI6ImdhbWUuY29tIiwianRpIjoiZjQ0NTk4NWY4ODdkNGM1YmFkMWU0ZjgwM2NhYTA1MTgifQ.rnrqfqWizqlKC2U3KokR7pabsBqQVlWG2RwMGGOoLgs',
    'User-Agent' => 'Mozilla/5.0 (Windows NT 10.0; Win64; x64) AppleWebKit/537.36 (KHTML, like Gecko) Chrome/96.0.4664.110 Safari/537.36',
    'Accept' => 'application/json, text/plain, */*',
    'Connection' => 'keep-alive',
    'Host' => '192.168.13.209:8082',
  ),
)
[2021-12-21 10:50:01]
array (
  'request' => 
  array (
    '_url' => '/api/roles/rolesList',
  ),
  'header' => 
  array (
    'Accept-Language' => 'zh-CN,zh;q=0.9',
    'Accept-Encoding' => 'gzip, deflate',
    'Referer' => 'http://localhost:9528/',
    'Origin' => 'http://localhost:9528',
    'Token' => 'eyJhbGciOiJIUzI1NiIsInR5cCI6IkpXVCJ9.eyJ1aWQiOiIxIiwiaXNzIjoiaW1faHR0cCIsImlhdCI6MTY0MDA1NDg5NCwiZXhwIjoxNjQwMDU1NDk0LCJuYmYiOjE2NDAwNTQ4OTQsInN1YiI6ImdhbWUuY29tIiwianRpIjoiZjQ0NTk4NWY4ODdkNGM1YmFkMWU0ZjgwM2NhYTA1MTgifQ.rnrqfqWizqlKC2U3KokR7pabsBqQVlWG2RwMGGOoLgs',
    'User-Agent' => 'Mozilla/5.0 (Windows NT 10.0; Win64; x64) AppleWebKit/537.36 (KHTML, like Gecko) Chrome/96.0.4664.110 Safari/537.36',
    'Accept' => 'application/json, text/plain, */*',
    'Connection' => 'keep-alive',
    'Host' => '192.168.13.209:8082',
  ),
)
[2021-12-21 10:50:01]
array (
  'request' => 
  array (
    '_url' => '/api/user/List',
    'page' => '1',
    'limit' => '20',
    'sort' => '+id',
  ),
  'header' => 
  array (
    'Accept-Language' => 'zh-CN,zh;q=0.9',
    'Accept-Encoding' => 'gzip, deflate',
    'Referer' => 'http://localhost:9528/',
    'Origin' => 'http://localhost:9528',
    'Token' => 'eyJhbGciOiJIUzI1NiIsInR5cCI6IkpXVCJ9.eyJ1aWQiOiIxIiwiaXNzIjoiaW1faHR0cCIsImlhdCI6MTY0MDA1NDg5NCwiZXhwIjoxNjQwMDU1NDk0LCJuYmYiOjE2NDAwNTQ4OTQsInN1YiI6ImdhbWUuY29tIiwianRpIjoiZjQ0NTk4NWY4ODdkNGM1YmFkMWU0ZjgwM2NhYTA1MTgifQ.rnrqfqWizqlKC2U3KokR7pabsBqQVlWG2RwMGGOoLgs',
    'User-Agent' => 'Mozilla/5.0 (Windows NT 10.0; Win64; x64) AppleWebKit/537.36 (KHTML, like Gecko) Chrome/96.0.4664.110 Safari/537.36',
    'Accept' => 'application/json, text/plain, */*',
    'Connection' => 'keep-alive',
    'Host' => '192.168.13.209:8082',
  ),
)
[2021-12-21 10:50:07]
array (
  'request' => 
  array (
    '_url' => '/api/user/getUserAll',
  ),
  'header' => 
  array (
    'Accept-Language' => 'zh-CN,zh;q=0.9',
    'Accept-Encoding' => 'gzip, deflate',
    'Referer' => 'http://localhost:9528/',
    'Origin' => 'http://localhost:9528',
    'Token' => 'eyJhbGciOiJIUzI1NiIsInR5cCI6IkpXVCJ9.eyJ1aWQiOiIxIiwiaXNzIjoiaW1faHR0cCIsImlhdCI6MTY0MDA1NDg5NCwiZXhwIjoxNjQwMDU1NDk0LCJuYmYiOjE2NDAwNTQ4OTQsInN1YiI6ImdhbWUuY29tIiwianRpIjoiZjQ0NTk4NWY4ODdkNGM1YmFkMWU0ZjgwM2NhYTA1MTgifQ.rnrqfqWizqlKC2U3KokR7pabsBqQVlWG2RwMGGOoLgs',
    'User-Agent' => 'Mozilla/5.0 (Windows NT 10.0; Win64; x64) AppleWebKit/537.36 (KHTML, like Gecko) Chrome/96.0.4664.110 Safari/537.36',
    'Accept' => 'application/json, text/plain, */*',
    'Connection' => 'keep-alive',
    'Host' => '192.168.13.209:8082',
  ),
)
[2021-12-21 10:50:07]
array (
  'request' => 
  array (
    '_url' => '/api/log/list',
    'page' => '1',
    'limit' => '10',
    'time' => '',
    'keyword' => '',
  ),
  'header' => 
  array (
    'Accept-Language' => 'zh-CN,zh;q=0.9',
    'Accept-Encoding' => 'gzip, deflate',
    'Referer' => 'http://localhost:9528/',
    'Origin' => 'http://localhost:9528',
    'Token' => 'eyJhbGciOiJIUzI1NiIsInR5cCI6IkpXVCJ9.eyJ1aWQiOiIxIiwiaXNzIjoiaW1faHR0cCIsImlhdCI6MTY0MDA1NDg5NCwiZXhwIjoxNjQwMDU1NDk0LCJuYmYiOjE2NDAwNTQ4OTQsInN1YiI6ImdhbWUuY29tIiwianRpIjoiZjQ0NTk4NWY4ODdkNGM1YmFkMWU0ZjgwM2NhYTA1MTgifQ.rnrqfqWizqlKC2U3KokR7pabsBqQVlWG2RwMGGOoLgs',
    'User-Agent' => 'Mozilla/5.0 (Windows NT 10.0; Win64; x64) AppleWebKit/537.36 (KHTML, like Gecko) Chrome/96.0.4664.110 Safari/537.36',
    'Accept' => 'application/json, text/plain, */*',
    'Connection' => 'keep-alive',
    'Host' => '192.168.13.209:8082',
  ),
)
[2021-12-21 10:50:08]
array (
  'request' => 
  array (
    '_url' => '/api/cron/list',
    'page' => '1',
    'limit' => '10',
  ),
  'header' => 
  array (
    'Accept-Language' => 'zh-CN,zh;q=0.9',
    'Accept-Encoding' => 'gzip, deflate',
    'Referer' => 'http://localhost:9528/',
    'Origin' => 'http://localhost:9528',
    'Token' => 'eyJhbGciOiJIUzI1NiIsInR5cCI6IkpXVCJ9.eyJ1aWQiOiIxIiwiaXNzIjoiaW1faHR0cCIsImlhdCI6MTY0MDA1NDg5NCwiZXhwIjoxNjQwMDU1NDk0LCJuYmYiOjE2NDAwNTQ4OTQsInN1YiI6ImdhbWUuY29tIiwianRpIjoiZjQ0NTk4NWY4ODdkNGM1YmFkMWU0ZjgwM2NhYTA1MTgifQ.rnrqfqWizqlKC2U3KokR7pabsBqQVlWG2RwMGGOoLgs',
    'User-Agent' => 'Mozilla/5.0 (Windows NT 10.0; Win64; x64) AppleWebKit/537.36 (KHTML, like Gecko) Chrome/96.0.4664.110 Safari/537.36',
    'Accept' => 'application/json, text/plain, */*',
    'Connection' => 'keep-alive',
    'Host' => '192.168.13.209:8082',
  ),
)
[2021-12-21 11:06:20]
array (
  'request' => 
  array (
    '_url' => '/api/cron/execCron',
    'id' => '8',
  ),
  'header' => 
  array (
    'Accept-Language' => 'zh-CN,zh;q=0.9',
    'Accept-Encoding' => 'gzip, deflate',
    'Referer' => 'http://localhost:9528/',
    'Origin' => 'http://localhost:9528',
    'Token' => 'eyJhbGciOiJIUzI1NiIsInR5cCI6IkpXVCJ9.eyJ1aWQiOiIxIiwiaXNzIjoiaW1faHR0cCIsImlhdCI6MTY0MDA1NDg5NCwiZXhwIjoxNjQwMDU1NDk0LCJuYmYiOjE2NDAwNTQ4OTQsInN1YiI6ImdhbWUuY29tIiwianRpIjoiZjQ0NTk4NWY4ODdkNGM1YmFkMWU0ZjgwM2NhYTA1MTgifQ.rnrqfqWizqlKC2U3KokR7pabsBqQVlWG2RwMGGOoLgs',
    'User-Agent' => 'Mozilla/5.0 (Windows NT 10.0; Win64; x64) AppleWebKit/537.36 (KHTML, like Gecko) Chrome/96.0.4664.110 Safari/537.36',
    'Accept' => 'application/json, text/plain, */*',
    'Connection' => 'keep-alive',
    'Host' => '192.168.13.209:8082',
  ),
)
[2021-12-21 11:06:22]
array (
  'request' => 
  array (
    '_url' => '/api/cron/updateStatus',
    'id' => '8',
    'status' => '0',
  ),
  'header' => 
  array (
    'Accept-Language' => 'zh-CN,zh;q=0.9',
    'Accept-Encoding' => 'gzip, deflate',
    'Referer' => 'http://localhost:9528/',
    'Origin' => 'http://localhost:9528',
    'Content-Type' => 'application/x-www-form-urlencoded',
    'Token' => 'eyJhbGciOiJIUzI1NiIsInR5cCI6IkpXVCJ9.eyJ1aWQiOiIxIiwiaXNzIjoiaW1faHR0cCIsImlhdCI6MTY0MDA1NDg5NCwiZXhwIjoxNjQwMDU1NDk0LCJuYmYiOjE2NDAwNTQ4OTQsInN1YiI6ImdhbWUuY29tIiwianRpIjoiZjQ0NTk4NWY4ODdkNGM1YmFkMWU0ZjgwM2NhYTA1MTgifQ.rnrqfqWizqlKC2U3KokR7pabsBqQVlWG2RwMGGOoLgs',
    'User-Agent' => 'Mozilla/5.0 (Windows NT 10.0; Win64; x64) AppleWebKit/537.36 (KHTML, like Gecko) Chrome/96.0.4664.110 Safari/537.36',
    'Accept' => 'application/json, text/plain, */*',
    'Content-Length' => '13',
    'Connection' => 'keep-alive',
    'Host' => '192.168.13.209:8082',
  ),
)
[2021-12-21 11:06:22]
array (
  'request' => 
  array (
    '_url' => '/api/cron/list',
    'page' => '1',
    'limit' => '10',
  ),
  'header' => 
  array (
    'Accept-Language' => 'zh-CN,zh;q=0.9',
    'Accept-Encoding' => 'gzip, deflate',
    'Referer' => 'http://localhost:9528/',
    'Origin' => 'http://localhost:9528',
    'Token' => 'eyJhbGciOiJIUzI1NiIsInR5cCI6IkpXVCJ9.eyJ1aWQiOiIxIiwiaXNzIjoiaW1faHR0cCIsImlhdCI6MTY0MDA1NDg5NCwiZXhwIjoxNjQwMDU1NDk0LCJuYmYiOjE2NDAwNTQ4OTQsInN1YiI6ImdhbWUuY29tIiwianRpIjoiZjQ0NTk4NWY4ODdkNGM1YmFkMWU0ZjgwM2NhYTA1MTgifQ.rnrqfqWizqlKC2U3KokR7pabsBqQVlWG2RwMGGOoLgs',
    'User-Agent' => 'Mozilla/5.0 (Windows NT 10.0; Win64; x64) AppleWebKit/537.36 (KHTML, like Gecko) Chrome/96.0.4664.110 Safari/537.36',
    'Accept' => 'application/json, text/plain, */*',
    'Connection' => 'keep-alive',
    'Host' => '192.168.13.209:8082',
  ),
)
[2021-12-21 11:06:23]
array (
  'request' => 
  array (
    '_url' => '/api/cron/execCron',
    'id' => '8',
  ),
  'header' => 
  array (
    'Accept-Language' => 'zh-CN,zh;q=0.9',
    'Accept-Encoding' => 'gzip, deflate',
    'Referer' => 'http://localhost:9528/',
    'Origin' => 'http://localhost:9528',
    'Token' => 'eyJhbGciOiJIUzI1NiIsInR5cCI6IkpXVCJ9.eyJ1aWQiOiIxIiwiaXNzIjoiaW1faHR0cCIsImlhdCI6MTY0MDA1NDg5NCwiZXhwIjoxNjQwMDU1NDk0LCJuYmYiOjE2NDAwNTQ4OTQsInN1YiI6ImdhbWUuY29tIiwianRpIjoiZjQ0NTk4NWY4ODdkNGM1YmFkMWU0ZjgwM2NhYTA1MTgifQ.rnrqfqWizqlKC2U3KokR7pabsBqQVlWG2RwMGGOoLgs',
    'User-Agent' => 'Mozilla/5.0 (Windows NT 10.0; Win64; x64) AppleWebKit/537.36 (KHTML, like Gecko) Chrome/96.0.4664.110 Safari/537.36',
    'Accept' => 'application/json, text/plain, */*',
    'Connection' => 'keep-alive',
    'Host' => '192.168.13.209:8082',
  ),
)
[2021-12-21 11:06:26]
array (
  'request' => 
  array (
    '_url' => '/api/roles/list',
  ),
  'header' => 
  array (
    'Accept-Language' => 'zh-CN,zh;q=0.9',
    'Accept-Encoding' => 'gzip, deflate',
    'Referer' => 'http://localhost:9528/',
    'Origin' => 'http://localhost:9528',
    'Token' => 'eyJhbGciOiJIUzI1NiIsInR5cCI6IkpXVCJ9.eyJ1aWQiOiIxIiwiaXNzIjoiaW1faHR0cCIsImlhdCI6MTY0MDA1NDg5NCwiZXhwIjoxNjQwMDU1NDk0LCJuYmYiOjE2NDAwNTQ4OTQsInN1YiI6ImdhbWUuY29tIiwianRpIjoiZjQ0NTk4NWY4ODdkNGM1YmFkMWU0ZjgwM2NhYTA1MTgifQ.rnrqfqWizqlKC2U3KokR7pabsBqQVlWG2RwMGGOoLgs',
    'User-Agent' => 'Mozilla/5.0 (Windows NT 10.0; Win64; x64) AppleWebKit/537.36 (KHTML, like Gecko) Chrome/96.0.4664.110 Safari/537.36',
    'Accept' => 'application/json, text/plain, */*',
    'Connection' => 'keep-alive',
    'Host' => '192.168.13.209:8082',
  ),
)
[2021-12-21 11:06:26]
array (
  'request' => 
  array (
    '_url' => '/api/roles/getTerrRouters',
  ),
  'header' => 
  array (
    'Accept-Language' => 'zh-CN,zh;q=0.9',
    'Accept-Encoding' => 'gzip, deflate',
    'Referer' => 'http://localhost:9528/',
    'Origin' => 'http://localhost:9528',
    'Token' => 'eyJhbGciOiJIUzI1NiIsInR5cCI6IkpXVCJ9.eyJ1aWQiOiIxIiwiaXNzIjoiaW1faHR0cCIsImlhdCI6MTY0MDA1NDg5NCwiZXhwIjoxNjQwMDU1NDk0LCJuYmYiOjE2NDAwNTQ4OTQsInN1YiI6ImdhbWUuY29tIiwianRpIjoiZjQ0NTk4NWY4ODdkNGM1YmFkMWU0ZjgwM2NhYTA1MTgifQ.rnrqfqWizqlKC2U3KokR7pabsBqQVlWG2RwMGGOoLgs',
    'User-Agent' => 'Mozilla/5.0 (Windows NT 10.0; Win64; x64) AppleWebKit/537.36 (KHTML, like Gecko) Chrome/96.0.4664.110 Safari/537.36',
    'Accept' => 'application/json, text/plain, */*',
    'Connection' => 'keep-alive',
    'Host' => '192.168.13.209:8082',
  ),
)
[2021-12-21 11:06:28]
array (
  'request' => 
  array (
    '_url' => '/api/roles/rolesList',
  ),
  'header' => 
  array (
    'Accept-Language' => 'zh-CN,zh;q=0.9',
    'Accept-Encoding' => 'gzip, deflate',
    'Referer' => 'http://localhost:9528/',
    'Origin' => 'http://localhost:9528',
    'Token' => 'eyJhbGciOiJIUzI1NiIsInR5cCI6IkpXVCJ9.eyJ1aWQiOiIxIiwiaXNzIjoiaW1faHR0cCIsImlhdCI6MTY0MDA1NDg5NCwiZXhwIjoxNjQwMDU1NDk0LCJuYmYiOjE2NDAwNTQ4OTQsInN1YiI6ImdhbWUuY29tIiwianRpIjoiZjQ0NTk4NWY4ODdkNGM1YmFkMWU0ZjgwM2NhYTA1MTgifQ.rnrqfqWizqlKC2U3KokR7pabsBqQVlWG2RwMGGOoLgs',
    'User-Agent' => 'Mozilla/5.0 (Windows NT 10.0; Win64; x64) AppleWebKit/537.36 (KHTML, like Gecko) Chrome/96.0.4664.110 Safari/537.36',
    'Accept' => 'application/json, text/plain, */*',
    'Connection' => 'keep-alive',
    'Host' => '192.168.13.209:8082',
  ),
)
[2021-12-21 11:06:28]
array (
  'request' => 
  array (
    '_url' => '/api/user/List',
    'page' => '1',
    'limit' => '20',
    'sort' => '+id',
  ),
  'header' => 
  array (
    'Accept-Language' => 'zh-CN,zh;q=0.9',
    'Accept-Encoding' => 'gzip, deflate',
    'Referer' => 'http://localhost:9528/',
    'Origin' => 'http://localhost:9528',
    'Token' => 'eyJhbGciOiJIUzI1NiIsInR5cCI6IkpXVCJ9.eyJ1aWQiOiIxIiwiaXNzIjoiaW1faHR0cCIsImlhdCI6MTY0MDA1NDg5NCwiZXhwIjoxNjQwMDU1NDk0LCJuYmYiOjE2NDAwNTQ4OTQsInN1YiI6ImdhbWUuY29tIiwianRpIjoiZjQ0NTk4NWY4ODdkNGM1YmFkMWU0ZjgwM2NhYTA1MTgifQ.rnrqfqWizqlKC2U3KokR7pabsBqQVlWG2RwMGGOoLgs',
    'User-Agent' => 'Mozilla/5.0 (Windows NT 10.0; Win64; x64) AppleWebKit/537.36 (KHTML, like Gecko) Chrome/96.0.4664.110 Safari/537.36',
    'Accept' => 'application/json, text/plain, */*',
    'Connection' => 'keep-alive',
    'Host' => '192.168.13.209:8082',
  ),
)
[2021-12-21 11:06:31]
array (
  'request' => 
  array (
    '_url' => '/api/home/onlineIng',
  ),
  'header' => 
  array (
    'Accept-Language' => 'zh-CN,zh;q=0.9',
    'Accept-Encoding' => 'gzip, deflate',
    'Referer' => 'http://localhost:9528/',
    'Origin' => 'http://localhost:9528',
    'Token' => 'eyJhbGciOiJIUzI1NiIsInR5cCI6IkpXVCJ9.eyJ1aWQiOiIxIiwiaXNzIjoiaW1faHR0cCIsImlhdCI6MTY0MDA1NDg5NCwiZXhwIjoxNjQwMDU1NDk0LCJuYmYiOjE2NDAwNTQ4OTQsInN1YiI6ImdhbWUuY29tIiwianRpIjoiZjQ0NTk4NWY4ODdkNGM1YmFkMWU0ZjgwM2NhYTA1MTgifQ.rnrqfqWizqlKC2U3KokR7pabsBqQVlWG2RwMGGOoLgs',
    'User-Agent' => 'Mozilla/5.0 (Windows NT 10.0; Win64; x64) AppleWebKit/537.36 (KHTML, like Gecko) Chrome/96.0.4664.110 Safari/537.36',
    'Accept' => 'application/json, text/plain, */*',
    'Connection' => 'keep-alive',
    'Host' => '192.168.13.209:8082',
  ),
)
[2021-12-21 11:06:32]
array (
  'request' => 
  array (
    '_url' => '/api/home/statistical',
  ),
  'header' => 
  array (
    'Accept-Language' => 'zh-CN,zh;q=0.9',
    'Accept-Encoding' => 'gzip, deflate',
    'Referer' => 'http://localhost:9528/',
    'Origin' => 'http://localhost:9528',
    'Token' => 'eyJhbGciOiJIUzI1NiIsInR5cCI6IkpXVCJ9.eyJ1aWQiOiIxIiwiaXNzIjoiaW1faHR0cCIsImlhdCI6MTY0MDA1NDg5NCwiZXhwIjoxNjQwMDU1NDk0LCJuYmYiOjE2NDAwNTQ4OTQsInN1YiI6ImdhbWUuY29tIiwianRpIjoiZjQ0NTk4NWY4ODdkNGM1YmFkMWU0ZjgwM2NhYTA1MTgifQ.rnrqfqWizqlKC2U3KokR7pabsBqQVlWG2RwMGGOoLgs',
    'User-Agent' => 'Mozilla/5.0 (Windows NT 10.0; Win64; x64) AppleWebKit/537.36 (KHTML, like Gecko) Chrome/96.0.4664.110 Safari/537.36',
    'Accept' => 'application/json, text/plain, */*',
    'Connection' => 'keep-alive',
    'Host' => '192.168.13.209:8082',
  ),
)
[2021-12-21 11:06:32]
array (
  'request' => 
  array (
    '_url' => '/api/home/getretained',
  ),
  'header' => 
  array (
    'Accept-Language' => 'zh-CN,zh;q=0.9',
    'Accept-Encoding' => 'gzip, deflate',
    'Referer' => 'http://localhost:9528/',
    'Origin' => 'http://localhost:9528',
    'Token' => 'eyJhbGciOiJIUzI1NiIsInR5cCI6IkpXVCJ9.eyJ1aWQiOiIxIiwiaXNzIjoiaW1faHR0cCIsImlhdCI6MTY0MDA1NDg5NCwiZXhwIjoxNjQwMDU1NDk0LCJuYmYiOjE2NDAwNTQ4OTQsInN1YiI6ImdhbWUuY29tIiwianRpIjoiZjQ0NTk4NWY4ODdkNGM1YmFkMWU0ZjgwM2NhYTA1MTgifQ.rnrqfqWizqlKC2U3KokR7pabsBqQVlWG2RwMGGOoLgs',
    'User-Agent' => 'Mozilla/5.0 (Windows NT 10.0; Win64; x64) AppleWebKit/537.36 (KHTML, like Gecko) Chrome/96.0.4664.110 Safari/537.36',
    'Accept' => 'application/json, text/plain, */*',
    'Connection' => 'keep-alive',
    'Host' => '192.168.13.209:8082',
  ),
)
[2021-12-21 11:06:42]
array (
  'request' => 
  array (
    '_url' => '/api/home/getretained',
    0 => '2021-12-09',
    1 => '2022-01-04',
  ),
  'header' => 
  array (
    'Accept-Language' => 'zh-CN,zh;q=0.9',
    'Accept-Encoding' => 'gzip, deflate',
    'Referer' => 'http://localhost:9528/',
    'Origin' => 'http://localhost:9528',
    'Token' => 'eyJhbGciOiJIUzI1NiIsInR5cCI6IkpXVCJ9.eyJ1aWQiOiIxIiwiaXNzIjoiaW1faHR0cCIsImlhdCI6MTY0MDA1NDg5NCwiZXhwIjoxNjQwMDU1NDk0LCJuYmYiOjE2NDAwNTQ4OTQsInN1YiI6ImdhbWUuY29tIiwianRpIjoiZjQ0NTk4NWY4ODdkNGM1YmFkMWU0ZjgwM2NhYTA1MTgifQ.rnrqfqWizqlKC2U3KokR7pabsBqQVlWG2RwMGGOoLgs',
    'User-Agent' => 'Mozilla/5.0 (Windows NT 10.0; Win64; x64) AppleWebKit/537.36 (KHTML, like Gecko) Chrome/96.0.4664.110 Safari/537.36',
    'Accept' => 'application/json, text/plain, */*',
    'Connection' => 'keep-alive',
    'Host' => '192.168.13.209:8082',
  ),
)
[2021-12-21 14:16:33]
array (
  'request' => 
  array (
    '_url' => '/api/user/info',
    'token' => 'eyJhbGciOiJIUzI1NiIsInR5cCI6IkpXVCJ9.eyJ1aWQiOiIxIiwiaXNzIjoiaW1faHR0cCIsImlhdCI6MTY0MDA1NDg5NCwiZXhwIjoxNjQwMDU1NDk0LCJuYmYiOjE2NDAwNTQ4OTQsInN1YiI6ImdhbWUuY29tIiwianRpIjoiZjQ0NTk4NWY4ODdkNGM1YmFkMWU0ZjgwM2NhYTA1MTgifQ.rnrqfqWizqlKC2U3KokR7pabsBqQVlWG2RwMGGOoLgs',
  ),
  'header' => 
  array (
    'Accept-Language' => 'zh-CN,zh;q=0.9',
    'Accept-Encoding' => 'gzip, deflate',
    'Referer' => 'http://localhost:9528/',
    'Origin' => 'http://localhost:9528',
    'Content-Type' => 'application/x-www-form-urlencoded',
    'Token' => 'eyJhbGciOiJIUzI1NiIsInR5cCI6IkpXVCJ9.eyJ1aWQiOiIxIiwiaXNzIjoiaW1faHR0cCIsImlhdCI6MTY0MDA1NDg5NCwiZXhwIjoxNjQwMDU1NDk0LCJuYmYiOjE2NDAwNTQ4OTQsInN1YiI6ImdhbWUuY29tIiwianRpIjoiZjQ0NTk4NWY4ODdkNGM1YmFkMWU0ZjgwM2NhYTA1MTgifQ.rnrqfqWizqlKC2U3KokR7pabsBqQVlWG2RwMGGOoLgs',
    'User-Agent' => 'Mozilla/5.0 (Windows NT 10.0; Win64; x64) AppleWebKit/537.36 (KHTML, like Gecko) Chrome/96.0.4664.110 Safari/537.36',
    'Accept' => 'application/json, text/plain, */*',
    'Content-Length' => '269',
    'Connection' => 'keep-alive',
    'Host' => '192.168.13.209:8082',
  ),
)
[2021-12-21 14:16:33]
array (
  'request' => 
  array (
    '_url' => '/api/user/getRouter',
  ),
  'header' => 
  array (
    'Accept-Language' => 'zh-CN,zh;q=0.9',
    'Accept-Encoding' => 'gzip, deflate',
    'Referer' => 'http://localhost:9528/',
    'Origin' => 'http://localhost:9528',
    'Token' => 'eyJhbGciOiJIUzI1NiIsInR5cCI6IkpXVCJ9.eyJ1aWQiOiIxIiwiaXNzIjoiaW1faHR0cCIsImlhdCI6MTY0MDA1NDg5NCwiZXhwIjoxNjQwMDU1NDk0LCJuYmYiOjE2NDAwNTQ4OTQsInN1YiI6ImdhbWUuY29tIiwianRpIjoiZjQ0NTk4NWY4ODdkNGM1YmFkMWU0ZjgwM2NhYTA1MTgifQ.rnrqfqWizqlKC2U3KokR7pabsBqQVlWG2RwMGGOoLgs',
    'User-Agent' => 'Mozilla/5.0 (Windows NT 10.0; Win64; x64) AppleWebKit/537.36 (KHTML, like Gecko) Chrome/96.0.4664.110 Safari/537.36',
    'Accept' => 'application/json, text/plain, */*',
    'Connection' => 'keep-alive',
    'Host' => '192.168.13.209:8082',
  ),
)
[2021-12-21 14:16:33]
array (
  'request' => 
  array (
    '_url' => '/api/home/statistical',
  ),
  'header' => 
  array (
    'Accept-Language' => 'zh-CN,zh;q=0.9',
    'Accept-Encoding' => 'gzip, deflate',
    'Referer' => 'http://localhost:9528/',
    'Origin' => 'http://localhost:9528',
    'Token' => 'eyJhbGciOiJIUzI1NiIsInR5cCI6IkpXVCJ9.eyJ1aWQiOiIxIiwiaXNzIjoiaW1faHR0cCIsImlhdCI6MTY0MDA1NDg5NCwiZXhwIjoxNjQwMDU1NDk0LCJuYmYiOjE2NDAwNTQ4OTQsInN1YiI6ImdhbWUuY29tIiwianRpIjoiZjQ0NTk4NWY4ODdkNGM1YmFkMWU0ZjgwM2NhYTA1MTgifQ.rnrqfqWizqlKC2U3KokR7pabsBqQVlWG2RwMGGOoLgs',
    'User-Agent' => 'Mozilla/5.0 (Windows NT 10.0; Win64; x64) AppleWebKit/537.36 (KHTML, like Gecko) Chrome/96.0.4664.110 Safari/537.36',
    'Accept' => 'application/json, text/plain, */*',
    'Connection' => 'keep-alive',
    'Host' => '192.168.13.209:8082',
  ),
)
[2021-12-21 14:16:33]
array (
  'request' => 
  array (
    '_url' => '/api/common/getSystem',
  ),
  'header' => 
  array (
    'Accept-Language' => 'zh-CN,zh;q=0.9',
    'Accept-Encoding' => 'gzip, deflate',
    'Referer' => 'http://localhost:9528/',
    'Origin' => 'http://localhost:9528',
    'Token' => 'eyJhbGciOiJIUzI1NiIsInR5cCI6IkpXVCJ9.eyJ1aWQiOiIxIiwiaXNzIjoiaW1faHR0cCIsImlhdCI6MTY0MDA1NDg5NCwiZXhwIjoxNjQwMDU1NDk0LCJuYmYiOjE2NDAwNTQ4OTQsInN1YiI6ImdhbWUuY29tIiwianRpIjoiZjQ0NTk4NWY4ODdkNGM1YmFkMWU0ZjgwM2NhYTA1MTgifQ.rnrqfqWizqlKC2U3KokR7pabsBqQVlWG2RwMGGOoLgs',
    'User-Agent' => 'Mozilla/5.0 (Windows NT 10.0; Win64; x64) AppleWebKit/537.36 (KHTML, like Gecko) Chrome/96.0.4664.110 Safari/537.36',
    'Accept' => 'application/json, text/plain, */*',
    'Connection' => 'keep-alive',
    'Host' => '192.168.13.209:8082',
  ),
)
[2021-12-21 14:16:33]
array (
  'request' => 
  array (
    '_url' => '/api/home/getretained',
  ),
  'header' => 
  array (
    'Accept-Language' => 'zh-CN,zh;q=0.9',
    'Accept-Encoding' => 'gzip, deflate',
    'Referer' => 'http://localhost:9528/',
    'Origin' => 'http://localhost:9528',
    'Token' => 'eyJhbGciOiJIUzI1NiIsInR5cCI6IkpXVCJ9.eyJ1aWQiOiIxIiwiaXNzIjoiaW1faHR0cCIsImlhdCI6MTY0MDA1NDg5NCwiZXhwIjoxNjQwMDU1NDk0LCJuYmYiOjE2NDAwNTQ4OTQsInN1YiI6ImdhbWUuY29tIiwianRpIjoiZjQ0NTk4NWY4ODdkNGM1YmFkMWU0ZjgwM2NhYTA1MTgifQ.rnrqfqWizqlKC2U3KokR7pabsBqQVlWG2RwMGGOoLgs',
    'User-Agent' => 'Mozilla/5.0 (Windows NT 10.0; Win64; x64) AppleWebKit/537.36 (KHTML, like Gecko) Chrome/96.0.4664.110 Safari/537.36',
    'Accept' => 'application/json, text/plain, */*',
    'Connection' => 'keep-alive',
    'Host' => '192.168.13.209:8082',
  ),
)
[2021-12-21 14:16:41]
array (
  'request' => 
  array (
    '_url' => '/api/user/getUserAll',
  ),
  'header' => 
  array (
    'Accept-Language' => 'zh-CN,zh;q=0.9',
    'Accept-Encoding' => 'gzip, deflate',
    'Referer' => 'http://localhost:9528/',
    'Origin' => 'http://localhost:9528',
    'Token' => 'eyJhbGciOiJIUzI1NiIsInR5cCI6IkpXVCJ9.eyJ1aWQiOiIxIiwiaXNzIjoiaW1faHR0cCIsImlhdCI6MTY0MDA1NDg5NCwiZXhwIjoxNjQwMDU1NDk0LCJuYmYiOjE2NDAwNTQ4OTQsInN1YiI6ImdhbWUuY29tIiwianRpIjoiZjQ0NTk4NWY4ODdkNGM1YmFkMWU0ZjgwM2NhYTA1MTgifQ.rnrqfqWizqlKC2U3KokR7pabsBqQVlWG2RwMGGOoLgs',
    'User-Agent' => 'Mozilla/5.0 (Windows NT 10.0; Win64; x64) AppleWebKit/537.36 (KHTML, like Gecko) Chrome/96.0.4664.110 Safari/537.36',
    'Accept' => 'application/json, text/plain, */*',
    'Connection' => 'keep-alive',
    'Host' => '192.168.13.209:8082',
  ),
)
[2021-12-21 14:16:41]
array (
  'request' => 
  array (
    '_url' => '/api/log/list',
    'page' => '1',
    'limit' => '10',
    'time' => '',
    'keyword' => '',
  ),
  'header' => 
  array (
    'Accept-Language' => 'zh-CN,zh;q=0.9',
    'Accept-Encoding' => 'gzip, deflate',
    'Referer' => 'http://localhost:9528/',
    'Origin' => 'http://localhost:9528',
    'Token' => 'eyJhbGciOiJIUzI1NiIsInR5cCI6IkpXVCJ9.eyJ1aWQiOiIxIiwiaXNzIjoiaW1faHR0cCIsImlhdCI6MTY0MDA1NDg5NCwiZXhwIjoxNjQwMDU1NDk0LCJuYmYiOjE2NDAwNTQ4OTQsInN1YiI6ImdhbWUuY29tIiwianRpIjoiZjQ0NTk4NWY4ODdkNGM1YmFkMWU0ZjgwM2NhYTA1MTgifQ.rnrqfqWizqlKC2U3KokR7pabsBqQVlWG2RwMGGOoLgs',
    'User-Agent' => 'Mozilla/5.0 (Windows NT 10.0; Win64; x64) AppleWebKit/537.36 (KHTML, like Gecko) Chrome/96.0.4664.110 Safari/537.36',
    'Accept' => 'application/json, text/plain, */*',
    'Connection' => 'keep-alive',
    'Host' => '192.168.13.209:8082',
  ),
)
[2021-12-21 14:16:41]
array (
  'request' => 
  array (
    '_url' => '/api/cron/list',
    'page' => '1',
    'limit' => '10',
  ),
  'header' => 
  array (
    'Accept-Language' => 'zh-CN,zh;q=0.9',
    'Accept-Encoding' => 'gzip, deflate',
    'Referer' => 'http://localhost:9528/',
    'Origin' => 'http://localhost:9528',
    'Token' => 'eyJhbGciOiJIUzI1NiIsInR5cCI6IkpXVCJ9.eyJ1aWQiOiIxIiwiaXNzIjoiaW1faHR0cCIsImlhdCI6MTY0MDA1NDg5NCwiZXhwIjoxNjQwMDU1NDk0LCJuYmYiOjE2NDAwNTQ4OTQsInN1YiI6ImdhbWUuY29tIiwianRpIjoiZjQ0NTk4NWY4ODdkNGM1YmFkMWU0ZjgwM2NhYTA1MTgifQ.rnrqfqWizqlKC2U3KokR7pabsBqQVlWG2RwMGGOoLgs',
    'User-Agent' => 'Mozilla/5.0 (Windows NT 10.0; Win64; x64) AppleWebKit/537.36 (KHTML, like Gecko) Chrome/96.0.4664.110 Safari/537.36',
    'Accept' => 'application/json, text/plain, */*',
    'Connection' => 'keep-alive',
    'Host' => '192.168.13.209:8082',
  ),
)
[2021-12-21 14:16:43]
array (
  'request' => 
  array (
    '_url' => '/api/cron/getCronLog',
    'page' => '1',
    'limit' => '10',
    'id' => '7',
  ),
  'header' => 
  array (
    'Accept-Language' => 'zh-CN,zh;q=0.9',
    'Accept-Encoding' => 'gzip, deflate',
    'Referer' => 'http://localhost:9528/',
    'Origin' => 'http://localhost:9528',
    'Token' => 'eyJhbGciOiJIUzI1NiIsInR5cCI6IkpXVCJ9.eyJ1aWQiOiIxIiwiaXNzIjoiaW1faHR0cCIsImlhdCI6MTY0MDA1NDg5NCwiZXhwIjoxNjQwMDU1NDk0LCJuYmYiOjE2NDAwNTQ4OTQsInN1YiI6ImdhbWUuY29tIiwianRpIjoiZjQ0NTk4NWY4ODdkNGM1YmFkMWU0ZjgwM2NhYTA1MTgifQ.rnrqfqWizqlKC2U3KokR7pabsBqQVlWG2RwMGGOoLgs',
    'User-Agent' => 'Mozilla/5.0 (Windows NT 10.0; Win64; x64) AppleWebKit/537.36 (KHTML, like Gecko) Chrome/96.0.4664.110 Safari/537.36',
    'Accept' => 'application/json, text/plain, */*',
    'Connection' => 'keep-alive',
    'Host' => '192.168.13.209:8082',
  ),
)
[2021-12-21 14:16:49]
array (
  'request' => 
  array (
    '_url' => '/api/cron/getCronLog',
    'page' => '1',
    'limit' => '10',
    'id' => '7',
  ),
  'header' => 
  array (
    'Accept-Language' => 'zh-CN,zh;q=0.9',
    'Accept-Encoding' => 'gzip, deflate',
    'Referer' => 'http://localhost:9528/',
    'Origin' => 'http://localhost:9528',
    'Token' => 'eyJhbGciOiJIUzI1NiIsInR5cCI6IkpXVCJ9.eyJ1aWQiOiIxIiwiaXNzIjoiaW1faHR0cCIsImlhdCI6MTY0MDA1NDg5NCwiZXhwIjoxNjQwMDU1NDk0LCJuYmYiOjE2NDAwNTQ4OTQsInN1YiI6ImdhbWUuY29tIiwianRpIjoiZjQ0NTk4NWY4ODdkNGM1YmFkMWU0ZjgwM2NhYTA1MTgifQ.rnrqfqWizqlKC2U3KokR7pabsBqQVlWG2RwMGGOoLgs',
    'User-Agent' => 'Mozilla/5.0 (Windows NT 10.0; Win64; x64) AppleWebKit/537.36 (KHTML, like Gecko) Chrome/96.0.4664.110 Safari/537.36',
    'Accept' => 'application/json, text/plain, */*',
    'Connection' => 'keep-alive',
    'Host' => '192.168.13.209:8082',
  ),
)
[2021-12-21 14:16:53]
array (
  'request' => 
  array (
    '_url' => '/api/cron/execCron',
    'id' => '7',
  ),
  'header' => 
  array (
    'Accept-Language' => 'zh-CN,zh;q=0.9',
    'Accept-Encoding' => 'gzip, deflate',
    'Referer' => 'http://localhost:9528/',
    'Origin' => 'http://localhost:9528',
    'Token' => 'eyJhbGciOiJIUzI1NiIsInR5cCI6IkpXVCJ9.eyJ1aWQiOiIxIiwiaXNzIjoiaW1faHR0cCIsImlhdCI6MTY0MDA1NDg5NCwiZXhwIjoxNjQwMDU1NDk0LCJuYmYiOjE2NDAwNTQ4OTQsInN1YiI6ImdhbWUuY29tIiwianRpIjoiZjQ0NTk4NWY4ODdkNGM1YmFkMWU0ZjgwM2NhYTA1MTgifQ.rnrqfqWizqlKC2U3KokR7pabsBqQVlWG2RwMGGOoLgs',
    'User-Agent' => 'Mozilla/5.0 (Windows NT 10.0; Win64; x64) AppleWebKit/537.36 (KHTML, like Gecko) Chrome/96.0.4664.110 Safari/537.36',
    'Accept' => 'application/json, text/plain, */*',
    'Connection' => 'keep-alive',
    'Host' => '192.168.13.209:8082',
  ),
)
[2021-12-21 14:16:59]
array (
  'request' => 
  array (
    '_url' => '/api/system/getadmin',
  ),
  'header' => 
  array (
    'Accept-Language' => 'zh-CN,zh;q=0.9',
    'Accept-Encoding' => 'gzip, deflate',
    'Referer' => 'http://localhost:9528/',
    'Origin' => 'http://localhost:9528',
    'Token' => 'eyJhbGciOiJIUzI1NiIsInR5cCI6IkpXVCJ9.eyJ1aWQiOiIxIiwiaXNzIjoiaW1faHR0cCIsImlhdCI6MTY0MDA1NDg5NCwiZXhwIjoxNjQwMDU1NDk0LCJuYmYiOjE2NDAwNTQ4OTQsInN1YiI6ImdhbWUuY29tIiwianRpIjoiZjQ0NTk4NWY4ODdkNGM1YmFkMWU0ZjgwM2NhYTA1MTgifQ.rnrqfqWizqlKC2U3KokR7pabsBqQVlWG2RwMGGOoLgs',
    'User-Agent' => 'Mozilla/5.0 (Windows NT 10.0; Win64; x64) AppleWebKit/537.36 (KHTML, like Gecko) Chrome/96.0.4664.110 Safari/537.36',
    'Accept' => 'application/json, text/plain, */*',
    'Connection' => 'keep-alive',
    'Host' => '192.168.13.209:8082',
  ),
)
[2021-12-21 14:17:02]
array (
  'request' => 
  array (
    '_url' => '/api/menu/list',
    'page' => '1',
    'limit' => '20',
    'pid' => '0',
    'sort' => '+id',
  ),
  'header' => 
  array (
    'Accept-Language' => 'zh-CN,zh;q=0.9',
    'Accept-Encoding' => 'gzip, deflate',
    'Referer' => 'http://localhost:9528/',
    'Origin' => 'http://localhost:9528',
    'Token' => 'eyJhbGciOiJIUzI1NiIsInR5cCI6IkpXVCJ9.eyJ1aWQiOiIxIiwiaXNzIjoiaW1faHR0cCIsImlhdCI6MTY0MDA1NDg5NCwiZXhwIjoxNjQwMDU1NDk0LCJuYmYiOjE2NDAwNTQ4OTQsInN1YiI6ImdhbWUuY29tIiwianRpIjoiZjQ0NTk4NWY4ODdkNGM1YmFkMWU0ZjgwM2NhYTA1MTgifQ.rnrqfqWizqlKC2U3KokR7pabsBqQVlWG2RwMGGOoLgs',
    'User-Agent' => 'Mozilla/5.0 (Windows NT 10.0; Win64; x64) AppleWebKit/537.36 (KHTML, like Gecko) Chrome/96.0.4664.110 Safari/537.36',
    'Accept' => 'application/json, text/plain, */*',
    'Connection' => 'keep-alive',
    'Host' => '192.168.13.209:8082',
  ),
)
[2021-12-21 14:17:03]
array (
  'request' => 
  array (
    '_url' => '/api/log/list',
    'page' => '1',
    'limit' => '10',
    'time' => '',
    'keyword' => '',
  ),
  'header' => 
  array (
    'Accept-Language' => 'zh-CN,zh;q=0.9',
    'Accept-Encoding' => 'gzip, deflate',
    'Referer' => 'http://localhost:9528/',
    'Origin' => 'http://localhost:9528',
    'Token' => 'eyJhbGciOiJIUzI1NiIsInR5cCI6IkpXVCJ9.eyJ1aWQiOiIxIiwiaXNzIjoiaW1faHR0cCIsImlhdCI6MTY0MDA1NDg5NCwiZXhwIjoxNjQwMDU1NDk0LCJuYmYiOjE2NDAwNTQ4OTQsInN1YiI6ImdhbWUuY29tIiwianRpIjoiZjQ0NTk4NWY4ODdkNGM1YmFkMWU0ZjgwM2NhYTA1MTgifQ.rnrqfqWizqlKC2U3KokR7pabsBqQVlWG2RwMGGOoLgs',
    'User-Agent' => 'Mozilla/5.0 (Windows NT 10.0; Win64; x64) AppleWebKit/537.36 (KHTML, like Gecko) Chrome/96.0.4664.110 Safari/537.36',
    'Accept' => 'application/json, text/plain, */*',
    'Connection' => 'keep-alive',
    'Host' => '192.168.13.209:8082',
  ),
)
[2021-12-21 14:17:03]
array (
  'request' => 
  array (
    '_url' => '/api/user/getUserAll',
  ),
  'header' => 
  array (
    'Accept-Language' => 'zh-CN,zh;q=0.9',
    'Accept-Encoding' => 'gzip, deflate',
    'Referer' => 'http://localhost:9528/',
    'Origin' => 'http://localhost:9528',
    'Token' => 'eyJhbGciOiJIUzI1NiIsInR5cCI6IkpXVCJ9.eyJ1aWQiOiIxIiwiaXNzIjoiaW1faHR0cCIsImlhdCI6MTY0MDA1NDg5NCwiZXhwIjoxNjQwMDU1NDk0LCJuYmYiOjE2NDAwNTQ4OTQsInN1YiI6ImdhbWUuY29tIiwianRpIjoiZjQ0NTk4NWY4ODdkNGM1YmFkMWU0ZjgwM2NhYTA1MTgifQ.rnrqfqWizqlKC2U3KokR7pabsBqQVlWG2RwMGGOoLgs',
    'User-Agent' => 'Mozilla/5.0 (Windows NT 10.0; Win64; x64) AppleWebKit/537.36 (KHTML, like Gecko) Chrome/96.0.4664.110 Safari/537.36',
    'Accept' => 'application/json, text/plain, */*',
    'Connection' => 'keep-alive',
    'Host' => '192.168.13.209:8082',
  ),
)
[2021-12-21 14:17:05]
array (
  'request' => 
  array (
    '_url' => '/api/home/statistical',
  ),
  'header' => 
  array (
    'Accept-Language' => 'zh-CN,zh;q=0.9',
    'Accept-Encoding' => 'gzip, deflate',
    'Referer' => 'http://localhost:9528/',
    'Origin' => 'http://localhost:9528',
    'Token' => 'eyJhbGciOiJIUzI1NiIsInR5cCI6IkpXVCJ9.eyJ1aWQiOiIxIiwiaXNzIjoiaW1faHR0cCIsImlhdCI6MTY0MDA1NDg5NCwiZXhwIjoxNjQwMDU1NDk0LCJuYmYiOjE2NDAwNTQ4OTQsInN1YiI6ImdhbWUuY29tIiwianRpIjoiZjQ0NTk4NWY4ODdkNGM1YmFkMWU0ZjgwM2NhYTA1MTgifQ.rnrqfqWizqlKC2U3KokR7pabsBqQVlWG2RwMGGOoLgs',
    'User-Agent' => 'Mozilla/5.0 (Windows NT 10.0; Win64; x64) AppleWebKit/537.36 (KHTML, like Gecko) Chrome/96.0.4664.110 Safari/537.36',
    'Accept' => 'application/json, text/plain, */*',
    'Connection' => 'keep-alive',
    'Host' => '192.168.13.209:8082',
  ),
)
[2021-12-21 14:17:05]
array (
  'request' => 
  array (
    '_url' => '/api/home/getretained',
  ),
  'header' => 
  array (
    'Accept-Language' => 'zh-CN,zh;q=0.9',
    'Accept-Encoding' => 'gzip, deflate',
    'Referer' => 'http://localhost:9528/',
    'Origin' => 'http://localhost:9528',
    'Token' => 'eyJhbGciOiJIUzI1NiIsInR5cCI6IkpXVCJ9.eyJ1aWQiOiIxIiwiaXNzIjoiaW1faHR0cCIsImlhdCI6MTY0MDA1NDg5NCwiZXhwIjoxNjQwMDU1NDk0LCJuYmYiOjE2NDAwNTQ4OTQsInN1YiI6ImdhbWUuY29tIiwianRpIjoiZjQ0NTk4NWY4ODdkNGM1YmFkMWU0ZjgwM2NhYTA1MTgifQ.rnrqfqWizqlKC2U3KokR7pabsBqQVlWG2RwMGGOoLgs',
    'User-Agent' => 'Mozilla/5.0 (Windows NT 10.0; Win64; x64) AppleWebKit/537.36 (KHTML, like Gecko) Chrome/96.0.4664.110 Safari/537.36',
    'Accept' => 'application/json, text/plain, */*',
    'Connection' => 'keep-alive',
    'Host' => '192.168.13.209:8082',
  ),
)
[2021-12-21 14:17:38]
array (
  'request' => 
  array (
    '_url' => '/api/cron/list',
    'page' => '1',
    'limit' => '10',
  ),
  'header' => 
  array (
    'Accept-Language' => 'zh-CN,zh;q=0.9',
    'Accept-Encoding' => 'gzip, deflate',
    'Referer' => 'http://localhost:9528/',
    'Origin' => 'http://localhost:9528',
    'Token' => 'eyJhbGciOiJIUzI1NiIsInR5cCI6IkpXVCJ9.eyJ1aWQiOiIxIiwiaXNzIjoiaW1faHR0cCIsImlhdCI6MTY0MDA1NDg5NCwiZXhwIjoxNjQwMDU1NDk0LCJuYmYiOjE2NDAwNTQ4OTQsInN1YiI6ImdhbWUuY29tIiwianRpIjoiZjQ0NTk4NWY4ODdkNGM1YmFkMWU0ZjgwM2NhYTA1MTgifQ.rnrqfqWizqlKC2U3KokR7pabsBqQVlWG2RwMGGOoLgs',
    'User-Agent' => 'Mozilla/5.0 (Windows NT 10.0; Win64; x64) AppleWebKit/537.36 (KHTML, like Gecko) Chrome/96.0.4664.110 Safari/537.36',
    'Accept' => 'application/json, text/plain, */*',
    'Connection' => 'keep-alive',
    'Host' => '192.168.13.209:8082',
  ),
)
[2021-12-21 14:17:40]
array (
  'request' => 
  array (
    '_url' => '/api/home/onlineIng',
  ),
  'header' => 
  array (
    'Accept-Language' => 'zh-CN,zh;q=0.9',
    'Accept-Encoding' => 'gzip, deflate',
    'Referer' => 'http://localhost:9528/',
    'Origin' => 'http://localhost:9528',
    'Token' => 'eyJhbGciOiJIUzI1NiIsInR5cCI6IkpXVCJ9.eyJ1aWQiOiIxIiwiaXNzIjoiaW1faHR0cCIsImlhdCI6MTY0MDA1NDg5NCwiZXhwIjoxNjQwMDU1NDk0LCJuYmYiOjE2NDAwNTQ4OTQsInN1YiI6ImdhbWUuY29tIiwianRpIjoiZjQ0NTk4NWY4ODdkNGM1YmFkMWU0ZjgwM2NhYTA1MTgifQ.rnrqfqWizqlKC2U3KokR7pabsBqQVlWG2RwMGGOoLgs',
    'User-Agent' => 'Mozilla/5.0 (Windows NT 10.0; Win64; x64) AppleWebKit/537.36 (KHTML, like Gecko) Chrome/96.0.4664.110 Safari/537.36',
    'Accept' => 'application/json, text/plain, */*',
    'Connection' => 'keep-alive',
    'Host' => '192.168.13.209:8082',
  ),
)
[2021-12-21 14:17:41]
array (
  'request' => 
  array (
    '_url' => '/api/home/getretained',
  ),
  'header' => 
  array (
    'Accept-Language' => 'zh-CN,zh;q=0.9',
    'Accept-Encoding' => 'gzip, deflate',
    'Referer' => 'http://localhost:9528/',
    'Origin' => 'http://localhost:9528',
    'Token' => 'eyJhbGciOiJIUzI1NiIsInR5cCI6IkpXVCJ9.eyJ1aWQiOiIxIiwiaXNzIjoiaW1faHR0cCIsImlhdCI6MTY0MDA1NDg5NCwiZXhwIjoxNjQwMDU1NDk0LCJuYmYiOjE2NDAwNTQ4OTQsInN1YiI6ImdhbWUuY29tIiwianRpIjoiZjQ0NTk4NWY4ODdkNGM1YmFkMWU0ZjgwM2NhYTA1MTgifQ.rnrqfqWizqlKC2U3KokR7pabsBqQVlWG2RwMGGOoLgs',
    'User-Agent' => 'Mozilla/5.0 (Windows NT 10.0; Win64; x64) AppleWebKit/537.36 (KHTML, like Gecko) Chrome/96.0.4664.110 Safari/537.36',
    'Accept' => 'application/json, text/plain, */*',
    'Connection' => 'keep-alive',
    'Host' => '192.168.13.209:8082',
  ),
)
[2021-12-21 14:17:41]
array (
  'request' => 
  array (
    '_url' => '/api/home/statistical',
  ),
  'header' => 
  array (
    'Accept-Language' => 'zh-CN,zh;q=0.9',
    'Accept-Encoding' => 'gzip, deflate',
    'Referer' => 'http://localhost:9528/',
    'Origin' => 'http://localhost:9528',
    'Token' => 'eyJhbGciOiJIUzI1NiIsInR5cCI6IkpXVCJ9.eyJ1aWQiOiIxIiwiaXNzIjoiaW1faHR0cCIsImlhdCI6MTY0MDA1NDg5NCwiZXhwIjoxNjQwMDU1NDk0LCJuYmYiOjE2NDAwNTQ4OTQsInN1YiI6ImdhbWUuY29tIiwianRpIjoiZjQ0NTk4NWY4ODdkNGM1YmFkMWU0ZjgwM2NhYTA1MTgifQ.rnrqfqWizqlKC2U3KokR7pabsBqQVlWG2RwMGGOoLgs',
    'User-Agent' => 'Mozilla/5.0 (Windows NT 10.0; Win64; x64) AppleWebKit/537.36 (KHTML, like Gecko) Chrome/96.0.4664.110 Safari/537.36',
    'Accept' => 'application/json, text/plain, */*',
    'Connection' => 'keep-alive',
    'Host' => '192.168.13.209:8082',
  ),
)
[2021-12-21 14:17:43]
array (
  'request' => 
  array (
    '_url' => '/api/home/onlineIng',
  ),
  'header' => 
  array (
    'Accept-Language' => 'zh-CN,zh;q=0.9',
    'Accept-Encoding' => 'gzip, deflate',
    'Referer' => 'http://localhost:9528/',
    'Origin' => 'http://localhost:9528',
    'Token' => 'eyJhbGciOiJIUzI1NiIsInR5cCI6IkpXVCJ9.eyJ1aWQiOiIxIiwiaXNzIjoiaW1faHR0cCIsImlhdCI6MTY0MDA1NDg5NCwiZXhwIjoxNjQwMDU1NDk0LCJuYmYiOjE2NDAwNTQ4OTQsInN1YiI6ImdhbWUuY29tIiwianRpIjoiZjQ0NTk4NWY4ODdkNGM1YmFkMWU0ZjgwM2NhYTA1MTgifQ.rnrqfqWizqlKC2U3KokR7pabsBqQVlWG2RwMGGOoLgs',
    'User-Agent' => 'Mozilla/5.0 (Windows NT 10.0; Win64; x64) AppleWebKit/537.36 (KHTML, like Gecko) Chrome/96.0.4664.110 Safari/537.36',
    'Accept' => 'application/json, text/plain, */*',
    'Connection' => 'keep-alive',
    'Host' => '192.168.13.209:8082',
  ),
)
[2021-12-21 14:17:45]
array (
  'request' => 
  array (
    '_url' => '/api/home/getretained',
  ),
  'header' => 
  array (
    'Accept-Language' => 'zh-CN,zh;q=0.9',
    'Accept-Encoding' => 'gzip, deflate',
    'Referer' => 'http://localhost:9528/',
    'Origin' => 'http://localhost:9528',
    'Token' => 'eyJhbGciOiJIUzI1NiIsInR5cCI6IkpXVCJ9.eyJ1aWQiOiIxIiwiaXNzIjoiaW1faHR0cCIsImlhdCI6MTY0MDA1NDg5NCwiZXhwIjoxNjQwMDU1NDk0LCJuYmYiOjE2NDAwNTQ4OTQsInN1YiI6ImdhbWUuY29tIiwianRpIjoiZjQ0NTk4NWY4ODdkNGM1YmFkMWU0ZjgwM2NhYTA1MTgifQ.rnrqfqWizqlKC2U3KokR7pabsBqQVlWG2RwMGGOoLgs',
    'User-Agent' => 'Mozilla/5.0 (Windows NT 10.0; Win64; x64) AppleWebKit/537.36 (KHTML, like Gecko) Chrome/96.0.4664.110 Safari/537.36',
    'Accept' => 'application/json, text/plain, */*',
    'Connection' => 'keep-alive',
    'Host' => '192.168.13.209:8082',
  ),
)
[2021-12-21 14:17:45]
array (
  'request' => 
  array (
    '_url' => '/api/home/statistical',
  ),
  'header' => 
  array (
    'Accept-Language' => 'zh-CN,zh;q=0.9',
    'Accept-Encoding' => 'gzip, deflate',
    'Referer' => 'http://localhost:9528/',
    'Origin' => 'http://localhost:9528',
    'Token' => 'eyJhbGciOiJIUzI1NiIsInR5cCI6IkpXVCJ9.eyJ1aWQiOiIxIiwiaXNzIjoiaW1faHR0cCIsImlhdCI6MTY0MDA1NDg5NCwiZXhwIjoxNjQwMDU1NDk0LCJuYmYiOjE2NDAwNTQ4OTQsInN1YiI6ImdhbWUuY29tIiwianRpIjoiZjQ0NTk4NWY4ODdkNGM1YmFkMWU0ZjgwM2NhYTA1MTgifQ.rnrqfqWizqlKC2U3KokR7pabsBqQVlWG2RwMGGOoLgs',
    'User-Agent' => 'Mozilla/5.0 (Windows NT 10.0; Win64; x64) AppleWebKit/537.36 (KHTML, like Gecko) Chrome/96.0.4664.110 Safari/537.36',
    'Accept' => 'application/json, text/plain, */*',
    'Connection' => 'keep-alive',
    'Host' => '192.168.13.209:8082',
  ),
)
[2021-12-21 14:17:50]
array (
  'request' => 
  array (
    '_url' => '/api/home/onlineIng',
  ),
  'header' => 
  array (
    'Accept-Language' => 'zh-CN,zh;q=0.9',
    'Accept-Encoding' => 'gzip, deflate',
    'Referer' => 'http://localhost:9528/',
    'Origin' => 'http://localhost:9528',
    'Token' => 'eyJhbGciOiJIUzI1NiIsInR5cCI6IkpXVCJ9.eyJ1aWQiOiIxIiwiaXNzIjoiaW1faHR0cCIsImlhdCI6MTY0MDA1NDg5NCwiZXhwIjoxNjQwMDU1NDk0LCJuYmYiOjE2NDAwNTQ4OTQsInN1YiI6ImdhbWUuY29tIiwianRpIjoiZjQ0NTk4NWY4ODdkNGM1YmFkMWU0ZjgwM2NhYTA1MTgifQ.rnrqfqWizqlKC2U3KokR7pabsBqQVlWG2RwMGGOoLgs',
    'User-Agent' => 'Mozilla/5.0 (Windows NT 10.0; Win64; x64) AppleWebKit/537.36 (KHTML, like Gecko) Chrome/96.0.4664.110 Safari/537.36',
    'Accept' => 'application/json, text/plain, */*',
    'Connection' => 'keep-alive',
    'Host' => '192.168.13.209:8082',
  ),
)
[2021-12-21 14:17:53]
array (
  'request' => 
  array (
    '_url' => '/api/home/getretained',
  ),
  'header' => 
  array (
    'Accept-Language' => 'zh-CN,zh;q=0.9',
    'Accept-Encoding' => 'gzip, deflate',
    'Referer' => 'http://localhost:9528/',
    'Origin' => 'http://localhost:9528',
    'Token' => 'eyJhbGciOiJIUzI1NiIsInR5cCI6IkpXVCJ9.eyJ1aWQiOiIxIiwiaXNzIjoiaW1faHR0cCIsImlhdCI6MTY0MDA1NDg5NCwiZXhwIjoxNjQwMDU1NDk0LCJuYmYiOjE2NDAwNTQ4OTQsInN1YiI6ImdhbWUuY29tIiwianRpIjoiZjQ0NTk4NWY4ODdkNGM1YmFkMWU0ZjgwM2NhYTA1MTgifQ.rnrqfqWizqlKC2U3KokR7pabsBqQVlWG2RwMGGOoLgs',
    'User-Agent' => 'Mozilla/5.0 (Windows NT 10.0; Win64; x64) AppleWebKit/537.36 (KHTML, like Gecko) Chrome/96.0.4664.110 Safari/537.36',
    'Accept' => 'application/json, text/plain, */*',
    'Connection' => 'keep-alive',
    'Host' => '192.168.13.209:8082',
  ),
)
[2021-12-21 14:17:53]
array (
  'request' => 
  array (
    '_url' => '/api/home/statistical',
  ),
  'header' => 
  array (
    'Accept-Language' => 'zh-CN,zh;q=0.9',
    'Accept-Encoding' => 'gzip, deflate',
    'Referer' => 'http://localhost:9528/',
    'Origin' => 'http://localhost:9528',
    'Token' => 'eyJhbGciOiJIUzI1NiIsInR5cCI6IkpXVCJ9.eyJ1aWQiOiIxIiwiaXNzIjoiaW1faHR0cCIsImlhdCI6MTY0MDA1NDg5NCwiZXhwIjoxNjQwMDU1NDk0LCJuYmYiOjE2NDAwNTQ4OTQsInN1YiI6ImdhbWUuY29tIiwianRpIjoiZjQ0NTk4NWY4ODdkNGM1YmFkMWU0ZjgwM2NhYTA1MTgifQ.rnrqfqWizqlKC2U3KokR7pabsBqQVlWG2RwMGGOoLgs',
    'User-Agent' => 'Mozilla/5.0 (Windows NT 10.0; Win64; x64) AppleWebKit/537.36 (KHTML, like Gecko) Chrome/96.0.4664.110 Safari/537.36',
    'Accept' => 'application/json, text/plain, */*',
    'Connection' => 'keep-alive',
    'Host' => '192.168.13.209:8082',
  ),
)
